Log file open, 11/06/18 13:52:32
LogInit:Display: Running engine for game: Pavlov
LogPlatformFile: Not using cached read wrapper
LogInit:Display: RandInit(1932234043) SRandInit(1932234043).
LogTaskGraph: Started task graph with 5 named threads and 10 total threads with 1 sets of task threads.
LogStats: Stats thread started at 0.102949
LogInit: Using libcurl 7.47.1
LogInit:  - built for x86_64-pc-win32
LogInit:  - supports SSL with OpenSSL/1.0.2g
LogInit:  - supports HTTP deflate (compression) using libz 1.2.8
LogInit:  - other features:
LogInit:      CURL_VERSION_SSL
LogInit:      CURL_VERSION_LIBZ
LogInit:      CURL_VERSION_IPV6
LogInit:      CURL_VERSION_ASYNCHDNS
LogInit:      CURL_VERSION_LARGEFILE
LogInit:      CURL_VERSION_IDN
LogInit:  CurlRequestOptions (configurable via config and command line):
LogInit:  - bVerifyPeer = false  - Libcurl will NOT verify peer certificate
LogInit:  - bUseHttpProxy = false  - Libcurl will NOT use HTTP proxy
LogInit:  - bDontReuseConnections = false  - Libcurl will reuse connections
LogInit:  - CertBundlePath = nullptr  - Libcurl will use whatever was configured at build time.
OCULUS: Info: [CAPI] LibOVR module is located at C:\Program Files\Oculus\Support\oculus-runtime\LibOVRRT64_1.dll
OCULUS: Info: Connected to the server running version (prod = 1).1.31.0(build = 686553) feature version = 0. Client runs version (prod = 1).1.31.0(build = 0) feature version = 0
OCULUS: Debug: [HMDState] Using default profile default
OCULUS: Info: IAD changed to 60.0mm
OCULUS: Debug: Creating factory
LogHMD: GearVR: Emulating GearVR using Oculus Rift!
LogInit: Build: ++UE4+Release-4.15-CL-3450819
LogInit: Engine Version: 4.15.3-3450819+++UE4+Release-4.15
LogInit: Compatible Engine Version: 4.15.0-3299760+++UE4+Release-4.15
LogInit: Net CL: 3299760
LogDevObjectVersion: Number of dev versions registered: 14
LogDevObjectVersion:   Dev-Blueprints (B0D832E4-1F89-4F0D-ACCF-7EB736FD4AA2): 8
LogDevObjectVersion:   Dev-Build (E1C64328-A22C-4D53-A36C-8E866417BD8C): 0
LogDevObjectVersion:   Dev-Core (375EC13C-06E4-48FB-B500-84F0262A717E): 2
LogDevObjectVersion:   Dev-Editor (E4B068ED-F494-42E9-A231-DA0B2E46BB41): 14
LogDevObjectVersion:   Dev-Framework (CFFC743F-43B0-4480-9391-14DF171D2073): 22
LogDevObjectVersion:   Dev-Mobile (B02B49B5-BB20-44E9-A304-32B752E40360): 0
LogDevObjectVersion:   Dev-Networking (A4E4105C-59A1-49B5-A7C5-40C4547EDFEE): 0
LogDevObjectVersion:   Dev-Online (39C831C9-5AE6-47DC-9A44-9C173E1C8E7C): 0
LogDevObjectVersion:   Dev-Physics (78F01B33-EBEA-4F98-B9B4-84EACCB95AA2): 0
LogDevObjectVersion:   Dev-Platform (6631380F-2D4D-43E0-8009-CF276956A95A): 0
LogDevObjectVersion:   Dev-Rendering (12F88B9F-8875-4AFC-A67C-D90C383ABD29): 12
LogDevObjectVersion:   Dev-Sequencer (7B5AE74C-D270-4C10-A958-57980B212A5A): 3
LogDevObjectVersion:   Dev-VR (D7296918-1DD6-4BDD-9DE2-64A83CC13884): 0
LogDevObjectVersion:   Dev-LoadTimes (C2A15278-BFE7-4AFE-6C17-90FF531DF755): 1
LogInit: Compiled (64-bit): May 21 2017 11:02:34
LogInit: Compiled with Visual C++: 19.00.23026.00
LogInit: Build Configuration: Development
LogInit: Branch Name: ++UE4+Release-4.15
LogInit: Command line:  
LogInit: Base directory: C:/Program Files/Epic Games/UE_4.15/Engine/Binaries/Win64/
LogInit: Installed Engine Build: 1
LogInit: Presizing for max 8388607 objects, including 0 objects not considered by GC, pre-allocating 0 bytes for permanent pool.
LogInit: Object subsystem initialized
[2018.11.06-12.52.33:991][  0]LogInit: Selected Device Profile: [Windows]
[2018.11.06-12.52.33:991][  0]LogInit: Applying CVar settings loaded from the selected device profile: [Windows]
[2018.11.06-12.52.34:000][  0]LogInit: Computer: DESKTOP-M8U18OG
[2018.11.06-12.52.34:000][  0]LogInit: User: bened
[2018.11.06-12.52.34:000][  0]LogInit: CPU Page size=65536, Cores=6
[2018.11.06-12.52.34:000][  0]LogInit: High frequency timer resolution =3.609380 MHz
[2018.11.06-12.52.34:000][  0]LogMemory: Memory total: Physical=15.9GB (16GB approx)
[2018.11.06-12.52.34:000][  0]LogMemory: Platform Memory Stats for Windows
[2018.11.06-12.52.34:000][  0]LogMemory: Process Physical Memory: 270.94 MB used, 270.94 MB peak
[2018.11.06-12.52.34:000][  0]LogMemory: Process Virtual Memory: 275.98 MB used, 275.98 MB peak
[2018.11.06-12.52.34:000][  0]LogMemory: Physical Memory: 6444.36 MB used,  9873.62 MB free, 16317.97 MB total
[2018.11.06-12.52.34:000][  0]LogMemory: Virtual Memory: 4813.50 MB used,  9873.62 MB free, 134217728.00 MB total
[2018.11.06-12.52.34:130][  0]LogTextLocalizationManager: No translations for ('de-DE') exist, falling back to 'en' for localization and internationalization data.
[2018.11.06-12.52.34:779][  0]LogD3D11RHI: D3D11 adapters:
[2018.11.06-12.52.34:828][  0]LogD3D11RHI:    0. 'NVIDIA GeForce GTX 1080 Ti' (Feature Level 11_0)
[2018.11.06-12.52.34:828][  0]LogD3D11RHI:       11127/0/8158 MB DedicatedVideo/DedicatedSystem/SharedSystem, Outputs:1, VendorId:0x10de
[2018.11.06-12.52.34:830][  0]LogD3D11RHI:    1. 'Microsoft Basic Render Driver' (Feature Level 11_0)
[2018.11.06-12.52.34:830][  0]LogD3D11RHI:       0/0/8158 MB DedicatedVideo/DedicatedSystem/SharedSystem, Outputs:0, VendorId:0x1414
[2018.11.06-12.52.34:830][  0]LogD3D11RHI: Chosen D3D11 Adapter: 0
[2018.11.06-12.52.34:838][  0]LogD3D11RHI: Creating new Direct3DDevice
[2018.11.06-12.52.34:838][  0]LogD3D11RHI:     GPU DeviceId: 0x1b06 (for the marketing name, search the web for "GPU Device Id")
[2018.11.06-12.52.34:838][  0]LogWindows: EnumDisplayDevices:
[2018.11.06-12.52.34:838][  0]LogWindows:    0. 'NVIDIA GeForce GTX 1080 Ti' (P:1 D:1)
[2018.11.06-12.52.34:838][  0]LogWindows:    1. 'NVIDIA GeForce GTX 1080 Ti' (P:0 D:0)
[2018.11.06-12.52.34:838][  0]LogWindows:    2. 'NVIDIA GeForce GTX 1080 Ti' (P:0 D:0)
[2018.11.06-12.52.34:838][  0]LogWindows:    3. 'NVIDIA GeForce GTX 1080 Ti' (P:0 D:0)
[2018.11.06-12.52.34:838][  0]LogWindows: DebugString: GetVideoDriverDetailsInvalid PrimaryIsNotTheChoosenAdapter GetVideoDriverDetailsInvalid PrimaryIsNotTheChoosenAdapter GetVideoDriverDetailsInvalid PrimaryIsNotTheChoosenAdapter GetVideoDriverDetailsInvalid PrimaryIsNotTheChoosenAdapter FoundDriverCount:0 
[2018.11.06-12.52.34:838][  0]LogD3D11RHI:     Adapter Name: NVIDIA GeForce GTX 1080 Ti
[2018.11.06-12.52.34:838][  0]LogD3D11RHI:   Driver Version: Unknown (internal:Unknown, unified:Unknown)
[2018.11.06-12.52.34:838][  0]LogD3D11RHI:      Driver Date: Unknown
[2018.11.06-12.52.34:838][  0]LogRHI: Texture pool is 1361 MB (70% of 1945 MB)
[2018.11.06-12.52.34:873][  0]LogD3D11RHI: Async texture creation enabled
[2018.11.06-12.52.34:892][  0]LogD3D11RHI: GPU Timing Frequency: 1000.000000 (Debug: 2 2)
[2018.11.06-12.52.34:934][  0]LogShaderCompilers: Guid format shader working directory is -14 characters bigger than the processId version (../../../../../../Users/bened/Documents/Unreal Projects/RB6/Intermediate/Shaders/WorkingDirectory/17456/).
[2018.11.06-12.52.34:934][  0]LogShaderCompilers: Cleaned the shader compiler working directory 'C:/Users/bened/AppData/Local/Temp/UnrealShaderWorkingDir/36492A824AA5FAB0A2B1E7A3D5962F4F/'.
[2018.11.06-12.52.34:934][  0]LogShaderCompilers:Display: Using Local Shader Compiler.
[2018.11.06-12.52.36:005][  0]LogTemp:Display: Loaded TP AllDesktopTargetPlatform
[2018.11.06-12.52.36:074][  0]LogTemp:Display: Loaded TP MacClientTargetPlatform
[2018.11.06-12.52.36:137][  0]LogTemp:Display: Loaded TP MacNoEditorTargetPlatform
[2018.11.06-12.52.36:206][  0]LogTemp:Display: Loaded TP MacServerTargetPlatform
[2018.11.06-12.52.36:285][  0]LogTemp:Display: Loaded TP MacTargetPlatform
[2018.11.06-12.52.36:366][  0]LogTemp:Display: Loaded TP WindowsClientTargetPlatform
[2018.11.06-12.52.36:436][  0]LogTemp:Display: Loaded TP WindowsNoEditorTargetPlatform
[2018.11.06-12.52.36:504][  0]LogTemp:Display: Loaded TP WindowsServerTargetPlatform
[2018.11.06-12.52.36:560][  0]LogTemp:Display: Loaded TP WindowsTargetPlatform
[2018.11.06-12.52.36:620][  0]LogTemp:Display: Loaded TP AndroidTargetPlatform
[2018.11.06-12.52.36:693][  0]LogTemp:Display: Loaded TP Android_ASTCTargetPlatform
[2018.11.06-12.52.36:766][  0]LogTemp:Display: Loaded TP Android_ATCTargetPlatform
[2018.11.06-12.52.36:830][  0]LogTemp:Display: Loaded TP Android_DXTTargetPlatform
[2018.11.06-12.52.36:893][  0]LogTemp:Display: Loaded TP Android_ETC1TargetPlatform
[2018.11.06-12.52.36:962][  0]LogTemp:Display: Loaded TP Android_ETC2TargetPlatform
[2018.11.06-12.52.37:120][  0]LogTemp:Display: Loaded TP Android_MultiTargetPlatform
[2018.11.06-12.52.37:120][  0]LogTemp:Display: Loaded TP Android_PVRTCTargetPlatform
[2018.11.06-12.52.37:180][  0]LogTemp:Display: Loaded TP HTML5TargetPlatform
[2018.11.06-12.52.37:298][  0]LogTemp:Display: Loaded TP IOSTargetPlatform
[2018.11.06-12.52.37:341][  0]LogTemp:Display: Loaded TP TVOSTargetPlatform
[2018.11.06-12.52.37:421][  0]LogTemp:Display: Loaded TP LinuxClientTargetPlatform
[2018.11.06-12.52.37:511][  0]LogTemp:Display: Loaded TP LinuxNoEditorTargetPlatform
[2018.11.06-12.52.37:639][  0]LogTemp:Display: Loaded TP LinuxServerTargetPlatform
[2018.11.06-12.52.37:715][  0]LogTemp:Display: Loaded TP LinuxTargetPlatform
[2018.11.06-12.52.37:715][  0]LogTargetPlatformManager:Display: Building Assets For Windows
[2018.11.06-12.52.38:296][  0]LogDerivedDataCache:Display: Max Cache Size: 512 MB
[2018.11.06-12.52.38:340][  0]LogDerivedDataCache: Loaded boot cache 0.05s 52MB C:/Users/bened/AppData/Local/UnrealEngine/4.15/DerivedDataCache/Boot.ddc.
[2018.11.06-12.52.38:340][  0]LogDerivedDataCache:Display: Loaded Boot cache: C:/Users/bened/AppData/Local/UnrealEngine/4.15/DerivedDataCache/Boot.ddc
[2018.11.06-12.52.38:340][  0]LogDerivedDataCache: FDerivedDataBackendGraph:  Pak pak cache file ../../../../../../Users/bened/Documents/Unreal Projects/RB6/DerivedDataCache/DDC.ddp not found, will not use a pak cache.
[2018.11.06-12.52.38:340][  0]LogDerivedDataCache: Unable to find inner node Pak for hierarchical cache Hierarchy.
[2018.11.06-12.52.38:340][  0]LogDerivedDataCache: FDerivedDataBackendGraph:  CompressedPak pak cache file ../../../../../../Users/bened/Documents/Unreal Projects/RB6/DerivedDataCache/Compressed.ddp not found, will not use a pak cache.
[2018.11.06-12.52.38:340][  0]LogDerivedDataCache: Unable to find inner node CompressedPak for hierarchical cache Hierarchy.
[2018.11.06-12.52.38:353][  0]LogDerivedDataCache:Display: Pak cache opened for reading ../../../Engine/DerivedDataCache/Compressed.ddp.
[2018.11.06-12.52.38:365][  0]LogDerivedDataCache: Using Local data cache path C:/Users/bened/AppData/Local/UnrealEngine/Common/DerivedDataCache: Writable
[2018.11.06-12.52.38:372][  0]LogSlate: Using Freetype 2.6.0
[2018.11.06-12.52.38:373][  0]LogSlate: SlateFontCache - WITH_FREETYPE: 1, WITH_HARFBUZZ: 1
[2018.11.06-12.52.38:373][  0]LogSlate: SlateFontCache - WITH_FREETYPE: 1, WITH_HARFBUZZ: 1
[2018.11.06-12.52.38:597][  0]LogInit: Selected Device Profile: [Windows]
[2018.11.06-12.52.38:600][  0]LogContentStreaming: Texture pool size is 0.00 MB
[2018.11.06-12.52.38:827][  0]LogMeshUtilities: Using QuadricMeshReduction for automatic static mesh reduction
[2018.11.06-12.52.38:888][  0]LogSimplygon: Simplygon DLL not present - disabling.
[2018.11.06-12.52.38:959][  0]LogMeshUtilities: Using SimplygonSwarm for distributed automatic mesh merging
[2018.11.06-12.52.38:959][  0]LogMeshUtilities: No automatic skeletal mesh reduction module available
[2018.11.06-12.52.38:959][  0]LogMeshUtilities: No automatic mesh merging module available
[2018.11.06-12.52.39:453][  0]LogNetVersion: GetLocalNetworkVersion: CL: 3299760, ProjectName: pavlov, ProjectVersion: , EngineNetworkVersion: 2, GameNetworkVersion: 0, NetworkChecksum: 2014131361
[2018.11.06-12.52.39:506][  0]LogAssetRegistry: FAssetRegistry took 0.0223 seconds to start up
[2018.11.06-12.52.39:548][  0]LogPackageLocalizationCache: Processed 4 localized package path(s) for 1 prioritized culture(s) in 0.015175 seconds
[2018.11.06-12.52.39:553][  0]LogUObjectArray: 32493 objects as part of root set at end of initial load.
[2018.11.06-12.52.39:553][  0]LogUObjectAllocator: 7077024 out of 0 bytes used by permanent object pool.
[2018.11.06-12.52.39:553][  0]LogUObjectArray: CloseDisregardForGC: 0/0 objects in disregard for GC pool
[2018.11.06-12.52.39:635][  0]LogInit: WinSock: version 1.1 (2.2), MaxSocks=32767, MaxUdp=65467
[2018.11.06-12.52.41:838][  0]LogTcpMessaging: Initializing TcpMessaging bridge
[2018.11.06-12.52.41:894][  0]LogUdpMessaging: Initializing bridge on interface 0.0.0.0:0 to multicast group 230.0.0.1:6666.
[2018.11.06-12.52.42:450][  0]LogMaterial: Missing cached shader map for material BaseColor, compiling. 
[2018.11.06-12.52.42:451][  0]LogMaterial:Warning: Failed to compile Material /Engine/BufferVisualization/BaseColor.BaseColor for platform PCD3D_SM5, Default Material will be used in game.
[2018.11.06-12.52.42:451][  0]LogMaterial:Warning: 	(Node SceneTexture) GBuffer scene textures not available with forward shading.
[2018.11.06-12.52.42:460][  0]LogMaterial: Uniform references updated for custom material expression Custom.
[2018.11.06-12.52.42:466][  0]LogMaterial: Missing cached shader map for material LightingModel, compiling. 
[2018.11.06-12.52.42:466][  0]LogMaterial:Warning: Failed to compile Material /Engine/BufferVisualization/LightingModel.LightingModel for platform PCD3D_SM5, Default Material will be used in game.
[2018.11.06-12.52.42:466][  0]LogMaterial:Warning: 	(Node SceneTexture) GBuffer scene textures not available with forward shading.
[2018.11.06-12.52.42:467][  0]LogMaterial: Missing cached shader map for material MaterialAO, compiling. 
[2018.11.06-12.52.42:467][  0]LogMaterial:Warning: Failed to compile Material /Engine/BufferVisualization/MaterialAO.MaterialAO for platform PCD3D_SM5, Default Material will be used in game.
[2018.11.06-12.52.42:467][  0]LogMaterial:Warning: 	(Node SceneTexture) GBuffer scene textures not available with forward shading.
[2018.11.06-12.52.42:469][  0]LogMaterial: Missing cached shader map for material Metallic, compiling. 
[2018.11.06-12.52.42:469][  0]LogMaterial:Warning: Failed to compile Material /Engine/BufferVisualization/Metallic.Metallic for platform PCD3D_SM5, Default Material will be used in game.
[2018.11.06-12.52.42:469][  0]LogMaterial:Warning: 	(Node SceneTexture) GBuffer scene textures not available with forward shading.
[2018.11.06-12.52.42:470][  0]LogMaterial: Missing cached shader map for material Opacity, compiling. 
[2018.11.06-12.52.42:470][  0]LogMaterial:Warning: Failed to compile Material /Engine/BufferVisualization/Opacity.Opacity for platform PCD3D_SM5, Default Material will be used in game.
[2018.11.06-12.52.42:470][  0]LogMaterial:Warning: 	(Node SceneTexture) GBuffer scene textures not available with forward shading.
[2018.11.06-12.52.42:472][  0]LogMaterial: Missing cached shader map for material Roughness, compiling. 
[2018.11.06-12.52.42:472][  0]LogMaterial:Warning: Failed to compile Material /Engine/BufferVisualization/Roughness.Roughness for platform PCD3D_SM5, Default Material will be used in game.
[2018.11.06-12.52.42:472][  0]LogMaterial:Warning: 	(Node SceneTexture) GBuffer scene textures not available with forward shading.
[2018.11.06-12.52.42:480][  0]LogMaterial: Missing cached shader map for material Specular, compiling. 
[2018.11.06-12.52.42:481][  0]LogMaterial:Warning: Failed to compile Material /Engine/BufferVisualization/Specular.Specular for platform PCD3D_SM5, Default Material will be used in game.
[2018.11.06-12.52.42:481][  0]LogMaterial:Warning: 	(Node SceneTexture) GBuffer scene textures not available with forward shading.
[2018.11.06-12.52.42:482][  0]LogMaterial: Missing cached shader map for material SubsurfaceColor, compiling. 
[2018.11.06-12.52.42:482][  0]LogMaterial:Warning: Failed to compile Material /Engine/BufferVisualization/SubsurfaceColor.SubsurfaceColor for platform PCD3D_SM5, Default Material will be used in game.
[2018.11.06-12.52.42:482][  0]LogMaterial:Warning: 	(Node SceneTexture) GBuffer scene textures not available with forward shading.
[2018.11.06-12.52.42:484][  0]LogMaterial: Missing cached shader map for material WorldNormal, compiling. 
[2018.11.06-12.52.42:484][  0]LogMaterial:Warning: Failed to compile Material /Engine/BufferVisualization/WorldNormal.WorldNormal for platform PCD3D_SM5, Default Material will be used in game.
[2018.11.06-12.52.42:484][  0]LogMaterial:Warning: 	(Node SceneTexture) GBuffer scene textures not available with forward shading.
[2018.11.06-12.52.42:924][  0]SourceControl: Info Source control is disabled
[2018.11.06-12.52.42:959][  0]SourceControl: Info Source control is disabled
[2018.11.06-12.52.43:023][  0]SourceControl: Info Source control is disabled
[2018.11.06-12.52.43:085][  0]SourceControl: Info Source control is disabled
[2018.11.06-12.52.44:787][  0]LogEngine: Initializing Engine...
[2018.11.06-12.52.44:787][  0]LogHMD: Oculus plugin initialized. Version: 4.15.3-3450819+++UE4+Release-4.15, LibOVR: 1.31.0, SDK: 1.10.0, built May 21 2017, 11:08:57
[2018.11.06-12.52.44:873][  0]OCULUS: Debug: [HMDState] Using default profile default
[2018.11.06-12.52.44:873][  0]OCULUS: Info: IAD changed to 60.0mm
[2018.11.06-12.52.44:873][  0]LogStats: UGameplayTagsManager::ConstructGameplayTagTree: Construct from data asset -  0.000 s
[2018.11.06-12.52.44:874][  0]LogStats: UGameplayTagsManager::ConstructGameplayTagTree: GameplayTagTreeChangedEvent.Broadcast -  0.000 s
[2018.11.06-12.52.45:029][  0]LogAIModule: Creating AISystem for world Untitled
[2018.11.06-12.52.45:043][  0]LogInit: XAudio2 using 'Lautsprecher (Sound Blaster Z)' : 6 channels at 48 kHz using 32 bits per sample (channel mask 0x3f)
[2018.11.06-12.52.45:060][  0]LogInit: FAudioDevice initialized.
[2018.11.06-12.52.45:090][  0]LogDerivedDataCache: Saved boot cache 0.03s 52MB C:/Users/bened/AppData/Local/UnrealEngine/4.15/DerivedDataCache/Boot.ddc.
[2018.11.06-12.52.45:098][  0]LogInit: Texture streaming: Enabled
[2018.11.06-12.52.45:268][  0]LogEngineSessionManager: EngineSessionManager initialized
[2018.11.06-12.52.45:393][  0]LogInit: Transaction tracking system initialized
[2018.11.06-12.52.45:868][  0]BlueprintLog: New page: Editor Load
[2018.11.06-12.52.47:025][  0]LocalizationService: Info Localization service is disabled
[2018.11.06-12.52.47:919][  0]LogMaterial: Missing cached shader map for material BaseColor, compiling. 
[2018.11.06-12.52.47:920][  0]LogMaterial:Warning: Failed to compile Material /Engine/BufferVisualization/BaseColor.BaseColor for platform PCD3D_SM5, Default Material will be used in game.
[2018.11.06-12.52.47:920][  0]LogMaterial:Warning: 	(Node SceneTexture) GBuffer scene textures not available with forward shading.
[2018.11.06-12.52.47:925][  0]LogMaterial: Missing cached shader map for material LightingModel, compiling. 
[2018.11.06-12.52.47:925][  0]LogMaterial:Warning: Failed to compile Material /Engine/BufferVisualization/LightingModel.LightingModel for platform PCD3D_SM5, Default Material will be used in game.
[2018.11.06-12.52.47:925][  0]LogMaterial:Warning: 	(Node SceneTexture) GBuffer scene textures not available with forward shading.
[2018.11.06-12.52.47:925][  0]LogMaterial: Missing cached shader map for material MaterialAO, compiling. 
[2018.11.06-12.52.47:926][  0]LogMaterial:Warning: Failed to compile Material /Engine/BufferVisualization/MaterialAO.MaterialAO for platform PCD3D_SM5, Default Material will be used in game.
[2018.11.06-12.52.47:926][  0]LogMaterial:Warning: 	(Node SceneTexture) GBuffer scene textures not available with forward shading.
[2018.11.06-12.52.47:926][  0]LogMaterial: Missing cached shader map for material Metallic, compiling. 
[2018.11.06-12.52.47:927][  0]LogMaterial:Warning: Failed to compile Material /Engine/BufferVisualization/Metallic.Metallic for platform PCD3D_SM5, Default Material will be used in game.
[2018.11.06-12.52.47:927][  0]LogMaterial:Warning: 	(Node SceneTexture) GBuffer scene textures not available with forward shading.
[2018.11.06-12.52.47:927][  0]LogMaterial: Missing cached shader map for material Opacity, compiling. 
[2018.11.06-12.52.47:927][  0]LogMaterial:Warning: Failed to compile Material /Engine/BufferVisualization/Opacity.Opacity for platform PCD3D_SM5, Default Material will be used in game.
[2018.11.06-12.52.47:927][  0]LogMaterial:Warning: 	(Node SceneTexture) GBuffer scene textures not available with forward shading.
[2018.11.06-12.52.47:928][  0]LogMaterial: Missing cached shader map for material Roughness, compiling. 
[2018.11.06-12.52.47:928][  0]LogMaterial:Warning: Failed to compile Material /Engine/BufferVisualization/Roughness.Roughness for platform PCD3D_SM5, Default Material will be used in game.
[2018.11.06-12.52.47:928][  0]LogMaterial:Warning: 	(Node SceneTexture) GBuffer scene textures not available with forward shading.
[2018.11.06-12.52.47:935][  0]LogMaterial: Missing cached shader map for material Specular, compiling. 
[2018.11.06-12.52.47:935][  0]LogMaterial:Warning: Failed to compile Material /Engine/BufferVisualization/Specular.Specular for platform PCD3D_SM5, Default Material will be used in game.
[2018.11.06-12.52.47:935][  0]LogMaterial:Warning: 	(Node SceneTexture) GBuffer scene textures not available with forward shading.
[2018.11.06-12.52.47:936][  0]LogMaterial: Missing cached shader map for material SubsurfaceColor, compiling. 
[2018.11.06-12.52.47:936][  0]LogMaterial:Warning: Failed to compile Material /Engine/BufferVisualization/SubsurfaceColor.SubsurfaceColor for platform PCD3D_SM5, Default Material will be used in game.
[2018.11.06-12.52.47:936][  0]LogMaterial:Warning: 	(Node SceneTexture) GBuffer scene textures not available with forward shading.
[2018.11.06-12.52.47:937][  0]LogMaterial: Missing cached shader map for material WorldNormal, compiling. 
[2018.11.06-12.52.47:937][  0]LogMaterial:Warning: Failed to compile Material /Engine/BufferVisualization/WorldNormal.WorldNormal for platform PCD3D_SM5, Default Material will be used in game.
[2018.11.06-12.52.47:937][  0]LogMaterial:Warning: 	(Node SceneTexture) GBuffer scene textures not available with forward shading.
[2018.11.06-12.52.47:997][  0]LogConsoleResponse:Display: 
[2018.11.06-12.52.48:111][  0]LogCook:Display: Max memory allowance for cook 16384mb min free memory 0mb
[2018.11.06-12.52.48:111][  0]LogCook:Display: Mobile HDR setting 0
[2018.11.06-12.52.49:015][  0]LogFileCache: Scanning file cache for directory 'C:/Users/bened/Documents/Unreal Projects/RB6/Content/' took 0.01s
[2018.11.06-12.52.49:015][  0]CustomMapToolsLog: Initializing Pavlov's workshop editor plugin
[2018.11.06-12.52.49:128][  0]CustomMapToolsLog: Visiting ../../../../../../Users/bened/Documents/Unreal Projects/RB6/Content/CustomMaps/UGC1523200099
[2018.11.06-12.52.49:669][  0]SourceControl: Info Source control is disabled
[2018.11.06-12.52.49:669][  0]Cmd: MAP LOAD FILE="../../../Engine/Content/Maps/Templates/Template_Default.umap" TEMPLATE=1 SHOWPROGRESS=1 FEATURELEVEL=3
[2018.11.06-12.52.49:671][  0]LightingResults: New page: Lighting Build
[2018.11.06-12.52.49:725][  0]MapCheck: New page: Map Check
[2018.11.06-12.52.49:726][  0]LightingResults: New page: Lighting Build
[2018.11.06-12.52.49:871][  0]LogAIModule: Creating AISystem for world Untitled_1
[2018.11.06-12.52.49:883][  0]LogActorComponent: RegisterComponentWithWorld: (/Temp/Untitled_1.Untitled_1:PersistentLevel.WorldSettings_1.StaticMeshComponent0) Trying to register component with IsPendingKill() == true. Aborting.
[2018.11.06-12.52.49:887][  0]LogEditorServer: Finished looking for orphan Actors (0.000 secs)
[2018.11.06-12.52.49:889][  0]Cmd: MAP CHECKDEP NOCLEARLOG
[2018.11.06-12.52.49:941][  0]MapCheck: Info Map check complete: 0 Error(s), 0 Warning(s), took 51.374ms to complete.
[2018.11.06-12.52.49:941][  0]LogFileHelpers: Loading map 'Template_Default' took 0.271
[2018.11.06-12.52.50:116][  0]LogCollectionManager: Loaded 1 collections in 0.002998 seconds
[2018.11.06-12.52.50:245][  0]LogFileCache: Scanning file cache for directory 'C:/Users/bened/Documents/Unreal Projects/RB6/Saved/Collections/' took 0.01s
[2018.11.06-12.52.50:245][  0]LogFileCache: Scanning file cache for directory 'C:/Users/bened/Documents/Unreal Projects/RB6/Content/Developers/bened/Collections/' took 0.01s
[2018.11.06-12.52.50:245][  0]LogFileCache: Scanning file cache for directory 'C:/Users/bened/Documents/Unreal Projects/RB6/Content/Collections/' took 0.01s
[2018.11.06-12.52.50:245][  0]LogCollectionManager: Rebuilt the GUID cache for 1 collections in 0.000006 seconds
[2018.11.06-12.52.50:245][  0]LogCollectionManager: Rebuilt the hierarchy cache for 1 collections in 0.000000 seconds
[2018.11.06-12.52.50:256][  0]LogContentBrowser: Native class hierarchy populated in 0.0110 seconds. Added 2254 classes and 456 folders.
[2018.11.06-12.52.50:363][  0]LogContentBrowser: Native class hierarchy updated for 'WidgetCarousel' in 0.0004 seconds. Added 0 classes and 0 folders.
[2018.11.06-12.52.50:430][  0]LogContentBrowser: Native class hierarchy updated for 'AddContentDialog' in 0.0007 seconds. Added 0 classes and 0 folders.
[2018.11.06-12.52.50:500][  0]LogContentBrowser: Native class hierarchy updated for 'SceneOutliner' in 0.0004 seconds. Added 1 classes and 2 folders.
[2018.11.06-12.52.50:586][  0]LogCrashTracker: Crashtracker disabled due to settings.
[2018.11.06-12.52.50:592][  0]LogUObjectGlobals:Warning: Failed to find object 'Class None.'
[2018.11.06-12.52.50:672][  0]LogContentBrowser: Native class hierarchy updated for 'HierarchicalLODOutliner' in 0.0006 seconds. Added 1 classes and 2 folders.
[2018.11.06-12.52.50:673][  0]LogLoad: (Engine Initialization) Total time: 18.96 seconds
[2018.11.06-12.52.50:673][  0]LogLoad: (Engine Initialization) Total Blueprint compile time: 0.09 seconds
[2018.11.06-12.52.50:673][  0]LogExternalProfiler: No external profilers were discovered.  External profiling features will not be available.
[2018.11.06-12.52.51:012][  0]LogOcInput: OculusInput pre-init called
[2018.11.06-12.52.51:028][  0]LogOcInput: OculusInput is initialized. Init status 0. Runtime version: 1.31.0
[2018.11.06-12.52.51:042][  0]LogAssetRegistry: Asset discovery search completed in 11.5589 seconds
[2018.11.06-12.52.51:042][  0]LogCollectionManager: Rebuilt the object cache for 1 collections in 0.000003 seconds (found 0 objects)
[2018.11.06-12.52.51:042][  0]LogCollectionManager: Fixed up redirectors for 1 collections in 0.000012 seconds (updated 0 objects)
[2018.11.06-12.52.51:096][  0]LogContentStreaming: Texture pool size now 2500 MB
[2018.11.06-12.52.51:102][  0]LogSlate: Took 0.000184 seconds to synchronously load lazily loaded font '../../../Engine/Content/Slate/Fonts/Roboto-Regular.ttf' (155K)
[2018.11.06-12.52.51:104][  0]LogSlate: Took 0.000178 seconds to synchronously load lazily loaded font '../../../Engine/Content/Slate/Fonts/Roboto-Bold.ttf' (160K)
[2018.11.06-12.52.51:108][  0]LogSlate: Took 0.000168 seconds to synchronously load lazily loaded font '../../../Engine/Content/Editor/Slate/Fonts/FontAwesome.ttf' (139K)
[2018.11.06-12.52.51:231][  0]LogRenderer: Reallocating scene render targets to support 1608x956 NumSamples 4 (Frame:2).
[2018.11.06-12.52.52:014][  3]LogSlate: Took 0.000394 seconds to synchronously load lazily loaded font '../../../Engine/Content/Slate/Fonts/Roboto-Light.ttf' (159K)
[2018.11.06-12.53.17:041][314]LogSlate: Took 0.000207 seconds to synchronously load lazily loaded font '../../../Engine/Content/Slate/Fonts/Roboto-Light.ttf' (159K)
[2018.11.06-12.53.17:175][314]LogAIModule: Creating AISystem for world House
[2018.11.06-12.53.17:194][314]Cmd: MAP LOAD FILE="../../../../../../Users/bened/Documents/Unreal Projects/RB6/Content/CustomMaps/UGC1523200099/House.umap" TEMPLATE=0 SHOWPROGRESS=1 FEATURELEVEL=3
[2018.11.06-12.53.17:194][314]LightingResults: New page: Lighting Build
[2018.11.06-12.53.17:195][314]LoadErrors: New page: Loading map: House.umap
[2018.11.06-12.53.17:195][314]MapCheck: New page: Map Check
[2018.11.06-12.53.17:195][314]LightingResults: New page: Lighting Build
[2018.11.06-12.53.17:240][314]LogEditorServer: Finished looking for orphan Actors (0.000 secs)
[2018.11.06-12.53.17:250][314]Cmd: MAP CHECKDEP NOCLEARLOG
[2018.11.06-12.53.17:313][314]MapCheck: Info Map check complete: 0 Error(s), 0 Warning(s), took 62.69ms to complete.
[2018.11.06-12.53.17:313][314]LogFileHelpers: Loading map 'House' took 0.120
[2018.11.06-12.53.42:044][216]SourceControl: Info On branch master
[2018.11.06-12.53.42:044][216]SourceControl: Info Your branch is up to date with 'origin/master'.
[2018.11.06-12.53.42:044][216]SourceControl: Info Changes not staged for commit:
[2018.11.06-12.53.42:044][216]SourceControl: Info   (use "git add <file>..." to update what will be committed)
[2018.11.06-12.53.42:044][216]SourceControl: Info   (use "git checkout -- <file>..." to discard changes in working directory)
[2018.11.06-12.53.42:044][216]SourceControl: Info 	modified:   Intermediate/CachedAssetRegistry.bin
[2018.11.06-12.53.42:044][216]SourceControl: Info 	modified:   Saved/Config/Windows/EditorPerProjectUserSettings.ini
[2018.11.06-12.53.42:044][216]SourceControl: Info 	modified:   Saved/Config/Windows/Engine.ini
[2018.11.06-12.53.42:044][216]SourceControl: Info 	modified:   Saved/Logs/Pavlov.log
[2018.11.06-12.53.42:044][216]SourceControl: Info Untracked files:
[2018.11.06-12.53.42:044][216]SourceControl: Info   (use "git add <file>..." to include in what will be committed)
[2018.11.06-12.53.42:044][216]SourceControl: Info 	Saved/Logs/Pavlov-backup-2018.11.06-13.52.32.log
[2018.11.06-12.53.42:044][216]SourceControl: Info 	Saved/Logs/UE4CC-Windows-414395D2453EE8D2276F299346954D5C/
[2018.11.06-12.53.42:044][216]SourceControl: Info no changes added to commit (use "git add" and/or "git commit -a")
[2018.11.06-12.53.49:910][151]SourceControl: Info fatal: C:/Program Files/Epic Games/UE_4.15/Engine/Content/: 'C:/Program Files/Epic Games/UE_4.15/Engine/Content/' is outside repository
[2018.11.06-12.53.50:037][151]LogPackageName:Error: Illegal call to DoesPackageExist: '../../../../../../Users/bened/Documents/Unreal Projects/RB6/Pavlov.uproject' is not a standard unreal filename or a long path name. Reason: Path should be no less than 4 characters long.
[2018.11.06-12.53.50:207][151]LogStats: FPlatformStackWalk::StackWalkAndDump -  0.168 s
[2018.11.06-12.53.50:207][151]LogOutputDevice:Error: === Handled ensure: ===
[2018.11.06-12.53.50:207][151]LogOutputDevice:Error: 
[2018.11.06-12.53.50:207][151]LogOutputDevice:Error: Ensure condition failed: false [File:D:\Build\++UE4+Release-4.15+Compile\Sync\Engine\Source\Runtime\CoreUObject\Private\Misc\PackageName.cpp] [Line: 650]
[2018.11.06-12.53.50:207][151]LogOutputDevice:Error: Illegal call to DoesPackageExist: '../../../../../../Users/bened/Documents/Unreal Projects/RB6/Pavlov.uproject' is not a standard unreal filename or a long path name. Reason: Path should be no less than 4 characters long.
[2018.11.06-12.53.50:207][151]LogOutputDevice:Error: Stack: 
[2018.11.06-12.53.50:207][151]LogOutputDevice:Error: UE4Editor-Core.dll!0x000000007CDC95E6
[2018.11.06-12.53.50:207][151]LogOutputDevice:Error: UE4Editor-Core.dll!0x000000007CB79B82
[2018.11.06-12.53.50:207][151]LogOutputDevice:Error: UE4Editor-Core.dll!0x000000007CB8B666
[2018.11.06-12.53.50:207][151]LogOutputDevice:Error: UE4Editor-CoreUObject.dll!0x000000007C55A6E8
[2018.11.06-12.53.50:207][151]LogOutputDevice:Error: UE4Editor-SourceControl.dll!0x0000000090053D22
[2018.11.06-12.53.50:207][151]LogOutputDevice:Error: UE4Editor-SourceControl.dll!0x0000000090053EB9
[2018.11.06-12.53.50:207][151]LogOutputDevice:Error: UE4Editor-SourceControlWindows.dll!0x00000000662D1D2E
[2018.11.06-12.53.50:207][151]LogOutputDevice:Error: UE4Editor-SourceControlWindows.dll!0x000000006628B4B5
[2018.11.06-12.53.50:207][151]LogOutputDevice:Error: UE4Editor-SourceControlWindows.dll!0x000000006628AA8D
[2018.11.06-12.53.50:207][151]LogOutputDevice:Error: UE4Editor-SourceControlWindows.dll!0x000000006629F274
[2018.11.06-12.53.50:207][151]LogOutputDevice:Error: UE4Editor-GitSourceControl.dll!0x000000004D10B851
[2018.11.06-12.53.50:207][151]LogOutputDevice:Error: UE4Editor-GitSourceControl.dll!0x000000004D11D1ED
[2018.11.06-12.53.50:207][151]LogOutputDevice:Error: UE4Editor-SourceControl.dll!0x0000000090059C5C
[2018.11.06-12.53.50:207][151]LogOutputDevice:Error: UE4Editor-UnrealEd.dll!0x0000000079F87517
[2018.11.06-12.53.50:207][151]LogOutputDevice:Error: UE4Editor-UnrealEd.dll!0x000000007A792196
[2018.11.06-12.53.50:207][151]LogOutputDevice:Error: UE4Editor.exe!0x000000007D4FDEE3
[2018.11.06-12.53.50:207][151]LogOutputDevice:Error: UE4Editor.exe!0x000000007D4EEB40
[2018.11.06-12.53.50:207][151]LogOutputDevice:Error: UE4Editor.exe!0x000000007D4EEBBA
[2018.11.06-12.53.50:207][151]LogOutputDevice:Error: UE4Editor.exe!0x000000007D500A29
[2018.11.06-12.53.50:207][151]LogOutputDevice:Error: UE4Editor.exe!0x000000007D5022B6
[2018.11.06-12.53.50:207][151]LogOutputDevice:Error: KERNEL32.DLL!0x00000000D10A3034
[2018.11.06-12.53.50:207][151]LogOutputDevice:Error: ntdll.dll!0x00000000D3C11461
[2018.11.06-12.53.50:207][151]LogOutputDevice:Error: 
[2018.11.06-12.53.50:213][151]LogStats:                SubmitErrorReport -  0.000 s
