"../../../Engine/Content/Functions/Engine_MaterialFunctions01/Opacity/CameraDepthFade.uasset" 0
"../../../Engine/Content/EngineMaterials/T_Default_Material_Grid_M.uasset" 1
"../../../Engine/Content/EngineMaterials/T_Default_Material_Grid_N.uasset" 2
"../../../Engine/Content/EngineMaterials/DefaultMaterial.uasset" 3
"../../../Engine/Content/BasicShapes/Cone.uasset" 4
"../../../Engine/Content/BasicShapes/Cylinder.uasset" 5
"../../../Engine/Content/BasicShapes/Sphere.uasset" 6
"../../../Engine/Content/EditorLandscapeResources/DataLayer.uasset" 7
"../../../Engine/Content/EditorMaterials/GizmoMaterial.uasset" 8
"../../../Engine/Content/EditorMaterials/MAT_Groups_Toggle.uasset" 9
"../../../Engine/Content/EditorMaterials/MAT_Groups_Visibility.uasset" 10
"../../../Engine/Content/EditorMaterials/PreviewShadowIndicator.uasset" 11
"../../../Engine/Content/EditorMaterials/PreviewShadowIndicatorMaterial.uasset" 12
"../../../Engine/Content/EditorMaterials/AssetViewer/EpicQuadPanorama_CC+EV1.uasset" 13
"../../../Engine/Content/EditorMaterials/MatineeGroups/MAT_ColorTrack.uasset" 14
"../../../Engine/Content/EditorMaterials/MatineeGroups/MAT_Groups_Anim.uasset" 15
"../../../Engine/Content/EditorMaterials/MatineeGroups/MAT_Groups_AudioMaster.uasset" 16
"../../../Engine/Content/EditorMaterials/MatineeGroups/MAT_Groups_Director.uasset" 17
"../../../Engine/Content/EditorMaterials/MatineeGroups/MAT_Groups_Event.uasset" 18
"../../../Engine/Content/EditorMaterials/MatineeGroups/MAT_Groups_Fade.uasset" 19
"../../../Engine/Content/EditorMaterials/MatineeGroups/MAT_Groups_Float.uasset" 20
"../../../Engine/Content/EditorMaterials/MatineeGroups/MAT_Groups_Move.uasset" 21
"../../../Engine/Content/EditorMaterials/MatineeGroups/MAT_Groups_Slomo.uasset" 22
"../../../Engine/Content/EditorMaterials/MatineeGroups/MAT_Groups_Sound.uasset" 23
"../../../Engine/Content/EditorMaterials/MatineeGroups/MAT_Groups_Vector.uasset" 24
"../../../Engine/Content/EditorMaterials/ParticleSystems/PSysThumbnail_NoImage.uasset" 25
"../../../Engine/Content/EditorMaterials/ParticleSystems/PSysThumbnail_OOD.uasset" 26
"../../../Engine/Content/EditorMaterials/Camera/CineMat.uasset" 27
"../../../Engine/Content/EditorMaterials/Camera/MI_CineMat_Rig.uasset" 28
"../../../Engine/Content/EditorMeshes/Camera/SM_CraneRig_Arm.uasset" 29
"../../../Engine/Content/EditorMeshes/Camera/SM_CraneRig_Base.uasset" 30
"../../../Engine/Content/EditorMeshes/Camera/SM_CraneRig_Body.uasset" 31
"../../../Engine/Content/EditorMeshes/Camera/SM_CraneRig_Mount.uasset" 32
"../../../Engine/Content/EditorMeshes/Camera/SM_RailRig_Mount.uasset" 33
"../../../Engine/Content/EditorMeshes/Camera/SM_RailRig_Track.uasset" 34
"../../../Engine/Content/EditorMeshes/ColorCalibrator/M_ChromeBall.uasset" 35
"../../../Engine/Content/EditorMeshes/ColorCalibrator/M_ClearCoat.uasset" 36
"../../../Engine/Content/EditorMeshes/ColorCalibrator/M_ClearCoatBlack.uasset" 37
"../../../Engine/Content/EditorMeshes/ColorCalibrator/T_ColorGrid.uasset" 38
"../../../Engine/Content/EditorMeshes/ColorCalibrator/M_ColorGrid.uasset" 39
"../../../Engine/Content/EditorMeshes/ColorCalibrator/M_GreyBall.uasset" 40
"../../../Engine/Content/EditorMeshes/ColorCalibrator/SM_ColorCalibrator.uasset" 41
"../../../Engine/Content/EditorResources/BSPVertex.uasset" 42
"../../../Engine/Content/EditorResources/EmptyActor.uasset" 43
"../../../Engine/Content/EditorResources/RGBTable16x1_AssetViewer.uasset" 44
"../../../Engine/Content/EditorResources/S_Actor.uasset" 45
"../../../Engine/Content/EditorResources/S_Trigger.uasset" 46
"../../../Engine/Content/EditorResources/LightIcons/S_LightError.uasset" 47
"../../../Engine/Content/EditorResources/SequenceRecorder/Countdown.uasset" 48
"../../../Engine/Content/EditorResources/SequenceRecorder/RecordingIndicator.uasset" 49
"../../../Engine/Content/EditorSounds/Notifications/CompileFailed.uasset" 50
"../../../Engine/Content/EditorSounds/Notifications/CompileFailed_Cue.uasset" 51
"../../../Engine/Content/EditorSounds/Notifications/CompileSuccess.uasset" 52
"../../../Engine/Content/EditorSounds/Notifications/CompileStart_Cue.uasset" 53
"../../../Engine/Content/EditorSounds/Notifications/CompileSuccess_Cue.uasset" 54
"../../../Engine/Content/EngineDamageTypes/DmgTypeBP_Environmental.uasset" 55
"../../../Engine/Content/EngineDebugMaterials/HeatmapGradient.uasset" 56
"../../../Engine/Content/EngineDebugMaterials/BoneWeightMaterial.uasset" 57
"../../../Engine/Content/EngineDebugMaterials/DebugMeshMaterial.uasset" 58
"../../../Engine/Content/EngineDebugMaterials/GeomMaterial.uasset" 59
"../../../Engine/Content/EngineFonts/Faces/RobotoBold.uasset" 60
"../../../Engine/Content/EngineFonts/Faces/RobotoBoldItalic.uasset" 61
"../../../Engine/Content/EngineFonts/Faces/RobotoItalic.uasset" 62
"../../../Engine/Content/EngineFonts/Faces/RobotoLight.uasset" 63
"../../../Engine/Content/EngineFonts/Faces/RobotoRegular.uasset" 64
"../../../Engine/Content/EngineFonts/Faces/RobotoTiny.uasset" 65
"../../../Engine/Content/EngineMaterials/DefaultBokeh.uasset" 66
"../../../Engine/Content/EngineMaterials/DefaultDiffuse.uasset" 67
"../../../Engine/Content/EngineMaterials/DefaultDeferredDecalMaterial.uasset" 68
"../../../Engine/Content/EngineMaterials/DefaultLightFunctionMaterial.uasset" 69
"../../../Engine/Content/Functions/Engine_MaterialFunctions02/Utility/BreakOutFloat2Components.uasset" 70
"../../../Engine/Content/EngineMaterials/DefaultPostProcessMaterial.uasset" 71
"../../../Engine/Content/EngineMaterials/DefaultTextMaterialOpaque.uasset" 72
"../../../Engine/Content/EngineMaterials/DefaultWhiteGrid.uasset" 73
"../../../Engine/Content/EngineMaterials/EditorBrushMaterial.uasset" 74
"../../../Engine/Content/EngineMaterials/Good64x64TilingNoiseHighFreq.uasset" 75
"../../../Engine/Content/EngineMaterials/MiniFont.uasset" 76
"../../../Engine/Content/EngineMaterials/InvalidLightmapSettings.uasset" 77
"../../../Engine/Content/EngineMaterials/M_InvalidLightmapSettings.uasset" 78
"../../../Engine/Content/EngineMaterials/PhAT_JointLimitMaterial.uasset" 79
"../../../Engine/Content/EngineMaterials/PreintegratedSkinBRDF.uasset" 80
"../../../Engine/Content/EngineMaterials/RemoveSurfaceMaterial.uasset" 81
"../../../Engine/Content/EngineMaterials/WeightMapPlaceholderTexture.uasset" 82
"../../../Engine/Content/EngineResources/WhiteSquareTexture.uasset" 83
"../../../Engine/Content/EngineMaterials/Widget3DPassThrough.uasset" 84
"../../../Engine/Content/EngineMaterials/Widget3DPassThrough_Masked.uasset" 85
"../../../Engine/Content/EngineMaterials/Widget3DPassThrough_Opaque.uasset" 86
"../../../Engine/Content/EngineMaterials/Widget3DPassThrough_Masked_OneSided.uasset" 87
"../../../Engine/Content/EngineMaterials/Widget3DPassThrough_Opaque_OneSided.uasset" 88
"../../../Engine/Content/EngineMaterials/Widget3DPassThrough_Translucent.uasset" 89
"../../../Engine/Content/EngineMaterials/Widget3DPassThrough_Translucent_OneSided.uasset" 90
"../../../Engine/Content/EngineMeshes/Cube.uasset" 91
"../../../Engine/Content/EngineMeshes/Cylinder.uasset" 92
"../../../Engine/Content/EngineMeshes/Sphere.uasset" 93
"../../../Engine/Content/EngineResources/Black.uasset" 94
"../../../Engine/Content/EngineResources/DefaultTexture.uasset" 95
"../../../Engine/Content/EngineResources/DefaultTextureCube.uasset" 96
"../../../Engine/Content/EngineResources/GradientTexture0.uasset" 97
"../../../Engine/Content/EngineSounds/Master.uasset" 98
"../../../Engine/Content/Functions/Engine_MaterialFunctions01/Shading/ConvertFromDiffSpec.uasset" 99
"../../../Engine/Content/Functions/Engine_MaterialFunctions01/Shading/PowerToRoughness.uasset" 100
"../../../Engine/Content/Maps/Templates/Thumbnails/Default.uasset" 101
"../../../Engine/Content/Maps/Templates/Thumbnails/VR-Basic.uasset" 102
"../../../Engine/Content/MobileResources/T_MobileControls_texture.uasset" 103
"../../../Engine/Content/MobileResources/T_MobileMenu2.uasset" 104
"../../../Engine/Content/MobileResources/HUD/AnalogHat.uasset" 105
"../../../Engine/Content/MobileResources/HUD/VirtualJoystick_Background.uasset" 106
"../../../Engine/Content/MobileResources/HUD/VirtualJoystick_Thumb.uasset" 107
"../../../Engine/Content/MobileResources/HUD/DefaultVirtualJoysticks.uasset" 108
"../../../Engine/Content/MobileResources/HUD/LeftVirtualJoystickOnly.uasset" 109
"../../../Engine/Content/MobileResources/HUD/MobileHUDButton1_off.uasset" 110
"../../../Engine/Content/MobileResources/HUD/MobileHUDButton1_on.uasset" 111
"../../../Engine/Content/MobileResources/HUD/MobileHUDButton2_off.uasset" 112
"../../../Engine/Content/MobileResources/HUD/MobileHUDButton2_on.uasset" 113
"../../../Engine/Content/MobileResources/HUD/MobileHUDButton3.uasset" 114
"../../../Engine/Content/MobileResources/HUD/MobileHUDButtonFire.uasset" 115
"../../../Engine/Content/MobileResources/HUD/MobileHUDDirectionPad.uasset" 116
"../../../Engine/Content/MobileResources/HUD/MobileHUDDirectionPad2.uasset" 117
"../../../Engine/Content/MobileResources/HUD/MobileHUDDirectionPad3.uasset" 118
"../../../Engine/Content/MobileResources/HUD/MobileHUDDirectionStick.uasset" 119
"../../../Engine/Content/MobileResources/HUD/T_Castle_ThumbstickInner.uasset" 120
"../../../Engine/Content/MobileResources/HUD/T_Castle_ThumbstickOutter.uasset" 121
"../../../Engine/Content/Tutorial/ContentIntroCurve.uasset" 122
"../../../Engine/Content/Tutorial/Basics/TutorialAssets/icon_tab_Levels_40x.uasset" 123
"../../../Engine/Content/Tutorial/BlueprintTutorials/TutorialAssets/BlueprintInterface_64x.uasset" 124
"../../../Engine/Content/Tutorial/BlueprintTutorials/TutorialAssets/BlueprintMacroLibrary_64x.uasset" 125
"../../../Engine/Content/Tutorial/BlueprintTutorials/TutorialAssets/Blueprint_64x.uasset" 126
"../../../Engine/Content/Tutorial/BlueprintTutorials/TutorialAssets/Tutorial_BP_Interface.uasset" 127
"../../../Engine/Content/Tutorial/Foliage/TutorialAssets/Foliage.uasset" 128
"../../../Engine/Content/Tutorial/Landscape/TutorialAssets/Landscape.uasset" 129
"../../../Engine/Content/Tutorial/Paper2D/TutorialAssets/Paper2DFlipbook_TutorialIcon.uasset" 130
"../../../Engine/Content/Tutorial/Paper2D/TutorialAssets/Paper2DSprite_TutorialIcon.uasset" 131
"../../../Engine/Content/Tutorial/SubEditors/TutorialAssets/icon_Editor_Preferences_General_40x.uasset" 132
"../../../Engine/Content/Tutorial/SubEditors/TutorialAssets/icon_ShowSkeletalMeshes_40x.uasset" 133
"../../../Engine/Content/Tutorial/SubEditors/TutorialAssets/TutorialMaterial.uasset" 134
"../../../Engine/Content/Tutorial/SubEditors/TutorialAssets/T_SmokeSubUV_8X8.uasset" 135
"../../../Engine/Content/Tutorial/SubEditors/TutorialAssets/T_soft_smoke.uasset" 136
"../../../Engine/Content/Tutorial/SubEditors/TutorialAssets/M_smoke_subUV_blackbody.uasset" 137
"../../../Engine/Content/Tutorial/SubEditors/TutorialAssets/TutorialParticleSystem.uasset" 138
"../../../Engine/Content/EngineMaterials/WorldGridMaterial.uasset" 139
"../../../Engine/Content/EditorMeshes/EditorCube.uasset" 140
"../../../Engine/Content/Tutorial/SubEditors/TutorialAssets/Tutorial_DM.uasset" 141
"../../../Engine/Content/VREditor/Devices/Generic/GenericHMDMaterial.uasset" 142
"../../../Engine/Content/VREditor/Devices/Generic/GenericHMD.uasset" 143
"../../../Engine/Content/VREditor/FloatingText/LineMaterial.uasset" 144
"../../../Engine/Content/VREditor/FloatingText/JointSphere.uasset" 145
"../../../Engine/Content/VREditor/FloatingText/LineSegmentCylinder.uasset" 146
"../../../Engine/Content/VREditor/Fonts/VRTextMaterial.uasset" 147
"../../../Engine/Content/VREditor/Fonts/TranslucentVRTextMaterial.uasset" 148
"../../../Engine/Content/VREditor/LaserPointer/VR_LaserPower_01.uasset" 149
"../../../Engine/Content/VREditor/LaserPointer/LaserPointerMaterial.uasset" 150
"../../../Engine/Content/VREditor/LaserPointer/LaserPointerMaterialInst.uasset" 151
"../../../Engine/Content/VREditor/LaserPointer/TranslucentLaserPointerMaterialInst.uasset" 152
"../../../Engine/Content/VREditor/LaserPointer/LaserPointerMesh.uasset" 153
"../../../Engine/Content/VREditor/Sounds/VR_grab_Cue.uasset" 154
"../../../Engine/Content/VREditor/Sounds/VR_teleport_Cue.uasset" 155
"../../../Engine/Content/VREditor/TransformGizmo/TransformGizmoMaterial.uasset" 156
"../../../Engine/Content/VREditor/TransformGizmo/TranslucentTransformGizmoMaterial.uasset" 157
"../../../Engine/Content/VREditor/TransformGizmo/BoundingBoxCorner.uasset" 158
"../../../Engine/Content/VREditor/TransformGizmo/BoundingBoxEdge.uasset" 159
"../../../Engine/Content/VREditor/TransformGizmo/PlaneTranslationHandle.uasset" 160
"../../../Engine/Content/VREditor/TransformGizmo/RotationHandle.uasset" 161
"../../../Engine/Content/VREditor/TransformGizmo/RotationHandleFull.uasset" 162
"../../../Engine/Content/VREditor/TransformGizmo/StretchingHandle.uasset" 163
"../../../Engine/Content/VREditor/TransformGizmo/TranslateHandleLong.uasset" 164
"../../../Engine/Content/VREditor/TransformGizmo/TranslationHandle.uasset" 165
"../../../Engine/Content/VREditor/TransformGizmo/UniformScaleHandle.uasset" 166
"../../../Engine/Content/VREditor/UI/CloseButtonMesh.uasset" 167
"../../../Engine/Content/VREditor/UI/SelectionBarMesh.uasset" 168
"../../../Engine/Content/Functions/Engine_MaterialFunctions01/Gradient/RadialGradient.uasset" 169
"../../../Engine/Content/VREditor/WorldMovementGrid/SimpleGrid.uasset" 170
"../../../Engine/Content/VREditor/WorldMovementGrid/GridMaterial.uasset" 171
"../../../Engine/Content/Functions/Engine_MaterialFunctions01/Density/ExponentialDensity.uasset" 172
"../../../Engine/Content/VREditor/WorldMovementGrid/GridPostProcess.uasset" 173
"../../../Engine/Content/EditorLandscapeResources/FlattenHeightMat.uasset" 174
"../../../Engine/Content/VREditor/WorldMovementGrid/PlaneMesh.uasset" 175
"../../../Engine/Plugins/2D/Paper2D/Content/DummySprite.uasset" 176
"../../../Engine/Plugins/2D/Paper2D/Content/DefaultPaperTerrainMaterial.uasset" 177
"../../../Engine/Plugins/2D/Paper2D/Content/DefaultSpriteMaterial.uasset" 178
"../../../Engine/Plugins/2D/Paper2D/Content/MaskedUnlitSpriteMaterial.uasset" 179
"../../../Engine/Plugins/2D/Paper2D/Content/OpaqueUnlitSpriteMaterial.uasset" 180
"../../../Engine/Plugins/2D/Paper2D/Content/PlaceholderTextures/DummySpriteTexture.uasset" 181
"../../../Engine/Content/EditorBlueprintResources/StandardMacros.uasset" 182
"../../../Engine/Content/EngineSky/C_Sky_Cloud_Color.uasset" 183
"../../../Engine/Content/EngineSky/C_Sky_Horizon_Color.uasset" 184
"../../../Engine/Content/EngineSky/C_Sky_Zenith_Color.uasset" 185
"../../../Engine/Content/EngineSky/T_Sky_Blue.uasset" 186
"../../../Engine/Content/EngineSky/T_Sky_Clouds_M.uasset" 187
"../../../Engine/Content/EngineSky/T_Sky_Stars.uasset" 188
"../../../Engine/Content/EngineSky/M_Sky_Panning_Clouds2.uasset" 189
"../../../Engine/Content/EngineSky/SM_SkySphere.uasset" 190
"../../../Engine/Content/EngineSky/BP_Sky_Sphere.uasset" 191
"../../../Engine/Content/MapTemplates/SM_Template_Map_Floor.uasset" 192
"../../../Engine/Content/Maps/Templates/Template_Default.umap" 193
"../../../Pavlov/Content/CustomMaps/UGC1523200099/House_BuiltData.uasset" 194
"../../../Engine/Content/BasicShapes/BasicShapeMaterial.uasset" 195
"../../../Pavlov/Content/CustomMaps/UGC1523200099/Textures/beton.uasset" 196
"../../../Pavlov/Content/CustomMaps/UGC1523200099/Materials/Beton_floor.uasset" 197
"../../../Pavlov/Content/CustomMaps/UGC1523200099/Textures/cement.uasset" 198
"../../../Pavlov/Content/CustomMaps/UGC1523200099/Textures/Normal_maps/cement_floor_normal.uasset" 199
"../../../Pavlov/Content/CustomMaps/UGC1523200099/Materials/Cement_floor.uasset" 200
"../../../Pavlov/Content/CustomMaps/UGC1523200099/Textures/Normal_maps/TexturesCom_ConcretePlates0138_1_seamless_S_normal.uasset" 201
"../../../Pavlov/Content/CustomMaps/UGC1523200099/Textures/TexturesCom_ConcretePlates0138_1_seamless_S.uasset" 202
"../../../Pavlov/Content/CustomMaps/UGC1523200099/Materials/Concrete_plates.uasset" 203
"../../../Engine/Content/BasicShapes/Cube.uasset" 204
"../../../Engine/Content/BasicShapes/Plane.uasset" 205
"../../../Engine/Content/EngineMaterials/DefaultPhysicalMaterial.uasset" 206
"../../../Pavlov/Content/CustomMaps/UGC1523200099/definition.uasset" 207
"../../../Pavlov/Content/CustomMaps/UGC1523200099/Meshes/Haus/Haus_car_side_destructive.uasset" 208
"../../../Pavlov/Content/CustomMaps/UGC1523200099/Meshes/Haus/Haus_car_side_destructive_back.uasset" 209
"../../../Pavlov/Content/CustomMaps/UGC1523200099/Meshes/Haus/Haus_Cube_002.uasset" 210
"../../../Pavlov/Content/CustomMaps/UGC1523200099/Meshes/Haus/Haus_Cube_003.uasset" 211
"../../../Pavlov/Content/CustomMaps/UGC1523200099/Meshes/Haus/Haus_Cube_004.uasset" 212
"../../../Pavlov/Content/CustomMaps/UGC1523200099/Meshes/Haus/Haus_Cube_005.uasset" 213
"../../../Pavlov/Content/CustomMaps/UGC1523200099/Meshes/Haus/Haus_Cube_006.uasset" 214
"../../../Pavlov/Content/CustomMaps/UGC1523200099/Meshes/Haus/Haus_Cube_007.uasset" 215
"../../../Pavlov/Content/CustomMaps/UGC1523200099/Meshes/Haus/Haus_Cube_008.uasset" 216
"../../../Pavlov/Content/CustomMaps/UGC1523200099/Meshes/Haus/Haus_Cube_009.uasset" 217
"../../../Pavlov/Content/CustomMaps/UGC1523200099/Meshes/Haus/Haus_Cube_010.uasset" 218
"../../../Pavlov/Content/CustomMaps/UGC1523200099/Meshes/Haus/Haus_Cube_011.uasset" 219
"../../../Pavlov/Content/CustomMaps/UGC1523200099/Meshes/Haus/Haus_Cube_012.uasset" 220
"../../../Pavlov/Content/CustomMaps/UGC1523200099/Meshes/Haus/Haus_Cube_013.uasset" 221
"../../../Pavlov/Content/CustomMaps/UGC1523200099/Meshes/Haus/Haus_Cube_014.uasset" 222
"../../../Pavlov/Content/CustomMaps/UGC1523200099/Meshes/Haus/Haus_Cube_015.uasset" 223
"../../../Pavlov/Content/CustomMaps/UGC1523200099/Meshes/Haus/Haus_Cube_016.uasset" 224
"../../../Pavlov/Content/CustomMaps/UGC1523200099/Meshes/Haus/Haus_Cube_017.uasset" 225
"../../../Pavlov/Content/CustomMaps/UGC1523200099/Meshes/Haus/Haus_Cube_018.uasset" 226
"../../../Pavlov/Content/CustomMaps/UGC1523200099/Meshes/Haus/Haus_Cube_019.uasset" 227
"../../../Pavlov/Content/CustomMaps/UGC1523200099/Meshes/Haus/Haus_Cube_020.uasset" 228
"../../../Pavlov/Content/CustomMaps/UGC1523200099/Meshes/Haus/Haus_Cube_021.uasset" 229
"../../../Pavlov/Content/CustomMaps/UGC1523200099/Meshes/Haus/Haus_Cube_022.uasset" 230
"../../../Pavlov/Content/CustomMaps/UGC1523200099/Meshes/Haus/Haus_Cube_023.uasset" 231
"../../../Pavlov/Content/CustomMaps/UGC1523200099/Meshes/Haus/Haus_Cube_024.uasset" 232
"../../../Pavlov/Content/CustomMaps/UGC1523200099/Meshes/Haus/Haus_Cube_025.uasset" 233
"../../../Pavlov/Content/CustomMaps/UGC1523200099/Meshes/Haus/Haus_Cube_026.uasset" 234
"../../../Pavlov/Content/CustomMaps/UGC1523200099/Meshes/Haus/Haus_Dach_lang.uasset" 235
"../../../Pavlov/Content/CustomMaps/UGC1523200099/Meshes/Haus/Haus_dining_wand.uasset" 236
"../../../Pavlov/Content/CustomMaps/UGC1523200099/Meshes/Haus/Haus_erdgeschoss_boden.uasset" 237
"../../../Pavlov/Content/CustomMaps/UGC1523200099/Meshes/Haus/Haus_esszimmer_links.uasset" 238
"../../../Pavlov/Content/CustomMaps/UGC1523200099/Meshes/Haus/Haus_esszimmer_rechts.uasset" 239
"../../../Pavlov/Content/CustomMaps/UGC1523200099/Meshes/Haus/Haus_Keller_boden.uasset" 240
"../../../Pavlov/Content/CustomMaps/UGC1523200099/Meshes/Haus/Haus_keller_waende.uasset" 241
"../../../Pavlov/Content/CustomMaps/UGC1523200099/Meshes/Haus/Haus_kleines_Dach.uasset" 242
"../../../Pavlov/Content/CustomMaps/UGC1523200099/Meshes/Haus/Haus_kueche_eingang.uasset" 243
"../../../Pavlov/Content/CustomMaps/UGC1523200099/Meshes/Haus/Haus_kueche_erdgeschoss_wand.uasset" 244
"../../../Pavlov/Content/CustomMaps/UGC1523200099/Meshes/Haus/Haus_kueche_oben.uasset" 245
"../../../Pavlov/Content/CustomMaps/UGC1523200099/Meshes/Haus/Haus_kueche_unten.uasset" 246
"../../../Pavlov/Content/CustomMaps/UGC1523200099/Meshes/Haus/Haus_laundry_double_destructive.uasset" 247
"../../../Pavlov/Content/CustomMaps/UGC1523200099/Meshes/Haus/Haus_laundry_single_destructive.uasset" 248
"../../../Pavlov/Content/CustomMaps/UGC1523200099/Meshes/Haus/Haus_living_waende.uasset" 249
"../../../Pavlov/Content/CustomMaps/UGC1523200099/Meshes/Haus/Haus_lobby.uasset" 250
"../../../Pavlov/Content/CustomMaps/UGC1523200099/Meshes/Haus/Haus_lobby_kueche.uasset" 251
"../../../Pavlov/Content/CustomMaps/UGC1523200099/Meshes/Haus/Haus_obergeschoss_boden.uasset" 252
"../../../Pavlov/Content/CustomMaps/UGC1523200099/Meshes/Haus/Haus_office_lobby_wand.uasset" 253
"../../../Pavlov/Content/CustomMaps/UGC1523200099/Meshes/Haus/Haus_ship_side_destructive.uasset" 254
"../../../Pavlov/Content/CustomMaps/UGC1523200099/Meshes/Haus/Haus_stairs_destructive.uasset" 255
"../../../Pavlov/Content/CustomMaps/UGC1523200099/Meshes/Haus/Haus_storage_destructive_left.uasset" 256
"../../../Pavlov/Content/CustomMaps/UGC1523200099/Meshes/Haus/Haus_storage_destructive_right.uasset" 257
"../../../Pavlov/Content/CustomMaps/UGC1523200099/Meshes/Haus/Haus_Treppe_keller.uasset" 258
"../../../Pavlov/Content/CustomMaps/UGC1523200099/Meshes/Haus/Haus_Treppe_keller_001.uasset" 259
"../../../Pavlov/Content/CustomMaps/UGC1523200099/Meshes/Haus/Haus_Treppenhaus.uasset" 260
"../../../Pavlov/Content/CustomMaps/UGC1523200099/Meshes/Haus/Haus_waende.uasset" 261
"../../../Pavlov/Content/CustomMaps/UGC1523200099/Meshes/Haus/Haus_waende_001.uasset" 262
"../../../Pavlov/Content/CustomMaps/UGC1523200099/Meshes/Haus/Haus_waende_002.uasset" 263
"../../../Pavlov/Content/CustomMaps/UGC1523200099/Meshes/Haus/Haus_waende_003.uasset" 264
"../../../Pavlov/Content/CustomMaps/UGC1523200099/Meshes/Haus/Haus_waende_erdgeschoss_001.uasset" 265
"../../../Pavlov/Content/CustomMaps/UGC1523200099/Meshes/Haus/Haus_waende_erdgeschoss_002.uasset" 266
"../../../Pavlov/Content/CustomMaps/UGC1523200099/Meshes/Haus/Haus_waende_erdgeschoss_003.uasset" 267
"../../../Pavlov/Content/CustomMaps/UGC1523200099/Meshes/Haus/Haus_waende_erdgeschoss_004.uasset" 268
"../../../Pavlov/Content/CustomMaps/UGC1523200099/Meshes/Haus/Haus_waende_erdgeschoss_005.uasset" 269
"../../../Pavlov/Content/CustomMaps/UGC1523200099/Meshes/Haus/Haus_waende_erdgeschoss_006.uasset" 270
"../../../Pavlov/Content/CustomMaps/UGC1523200099/Meshes/Haus/Haus_waende_erdgeschoss_007.uasset" 271
"../../../Pavlov/Content/CustomMaps/UGC1523200099/Meshes/Haus/Haus_waende_erdgeschoss_008.uasset" 272
"../../../Pavlov/Content/CustomMaps/UGC1523200099/Meshes/Haus/Haus_waende_erdgeschoss_010.uasset" 273
"../../../Pavlov/Content/CustomMaps/UGC1523200099/Meshes/Haus/Haus_waende_erdgeschoss_011.uasset" 274
"../../../Pavlov/Content/CustomMaps/UGC1523200099/Meshes/Haus/Haus_waende_erdgeschoss_012.uasset" 275
"../../../Pavlov/Content/CustomMaps/UGC1523200099/Meshes/Haus/Haus_waende_erdgeschoss_013.uasset" 276
"../../../Pavlov/Content/CustomMaps/UGC1523200099/Meshes/Haus/Haus_waende_erdgeschoss_015.uasset" 277
"../../../Pavlov/Content/CustomMaps/UGC1523200099/Meshes/Haus/Haus_waende_erdgeschoss_016.uasset" 278
"../../../Pavlov/Content/CustomMaps/UGC1523200099/Meshes/Haus/Haus_waende_erdgeschoss_019.uasset" 279
"../../../Pavlov/Content/CustomMaps/UGC1523200099/Materials/Cement_phys_mat.uasset" 280
"../../../Pavlov/Content/CustomMaps/UGC1523200099/Meshes/Haus/Haus_waende_obergeschoss.uasset" 281
"../../../Pavlov/Content/CustomMaps/UGC1523200099/Meshes/Haus/Haus_wohnzimmer.uasset" 282
"../../../Pavlov/Content/CustomMaps/UGC1523200099/House.umap" 283
"../../../Engine/Content/Maps/Entry.umap" 284
