Log file open, 10/19/18 12:30:32
LogInit:Display: Running engine for game: Pavlov
LogPlatformFile: Not using cached read wrapper
LogInit:Display: RandInit(1732685782) SRandInit(1732685782).
LogTaskGraph: Started task graph with 5 named threads and 10 total threads with 1 sets of task threads.
LogStats: Stats thread started at 0.126137
LogInit: Using libcurl 7.47.1
LogInit:  - built for x86_64-pc-win32
LogInit:  - supports SSL with OpenSSL/1.0.2g
LogInit:  - supports HTTP deflate (compression) using libz 1.2.8
LogInit:  - other features:
LogInit:      CURL_VERSION_SSL
LogInit:      CURL_VERSION_LIBZ
LogInit:      CURL_VERSION_IPV6
LogInit:      CURL_VERSION_ASYNCHDNS
LogInit:      CURL_VERSION_LARGEFILE
LogInit:      CURL_VERSION_IDN
LogInit:  CurlRequestOptions (configurable via config and command line):
LogInit:  - bVerifyPeer = false  - Libcurl will NOT verify peer certificate
LogInit:  - bUseHttpProxy = false  - Libcurl will NOT use HTTP proxy
LogInit:  - bDontReuseConnections = false  - Libcurl will reuse connections
LogInit:  - CertBundlePath = nullptr  - Libcurl will use whatever was configured at build time.
OCULUS: Info: [CAPI] LibOVR module is located at C:\Program Files\Oculus\Support\oculus-runtime\LibOVRRT64_1.dll
OCULUS: Info: Connected to the server running version (prod = 1).1.31.0(build = 686553) feature version = 0. Client runs version (prod = 1).1.31.0(build = 0) feature version = 0
OCULUS: Debug: [HMDState] Using default profile default
OCULUS: Info: IAD changed to 58.1mm
OCULUS: Debug: Creating factory
LogHMD: GearVR: Emulating GearVR using Oculus Rift!
LogInit: Build: ++UE4+Release-4.15-CL-3450819
LogInit: Engine Version: 4.15.3-3450819+++UE4+Release-4.15
LogInit: Compatible Engine Version: 4.15.0-3299760+++UE4+Release-4.15
LogInit: Net CL: 3299760
LogDevObjectVersion: Number of dev versions registered: 14
LogDevObjectVersion:   Dev-Blueprints (B0D832E4-1F89-4F0D-ACCF-7EB736FD4AA2): 8
LogDevObjectVersion:   Dev-Build (E1C64328-A22C-4D53-A36C-8E866417BD8C): 0
LogDevObjectVersion:   Dev-Core (375EC13C-06E4-48FB-B500-84F0262A717E): 2
LogDevObjectVersion:   Dev-Editor (E4B068ED-F494-42E9-A231-DA0B2E46BB41): 14
LogDevObjectVersion:   Dev-Framework (CFFC743F-43B0-4480-9391-14DF171D2073): 22
LogDevObjectVersion:   Dev-Mobile (B02B49B5-BB20-44E9-A304-32B752E40360): 0
LogDevObjectVersion:   Dev-Networking (A4E4105C-59A1-49B5-A7C5-40C4547EDFEE): 0
LogDevObjectVersion:   Dev-Online (39C831C9-5AE6-47DC-9A44-9C173E1C8E7C): 0
LogDevObjectVersion:   Dev-Physics (78F01B33-EBEA-4F98-B9B4-84EACCB95AA2): 0
LogDevObjectVersion:   Dev-Platform (6631380F-2D4D-43E0-8009-CF276956A95A): 0
LogDevObjectVersion:   Dev-Rendering (12F88B9F-8875-4AFC-A67C-D90C383ABD29): 12
LogDevObjectVersion:   Dev-Sequencer (7B5AE74C-D270-4C10-A958-57980B212A5A): 3
LogDevObjectVersion:   Dev-VR (D7296918-1DD6-4BDD-9DE2-64A83CC13884): 0
LogDevObjectVersion:   Dev-LoadTimes (C2A15278-BFE7-4AFE-6C17-90FF531DF755): 1
LogInit: Compiled (64-bit): May 21 2017 11:02:34
LogInit: Compiled with Visual C++: 19.00.23026.00
LogInit: Build Configuration: Development
LogInit: Branch Name: ++UE4+Release-4.15
LogInit: Command line:  
LogInit: Base directory: C:/Program Files/Epic Games/UE_4.15/Engine/Binaries/Win64/
LogInit: Installed Engine Build: 1
LogInit: Presizing for max 8388607 objects, including 0 objects not considered by GC, pre-allocating 0 bytes for permanent pool.
LogInit: Object subsystem initialized
[2018.10.19-10.30.33:650][  0]LogInit: Selected Device Profile: [Windows]
[2018.10.19-10.30.33:650][  0]LogInit: Applying CVar settings loaded from the selected device profile: [Windows]
[2018.10.19-10.30.33:663][  0]LogInit: Computer: DESKTOP-M8U18OG
[2018.10.19-10.30.33:663][  0]LogInit: User: bened
[2018.10.19-10.30.33:663][  0]LogInit: CPU Page size=65536, Cores=6
[2018.10.19-10.30.33:663][  0]LogInit: High frequency timer resolution =3.609378 MHz
[2018.10.19-10.30.33:664][  0]LogMemory: Memory total: Physical=15.9GB (16GB approx)
[2018.10.19-10.30.33:664][  0]LogMemory: Platform Memory Stats for Windows
[2018.10.19-10.30.33:664][  0]LogMemory: Process Physical Memory: 270.63 MB used, 270.63 MB peak
[2018.10.19-10.30.33:664][  0]LogMemory: Process Virtual Memory: 264.72 MB used, 264.72 MB peak
[2018.10.19-10.30.33:664][  0]LogMemory: Physical Memory: 7490.41 MB used,  8827.56 MB free, 16317.97 MB total
[2018.10.19-10.30.33:664][  0]LogMemory: Virtual Memory: 4801.50 MB used,  8827.56 MB free, 134217728.00 MB total
[2018.10.19-10.30.33:907][  0]LogTextLocalizationManager: No translations for ('de-DE') exist, falling back to 'en' for localization and internationalization data.
[2018.10.19-10.30.34:618][  0]LogD3D11RHI: D3D11 adapters:
[2018.10.19-10.30.34:667][  0]LogD3D11RHI:    0. 'NVIDIA GeForce GTX 1080 Ti' (Feature Level 11_0)
[2018.10.19-10.30.34:667][  0]LogD3D11RHI:       11127/0/8158 MB DedicatedVideo/DedicatedSystem/SharedSystem, Outputs:2, VendorId:0x10de
[2018.10.19-10.30.34:669][  0]LogD3D11RHI:    1. 'Microsoft Basic Render Driver' (Feature Level 11_0)
[2018.10.19-10.30.34:669][  0]LogD3D11RHI:       0/0/8158 MB DedicatedVideo/DedicatedSystem/SharedSystem, Outputs:0, VendorId:0x1414
[2018.10.19-10.30.34:669][  0]LogD3D11RHI: Chosen D3D11 Adapter: 0
[2018.10.19-10.30.34:676][  0]LogD3D11RHI: Creating new Direct3DDevice
[2018.10.19-10.30.34:676][  0]LogD3D11RHI:     GPU DeviceId: 0x1b06 (for the marketing name, search the web for "GPU Device Id")
[2018.10.19-10.30.34:676][  0]LogWindows: EnumDisplayDevices:
[2018.10.19-10.30.34:676][  0]LogWindows:    0. 'NVIDIA GeForce GTX 1080 Ti' (P:1 D:1)
[2018.10.19-10.30.34:676][  0]LogWindows:    1. 'NVIDIA GeForce GTX 1080 Ti' (P:0 D:1)
[2018.10.19-10.30.34:676][  0]LogWindows:    2. 'NVIDIA GeForce GTX 1080 Ti' (P:0 D:0)
[2018.10.19-10.30.34:676][  0]LogWindows:    3. 'NVIDIA GeForce GTX 1080 Ti' (P:0 D:0)
[2018.10.19-10.30.34:677][  0]LogWindows: DebugString: GetVideoDriverDetailsInvalid PrimaryIsNotTheChoosenAdapter GetVideoDriverDetailsInvalid PrimaryIsNotTheChoosenAdapter GetVideoDriverDetailsInvalid PrimaryIsNotTheChoosenAdapter GetVideoDriverDetailsInvalid PrimaryIsNotTheChoosenAdapter FoundDriverCount:0 
[2018.10.19-10.30.34:677][  0]LogD3D11RHI:     Adapter Name: NVIDIA GeForce GTX 1080 Ti
[2018.10.19-10.30.34:677][  0]LogD3D11RHI:   Driver Version: Unknown (internal:Unknown, unified:Unknown)
[2018.10.19-10.30.34:677][  0]LogD3D11RHI:      Driver Date: Unknown
[2018.10.19-10.30.34:677][  0]LogRHI: Texture pool is 1361 MB (70% of 1945 MB)
[2018.10.19-10.30.34:710][  0]LogD3D11RHI: Async texture creation enabled
[2018.10.19-10.30.34:748][  0]LogD3D11RHI: GPU Timing Frequency: 1000.000000 (Debug: 2 2)
[2018.10.19-10.30.34:797][  0]LogShaderCompilers: Guid format shader working directory is -14 characters bigger than the processId version (../../../../../../Users/bened/Documents/Unreal Projects/RB6/Intermediate/Shaders/WorkingDirectory/16404/).
[2018.10.19-10.30.34:797][  0]LogShaderCompilers: Cleaned the shader compiler working directory 'C:/Users/bened/AppData/Local/Temp/UnrealShaderWorkingDir/F57FD6774935CB529A5F85BA45E463C8/'.
[2018.10.19-10.30.34:798][  0]LogShaderCompilers:Display: Using Local Shader Compiler.
[2018.10.19-10.30.35:901][  0]LogTemp:Display: Loaded TP AllDesktopTargetPlatform
[2018.10.19-10.30.35:969][  0]LogTemp:Display: Loaded TP MacClientTargetPlatform
[2018.10.19-10.30.36:039][  0]LogTemp:Display: Loaded TP MacNoEditorTargetPlatform
[2018.10.19-10.30.36:112][  0]LogTemp:Display: Loaded TP MacServerTargetPlatform
[2018.10.19-10.30.36:182][  0]LogTemp:Display: Loaded TP MacTargetPlatform
[2018.10.19-10.30.36:251][  0]LogTemp:Display: Loaded TP WindowsClientTargetPlatform
[2018.10.19-10.30.36:320][  0]LogTemp:Display: Loaded TP WindowsNoEditorTargetPlatform
[2018.10.19-10.30.36:390][  0]LogTemp:Display: Loaded TP WindowsServerTargetPlatform
[2018.10.19-10.30.36:453][  0]LogTemp:Display: Loaded TP WindowsTargetPlatform
[2018.10.19-10.30.36:524][  0]LogTemp:Display: Loaded TP AndroidTargetPlatform
[2018.10.19-10.30.36:593][  0]LogTemp:Display: Loaded TP Android_ASTCTargetPlatform
[2018.10.19-10.30.36:661][  0]LogTemp:Display: Loaded TP Android_ATCTargetPlatform
[2018.10.19-10.30.36:730][  0]LogTemp:Display: Loaded TP Android_DXTTargetPlatform
[2018.10.19-10.30.36:800][  0]LogTemp:Display: Loaded TP Android_ETC1TargetPlatform
[2018.10.19-10.30.36:869][  0]LogTemp:Display: Loaded TP Android_ETC2TargetPlatform
[2018.10.19-10.30.37:007][  0]LogTemp:Display: Loaded TP Android_MultiTargetPlatform
[2018.10.19-10.30.37:007][  0]LogTemp:Display: Loaded TP Android_PVRTCTargetPlatform
[2018.10.19-10.30.37:061][  0]LogTemp:Display: Loaded TP HTML5TargetPlatform
[2018.10.19-10.30.37:187][  0]LogTemp:Display: Loaded TP IOSTargetPlatform
[2018.10.19-10.30.37:226][  0]LogTemp:Display: Loaded TP TVOSTargetPlatform
[2018.10.19-10.30.37:294][  0]LogTemp:Display: Loaded TP LinuxClientTargetPlatform
[2018.10.19-10.30.37:362][  0]LogTemp:Display: Loaded TP LinuxNoEditorTargetPlatform
[2018.10.19-10.30.37:430][  0]LogTemp:Display: Loaded TP LinuxServerTargetPlatform
[2018.10.19-10.30.37:500][  0]LogTemp:Display: Loaded TP LinuxTargetPlatform
[2018.10.19-10.30.37:500][  0]LogTargetPlatformManager:Display: Building Assets For Windows
[2018.10.19-10.30.38:178][  0]LogDerivedDataCache:Display: Max Cache Size: 512 MB
[2018.10.19-10.30.38:352][  0]LogDerivedDataCache: Loaded boot cache 0.17s 52MB C:/Users/bened/AppData/Local/UnrealEngine/4.15/DerivedDataCache/Boot.ddc.
[2018.10.19-10.30.38:352][  0]LogDerivedDataCache:Display: Loaded Boot cache: C:/Users/bened/AppData/Local/UnrealEngine/4.15/DerivedDataCache/Boot.ddc
[2018.10.19-10.30.38:352][  0]LogDerivedDataCache: FDerivedDataBackendGraph:  Pak pak cache file ../../../../../../Users/bened/Documents/Unreal Projects/RB6/DerivedDataCache/DDC.ddp not found, will not use a pak cache.
[2018.10.19-10.30.38:352][  0]LogDerivedDataCache: Unable to find inner node Pak for hierarchical cache Hierarchy.
[2018.10.19-10.30.38:352][  0]LogDerivedDataCache: FDerivedDataBackendGraph:  CompressedPak pak cache file ../../../../../../Users/bened/Documents/Unreal Projects/RB6/DerivedDataCache/Compressed.ddp not found, will not use a pak cache.
[2018.10.19-10.30.38:352][  0]LogDerivedDataCache: Unable to find inner node CompressedPak for hierarchical cache Hierarchy.
[2018.10.19-10.30.38:367][  0]LogDerivedDataCache:Display: Pak cache opened for reading ../../../Engine/DerivedDataCache/Compressed.ddp.
[2018.10.19-10.30.38:381][  0]LogDerivedDataCache: Using Local data cache path C:/Users/bened/AppData/Local/UnrealEngine/Common/DerivedDataCache: Writable
[2018.10.19-10.30.38:404][  0]LogSlate: Using Freetype 2.6.0
[2018.10.19-10.30.38:407][  0]LogSlate: SlateFontCache - WITH_FREETYPE: 1, WITH_HARFBUZZ: 1
[2018.10.19-10.30.38:407][  0]LogSlate: SlateFontCache - WITH_FREETYPE: 1, WITH_HARFBUZZ: 1
[2018.10.19-10.30.39:099][  0]LogInit: Selected Device Profile: [Windows]
[2018.10.19-10.30.39:105][  0]LogContentStreaming: Texture pool size is 0.00 MB
[2018.10.19-10.30.39:366][  0]LogMeshUtilities: Using QuadricMeshReduction for automatic static mesh reduction
[2018.10.19-10.30.39:428][  0]LogSimplygon: Simplygon DLL not present - disabling.
[2018.10.19-10.30.39:499][  0]LogMeshUtilities: Using SimplygonSwarm for distributed automatic mesh merging
[2018.10.19-10.30.39:499][  0]LogMeshUtilities: No automatic skeletal mesh reduction module available
[2018.10.19-10.30.39:499][  0]LogMeshUtilities: No automatic mesh merging module available
[2018.10.19-10.30.40:465][  0]LogNetVersion: GetLocalNetworkVersion: CL: 3299760, ProjectName: pavlov, ProjectVersion: , EngineNetworkVersion: 2, GameNetworkVersion: 0, NetworkChecksum: 2014131361
[2018.10.19-10.30.40:529][  0]LogAssetRegistry: FAssetRegistry took 0.0234 seconds to start up
[2018.10.19-10.30.40:584][  0]LogPackageLocalizationCache: Processed 4 localized package path(s) for 1 prioritized culture(s) in 0.025479 seconds
[2018.10.19-10.30.40:588][  0]LogUObjectArray: 32493 objects as part of root set at end of initial load.
[2018.10.19-10.30.40:588][  0]LogUObjectAllocator: 7077024 out of 0 bytes used by permanent object pool.
[2018.10.19-10.30.40:588][  0]LogUObjectArray: CloseDisregardForGC: 0/0 objects in disregard for GC pool
[2018.10.19-10.30.40:673][  0]LogInit: WinSock: version 1.1 (2.2), MaxSocks=32767, MaxUdp=65467
[2018.10.19-10.30.43:239][  0]LogTcpMessaging: Initializing TcpMessaging bridge
[2018.10.19-10.30.43:295][  0]LogUdpMessaging: Initializing bridge on interface 0.0.0.0:0 to multicast group 230.0.0.1:6666.
[2018.10.19-10.30.43:945][  0]LogMaterial: Missing cached shader map for material BaseColor, compiling. 
[2018.10.19-10.30.43:946][  0]LogMaterial:Warning: Failed to compile Material /Engine/BufferVisualization/BaseColor.BaseColor for platform PCD3D_SM5, Default Material will be used in game.
[2018.10.19-10.30.43:946][  0]LogMaterial:Warning: 	(Node SceneTexture) GBuffer scene textures not available with forward shading.
[2018.10.19-10.30.43:961][  0]LogMaterial: Uniform references updated for custom material expression Custom.
[2018.10.19-10.30.43:971][  0]LogMaterial: Missing cached shader map for material LightingModel, compiling. 
[2018.10.19-10.30.43:971][  0]LogMaterial:Warning: Failed to compile Material /Engine/BufferVisualization/LightingModel.LightingModel for platform PCD3D_SM5, Default Material will be used in game.
[2018.10.19-10.30.43:971][  0]LogMaterial:Warning: 	(Node SceneTexture) GBuffer scene textures not available with forward shading.
[2018.10.19-10.30.43:973][  0]LogMaterial: Missing cached shader map for material MaterialAO, compiling. 
[2018.10.19-10.30.43:974][  0]LogMaterial:Warning: Failed to compile Material /Engine/BufferVisualization/MaterialAO.MaterialAO for platform PCD3D_SM5, Default Material will be used in game.
[2018.10.19-10.30.43:974][  0]LogMaterial:Warning: 	(Node SceneTexture) GBuffer scene textures not available with forward shading.
[2018.10.19-10.30.43:975][  0]LogMaterial: Missing cached shader map for material Metallic, compiling. 
[2018.10.19-10.30.43:976][  0]LogMaterial:Warning: Failed to compile Material /Engine/BufferVisualization/Metallic.Metallic for platform PCD3D_SM5, Default Material will be used in game.
[2018.10.19-10.30.43:976][  0]LogMaterial:Warning: 	(Node SceneTexture) GBuffer scene textures not available with forward shading.
[2018.10.19-10.30.43:978][  0]LogMaterial: Missing cached shader map for material Opacity, compiling. 
[2018.10.19-10.30.43:978][  0]LogMaterial:Warning: Failed to compile Material /Engine/BufferVisualization/Opacity.Opacity for platform PCD3D_SM5, Default Material will be used in game.
[2018.10.19-10.30.43:978][  0]LogMaterial:Warning: 	(Node SceneTexture) GBuffer scene textures not available with forward shading.
[2018.10.19-10.30.43:981][  0]LogMaterial: Missing cached shader map for material Roughness, compiling. 
[2018.10.19-10.30.43:981][  0]LogMaterial:Warning: Failed to compile Material /Engine/BufferVisualization/Roughness.Roughness for platform PCD3D_SM5, Default Material will be used in game.
[2018.10.19-10.30.43:981][  0]LogMaterial:Warning: 	(Node SceneTexture) GBuffer scene textures not available with forward shading.
[2018.10.19-10.30.43:997][  0]LogMaterial: Missing cached shader map for material Specular, compiling. 
[2018.10.19-10.30.43:997][  0]LogMaterial:Warning: Failed to compile Material /Engine/BufferVisualization/Specular.Specular for platform PCD3D_SM5, Default Material will be used in game.
[2018.10.19-10.30.43:997][  0]LogMaterial:Warning: 	(Node SceneTexture) GBuffer scene textures not available with forward shading.
[2018.10.19-10.30.43:999][  0]LogMaterial: Missing cached shader map for material SubsurfaceColor, compiling. 
[2018.10.19-10.30.44:000][  0]LogMaterial:Warning: Failed to compile Material /Engine/BufferVisualization/SubsurfaceColor.SubsurfaceColor for platform PCD3D_SM5, Default Material will be used in game.
[2018.10.19-10.30.44:000][  0]LogMaterial:Warning: 	(Node SceneTexture) GBuffer scene textures not available with forward shading.
[2018.10.19-10.30.44:002][  0]LogMaterial: Missing cached shader map for material WorldNormal, compiling. 
[2018.10.19-10.30.44:002][  0]LogMaterial:Warning: Failed to compile Material /Engine/BufferVisualization/WorldNormal.WorldNormal for platform PCD3D_SM5, Default Material will be used in game.
[2018.10.19-10.30.44:002][  0]LogMaterial:Warning: 	(Node SceneTexture) GBuffer scene textures not available with forward shading.
[2018.10.19-10.30.44:499][  0]SourceControl: Info Source control is disabled
[2018.10.19-10.30.44:601][  0]SourceControl: Info Source control is disabled
[2018.10.19-10.30.44:675][  0]SourceControl: Info Source control is disabled
[2018.10.19-10.30.44:746][  0]SourceControl: Info Source control is disabled
[2018.10.19-10.30.46:681][  0]LogEngine: Initializing Engine...
[2018.10.19-10.30.46:682][  0]LogHMD: Oculus plugin initialized. Version: 4.15.3-3450819+++UE4+Release-4.15, LibOVR: 1.31.0, SDK: 1.10.0, built May 21 2017, 11:08:57
[2018.10.19-10.30.46:835][  0]OCULUS: Debug: [HMDState] Using default profile default
[2018.10.19-10.30.46:835][  0]OCULUS: Info: IAD changed to 58.1mm
[2018.10.19-10.30.46:835][  0]LogStats: UGameplayTagsManager::ConstructGameplayTagTree: Construct from data asset -  0.000 s
[2018.10.19-10.30.46:835][  0]LogStats: UGameplayTagsManager::ConstructGameplayTagTree: GameplayTagTreeChangedEvent.Broadcast -  0.000 s
[2018.10.19-10.30.47:021][  0]LogAIModule: Creating AISystem for world Untitled
[2018.10.19-10.30.47:039][  0]LogInit: XAudio2 using 'Lautsprecher (Sound Blaster Z)' : 6 channels at 48 kHz using 32 bits per sample (channel mask 0x3f)
[2018.10.19-10.30.47:061][  0]LogInit: FAudioDevice initialized.
[2018.10.19-10.30.47:087][  0]LogDerivedDataCache: Saved boot cache 0.03s 52MB C:/Users/bened/AppData/Local/UnrealEngine/4.15/DerivedDataCache/Boot.ddc.
[2018.10.19-10.30.47:090][  0]LogInit: Texture streaming: Enabled
[2018.10.19-10.30.47:218][  0]LogEngineSessionManager: EngineSessionManager initialized
[2018.10.19-10.30.47:346][  0]LogInit: Transaction tracking system initialized
[2018.10.19-10.30.47:839][  0]BlueprintLog: New page: Editor Load
[2018.10.19-10.30.49:116][  0]LocalizationService: Info Localization service is disabled
[2018.10.19-10.30.50:107][  0]LogMaterial: Missing cached shader map for material BaseColor, compiling. 
[2018.10.19-10.30.50:107][  0]LogMaterial:Warning: Failed to compile Material /Engine/BufferVisualization/BaseColor.BaseColor for platform PCD3D_SM5, Default Material will be used in game.
[2018.10.19-10.30.50:107][  0]LogMaterial:Warning: 	(Node SceneTexture) GBuffer scene textures not available with forward shading.
[2018.10.19-10.30.50:112][  0]LogMaterial: Missing cached shader map for material LightingModel, compiling. 
[2018.10.19-10.30.50:113][  0]LogMaterial:Warning: Failed to compile Material /Engine/BufferVisualization/LightingModel.LightingModel for platform PCD3D_SM5, Default Material will be used in game.
[2018.10.19-10.30.50:113][  0]LogMaterial:Warning: 	(Node SceneTexture) GBuffer scene textures not available with forward shading.
[2018.10.19-10.30.50:113][  0]LogMaterial: Missing cached shader map for material MaterialAO, compiling. 
[2018.10.19-10.30.50:114][  0]LogMaterial:Warning: Failed to compile Material /Engine/BufferVisualization/MaterialAO.MaterialAO for platform PCD3D_SM5, Default Material will be used in game.
[2018.10.19-10.30.50:114][  0]LogMaterial:Warning: 	(Node SceneTexture) GBuffer scene textures not available with forward shading.
[2018.10.19-10.30.50:114][  0]LogMaterial: Missing cached shader map for material Metallic, compiling. 
[2018.10.19-10.30.50:114][  0]LogMaterial:Warning: Failed to compile Material /Engine/BufferVisualization/Metallic.Metallic for platform PCD3D_SM5, Default Material will be used in game.
[2018.10.19-10.30.50:114][  0]LogMaterial:Warning: 	(Node SceneTexture) GBuffer scene textures not available with forward shading.
[2018.10.19-10.30.50:115][  0]LogMaterial: Missing cached shader map for material Opacity, compiling. 
[2018.10.19-10.30.50:115][  0]LogMaterial:Warning: Failed to compile Material /Engine/BufferVisualization/Opacity.Opacity for platform PCD3D_SM5, Default Material will be used in game.
[2018.10.19-10.30.50:115][  0]LogMaterial:Warning: 	(Node SceneTexture) GBuffer scene textures not available with forward shading.
[2018.10.19-10.30.50:116][  0]LogMaterial: Missing cached shader map for material Roughness, compiling. 
[2018.10.19-10.30.50:116][  0]LogMaterial:Warning: Failed to compile Material /Engine/BufferVisualization/Roughness.Roughness for platform PCD3D_SM5, Default Material will be used in game.
[2018.10.19-10.30.50:116][  0]LogMaterial:Warning: 	(Node SceneTexture) GBuffer scene textures not available with forward shading.
[2018.10.19-10.30.50:122][  0]LogMaterial: Missing cached shader map for material Specular, compiling. 
[2018.10.19-10.30.50:123][  0]LogMaterial:Warning: Failed to compile Material /Engine/BufferVisualization/Specular.Specular for platform PCD3D_SM5, Default Material will be used in game.
[2018.10.19-10.30.50:123][  0]LogMaterial:Warning: 	(Node SceneTexture) GBuffer scene textures not available with forward shading.
[2018.10.19-10.30.50:123][  0]LogMaterial: Missing cached shader map for material SubsurfaceColor, compiling. 
[2018.10.19-10.30.50:123][  0]LogMaterial:Warning: Failed to compile Material /Engine/BufferVisualization/SubsurfaceColor.SubsurfaceColor for platform PCD3D_SM5, Default Material will be used in game.
[2018.10.19-10.30.50:123][  0]LogMaterial:Warning: 	(Node SceneTexture) GBuffer scene textures not available with forward shading.
[2018.10.19-10.30.50:124][  0]LogMaterial: Missing cached shader map for material WorldNormal, compiling. 
[2018.10.19-10.30.50:124][  0]LogMaterial:Warning: Failed to compile Material /Engine/BufferVisualization/WorldNormal.WorldNormal for platform PCD3D_SM5, Default Material will be used in game.
[2018.10.19-10.30.50:124][  0]LogMaterial:Warning: 	(Node SceneTexture) GBuffer scene textures not available with forward shading.
[2018.10.19-10.30.50:185][  0]LogConsoleResponse:Display: 
[2018.10.19-10.30.50:351][  0]LogCook:Display: Max memory allowance for cook 16384mb min free memory 0mb
[2018.10.19-10.30.50:352][  0]LogCook:Display: Mobile HDR setting 0
[2018.10.19-10.30.51:288][  0]LogFileCache: Scanning file cache for directory 'C:/Users/bened/Documents/Unreal Projects/RB6/Content/' took 0.02s
[2018.10.19-10.30.51:364][  0]CustomMapToolsLog: Initializing Pavlov's workshop editor plugin
[2018.10.19-10.30.51:443][  0]CustomMapToolsLog: Visiting ../../../../../../Users/bened/Documents/Unreal Projects/RB6/Content/CustomMaps/UGC1523200099
[2018.10.19-10.30.52:039][  0]SourceControl: Info Source control is disabled
[2018.10.19-10.30.52:041][  0]Cmd: MAP LOAD FILE="../../../Engine/Content/Maps/Templates/Template_Default.umap" TEMPLATE=1 SHOWPROGRESS=1 FEATURELEVEL=3
[2018.10.19-10.30.52:042][  0]LightingResults: New page: Lighting Build
[2018.10.19-10.30.52:103][  0]MapCheck: New page: Map Check
[2018.10.19-10.30.52:103][  0]LightingResults: New page: Lighting Build
[2018.10.19-10.30.52:273][  0]LogAIModule: Creating AISystem for world Untitled_1
[2018.10.19-10.30.52:285][  0]LogActorComponent: RegisterComponentWithWorld: (/Temp/Untitled_1.Untitled_1:PersistentLevel.WorldSettings_1.StaticMeshComponent0) Trying to register component with IsPendingKill() == true. Aborting.
[2018.10.19-10.30.52:296][  0]LogEditorServer: Finished looking for orphan Actors (0.000 secs)
[2018.10.19-10.30.52:299][  0]Cmd: MAP CHECKDEP NOCLEARLOG
[2018.10.19-10.30.52:364][  0]MapCheck: Info Map check complete: 0 Error(s), 0 Warning(s), took 64.49ms to complete.
[2018.10.19-10.30.52:364][  0]LogFileHelpers: Loading map 'Template_Default' took 0.323
[2018.10.19-10.30.52:589][  0]LogCollectionManager: Loaded 1 collections in 0.002335 seconds
[2018.10.19-10.30.52:703][  0]LogFileCache: Scanning file cache for directory 'C:/Users/bened/Documents/Unreal Projects/RB6/Saved/Collections/' took 0.01s
[2018.10.19-10.30.52:703][  0]LogFileCache: Scanning file cache for directory 'C:/Users/bened/Documents/Unreal Projects/RB6/Content/Developers/bened/Collections/' took 0.01s
[2018.10.19-10.30.52:703][  0]LogFileCache: Scanning file cache for directory 'C:/Users/bened/Documents/Unreal Projects/RB6/Content/Collections/' took 0.01s
[2018.10.19-10.30.52:703][  0]LogCollectionManager: Rebuilt the GUID cache for 1 collections in 0.000004 seconds
[2018.10.19-10.30.52:703][  0]LogCollectionManager: Rebuilt the hierarchy cache for 1 collections in 0.000000 seconds
[2018.10.19-10.30.52:711][  0]LogContentBrowser: Native class hierarchy populated in 0.0069 seconds. Added 2254 classes and 456 folders.
[2018.10.19-10.30.52:802][  0]LogContentBrowser: Native class hierarchy updated for 'WidgetCarousel' in 0.0004 seconds. Added 0 classes and 0 folders.
[2018.10.19-10.30.52:927][  0]LogContentBrowser: Native class hierarchy updated for 'AddContentDialog' in 0.0004 seconds. Added 0 classes and 0 folders.
[2018.10.19-10.30.52:993][  0]LogContentBrowser: Native class hierarchy updated for 'SceneOutliner' in 0.0004 seconds. Added 1 classes and 2 folders.
[2018.10.19-10.30.53:134][  0]LogCrashTracker: Crashtracker disabled due to settings.
[2018.10.19-10.30.53:145][  0]LogUObjectGlobals:Warning: Failed to find object 'Class None.'
[2018.10.19-10.30.53:231][  0]LogContentBrowser: Native class hierarchy updated for 'HierarchicalLODOutliner' in 0.0004 seconds. Added 1 classes and 2 folders.
[2018.10.19-10.30.53:231][  0]LogLoad: (Engine Initialization) Total time: 22.27 seconds
[2018.10.19-10.30.53:231][  0]LogLoad: (Engine Initialization) Total Blueprint compile time: 0.11 seconds
[2018.10.19-10.30.53:231][  0]LogExternalProfiler: No external profilers were discovered.  External profiling features will not be available.
[2018.10.19-10.30.53:242][  0]LogWindowsTextInputMethodSystem:Display: IME system now deactivated.
[2018.10.19-10.30.53:243][  0]LogOcInput: OculusInput pre-init called
[2018.10.19-10.30.53:259][  0]LogOcInput: OculusInput is initialized. Init status 0. Runtime version: 1.31.0
[2018.10.19-10.30.53:274][  0]LogAssetRegistry: Asset discovery search completed in 12.7680 seconds
[2018.10.19-10.30.53:274][  0]LogCollectionManager: Rebuilt the object cache for 1 collections in 0.000003 seconds (found 0 objects)
[2018.10.19-10.30.53:274][  0]LogCollectionManager: Fixed up redirectors for 1 collections in 0.000012 seconds (updated 0 objects)
[2018.10.19-10.30.53:329][  0]LogContentStreaming: Texture pool size now 2500 MB
[2018.10.19-10.30.53:338][  0]LogSlate: Took 0.001168 seconds to synchronously load lazily loaded font '../../../Engine/Content/Slate/Fonts/Roboto-Regular.ttf' (155K)
[2018.10.19-10.30.53:342][  0]LogSlate: Took 0.001203 seconds to synchronously load lazily loaded font '../../../Engine/Content/Slate/Fonts/Roboto-Bold.ttf' (160K)
[2018.10.19-10.30.53:347][  0]LogSlate: Took 0.001074 seconds to synchronously load lazily loaded font '../../../Engine/Content/Editor/Slate/Fonts/FontAwesome.ttf' (139K)
[2018.10.19-10.30.53:486][  0]LogRenderer: Reallocating scene render targets to support 2024x912 NumSamples 4 (Frame:2).
[2018.10.19-10.30.57:845][502]LogSlate: Took 0.001115 seconds to synchronously load lazily loaded font '../../../Engine/Content/Slate/Fonts/Roboto-Light.ttf' (159K)
[2018.10.19-10.30.58:080][502]LogAIModule: Creating AISystem for world House
[2018.10.19-10.30.58:097][502]Cmd: MAP LOAD FILE="../../../../../../Users/bened/Documents/Unreal Projects/RB6/Content/CustomMaps/UGC1523200099/House.umap" TEMPLATE=0 SHOWPROGRESS=1 FEATURELEVEL=3
[2018.10.19-10.30.58:097][502]LightingResults: New page: Lighting Build
[2018.10.19-10.30.58:098][502]LoadErrors: New page: Loading map: House.umap
[2018.10.19-10.30.58:099][502]MapCheck: New page: Map Check
[2018.10.19-10.30.58:099][502]LightingResults: New page: Lighting Build
[2018.10.19-10.30.58:142][502]LogEditorServer: Finished looking for orphan Actors (0.000 secs)
[2018.10.19-10.30.58:154][502]Cmd: MAP CHECKDEP NOCLEARLOG
[2018.10.19-10.30.58:230][502]MapCheck: Info Map check complete: 0 Error(s), 0 Warning(s), took 76.145ms to complete.
[2018.10.19-10.30.58:230][502]LogFileHelpers: Loading map 'House' took 0.133
[2018.10.19-10.31.10:827][968]LogEditorViewport: Clicking on Actor (LMB): StaticMeshActor (stair_01)
[2018.10.19-10.31.15:480][463]LogEditorViewport: Clicking on Actor (context menu): StaticMeshActor (keller)
[2018.10.19-10.31.26:618][747]CustomMapToolsLog: MapURL = /Game/CustomMaps/UGC1523200099/House
[2018.10.19-10.31.26:618][747]CustomMapToolsLog: Cook command: "C:/Users/bened/Documents/Unreal Projects/RB6/Pavlov.uproject"  -run=cook -targetplatform=WindowsNoEditor+LinuxServer -UnVersioned -map=/Game/CustomMaps/UGC1523200099/House
[2018.10.19-10.31.49:084][350]CustomMapToolsLog: Adding to paklist definition.uasset
[2018.10.19-10.31.49:084][350]CustomMapToolsLog: Adding to paklist House.umap
[2018.10.19-10.31.49:084][350]CustomMapToolsLog: Adding to paklist HouseBasement_217059.uasset
[2018.10.19-10.31.49:084][350]CustomMapToolsLog: Adding to paklist HouseBasement_217059_Sprite.uasset
[2018.10.19-10.31.49:084][350]CustomMapToolsLog: Adding to paklist House_BuiltData.uasset
[2018.10.19-10.31.49:084][350]CustomMapToolsLog: Adding to paklist Materials/Cement_floor.uasset
[2018.10.19-10.31.49:084][350]CustomMapToolsLog: Adding to paklist Materials/Cement_phys_mat.uasset
[2018.10.19-10.31.49:084][350]CustomMapToolsLog: Adding to paklist Materials/Concrete_bare.uasset
[2018.10.19-10.31.49:084][350]CustomMapToolsLog: Adding to paklist Materials/Concrete_garage_Mat.uasset
[2018.10.19-10.31.49:084][350]CustomMapToolsLog: Adding to paklist Materials/fassade_aussen.uasset
[2018.10.19-10.31.49:084][350]CustomMapToolsLog: Adding to paklist Materials/Fassade_stein.uasset
[2018.10.19-10.31.49:084][350]CustomMapToolsLog: Adding to paklist Materials/garagentor.uasset
[2018.10.19-10.31.49:084][350]CustomMapToolsLog: Adding to paklist Materials/garage_komplett.uasset
[2018.10.19-10.31.49:084][350]CustomMapToolsLog: Adding to paklist Materials/Holz.uasset
[2018.10.19-10.31.49:084][350]CustomMapToolsLog: Adding to paklist Materials/marble_stairs_cellar.uasset
[2018.10.19-10.31.49:084][350]CustomMapToolsLog: Adding to paklist Materials/stair.uasset
[2018.10.19-10.31.49:084][350]CustomMapToolsLog: Adding to paklist Materials/storage_waende.uasset
[2018.10.19-10.31.49:084][350]CustomMapToolsLog: Adding to paklist Materials/training_waende.uasset
[2018.10.19-10.31.49:084][350]CustomMapToolsLog: Adding to paklist Materials/treppenhaus_gemauert_Mat.uasset
[2018.10.19-10.31.49:084][350]CustomMapToolsLog: Adding to paklist Materials/tuehrrahmen_innen.uasset
[2018.10.19-10.31.49:084][350]CustomMapToolsLog: Adding to paklist Materials/Türrahmen.uasset
[2018.10.19-10.31.49:084][350]CustomMapToolsLog: Adding to paklist Materials/waesche_floor.uasset
[2018.10.19-10.31.49:084][350]CustomMapToolsLog: Adding to paklist Materials/waesche_waende.uasset
[2018.10.19-10.31.49:084][350]CustomMapToolsLog: Adding to paklist Meshes/car_destr.uasset
[2018.10.19-10.31.49:085][350]CustomMapToolsLog: Adding to paklist Meshes/car_training.uasset
[2018.10.19-10.31.49:085][350]CustomMapToolsLog: Adding to paklist Meshes/keller.uasset
[2018.10.19-10.31.49:085][350]CustomMapToolsLog: Adding to paklist Meshes/laundry_garage.uasset
[2018.10.19-10.31.49:085][350]CustomMapToolsLog: Adding to paklist Meshes/laundry_training.uasset
[2018.10.19-10.31.49:085][350]CustomMapToolsLog: Adding to paklist Meshes/ship_destr.uasset
[2018.10.19-10.31.49:085][350]CustomMapToolsLog: Adding to paklist Meshes/stairs_destr.uasset
[2018.10.19-10.31.49:085][350]CustomMapToolsLog: Adding to paklist Meshes/stair_01.uasset
[2018.10.19-10.31.49:085][350]CustomMapToolsLog: Adding to paklist Meshes/storage_destr_left.uasset
[2018.10.19-10.31.49:085][350]CustomMapToolsLog: Adding to paklist Meshes/storage_destr_right.uasset
[2018.10.19-10.31.49:085][350]CustomMapToolsLog: Adding to paklist Meshes/wand.uasset
[2018.10.19-10.31.49:085][350]CustomMapToolsLog: Adding to paklist Textures/beton.uasset
[2018.10.19-10.31.49:085][350]CustomMapToolsLog: Adding to paklist Textures/cement.uasset
[2018.10.19-10.31.49:085][350]CustomMapToolsLog: Adding to paklist Textures/Concrete_garage.uasset
[2018.10.19-10.31.49:085][350]CustomMapToolsLog: Adding to paklist Textures/garage_texture.uasset
[2018.10.19-10.31.49:085][350]CustomMapToolsLog: Adding to paklist Textures/Normal_maps/cement_floor_normal.uasset
[2018.10.19-10.31.49:085][350]CustomMapToolsLog: Adding to paklist Textures/Normal_maps/Concrete_garage_normal.uasset
[2018.10.19-10.31.49:085][350]CustomMapToolsLog: Adding to paklist Textures/Normal_maps/garage_texture_normal.uasset
[2018.10.19-10.31.49:085][350]CustomMapToolsLog: Adding to paklist Textures/Normal_maps/TexturesCom_BrickGroutless0040_1_seamless_S_normal.uasset
[2018.10.19-10.31.49:085][350]CustomMapToolsLog: Adding to paklist Textures/Normal_maps/TexturesCom_ConcreteBare0398_7_seamless_S_normal.uasset
[2018.10.19-10.31.49:085][350]CustomMapToolsLog: Adding to paklist Textures/Normal_maps/TexturesCom_FloorsMarble0026_1_seamless_S_normal.uasset
[2018.10.19-10.31.49:085][350]CustomMapToolsLog: Adding to paklist Textures/Normal_maps/TexturesCom_FloorsRegular0193_1_seamless_S_normal.uasset
[2018.10.19-10.31.49:085][350]CustomMapToolsLog: Adding to paklist Textures/Normal_maps/TexturesCom_WoodPlanksBare0343_1_seamless_S_normal.uasset
[2018.10.19-10.31.49:085][350]CustomMapToolsLog: Adding to paklist Textures/Normal_maps/treppenhaus_gemauert_normal.uasset
[2018.10.19-10.31.49:085][350]CustomMapToolsLog: Adding to paklist Textures/TexturesCom_BrickGroutless0040_1_seamless_S.uasset
[2018.10.19-10.31.49:085][350]CustomMapToolsLog: Adding to paklist Textures/TexturesCom_ConcreteBare0398_7_seamless_S.uasset
[2018.10.19-10.31.49:085][350]CustomMapToolsLog: Adding to paklist Textures/TexturesCom_FloorsMarble0026_1_seamless_S.uasset
[2018.10.19-10.31.49:085][350]CustomMapToolsLog: Adding to paklist Textures/TexturesCom_FloorsRegular0193_1_seamless_S.uasset
[2018.10.19-10.31.49:085][350]CustomMapToolsLog: Adding to paklist Textures/TexturesCom_MarbleBase0038_1_seamless_S.uasset
[2018.10.19-10.31.49:085][350]CustomMapToolsLog: Adding to paklist Textures/TexturesCom_PlasterWhite0083_1_seamless_S.uasset
[2018.10.19-10.31.49:085][350]CustomMapToolsLog: Adding to paklist Textures/TexturesCom_WoodPlanksBare0343_1_seamless_S.uasset
[2018.10.19-10.31.49:085][350]CustomMapToolsLog: Adding to paklist Textures/treppenhaus_gemauert.uasset
[2018.10.19-10.32.07:929][520]LogEditorViewport: Clicking on Actor (LMB): StaticMeshActor (wand)
[2018.10.19-10.32.12:134][986]LogMaterial: Missing cached shader map for material Fassade_stein, compiling. 
[2018.10.19-10.32.12:136][986]LogTemp:Display: Added material ShaderMap 0x00000164E7D90100 with Material 0x00000164FDE4A980 to ShaderMapsBeingCompiled
[2018.10.19-10.32.12:149][986]LogTemp:Display: Kicking off shader compilation for Fassade_stein, GameThreadShaderMap 0x00000164E7D90100
[2018.10.19-10.32.12:242][986]LogMaterial: Missing cached shader map for material Fassade_stein, compiling. 
[2018.10.19-10.32.12:243][986]LogTemp:Display: Added material ShaderMap 0x00000164EC45C800 with Material 0x00000164FDE4A980 to ShaderMapsBeingCompiled
[2018.10.19-10.32.12:249][986]LogTemp:Display: Kicking off shader compilation for Fassade_stein, GameThreadShaderMap 0x00000164EC45C800
[2018.10.19-10.32.12:249][986]LogMaterial: 0.00 seconds spent updating 1 materials, 1 interfaces, 0 instances, 0 with static permutations.
[2018.10.19-10.32.12:280][986]LogMaterial: Missing cached shader map for material FMatExpressionPreview MaterialExpressionTextureSample_0, compiling. 
[2018.10.19-10.32.12:280][986]LogTemp:Display: Added material ShaderMap 0x00000164E7269600 with Material 0x00000164EBBE7A00 to ShaderMapsBeingCompiled
[2018.10.19-10.32.12:282][986]LogTemp:Display: Kicking off shader compilation for FMatExpressionPreview MaterialExpressionTextureSample_0, GameThreadShaderMap 0x00000164E7269600
[2018.10.19-10.32.12:283][986]LogMaterial: Missing cached shader map for material FMatExpressionPreview MaterialExpressionTextureSample_1, compiling. 
[2018.10.19-10.32.12:284][986]LogTemp:Display: Added material ShaderMap 0x00000164EC686E80 with Material 0x00000164EBBE7700 to ShaderMapsBeingCompiled
[2018.10.19-10.32.12:286][986]LogTemp:Display: Kicking off shader compilation for FMatExpressionPreview MaterialExpressionTextureSample_1, GameThreadShaderMap 0x00000164EC686E80
[2018.10.19-10.32.12:297][986]LogSlate: Took 0.001052 seconds to synchronously load lazily loaded font '../../../Engine/Content/Editor/Slate/Fonts/Roboto-BoldCondensed.ttf' (158K)
[2018.10.19-10.32.13:596][ 21]LogTemp:Display: Finished compile of shader map 0x00000164E7269600
[2018.10.19-10.32.13:596][ 21]LogTemp:Display: Shader map FMatExpressionPreview MaterialExpressionTextureSample_0 complete, GameThreadShaderMap 0x00000164E7269600, marking material FMatExpressionPreview MaterialExpressionTextureSample_0 as finished
[2018.10.19-10.32.13:596][ 21]LogTemp:Display: Marking material as finished 0x00000164EBBE7A00
[2018.10.19-10.32.13:728][ 27]LogTemp:Display: Finished compile of shader map 0x00000164EC686E80
[2018.10.19-10.32.13:728][ 27]LogTemp:Display: Shader map FMatExpressionPreview MaterialExpressionTextureSample_1 complete, GameThreadShaderMap 0x00000164EC686E80, marking material FMatExpressionPreview MaterialExpressionTextureSample_1 as finished
[2018.10.19-10.32.13:728][ 27]LogTemp:Display: Marking material as finished 0x00000164EBBE7700
[2018.10.19-10.32.13:995][ 44]LogTemp:Display: Finished compile of shader map 0x00000164EC45C800
[2018.10.19-10.32.13:995][ 44]LogTemp:Display: Shader map Fassade_stein complete, GameThreadShaderMap 0x00000164EC45C800, marking material Fassade_stein as finished
[2018.10.19-10.32.13:995][ 44]LogTemp:Display: Marking material as finished 0x00000164FDE4A980
[2018.10.19-10.32.14:007][ 45]MaterialEditorStats: Info Base pass shader with static lighting: 575 instructions
[2018.10.19-10.32.14:007][ 45]MaterialEditorStats: Info Base pass shader with only dynamic lighting: 547 instructions
[2018.10.19-10.32.14:007][ 45]MaterialEditorStats: Info Vertex shader: 141 instructions
[2018.10.19-10.32.14:007][ 45]MaterialEditorStats: Info Texture samplers: 6/16
[2018.10.19-10.32.25:472][176]LogTemp:Display: Removed shader map 0x00000164E7D90100 from material 0x00000164FDE4A980
[2018.10.19-10.32.25:512][176]LogWindowsTextInputMethodSystem:Display: IME system now deactivated.
[2018.10.19-10.32.25:702][177]Cmd: QUIT_EDITOR
[2018.10.19-10.32.25:804][177]LogExit: Preparing to exit.
[2018.10.19-10.32.26:357][177]LogDirectoryWatcher: A directory notification for 'C:/Users/bened/Documents/Unreal Projects/RB6/Content/' was aborted.
[2018.10.19-10.32.26:372][177]LogExit: Editor shut down
[2018.10.19-10.32.26:372][177]LogExit: Transaction tracking system shut down
[2018.10.19-10.32.26:414][177]LogObj: Freed 0b from 0 cluster array pools.
[2018.10.19-10.32.26:414][177]LogExit: Object subsystem successfully closed.
[2018.10.19-10.32.26:423][177]LogD3D11RHI: Shutdown
[2018.10.19-10.32.26:423][177]LogD3D11RHI: CleanupD3DDevice
[2018.10.19-10.32.26:486][177]LogD3D11RHI: ~FD3D11DynamicRHI
[2018.10.19-10.32.26:519][177]LogModuleManager: Shutting down and abandoning module MaterialEditor (504)
[2018.10.19-10.32.26:519][177]LogModuleManager: Shutting down and abandoning module HierarchicalLODOutliner (502)
[2018.10.19-10.32.26:519][177]LogModuleManager: Shutting down and abandoning module CrashTracker (500)
[2018.10.19-10.32.26:519][177]LogModuleManager: Shutting down and abandoning module SceneOutliner (498)
[2018.10.19-10.32.26:520][177]LogModuleManager: Shutting down and abandoning module AddContentDialog (496)
[2018.10.19-10.32.26:520][177]LogDirectoryWatcher: A directory notification for 'C:/Program Files/Epic Games/UE_4.15/FeaturePacks/' was aborted.
[2018.10.19-10.32.26:520][177]LogModuleManager: Shutting down and abandoning module WidgetCarousel (495)
[2018.10.19-10.32.26:520][177]LogModuleManager: Shutting down and abandoning module EditorWidgets (492)
[2018.10.19-10.32.26:520][177]LogModuleManager: Shutting down and abandoning module CollectionManager (490)
[2018.10.19-10.32.26:520][177]LogDirectoryWatcher: A directory notification for 'C:/Users/bened/Documents/Unreal Projects/RB6/Content/Collections/' was aborted.
[2018.10.19-10.32.26:520][177]LogDirectoryWatcher: A directory notification for 'C:/Users/bened/Documents/Unreal Projects/RB6/Content/Developers/bened/Collections/' was aborted.
[2018.10.19-10.32.26:520][177]LogDirectoryWatcher: A directory notification for 'C:/Users/bened/Documents/Unreal Projects/RB6/Saved/Collections/' was aborted.
[2018.10.19-10.32.26:520][177]LogModuleManager: Shutting down and abandoning module StatsViewer (488)
[2018.10.19-10.32.26:520][177]LogModuleManager: Shutting down and abandoning module FoliageEdit (486)
[2018.10.19-10.32.26:520][177]LogModuleManager: Shutting down and abandoning module LandscapeEditor (484)
[2018.10.19-10.32.26:520][177]LogModuleManager: Shutting down and abandoning module SceneDepthPickerMode (482)
[2018.10.19-10.32.26:520][177]LogModuleManager: Shutting down and abandoning module ActorPickerMode (480)
[2018.10.19-10.32.26:520][177]LogModuleManager: Shutting down and abandoning module GeometryMode (478)
[2018.10.19-10.32.26:520][177]LogModuleManager: Shutting down and abandoning module TextureAlignMode (476)
[2018.10.19-10.32.26:520][177]LogModuleManager: Shutting down and abandoning module BspMode (474)
[2018.10.19-10.32.26:520][177]LogModuleManager: Shutting down and abandoning module HardwareSurvey (472)
[2018.10.19-10.32.26:520][177]LogModuleManager: Shutting down and abandoning module SequenceRecorderSections (470)
[2018.10.19-10.32.26:520][177]LogModuleManager: Shutting down and abandoning module AutomationWorker (468)
[2018.10.19-10.32.26:520][177]LogModuleManager: Shutting down and abandoning module CustomMapTools (466)
[2018.10.19-10.32.26:520][177]LogModuleManager: Shutting down and abandoning module MatineeToLevelSequence (464)
[2018.10.19-10.32.26:520][177]LogModuleManager: Shutting down and abandoning module LevelSequenceEditor (462)
[2018.10.19-10.32.26:520][177]LogModuleManager: Shutting down and abandoning module PlacementMode (461)
[2018.10.19-10.32.26:520][177]LogModuleManager: Shutting down and abandoning module WmfMediaFactory (458)
[2018.10.19-10.32.26:520][177]LogModuleManager: Shutting down and abandoning module WmfMediaEditor (456)
[2018.10.19-10.32.26:520][177]LogModuleManager: Shutting down and abandoning module MfMediaFactory (454)
[2018.10.19-10.32.26:520][177]LogModuleManager: Shutting down and abandoning module MfMediaEditor (452)
[2018.10.19-10.32.26:520][177]LogModuleManager: Shutting down and abandoning module AvfMediaFactory (450)
[2018.10.19-10.32.26:520][177]LogModuleManager: Shutting down and abandoning module AvfMediaEditor (448)
[2018.10.19-10.32.26:520][177]LogModuleManager: Shutting down and abandoning module AndroidMediaFactory (446)
[2018.10.19-10.32.26:520][177]LogModuleManager: Shutting down and abandoning module Media (445)
[2018.10.19-10.32.26:520][177]LogModuleManager: Shutting down and abandoning module AndroidMediaEditor (442)
[2018.10.19-10.32.26:520][177]LogModuleManager: Shutting down and abandoning module CharacterAI (440)
[2018.10.19-10.32.26:520][177]LogModuleManager: Shutting down and abandoning module AudioCapture (438)
[2018.10.19-10.32.26:520][177]LogModuleManager: Shutting down and abandoning module SequenceRecorder (437)
[2018.10.19-10.32.26:521][177]LogModuleManager: Shutting down and abandoning module SmartSnapping (434)
[2018.10.19-10.32.26:521][177]LogModuleManager: Shutting down and abandoning module SessionServices (432)
[2018.10.19-10.32.26:521][177]LogModuleManager: Shutting down and abandoning module ViewportSnapping (430)
[2018.10.19-10.32.26:521][177]LogModuleManager: Shutting down and abandoning module ViewportInteraction (428)
[2018.10.19-10.32.26:521][177]LogModuleManager: Shutting down and abandoning module LogVisualizer (426)
[2018.10.19-10.32.26:521][177]LogModuleManager: Shutting down and abandoning module IntroTutorials (424)
[2018.10.19-10.32.26:521][177]LogModuleManager: Shutting down and abandoning module GameProjectGeneration (423)
[2018.10.19-10.32.26:522][177]LogModuleManager: Shutting down and abandoning module EditorLiveStreaming (420)
[2018.10.19-10.32.26:522][177]LogModuleManager: Shutting down and abandoning module IOSPlatformEditor (418)
[2018.10.19-10.32.26:522][177]LogModuleManager: Shutting down and abandoning module HTML5PlatformEditor (416)
[2018.10.19-10.32.26:522][177]LogModuleManager: Shutting down and abandoning module AndroidPlatformEditor (414)
[2018.10.19-10.32.26:522][177]LogModuleManager: Shutting down and abandoning module AndroidDeviceDetection (413)
[2018.10.19-10.32.26:692][177]LogModuleManager: Shutting down and abandoning module IOSRuntimeSettings (410)
[2018.10.19-10.32.26:692][177]LogModuleManager: Shutting down and abandoning module AndroidRuntimeSettings (408)
[2018.10.19-10.32.26:692][177]LogModuleManager: Shutting down and abandoning module InputBindingEditor (406)
[2018.10.19-10.32.26:692][177]LogModuleManager: Shutting down and abandoning module NiagaraEditor (404)
[2018.10.19-10.32.26:694][177]LogModuleManager: Shutting down and abandoning module MergeActors (402)
[2018.10.19-10.32.26:694][177]LogModuleManager: Shutting down and abandoning module SizeMap (400)
[2018.10.19-10.32.26:694][177]LogModuleManager: Shutting down and abandoning module TreeMap (398)
[2018.10.19-10.32.26:694][177]LogModuleManager: Shutting down and abandoning module ReferenceViewer (396)
[2018.10.19-10.32.26:694][177]LogModuleManager: Shutting down and abandoning module LocalizationDashboard (394)
[2018.10.19-10.32.26:695][177]LogModuleManager: Shutting down and abandoning module LocalizationService (393)
[2018.10.19-10.32.26:695][177]LogModuleManager: Shutting down and abandoning module HardwareTargeting (390)
[2018.10.19-10.32.26:695][177]LogModuleManager: Shutting down and abandoning module DeviceProfileEditor (388)
[2018.10.19-10.32.26:695][177]LogModuleManager: Shutting down and abandoning module UndoHistory (386)
[2018.10.19-10.32.26:695][177]LogModuleManager: Shutting down and abandoning module UserFeedback (384)
[2018.10.19-10.32.26:695][177]LogModuleManager: Shutting down and abandoning module XmlParser (382)
[2018.10.19-10.32.26:695][177]LogModuleManager: Shutting down and abandoning module Blutility (380)
[2018.10.19-10.32.26:695][177]LogModuleManager: Shutting down and abandoning module ProjectSettingsViewer (378)
[2018.10.19-10.32.26:695][177]LogModuleManager: Shutting down and abandoning module ProjectTargetPlatformEditor (377)
[2018.10.19-10.32.26:695][177]LogModuleManager: Shutting down and abandoning module EditorSettingsViewer (374)
[2018.10.19-10.32.26:695][177]LogModuleManager: Shutting down and abandoning module SettingsEditor (372)
[2018.10.19-10.32.26:695][177]LogModuleManager: Shutting down and abandoning module ProjectLauncher (370)
[2018.10.19-10.32.26:696][177]LogModuleManager: Shutting down and abandoning module SessionFrontend (368)
[2018.10.19-10.32.26:696][177]LogModuleManager: Shutting down and abandoning module ProfilerClient (366)
[2018.10.19-10.32.26:696][177]LogModuleManager: Shutting down and abandoning module DeviceManager (364)
[2018.10.19-10.32.26:696][177]LogModuleManager: Shutting down and abandoning module TargetDeviceServices (363)
[2018.10.19-10.32.26:740][177]LogModuleManager: Shutting down and abandoning module AutomationController (360)
[2018.10.19-10.32.26:740][177]LogModuleManager: Shutting down and abandoning module AutomationWindow (358)
[2018.10.19-10.32.26:740][177]LogModuleManager: Shutting down and abandoning module Layers (356)
[2018.10.19-10.32.26:741][177]LogModuleManager: Shutting down and abandoning module ComponentVisualizers (354)
[2018.10.19-10.32.26:741][177]LogModuleManager: Shutting down and abandoning module DetailCustomizations (352)
[2018.10.19-10.32.26:741][177]LogModuleManager: Shutting down and abandoning module PackagesDialog (350)
[2018.10.19-10.32.26:741][177]LogModuleManager: Shutting down and abandoning module Persona (348)
[2018.10.19-10.32.26:741][177]LogModuleManager: Shutting down and abandoning module AnimGraph (347)
[2018.10.19-10.32.26:741][177]LogModuleManager: Shutting down and abandoning module Kismet (344)
[2018.10.19-10.32.26:741][177]LogModuleManager: Shutting down and abandoning module GraphEditor (342)
[2018.10.19-10.32.26:741][177]LogModuleManager: Shutting down and abandoning module ClassViewer (340)
[2018.10.19-10.32.26:741][177]LogModuleManager: Shutting down and abandoning module Toolbox (338)
[2018.10.19-10.32.26:741][177]LogModuleManager: Shutting down and abandoning module ModuleUI (336)
[2018.10.19-10.32.26:742][177]LogModuleManager: Shutting down and abandoning module MovieSceneTools (334)
[2018.10.19-10.32.26:742][177]LogModuleManager: Shutting down and abandoning module OutputLog (332)
[2018.10.19-10.32.26:742][177]LogModuleManager: Shutting down and abandoning module GammaUI (330)
[2018.10.19-10.32.26:742][177]LogModuleManager: Shutting down and abandoning module Documentation (328)
[2018.10.19-10.32.26:742][177]LogModuleManager: Shutting down and abandoning module Niagara (326)
[2018.10.19-10.32.26:742][177]LogModuleManager: Shutting down and abandoning module StreamingPauseRendering (324)
[2018.10.19-10.32.26:742][177]LogModuleManager: Shutting down and abandoning module AnalyticsET (322)
[2018.10.19-10.32.26:742][177]LogModuleManager: Shutting down and abandoning module PortalServices (320)
[2018.10.19-10.32.26:742][177]LogModuleManager: Shutting down and abandoning module PortalRpc (318)
[2018.10.19-10.32.26:742][177]LogModuleManager: Shutting down and abandoning module MessagingRpc (316)
[2018.10.19-10.32.26:742][177]LogModuleManager: Shutting down and abandoning module AIModule (314)
[2018.10.19-10.32.26:742][177]LogModuleManager: Shutting down and abandoning module GameplayDebugger (313)
[2018.10.19-10.32.26:742][177]LogModuleManager: Shutting down and abandoning module AITestSuite (311)
[2018.10.19-10.32.26:742][177]LogModuleManager: Shutting down and abandoning module ProfilerService (308)
[2018.10.19-10.32.26:830][177]LogModuleManager: Shutting down and abandoning module TaskGraph (306)
[2018.10.19-10.32.26:832][177]LogModuleManager: Shutting down and abandoning module PavlovProxy (304)
[2018.10.19-10.32.26:832][177]LogModuleManager: Shutting down and abandoning module SteamVRController (302)
[2018.10.19-10.32.26:832][177]LogModuleManager: Shutting down and abandoning module SteamVR (300)
[2018.10.19-10.32.26:832][177]LogModuleManager: Shutting down and abandoning module ProceduralMeshComponentEditor (298)
[2018.10.19-10.32.26:832][177]LogModuleManager: Shutting down and abandoning module ProceduralMeshComponent (296)
[2018.10.19-10.32.26:832][177]LogModuleManager: Shutting down and abandoning module OculusLibrary (294)
[2018.10.19-10.32.26:832][177]LogModuleManager: Shutting down and abandoning module OculusInput (292)
[2018.10.19-10.32.26:832][177]LogModuleManager: Shutting down and abandoning module MobilePatchingUtils (290)
[2018.10.19-10.32.26:832][177]LogModuleManager: Shutting down and abandoning module CustomMeshComponent (288)
[2018.10.19-10.32.26:832][177]LogModuleManager: Shutting down and abandoning module CableComponent (286)
[2018.10.19-10.32.26:832][177]LogModuleManager: Shutting down and abandoning module ArchVisCharacter (284)
[2018.10.19-10.32.26:832][177]LogModuleManager: Shutting down and abandoning module MediaPlayerEditor (280)
[2018.10.19-10.32.26:832][177]LogModuleManager: Shutting down and abandoning module HTML5Networking (278)
[2018.10.19-10.32.26:832][177]LogModuleManager: Shutting down and abandoning module AlembicImporter (276)
[2018.10.19-10.32.26:832][177]LogModuleManager: Shutting down and abandoning module AlembicLibrary (275)
[2018.10.19-10.32.26:832][177]LogModuleManager: Shutting down and abandoning module GeometryCache (274)
[2018.10.19-10.32.26:832][177]LogModuleManager: Shutting down and abandoning module GeometryCacheEd (273)
[2018.10.19-10.32.26:832][177]LogModuleManager: Shutting down and abandoning module SuperSearchEditor (268)
[2018.10.19-10.32.26:832][177]LogModuleManager: Shutting down and abandoning module SuperSearch (267)
[2018.10.19-10.32.26:832][177]LogModuleManager: Shutting down and abandoning module SpeedTreeImporter (264)
[2018.10.19-10.32.26:832][177]LogModuleManager: Shutting down and abandoning module PluginBrowser (262)
[2018.10.19-10.32.26:832][177]LogModuleManager: Shutting down and abandoning module MobileLauncherProfileWizard (260)
[2018.10.19-10.32.26:832][177]LogModuleManager: Shutting down and abandoning module EpicSurvey (258)
[2018.10.19-10.32.26:832][177]LogModuleManager: Shutting down and abandoning module VisualStudioSourceCodeAccess (256)
[2018.10.19-10.32.26:832][177]LogModuleManager: Shutting down and abandoning module DesktopPlatform (255)
[2018.10.19-10.32.26:832][177]LogModuleManager: Shutting down and abandoning module UObjectPlugin (252)
[2018.10.19-10.32.26:832][177]LogModuleManager: Shutting down and abandoning module SubversionSourceControl (250)
[2018.10.19-10.32.26:832][177]LogModuleManager: Shutting down and abandoning module PerforceSourceControl (248)
[2018.10.19-10.32.26:832][177]LogModuleManager: Shutting down and abandoning module GitSourceControl (246)
[2018.10.19-10.32.26:832][177]LogModuleManager: Shutting down and abandoning module SourceControl (245)
[2018.10.19-10.32.26:832][177]LogModuleManager: Shutting down and abandoning module LightPropagationVolumeEditor (242)
[2018.10.19-10.32.26:832][177]LogModuleManager: Shutting down and abandoning module PaperTiledImporter (240)
[2018.10.19-10.32.26:832][177]LogModuleManager: Shutting down and abandoning module PaperSpriteSheetImporter (238)
[2018.10.19-10.32.26:832][177]LogModuleManager: Shutting down and abandoning module Paper2DEditor (236)
[2018.10.19-10.32.26:832][177]LogModuleManager: Shutting down and abandoning module MeshPaint (235)
[2018.10.19-10.32.26:832][177]LogModuleManager: Shutting down and abandoning module LevelEditor (233)
[2018.10.19-10.32.26:832][177]LogModuleManager: Shutting down and abandoning module PixelInspectorModule (232)
[2018.10.19-10.32.26:832][177]LogModuleManager: Shutting down and abandoning module MainFrame (230)
[2018.10.19-10.32.26:832][177]LogModuleManager: Shutting down and abandoning module HotReload (229)
[2018.10.19-10.32.26:833][177]LogModuleManager: Shutting down and abandoning module ContentBrowser (225)
[2018.10.19-10.32.26:833][177]LogModuleManager: Shutting down and abandoning module PhysXVehiclesEditor (222)
[2018.10.19-10.32.26:833][177]LogModuleManager: Shutting down and abandoning module PhysXVehicles (220)
[2018.10.19-10.32.26:833][177]LogModuleManager: Shutting down and abandoning module LocationServicesBPLibrary (218)
[2018.10.19-10.32.26:833][177]LogModuleManager: Shutting down and abandoning module UdpMessaging (216)
[2018.10.19-10.32.26:934][177]LogModuleManager: Shutting down and abandoning module TcpMessaging (214)
[2018.10.19-10.32.27:301][177]LogModuleManager: Shutting down and abandoning module GameplayTagsEditor (212)
[2018.10.19-10.32.27:301][177]LogModuleManager: Shutting down and abandoning module FacialAnimationEditor (210)
[2018.10.19-10.32.27:301][177]LogModuleManager: Shutting down and abandoning module FacialAnimation (208)
[2018.10.19-10.32.27:301][177]LogModuleManager: Shutting down and abandoning module LightPropagationVolumeRuntime (206)
[2018.10.19-10.32.27:301][177]LogModuleManager: Shutting down and abandoning module Paper2D (204)
[2018.10.19-10.32.27:301][177]LogModuleManager: Shutting down and abandoning module WindowsMoviePlayer (202)
[2018.10.19-10.32.27:301][177]LogModuleManager: Shutting down and abandoning module WmfMedia (200)
[2018.10.19-10.32.27:302][177]LogModuleManager: Shutting down and abandoning module MfMedia (198)
[2018.10.19-10.32.27:302][177]LogModuleManager: Shutting down and abandoning module MediaAssets (196)
[2018.10.19-10.32.27:302][177]LogModuleManager: Shutting down and abandoning module GameLiveStreaming (194)
[2018.10.19-10.32.27:302][177]LogModuleManager: Shutting down and abandoning module VREditor (192)
[2018.10.19-10.32.27:302][177]LogModuleManager: Shutting down and abandoning module GameplayTasksEditor (190)
[2018.10.19-10.32.27:302][177]LogModuleManager: Shutting down and abandoning module BehaviorTreeEditor (188)
[2018.10.19-10.32.27:302][177]LogModuleManager: Shutting down and abandoning module FunctionalTesting (186)
[2018.10.19-10.32.27:302][177]LogModuleManager: Shutting down and abandoning module CollisionAnalyzer (184)
[2018.10.19-10.32.27:302][177]LogModuleManager: Shutting down and abandoning module UMG (182)
[2018.10.19-10.32.27:302][177]LogModuleManager: Shutting down and abandoning module UMGEditor (181)
[2018.10.19-10.32.27:302][177]LogModuleManager: Shutting down and abandoning module Sequencer (180)
[2018.10.19-10.32.27:302][177]LogModuleManager: Shutting down and abandoning module AssetTools (178)
[2018.10.19-10.32.27:302][177]LogModuleManager: Shutting down and abandoning module MessageLog (177)
[2018.10.19-10.32.27:302][177]LogModuleManager: Shutting down and abandoning module WorkspaceMenuStructure (176)
[2018.10.19-10.32.27:302][177]LogModuleManager: Shutting down and abandoning module SlateReflector (170)
[2018.10.19-10.32.27:302][177]LogModuleManager: Shutting down and abandoning module Slate (168)
[2018.10.19-10.32.27:302][177]LogModuleManager: Shutting down and abandoning module EditorStyle (166)
[2018.10.19-10.32.27:305][177]LogModuleManager: Shutting down and abandoning module SourceCodeAccess (164)
[2018.10.19-10.32.27:305][177]LogModuleManager: Shutting down and abandoning module HeadMountedDisplay (162)
[2018.10.19-10.32.27:305][177]LogModuleManager: Shutting down and abandoning module XAudio2 (160)
[2018.10.19-10.32.27:305][177]LogModuleManager: Shutting down and abandoning module Networking (158)
[2018.10.19-10.32.27:305][177]LogModuleManager: Shutting down and abandoning module Core (154)
[2018.10.19-10.32.27:305][177]LogModuleManager: Shutting down and abandoning module AssetRegistry (152)
[2018.10.19-10.32.27:434][177]LogDirectoryWatcher: A directory notification for '../../../Engine/Content/' was aborted.
[2018.10.19-10.32.27:434][177]LogDirectoryWatcher: A directory notification for '../../../../../../Users/bened/Documents/Unreal Projects/RB6/Content/' was aborted.
[2018.10.19-10.32.27:434][177]LogDirectoryWatcher: A directory notification for '../../../Engine/Plugins/2D/Paper2D/Content/' was aborted.
[2018.10.19-10.32.27:434][177]LogDirectoryWatcher: A directory notification for '../../../../../../Users/bened/Documents/Unreal Projects/RB6/Plugins/CustomMapTools/Content/' was aborted.
[2018.10.19-10.32.27:434][177]LogModuleManager: Shutting down and abandoning module DirectoryWatcher (151)
[2018.10.19-10.32.27:434][177]LogModuleManager: Shutting down and abandoning module KismetCompiler (148)
[2018.10.19-10.32.27:434][177]LogModuleManager: Shutting down and abandoning module PhysXFormats (146)
[2018.10.19-10.32.27:434][177]LogModuleManager: Shutting down and abandoning module MeshUtilities (144)
[2018.10.19-10.32.27:434][177]LogModuleManager: Shutting down and abandoning module SimplygonSwarm (143)
[2018.10.19-10.32.27:434][177]LogModuleManager: Shutting down and abandoning module SimplygonMeshReduction (141)
[2018.10.19-10.32.27:434][177]LogModuleManager: Shutting down and abandoning module QuadricMeshReduction (139)
[2018.10.19-10.32.27:434][177]LogModuleManager: Shutting down and abandoning module PropertyEditor (137)
[2018.10.19-10.32.27:434][177]LogModuleManager: Shutting down and abandoning module DerivedDataCache (134)
[2018.10.19-10.32.27:519][177]LogDerivedDataCache: Shutdown
[2018.10.19-10.32.27:519][177]LogModuleManager: Shutting down and abandoning module TargetPlatform (132)
[2018.10.19-10.32.27:519][177]LogModuleManager: Shutting down and abandoning module VulkanShaderFormat (131)
[2018.10.19-10.32.27:519][177]LogModuleManager: Shutting down and abandoning module ShaderFormatOpenGL (129)
[2018.10.19-10.32.27:519][177]LogModuleManager: Shutting down and abandoning module ShaderFormatD3D (127)
[2018.10.19-10.32.27:519][177]LogModuleManager: Shutting down and abandoning module MetalShaderFormat (125)
[2018.10.19-10.32.27:519][177]LogModuleManager: Shutting down and abandoning module TextureFormatUncompressed (123)
[2018.10.19-10.32.27:519][177]LogModuleManager: Shutting down and abandoning module TextureFormatPVR (121)
[2018.10.19-10.32.27:519][177]LogModuleManager: Shutting down and abandoning module TextureFormatDXT (119)
[2018.10.19-10.32.27:519][177]LogModuleManager: Shutting down and abandoning module TextureFormatIntelISPCTexComp (117)
[2018.10.19-10.32.27:519][177]LogModuleManager: Shutting down and abandoning module TextureFormatASTC (115)
[2018.10.19-10.32.27:519][177]LogModuleManager: Shutting down and abandoning module ImageWrapper (114)
[2018.10.19-10.32.27:519][177]LogModuleManager: Shutting down and abandoning module TextureFormatAndroid (111)
[2018.10.19-10.32.27:519][177]LogModuleManager: Shutting down and abandoning module AudioFormatOpus (109)
[2018.10.19-10.32.27:519][177]LogModuleManager: Shutting down and abandoning module AudioFormatOgg (107)
[2018.10.19-10.32.27:519][177]LogModuleManager: Shutting down and abandoning module AudioFormatADPCM (105)
[2018.10.19-10.32.27:519][177]LogModuleManager: Shutting down and abandoning module LinuxTargetPlatform (103)
[2018.10.19-10.32.27:519][177]LogModuleManager: Shutting down and abandoning module LinuxServerTargetPlatform (101)
[2018.10.19-10.32.27:519][177]LogModuleManager: Shutting down and abandoning module LinuxNoEditorTargetPlatform (99)
[2018.10.19-10.32.27:519][177]LogModuleManager: Shutting down and abandoning module LinuxClientTargetPlatform (97)
[2018.10.19-10.32.27:519][177]LogModuleManager: Shutting down and abandoning module TVOSTargetPlatform (95)
[2018.10.19-10.32.27:519][177]LogModuleManager: Shutting down and abandoning module Messaging (93)
[2018.10.19-10.32.27:519][177]LogModuleManager: Shutting down and abandoning module IOSTargetPlatform (91)
[2018.10.19-10.32.27:519][177]LogModuleManager: Shutting down and abandoning module HTML5TargetPlatform (89)
[2018.10.19-10.32.27:519][177]LogModuleManager: Shutting down and abandoning module Android_PVRTCTargetPlatform (87)
[2018.10.19-10.32.27:519][177]LogModuleManager: Shutting down and abandoning module Android_MultiTargetPlatform (85)
[2018.10.19-10.32.27:519][177]LogModuleManager: Shutting down and abandoning module Android_ETC2TargetPlatform (83)
[2018.10.19-10.32.27:519][177]LogModuleManager: Shutting down and abandoning module Android_ETC1TargetPlatform (81)
[2018.10.19-10.32.27:519][177]LogModuleManager: Shutting down and abandoning module Android_DXTTargetPlatform (79)
[2018.10.19-10.32.27:519][177]LogModuleManager: Shutting down and abandoning module Android_ATCTargetPlatform (77)
[2018.10.19-10.32.27:519][177]LogModuleManager: Shutting down and abandoning module Android_ASTCTargetPlatform (75)
[2018.10.19-10.32.27:519][177]LogModuleManager: Shutting down and abandoning module AndroidTargetPlatform (73)
[2018.10.19-10.32.27:519][177]LogModuleManager: Shutting down and abandoning module WindowsTargetPlatform (71)
[2018.10.19-10.32.27:519][177]LogModuleManager: Shutting down and abandoning module WindowsServerTargetPlatform (69)
[2018.10.19-10.32.27:519][177]LogModuleManager: Shutting down and abandoning module WindowsNoEditorTargetPlatform (67)
[2018.10.19-10.32.27:519][177]LogModuleManager: Shutting down and abandoning module WindowsClientTargetPlatform (65)
[2018.10.19-10.32.27:519][177]LogModuleManager: Shutting down and abandoning module MacTargetPlatform (63)
[2018.10.19-10.32.27:519][177]LogModuleManager: Shutting down and abandoning module MacServerTargetPlatform (61)
[2018.10.19-10.32.27:519][177]LogModuleManager: Shutting down and abandoning module MacNoEditorTargetPlatform (59)
[2018.10.19-10.32.27:519][177]LogModuleManager: Shutting down and abandoning module MacClientTargetPlatform (57)
[2018.10.19-10.32.27:519][177]LogModuleManager: Shutting down and abandoning module AllDesktopTargetPlatform (55)
[2018.10.19-10.32.27:519][177]LogModuleManager: Shutting down and abandoning module InputCore (52)
[2018.10.19-10.32.27:519][177]LogModuleManager: Shutting down and abandoning module Settings (50)
[2018.10.19-10.32.27:519][177]LogModuleManager: Shutting down and abandoning module OculusRift (48)
[2018.10.19-10.32.27:520][177]LogHMD: Oculus shutdown.
[2018.10.19-10.32.27:520][177]LogModuleManager: Shutting down and abandoning module GearVR (46)
[2018.10.19-10.32.27:520][177]LogModuleManager: Shutting down and abandoning module ExampleDeviceProfileSelector (44)
[2018.10.19-10.32.27:520][177]LogModuleManager: Shutting down and abandoning module OnlineBlueprintSupport (42)
[2018.10.19-10.32.27:520][177]LogModuleManager: Shutting down and abandoning module OnlineSubsystem (38)
[2018.10.19-10.32.27:520][177]LogOnline:Display: Unloading online subsystem: NULL
[2018.10.19-10.32.27:520][177]LogModuleManager: Shutting down and abandoning module XMPP (37)
[2018.10.19-10.32.27:520][177]LogModuleManager: Shutting down and abandoning module HTTP (35)
[2018.10.19-10.32.27:520][177]LogHttp:Display: Http module shutting down, but needs to wait on 1 outstanding Http requests:
[2018.10.19-10.32.27:520][177]LogHttp:Display: 	verb=[POST] url=[https://datarouter.ol.epicgames.com/datarouter/api/v1/public/data?SessionID=%7B12BA98A9-4C74-F61C-4546-DF834B59A3E0%7D&AppID=UEEditor.Rocket.Release&AppVersion=4.15.3-3450819%2B%2B%2BUE4%2BRelease-4.15&UserID=132eb2404e9ea2bdbc4f9698e9e3a892%7C6bb19902c93d4af6804341a225194644%7Cc02fd5b2-ba45-4284-a3d4-f9ee82ce8279&AppEnvironment=datacollector-binary&UploadType=eteventstream] status=Processing
[2018.10.19-10.32.27:549][177]LogModuleManager: Shutting down and abandoning module SSL (34)
[2018.10.19-10.32.27:550][177]LogModuleManager: Shutting down and abandoning module AudioEditor (30)
[2018.10.19-10.32.27:550][177]LogModuleManager: Shutting down and abandoning module TextureCompressor (28)
[2018.10.19-10.32.27:550][177]LogModuleManager: Shutting down and abandoning module ShaderCore (26)
[2018.10.19-10.32.27:550][177]LogModuleManager: Shutting down and abandoning module Landscape (24)
[2018.10.19-10.32.27:550][177]LogModuleManager: Shutting down and abandoning module SlateRHIRenderer (22)
[2018.10.19-10.32.27:551][177]LogModuleManager: Shutting down and abandoning module OpenGLDrv (20)
[2018.10.19-10.32.27:551][177]LogModuleManager: Shutting down and abandoning module D3D11RHI (18)
[2018.10.19-10.32.27:551][177]LogModuleManager: Shutting down and abandoning module AnimGraphRuntime (16)
[2018.10.19-10.32.27:551][177]LogModuleManager: Shutting down and abandoning module Renderer (14)
[2018.10.19-10.32.27:551][177]LogModuleManager: Shutting down and abandoning module Engine (12)
[2018.10.19-10.32.27:551][177]LogModuleManager: Shutting down and abandoning module CoreUObject (10)
[2018.10.19-10.32.27:551][177]LogModuleManager: Shutting down and abandoning module NetworkFile (8)
[2018.10.19-10.32.27:551][177]LogModuleManager: Shutting down and abandoning module StreamingFile (6)
[2018.10.19-10.32.27:551][177]LogModuleManager: Shutting down and abandoning module SandboxFile (4)
[2018.10.19-10.32.27:551][177]LogModuleManager: Shutting down and abandoning module PakFile (2)
[2018.10.19-10.32.27:554][177]LogExit: Exiting.
[2018.10.19-10.32.27:555][177]Log file closed, 10/19/18 12:32:27
