Log file open, 09/28/18 11:30:44
LogInit:Display: Running engine for game: Pavlov
LogPlatformFile: Not using cached read wrapper
LogInit:Display: RandInit(-333043219) SRandInit(-333043219).
LogTaskGraph: Started task graph with 5 named threads and 10 total threads with 1 sets of task threads.
LogStats: Stats thread started at 0.321641
LogInit: Using libcurl 7.47.1
LogInit:  - built for x86_64-pc-win32
LogInit:  - supports SSL with OpenSSL/1.0.2g
LogInit:  - supports HTTP deflate (compression) using libz 1.2.8
LogInit:  - other features:
LogInit:      CURL_VERSION_SSL
LogInit:      CURL_VERSION_LIBZ
LogInit:      CURL_VERSION_IPV6
LogInit:      CURL_VERSION_ASYNCHDNS
LogInit:      CURL_VERSION_LARGEFILE
LogInit:      CURL_VERSION_IDN
LogInit:  CurlRequestOptions (configurable via config and command line):
LogInit:  - bVerifyPeer = false  - Libcurl will NOT verify peer certificate
LogInit:  - bUseHttpProxy = false  - Libcurl will NOT use HTTP proxy
LogInit:  - bDontReuseConnections = false  - Libcurl will reuse connections
LogInit:  - CertBundlePath = nullptr  - Libcurl will use whatever was configured at build time.
OCULUS: Info: [CAPI] LibOVR module is located at C:\Program Files\Oculus\Support\oculus-runtime\LibOVRRT64_1.dll
OCULUS: Info: Connected to the server running version (prod = 1).1.30.0(build = 676007) feature version = 0. Client runs version (prod = 1).1.30.0(build = 0) feature version = 0
OCULUS: Debug: [HMDState] Using default profile default
OCULUS: Info: IAD changed to 58.6mm
OCULUS: Debug: Creating factory
LogHMD: GearVR: Emulating GearVR using Oculus Rift!
LogInit: Build: ++UE4+Release-4.15-CL-3450819
LogInit: Engine Version: 4.15.3-3450819+++UE4+Release-4.15
LogInit: Compatible Engine Version: 4.15.0-3299760+++UE4+Release-4.15
LogInit: Net CL: 3299760
LogDevObjectVersion: Number of dev versions registered: 14
LogDevObjectVersion:   Dev-Blueprints (B0D832E4-1F89-4F0D-ACCF-7EB736FD4AA2): 8
LogDevObjectVersion:   Dev-Build (E1C64328-A22C-4D53-A36C-8E866417BD8C): 0
LogDevObjectVersion:   Dev-Core (375EC13C-06E4-48FB-B500-84F0262A717E): 2
LogDevObjectVersion:   Dev-Editor (E4B068ED-F494-42E9-A231-DA0B2E46BB41): 14
LogDevObjectVersion:   Dev-Framework (CFFC743F-43B0-4480-9391-14DF171D2073): 22
LogDevObjectVersion:   Dev-Mobile (B02B49B5-BB20-44E9-A304-32B752E40360): 0
LogDevObjectVersion:   Dev-Networking (A4E4105C-59A1-49B5-A7C5-40C4547EDFEE): 0
LogDevObjectVersion:   Dev-Online (39C831C9-5AE6-47DC-9A44-9C173E1C8E7C): 0
LogDevObjectVersion:   Dev-Physics (78F01B33-EBEA-4F98-B9B4-84EACCB95AA2): 0
LogDevObjectVersion:   Dev-Platform (6631380F-2D4D-43E0-8009-CF276956A95A): 0
LogDevObjectVersion:   Dev-Rendering (12F88B9F-8875-4AFC-A67C-D90C383ABD29): 12
LogDevObjectVersion:   Dev-Sequencer (7B5AE74C-D270-4C10-A958-57980B212A5A): 3
LogDevObjectVersion:   Dev-VR (D7296918-1DD6-4BDD-9DE2-64A83CC13884): 0
LogDevObjectVersion:   Dev-LoadTimes (C2A15278-BFE7-4AFE-6C17-90FF531DF755): 1
LogInit: Compiled (64-bit): May 21 2017 11:02:34
LogInit: Compiled with Visual C++: 19.00.23026.00
LogInit: Build Configuration: Development
LogInit: Branch Name: ++UE4+Release-4.15
LogInit: Command line:  
LogInit: Base directory: C:/Program Files/Epic Games/UE_4.15/Engine/Binaries/Win64/
LogInit: Installed Engine Build: 1
LogInit: Presizing for max 8388607 objects, including 0 objects not considered by GC, pre-allocating 0 bytes for permanent pool.
LogInit: Object subsystem initialized
[2018.09.28-09.30.45:230][  0]LogInit: Selected Device Profile: [Windows]
[2018.09.28-09.30.45:230][  0]LogInit: Applying CVar settings loaded from the selected device profile: [Windows]
[2018.09.28-09.30.45:241][  0]LogInit: Computer: DESKTOP-M8U18OG
[2018.09.28-09.30.45:241][  0]LogInit: User: bened
[2018.09.28-09.30.45:241][  0]LogInit: CPU Page size=65536, Cores=6
[2018.09.28-09.30.45:241][  0]LogInit: High frequency timer resolution =3.609372 MHz
[2018.09.28-09.30.45:242][  0]LogMemory: Memory total: Physical=15.9GB (16GB approx)
[2018.09.28-09.30.45:242][  0]LogMemory: Platform Memory Stats for Windows
[2018.09.28-09.30.45:242][  0]LogMemory: Process Physical Memory: 270.64 MB used, 270.64 MB peak
[2018.09.28-09.30.45:242][  0]LogMemory: Process Virtual Memory: 264.19 MB used, 264.19 MB peak
[2018.09.28-09.30.45:242][  0]LogMemory: Physical Memory: 4909.73 MB used,  11408.24 MB free, 16317.97 MB total
[2018.09.28-09.30.45:242][  0]LogMemory: Virtual Memory: 4801.33 MB used,  11408.24 MB free, 134217728.00 MB total
[2018.09.28-09.30.45:618][  0]LogTextLocalizationManager: No translations for ('de-DE') exist, falling back to 'en' for localization and internationalization data.
[2018.09.28-09.30.46:300][  0]LogD3D11RHI: D3D11 adapters:
[2018.09.28-09.30.46:363][  0]LogD3D11RHI:    0. 'NVIDIA GeForce GTX 1080 Ti' (Feature Level 11_0)
[2018.09.28-09.30.46:363][  0]LogD3D11RHI:       11127/0/8158 MB DedicatedVideo/DedicatedSystem/SharedSystem, Outputs:1, VendorId:0x10de
[2018.09.28-09.30.46:366][  0]LogD3D11RHI:    1. 'Microsoft Basic Render Driver' (Feature Level 11_0)
[2018.09.28-09.30.46:366][  0]LogD3D11RHI:       0/0/8158 MB DedicatedVideo/DedicatedSystem/SharedSystem, Outputs:0, VendorId:0x1414
[2018.09.28-09.30.46:366][  0]LogD3D11RHI: Chosen D3D11 Adapter: 0
[2018.09.28-09.30.46:570][  0]LogD3D11RHI: Creating new Direct3DDevice
[2018.09.28-09.30.46:571][  0]LogD3D11RHI:     GPU DeviceId: 0x1b06 (for the marketing name, search the web for "GPU Device Id")
[2018.09.28-09.30.46:571][  0]LogWindows: EnumDisplayDevices:
[2018.09.28-09.30.46:571][  0]LogWindows:    0. 'NVIDIA GeForce GTX 1080 Ti' (P:1 D:1)
[2018.09.28-09.30.46:571][  0]LogWindows:    1. 'NVIDIA GeForce GTX 1080 Ti' (P:0 D:0)
[2018.09.28-09.30.46:572][  0]LogWindows:    2. 'NVIDIA GeForce GTX 1080 Ti' (P:0 D:0)
[2018.09.28-09.30.46:572][  0]LogWindows:    3. 'NVIDIA GeForce GTX 1080 Ti' (P:0 D:0)
[2018.09.28-09.30.46:572][  0]LogWindows: DebugString: GetVideoDriverDetailsInvalid PrimaryIsNotTheChoosenAdapter GetVideoDriverDetailsInvalid PrimaryIsNotTheChoosenAdapter GetVideoDriverDetailsInvalid PrimaryIsNotTheChoosenAdapter GetVideoDriverDetailsInvalid PrimaryIsNotTheChoosenAdapter FoundDriverCount:0 
[2018.09.28-09.30.46:572][  0]LogD3D11RHI:     Adapter Name: NVIDIA GeForce GTX 1080 Ti
[2018.09.28-09.30.46:572][  0]LogD3D11RHI:   Driver Version: Unknown (internal:Unknown, unified:Unknown)
[2018.09.28-09.30.46:572][  0]LogD3D11RHI:      Driver Date: Unknown
[2018.09.28-09.30.46:572][  0]LogRHI: Texture pool is 1361 MB (70% of 1945 MB)
[2018.09.28-09.30.46:622][  0]LogD3D11RHI: Async texture creation enabled
[2018.09.28-09.30.47:084][  0]LogD3D11RHI: GPU Timing Frequency: 1000.000000 (Debug: 2 71)
[2018.09.28-09.30.47:137][  0]LogShaderCompilers: Guid format shader working directory is -14 characters bigger than the processId version (../../../../../../Users/bened/Documents/Unreal Projects/RB6/Intermediate/Shaders/WorkingDirectory/20016/).
[2018.09.28-09.30.47:137][  0]LogShaderCompilers: Cleaned the shader compiler working directory 'C:/Users/bened/AppData/Local/Temp/UnrealShaderWorkingDir/2817B7FB49BF762C2D13B0BB55808F6C/'.
[2018.09.28-09.30.47:137][  0]LogShaderCompilers:Display: Using Local Shader Compiler.
[2018.09.28-09.30.48:321][  0]LogTemp:Display: Loaded TP AllDesktopTargetPlatform
[2018.09.28-09.30.48:432][  0]LogTemp:Display: Loaded TP MacClientTargetPlatform
[2018.09.28-09.30.48:575][  0]LogTemp:Display: Loaded TP MacNoEditorTargetPlatform
[2018.09.28-09.30.48:672][  0]LogTemp:Display: Loaded TP MacServerTargetPlatform
[2018.09.28-09.30.48:755][  0]LogTemp:Display: Loaded TP MacTargetPlatform
[2018.09.28-09.30.48:890][  0]LogTemp:Display: Loaded TP WindowsClientTargetPlatform
[2018.09.28-09.30.49:000][  0]LogTemp:Display: Loaded TP WindowsNoEditorTargetPlatform
[2018.09.28-09.30.49:108][  0]LogTemp:Display: Loaded TP WindowsServerTargetPlatform
[2018.09.28-09.30.49:181][  0]LogTemp:Display: Loaded TP WindowsTargetPlatform
[2018.09.28-09.30.49:254][  0]LogTemp:Display: Loaded TP AndroidTargetPlatform
[2018.09.28-09.30.49:328][  0]LogTemp:Display: Loaded TP Android_ASTCTargetPlatform
[2018.09.28-09.30.49:382][  0]LogTemp:Display: Loaded TP Android_ATCTargetPlatform
[2018.09.28-09.30.49:440][  0]LogTemp:Display: Loaded TP Android_DXTTargetPlatform
[2018.09.28-09.30.49:497][  0]LogTemp:Display: Loaded TP Android_ETC1TargetPlatform
[2018.09.28-09.30.49:554][  0]LogTemp:Display: Loaded TP Android_ETC2TargetPlatform
[2018.09.28-09.30.49:674][  0]LogTemp:Display: Loaded TP Android_MultiTargetPlatform
[2018.09.28-09.30.49:674][  0]LogTemp:Display: Loaded TP Android_PVRTCTargetPlatform
[2018.09.28-09.30.49:713][  0]LogTemp:Display: Loaded TP HTML5TargetPlatform
[2018.09.28-09.30.49:814][  0]LogTemp:Display: Loaded TP IOSTargetPlatform
[2018.09.28-09.30.49:849][  0]LogTemp:Display: Loaded TP TVOSTargetPlatform
[2018.09.28-09.30.49:902][  0]LogTemp:Display: Loaded TP LinuxClientTargetPlatform
[2018.09.28-09.30.49:952][  0]LogTemp:Display: Loaded TP LinuxNoEditorTargetPlatform
[2018.09.28-09.30.50:004][  0]LogTemp:Display: Loaded TP LinuxServerTargetPlatform
[2018.09.28-09.30.50:062][  0]LogTemp:Display: Loaded TP LinuxTargetPlatform
[2018.09.28-09.30.50:062][  0]LogTargetPlatformManager:Display: Building Assets For Windows
[2018.09.28-09.30.50:822][  0]LogDerivedDataCache:Display: Max Cache Size: 512 MB
[2018.09.28-09.30.50:990][  0]LogDerivedDataCache: Loaded boot cache 0.17s 52MB C:/Users/bened/AppData/Local/UnrealEngine/4.15/DerivedDataCache/Boot.ddc.
[2018.09.28-09.30.50:991][  0]LogDerivedDataCache:Display: Loaded Boot cache: C:/Users/bened/AppData/Local/UnrealEngine/4.15/DerivedDataCache/Boot.ddc
[2018.09.28-09.30.50:991][  0]LogDerivedDataCache: FDerivedDataBackendGraph:  Pak pak cache file ../../../../../../Users/bened/Documents/Unreal Projects/RB6/DerivedDataCache/DDC.ddp not found, will not use a pak cache.
[2018.09.28-09.30.50:991][  0]LogDerivedDataCache: Unable to find inner node Pak for hierarchical cache Hierarchy.
[2018.09.28-09.30.50:991][  0]LogDerivedDataCache: FDerivedDataBackendGraph:  CompressedPak pak cache file ../../../../../../Users/bened/Documents/Unreal Projects/RB6/DerivedDataCache/Compressed.ddp not found, will not use a pak cache.
[2018.09.28-09.30.50:991][  0]LogDerivedDataCache: Unable to find inner node CompressedPak for hierarchical cache Hierarchy.
[2018.09.28-09.30.51:005][  0]LogDerivedDataCache:Display: Pak cache opened for reading ../../../Engine/DerivedDataCache/Compressed.ddp.
[2018.09.28-09.30.51:018][  0]LogDerivedDataCache: Using Local data cache path C:/Users/bened/AppData/Local/UnrealEngine/Common/DerivedDataCache: Writable
[2018.09.28-09.30.51:440][  0]LogSlate: Using Freetype 2.6.0
[2018.09.28-09.30.51:444][  0]LogSlate: SlateFontCache - WITH_FREETYPE: 1, WITH_HARFBUZZ: 1
[2018.09.28-09.30.51:444][  0]LogSlate: SlateFontCache - WITH_FREETYPE: 1, WITH_HARFBUZZ: 1
[2018.09.28-09.30.52:471][  0]LogInit: Selected Device Profile: [Windows]
[2018.09.28-09.30.52:478][  0]LogContentStreaming: Texture pool size is 0.00 MB
[2018.09.28-09.30.52:788][  0]LogMeshUtilities: Using QuadricMeshReduction for automatic static mesh reduction
[2018.09.28-09.30.52:895][  0]LogSimplygon: Simplygon DLL not present - disabling.
[2018.09.28-09.30.53:007][  0]LogMeshUtilities: Using SimplygonSwarm for distributed automatic mesh merging
[2018.09.28-09.30.53:007][  0]LogMeshUtilities: No automatic skeletal mesh reduction module available
[2018.09.28-09.30.53:007][  0]LogMeshUtilities: No automatic mesh merging module available
[2018.09.28-09.30.54:251][  0]LogNetVersion: GetLocalNetworkVersion: CL: 3299760, ProjectName: pavlov, ProjectVersion: , EngineNetworkVersion: 2, GameNetworkVersion: 0, NetworkChecksum: 2014131361
[2018.09.28-09.30.54:325][  0]LogAssetRegistry: FAssetRegistry took 0.0257 seconds to start up
[2018.09.28-09.30.54:373][  0]LogPackageLocalizationCache: Processed 4 localized package path(s) for 1 prioritized culture(s) in 0.022479 seconds
[2018.09.28-09.30.54:377][  0]LogUObjectArray: 32493 objects as part of root set at end of initial load.
[2018.09.28-09.30.54:377][  0]LogUObjectAllocator: 7077024 out of 0 bytes used by permanent object pool.
[2018.09.28-09.30.54:377][  0]LogUObjectArray: CloseDisregardForGC: 0/0 objects in disregard for GC pool
[2018.09.28-09.30.54:438][  0]LogInit: WinSock: version 1.1 (2.2), MaxSocks=32767, MaxUdp=65467
[2018.09.28-09.30.56:718][  0]LogTcpMessaging: Initializing TcpMessaging bridge
[2018.09.28-09.30.56:760][  0]LogUdpMessaging: Initializing bridge on interface 0.0.0.0:0 to multicast group 230.0.0.1:6666.
[2018.09.28-09.30.57:344][  0]LogMaterial: Missing cached shader map for material BaseColor, compiling. 
[2018.09.28-09.30.57:345][  0]LogMaterial:Warning: Failed to compile Material /Engine/BufferVisualization/BaseColor.BaseColor for platform PCD3D_SM5, Default Material will be used in game.
[2018.09.28-09.30.57:345][  0]LogMaterial:Warning: 	(Node SceneTexture) GBuffer scene textures not available with forward shading.
[2018.09.28-09.30.57:357][  0]LogMaterial: Uniform references updated for custom material expression Custom.
[2018.09.28-09.30.57:364][  0]LogMaterial: Missing cached shader map for material LightingModel, compiling. 
[2018.09.28-09.30.57:364][  0]LogMaterial:Warning: Failed to compile Material /Engine/BufferVisualization/LightingModel.LightingModel for platform PCD3D_SM5, Default Material will be used in game.
[2018.09.28-09.30.57:364][  0]LogMaterial:Warning: 	(Node SceneTexture) GBuffer scene textures not available with forward shading.
[2018.09.28-09.30.57:366][  0]LogMaterial: Missing cached shader map for material MaterialAO, compiling. 
[2018.09.28-09.30.57:366][  0]LogMaterial:Warning: Failed to compile Material /Engine/BufferVisualization/MaterialAO.MaterialAO for platform PCD3D_SM5, Default Material will be used in game.
[2018.09.28-09.30.57:366][  0]LogMaterial:Warning: 	(Node SceneTexture) GBuffer scene textures not available with forward shading.
[2018.09.28-09.30.57:368][  0]LogMaterial: Missing cached shader map for material Metallic, compiling. 
[2018.09.28-09.30.57:368][  0]LogMaterial:Warning: Failed to compile Material /Engine/BufferVisualization/Metallic.Metallic for platform PCD3D_SM5, Default Material will be used in game.
[2018.09.28-09.30.57:368][  0]LogMaterial:Warning: 	(Node SceneTexture) GBuffer scene textures not available with forward shading.
[2018.09.28-09.30.57:370][  0]LogMaterial: Missing cached shader map for material Opacity, compiling. 
[2018.09.28-09.30.57:370][  0]LogMaterial:Warning: Failed to compile Material /Engine/BufferVisualization/Opacity.Opacity for platform PCD3D_SM5, Default Material will be used in game.
[2018.09.28-09.30.57:370][  0]LogMaterial:Warning: 	(Node SceneTexture) GBuffer scene textures not available with forward shading.
[2018.09.28-09.30.57:372][  0]LogMaterial: Missing cached shader map for material Roughness, compiling. 
[2018.09.28-09.30.57:373][  0]LogMaterial:Warning: Failed to compile Material /Engine/BufferVisualization/Roughness.Roughness for platform PCD3D_SM5, Default Material will be used in game.
[2018.09.28-09.30.57:373][  0]LogMaterial:Warning: 	(Node SceneTexture) GBuffer scene textures not available with forward shading.
[2018.09.28-09.30.57:382][  0]LogMaterial: Missing cached shader map for material Specular, compiling. 
[2018.09.28-09.30.57:383][  0]LogMaterial:Warning: Failed to compile Material /Engine/BufferVisualization/Specular.Specular for platform PCD3D_SM5, Default Material will be used in game.
[2018.09.28-09.30.57:383][  0]LogMaterial:Warning: 	(Node SceneTexture) GBuffer scene textures not available with forward shading.
[2018.09.28-09.30.57:385][  0]LogMaterial: Missing cached shader map for material SubsurfaceColor, compiling. 
[2018.09.28-09.30.57:385][  0]LogMaterial:Warning: Failed to compile Material /Engine/BufferVisualization/SubsurfaceColor.SubsurfaceColor for platform PCD3D_SM5, Default Material will be used in game.
[2018.09.28-09.30.57:385][  0]LogMaterial:Warning: 	(Node SceneTexture) GBuffer scene textures not available with forward shading.
[2018.09.28-09.30.57:387][  0]LogMaterial: Missing cached shader map for material WorldNormal, compiling. 
[2018.09.28-09.30.57:387][  0]LogMaterial:Warning: Failed to compile Material /Engine/BufferVisualization/WorldNormal.WorldNormal for platform PCD3D_SM5, Default Material will be used in game.
[2018.09.28-09.30.57:387][  0]LogMaterial:Warning: 	(Node SceneTexture) GBuffer scene textures not available with forward shading.
[2018.09.28-09.30.57:795][  0]SourceControl: Info Source control is disabled
[2018.09.28-09.30.57:892][  0]SourceControl: Info Source control is disabled
[2018.09.28-09.30.57:951][  0]SourceControl: Info Source control is disabled
[2018.09.28-09.30.58:004][  0]SourceControl: Info Source control is disabled
[2018.09.28-09.30.59:629][  0]LogEngine: Initializing Engine...
[2018.09.28-09.30.59:631][  0]LogHMD: Oculus plugin initialized. Version: 4.15.3-3450819+++UE4+Release-4.15, LibOVR: 1.30.0, SDK: 1.10.0, built May 21 2017, 11:08:57
[2018.09.28-09.30.59:720][  0]OCULUS: Debug: [HMDState] Using default profile default
[2018.09.28-09.30.59:720][  0]OCULUS: Info: IAD changed to 58.6mm
[2018.09.28-09.30.59:720][  0]LogStats: UGameplayTagsManager::ConstructGameplayTagTree: Construct from data asset -  0.000 s
[2018.09.28-09.30.59:721][  0]LogStats: UGameplayTagsManager::ConstructGameplayTagTree: GameplayTagTreeChangedEvent.Broadcast -  0.000 s
[2018.09.28-09.30.59:871][  0]LogAIModule: Creating AISystem for world Untitled
[2018.09.28-09.30.59:891][  0]LogInit: XAudio2 using 'Lautsprecher (Sound Blaster Z)' : 6 channels at 48 kHz using 32 bits per sample (channel mask 0x3f)
[2018.09.28-09.30.59:911][  0]LogInit: FAudioDevice initialized.
[2018.09.28-09.30.59:935][  0]LogDerivedDataCache: Saved boot cache 0.02s 52MB C:/Users/bened/AppData/Local/UnrealEngine/4.15/DerivedDataCache/Boot.ddc.
[2018.09.28-09.30.59:942][  0]LogInit: Texture streaming: Enabled
[2018.09.28-09.31.00:037][  0]LogEngineSessionManager: EngineSessionManager initialized
[2018.09.28-09.31.00:140][  0]LogInit: Transaction tracking system initialized
[2018.09.28-09.31.00:531][  0]BlueprintLog: New page: Editor Load
[2018.09.28-09.31.01:510][  0]LocalizationService: Info Localization service is disabled
[2018.09.28-09.31.02:355][  0]LogMaterial: Missing cached shader map for material BaseColor, compiling. 
[2018.09.28-09.31.02:355][  0]LogMaterial:Warning: Failed to compile Material /Engine/BufferVisualization/BaseColor.BaseColor for platform PCD3D_SM5, Default Material will be used in game.
[2018.09.28-09.31.02:355][  0]LogMaterial:Warning: 	(Node SceneTexture) GBuffer scene textures not available with forward shading.
[2018.09.28-09.31.02:360][  0]LogMaterial: Missing cached shader map for material LightingModel, compiling. 
[2018.09.28-09.31.02:360][  0]LogMaterial:Warning: Failed to compile Material /Engine/BufferVisualization/LightingModel.LightingModel for platform PCD3D_SM5, Default Material will be used in game.
[2018.09.28-09.31.02:360][  0]LogMaterial:Warning: 	(Node SceneTexture) GBuffer scene textures not available with forward shading.
[2018.09.28-09.31.02:361][  0]LogMaterial: Missing cached shader map for material MaterialAO, compiling. 
[2018.09.28-09.31.02:361][  0]LogMaterial:Warning: Failed to compile Material /Engine/BufferVisualization/MaterialAO.MaterialAO for platform PCD3D_SM5, Default Material will be used in game.
[2018.09.28-09.31.02:361][  0]LogMaterial:Warning: 	(Node SceneTexture) GBuffer scene textures not available with forward shading.
[2018.09.28-09.31.02:361][  0]LogMaterial: Missing cached shader map for material Metallic, compiling. 
[2018.09.28-09.31.02:362][  0]LogMaterial:Warning: Failed to compile Material /Engine/BufferVisualization/Metallic.Metallic for platform PCD3D_SM5, Default Material will be used in game.
[2018.09.28-09.31.02:362][  0]LogMaterial:Warning: 	(Node SceneTexture) GBuffer scene textures not available with forward shading.
[2018.09.28-09.31.02:362][  0]LogMaterial: Missing cached shader map for material Opacity, compiling. 
[2018.09.28-09.31.02:362][  0]LogMaterial:Warning: Failed to compile Material /Engine/BufferVisualization/Opacity.Opacity for platform PCD3D_SM5, Default Material will be used in game.
[2018.09.28-09.31.02:362][  0]LogMaterial:Warning: 	(Node SceneTexture) GBuffer scene textures not available with forward shading.
[2018.09.28-09.31.02:363][  0]LogMaterial: Missing cached shader map for material Roughness, compiling. 
[2018.09.28-09.31.02:363][  0]LogMaterial:Warning: Failed to compile Material /Engine/BufferVisualization/Roughness.Roughness for platform PCD3D_SM5, Default Material will be used in game.
[2018.09.28-09.31.02:363][  0]LogMaterial:Warning: 	(Node SceneTexture) GBuffer scene textures not available with forward shading.
[2018.09.28-09.31.02:369][  0]LogMaterial: Missing cached shader map for material Specular, compiling. 
[2018.09.28-09.31.02:370][  0]LogMaterial:Warning: Failed to compile Material /Engine/BufferVisualization/Specular.Specular for platform PCD3D_SM5, Default Material will be used in game.
[2018.09.28-09.31.02:370][  0]LogMaterial:Warning: 	(Node SceneTexture) GBuffer scene textures not available with forward shading.
[2018.09.28-09.31.02:370][  0]LogMaterial: Missing cached shader map for material SubsurfaceColor, compiling. 
[2018.09.28-09.31.02:370][  0]LogMaterial:Warning: Failed to compile Material /Engine/BufferVisualization/SubsurfaceColor.SubsurfaceColor for platform PCD3D_SM5, Default Material will be used in game.
[2018.09.28-09.31.02:371][  0]LogMaterial:Warning: 	(Node SceneTexture) GBuffer scene textures not available with forward shading.
[2018.09.28-09.31.02:371][  0]LogMaterial: Missing cached shader map for material WorldNormal, compiling. 
[2018.09.28-09.31.02:371][  0]LogMaterial:Warning: Failed to compile Material /Engine/BufferVisualization/WorldNormal.WorldNormal for platform PCD3D_SM5, Default Material will be used in game.
[2018.09.28-09.31.02:371][  0]LogMaterial:Warning: 	(Node SceneTexture) GBuffer scene textures not available with forward shading.
[2018.09.28-09.31.02:431][  0]LogConsoleResponse:Display: 
[2018.09.28-09.31.02:587][  0]LogCook:Display: Max memory allowance for cook 16384mb min free memory 0mb
[2018.09.28-09.31.02:587][  0]LogCook:Display: Mobile HDR setting 0
[2018.09.28-09.31.03:339][  0]LogFileCache: Scanning file cache for directory 'C:/Users/bened/Documents/Unreal Projects/RB6/Content/' took 0.01s
[2018.09.28-09.31.03:340][  0]CustomMapToolsLog: Initializing Pavlov's workshop editor plugin
[2018.09.28-09.31.03:940][  0]CustomMapToolsLog: Visiting ../../../../../../Users/bened/Documents/Unreal Projects/RB6/Content/CustomMaps/UGC1523200099
[2018.09.28-09.31.04:394][  0]SourceControl: Info Source control is disabled
[2018.09.28-09.31.04:396][  0]Cmd: MAP LOAD FILE="../../../Engine/Content/Maps/Templates/Template_Default.umap" TEMPLATE=1 SHOWPROGRESS=1 FEATURELEVEL=3
[2018.09.28-09.31.04:398][  0]LightingResults: New page: Lighting Build
[2018.09.28-09.31.04:448][  0]MapCheck: New page: Map Check
[2018.09.28-09.31.04:448][  0]LightingResults: New page: Lighting Build
[2018.09.28-09.31.04:670][  0]LogAIModule: Creating AISystem for world Untitled_1
[2018.09.28-09.31.04:691][  0]LogActorComponent: RegisterComponentWithWorld: (/Temp/Untitled_1.Untitled_1:PersistentLevel.WorldSettings_1.StaticMeshComponent0) Trying to register component with IsPendingKill() == true. Aborting.
[2018.09.28-09.31.04:719][  0]LogEditorServer: Finished looking for orphan Actors (0.000 secs)
[2018.09.28-09.31.04:727][  0]Cmd: MAP CHECKDEP NOCLEARLOG
[2018.09.28-09.31.04:784][  0]MapCheck: Info Map check complete: 0 Error(s), 0 Warning(s), took 56.44ms to complete.
[2018.09.28-09.31.04:784][  0]LogFileHelpers: Loading map 'Template_Default' took 0.389
[2018.09.28-09.31.05:030][  0]LogCollectionManager: Loaded 0 collections in 0.001366 seconds
[2018.09.28-09.31.05:128][  0]LogFileCache: Scanning file cache for directory 'C:/Users/bened/Documents/Unreal Projects/RB6/Saved/Collections/' took 0.01s
[2018.09.28-09.31.05:128][  0]LogFileCache: Scanning file cache for directory 'C:/Users/bened/Documents/Unreal Projects/RB6/Content/Developers/bened/Collections/' took 0.01s
[2018.09.28-09.31.05:128][  0]LogFileCache: Scanning file cache for directory 'C:/Users/bened/Documents/Unreal Projects/RB6/Content/Collections/' took 0.01s
[2018.09.28-09.31.05:128][  0]LogCollectionManager: Rebuilt the GUID cache for 0 collections in 0.000001 seconds
[2018.09.28-09.31.05:137][  0]LogContentBrowser: Native class hierarchy populated in 0.0071 seconds. Added 2254 classes and 456 folders.
[2018.09.28-09.31.05:206][  0]LogContentBrowser: Native class hierarchy updated for 'WidgetCarousel' in 0.0004 seconds. Added 0 classes and 0 folders.
[2018.09.28-09.31.05:316][  0]LogContentBrowser: Native class hierarchy updated for 'AddContentDialog' in 0.0004 seconds. Added 0 classes and 0 folders.
[2018.09.28-09.31.05:364][  0]LogContentBrowser: Native class hierarchy updated for 'SceneOutliner' in 0.0004 seconds. Added 1 classes and 2 folders.
[2018.09.28-09.31.05:517][  0]LogCrashTracker: Crashtracker disabled due to settings.
[2018.09.28-09.31.05:539][  0]LogUObjectGlobals:Warning: Failed to find object 'Class None.'
[2018.09.28-09.31.05:613][  0]LogContentBrowser: Native class hierarchy updated for 'HierarchicalLODOutliner' in 0.0004 seconds. Added 1 classes and 2 folders.
[2018.09.28-09.31.05:613][  0]LogLoad: (Engine Initialization) Total time: 22.69 seconds
[2018.09.28-09.31.05:613][  0]LogLoad: (Engine Initialization) Total Blueprint compile time: 0.13 seconds
[2018.09.28-09.31.05:613][  0]LogExternalProfiler: No external profilers were discovered.  External profiling features will not be available.
[2018.09.28-09.31.05:625][  0]LogWindowsTextInputMethodSystem:Display: IME system now deactivated.
[2018.09.28-09.31.05:626][  0]LogOcInput: OculusInput pre-init called
[2018.09.28-09.31.05:642][  0]LogOcInput: OculusInput is initialized. Init status 0. Runtime version: 1.30.0
[2018.09.28-09.31.05:664][  0]LogAssetRegistry: Asset discovery search completed in 11.3629 seconds
[2018.09.28-09.31.05:664][  0]LogCollectionManager: Rebuilt the object cache for 0 collections in 0.000320 seconds (found 0 objects)
[2018.09.28-09.31.05:664][  0]LogCollectionManager: Fixed up redirectors for 0 collections in 0.000527 seconds (updated 0 objects)
[2018.09.28-09.31.05:703][  0]LogContentStreaming: Texture pool size now 2500 MB
[2018.09.28-09.31.05:725][  0]LogSlate: Took 0.001135 seconds to synchronously load lazily loaded font '../../../Engine/Content/Slate/Fonts/Roboto-Regular.ttf' (155K)
[2018.09.28-09.31.05:729][  0]LogSlate: Took 0.001087 seconds to synchronously load lazily loaded font '../../../Engine/Content/Slate/Fonts/Roboto-Bold.ttf' (160K)
[2018.09.28-09.31.05:737][  0]LogSlate: Took 0.001027 seconds to synchronously load lazily loaded font '../../../Engine/Content/Editor/Slate/Fonts/FontAwesome.ttf' (139K)
[2018.09.28-09.31.05:885][  0]LogRenderer: Reallocating scene render targets to support 1220x964 NumSamples 4 (Frame:2).
[2018.09.28-09.31.09:354][387]LogSlate: Took 0.000993 seconds to synchronously load lazily loaded font '../../../Engine/Content/Slate/Fonts/Roboto-Light.ttf' (159K)
[2018.09.28-09.31.09:413][387]LogAIModule: Creating AISystem for world House
[2018.09.28-09.31.09:434][387]Cmd: MAP LOAD FILE="../../../../../../Users/bened/Documents/Unreal Projects/RB6/Content/CustomMaps/UGC1523200099/House.umap" TEMPLATE=0 SHOWPROGRESS=1 FEATURELEVEL=3
[2018.09.28-09.31.09:434][387]LightingResults: New page: Lighting Build
[2018.09.28-09.31.09:435][387]LoadErrors: New page: Loading map: House.umap
[2018.09.28-09.31.09:437][387]MapCheck: New page: Map Check
[2018.09.28-09.31.09:437][387]LightingResults: New page: Lighting Build
[2018.09.28-09.31.09:483][387]LogEditorServer: Finished looking for orphan Actors (0.000 secs)
[2018.09.28-09.31.09:495][387]Cmd: MAP CHECKDEP NOCLEARLOG
[2018.09.28-09.31.09:544][387]MapCheck: Info Map check complete: 0 Error(s), 0 Warning(s), took 49.141ms to complete.
[2018.09.28-09.31.09:544][387]LogFileHelpers: Loading map 'House' took 0.111
[2018.09.28-09.31.25:473][272]LogSavePackage: Save=12.50ms
[2018.09.28-09.31.25:473][272]LogSavePackage: Moving '../../../../../../Users/bened/Documents/Unreal Projects/RB6/Saved/MaterialA0457D46410CE3B9C0C0A8B5027CAFF9.tmp' to '../../../../../../Users/bened/Documents/Unreal Projects/RB6/Content/CustomMaps/UGC1523200099/Meshes/Material.uasset'
[2018.09.28-09.31.25:476][272]LogSavePackage:Display: Finished SavePackage ../../../../../../Users/bened/Documents/Unreal Projects/RB6/Content/CustomMaps/UGC1523200099/Meshes/Material.uasset
[2018.09.28-09.31.40:490][ 20]LogSlate: Took 0.000158 seconds to synchronously load lazily loaded font '../../../Engine/Content/Slate/Fonts/Roboto-Light.ttf' (159K)
[2018.09.28-09.31.46:798][272]LogLinker:Warning: Can't find file '/Game/CustomMaps/UGC1523200099/Textures_Materials/beton'
[2018.09.28-09.31.46:800][272]LogLinker:Warning: Can't find file for asset '/Game/CustomMaps/UGC1523200099/Textures_Materials/beton' while loading ../../../../../../Users/bened/Documents/Unreal Projects/RB6/Content/CustomMaps/UGC1523200099/Textures_Materials/Materials/beton_Mat.uasset.
[2018.09.28-09.31.46:800][272]LoadErrors:Error: Error /Game/CustomMaps/UGC1523200099/Textures_Materials/Materials/beton_Mat : Can't find file for asset. /Game/CustomMaps/UGC1523200099/Textures_Materials/beton
[2018.09.28-09.31.46:800][272]LogLinker:Warning: Can't find file '/Game/CustomMaps/UGC1523200099/Textures_Materials/beton'
[2018.09.28-09.31.46:800][272]LogLinker:Warning: Can't find file for asset '/Game/CustomMaps/UGC1523200099/Textures_Materials/beton' while loading ../../../../../../Users/bened/Documents/Unreal Projects/RB6/Content/CustomMaps/UGC1523200099/Textures_Materials/Materials/beton_Mat.uasset.
[2018.09.28-09.31.46:801][272]LogLinker:Warning: Can't find file '/Game/CustomMaps/UGC1523200099/Textures_Materials/beton'
[2018.09.28-09.31.46:801][272]LoadErrors: Info Failed to load /Game/CustomMaps/UGC1523200099/Textures_Materials/beton.beton Referenced by MaterialExpressionTextureSample_0
[2018.09.28-09.31.46:801][272]LogLinker:Warning: Can't find file for asset '/Game/CustomMaps/UGC1523200099/Textures_Materials/beton' while loading NULL.
[2018.09.28-09.31.46:803][272]LogMaterial: Missing cached shader map for material beton_Mat, compiling. 
[2018.09.28-09.31.46:804][272]LogTemp:Display: Added material ShaderMap 0x0000013538103C80 with Material 0x0000013515FD4D00 to ShaderMapsBeingCompiled
[2018.09.28-09.31.46:828][272]LogTemp:Display: Kicking off shader compilation for beton_Mat, GameThreadShaderMap 0x0000013538103C80
[2018.09.28-09.31.47:847][272]LogTemp:Display: Removed shader map 0x0000013538103C80 from material 0x0000013515FD4D00
[2018.09.28-09.31.49:976][524]LogTemp:Display: Finished compile of shader map 0x0000013538103C80
[2018.09.28-09.31.53:491][924]LogSavePackage: Save=110.36ms
[2018.09.28-09.31.53:491][924]LogSavePackage: Moving '../../../../../../Users/bened/Documents/Unreal Projects/RB6/Saved/betonE0B2D31F4018B74C0E11EDA611762307.tmp' to '../../../../../../Users/bened/Documents/Unreal Projects/RB6/Content/CustomMaps/UGC1523200099/Textures_Materials/beton.uasset'
[2018.09.28-09.31.53:495][924]LogSavePackage:Display: Finished SavePackage ../../../../../../Users/bened/Documents/Unreal Projects/RB6/Content/CustomMaps/UGC1523200099/Textures_Materials/beton.uasset
[2018.09.28-09.31.53:581][924]LogSavePackage: Save=2.55ms
[2018.09.28-09.31.53:581][924]LogSavePackage: Moving '../../../../../../Users/bened/Documents/Unreal Projects/RB6/Saved/Material7DA4A2044E953A7E0CC81CBB10AFC84F.tmp' to '../../../../../../Users/bened/Documents/Unreal Projects/RB6/Content/CustomMaps/UGC1523200099/Meshes/Material.uasset'
[2018.09.28-09.31.53:583][924]LogSavePackage:Display: Finished SavePackage ../../../../../../Users/bened/Documents/Unreal Projects/RB6/Content/CustomMaps/UGC1523200099/Meshes/Material.uasset
[2018.09.28-09.31.56:477][260]LogSavePackage: Save=7.03ms
[2018.09.28-09.31.56:477][260]LogSavePackage: Moving '../../../../../../Users/bened/Documents/Unreal Projects/RB6/Saved/Material7528608649101B477D8B88B8A487A21B.tmp' to '../../../../../../Users/bened/Documents/Unreal Projects/RB6/Content/CustomMaps/UGC1523200099/Textures_Materials/Materials/Material.uasset'
[2018.09.28-09.31.56:482][260]LogSavePackage:Display: Finished SavePackage ../../../../../../Users/bened/Documents/Unreal Projects/RB6/Content/CustomMaps/UGC1523200099/Textures_Materials/Materials/Material.uasset
[2018.09.28-09.31.56:579][260]LogSavePackage: Save=6.23ms
[2018.09.28-09.31.56:579][260]LogSavePackage: Moving '../../../../../../Users/bened/Documents/Unreal Projects/RB6/Saved/garageDAD88129408C8BBDC6D2C6879B092A85.tmp' to '../../../../../../Users/bened/Documents/Unreal Projects/RB6/Content/CustomMaps/UGC1523200099/Meshes/garage.uasset'
[2018.09.28-09.31.56:581][260]LogSavePackage:Display: Finished SavePackage ../../../../../../Users/bened/Documents/Unreal Projects/RB6/Content/CustomMaps/UGC1523200099/Meshes/garage.uasset
[2018.09.28-09.32.09:361][780]LogSavePackage: Save=6.37ms
[2018.09.28-09.32.09:361][780]LogSavePackage: Moving '../../../../../../Users/bened/Documents/Unreal Projects/RB6/Saved/Beton_floor65E29F9345AC3B250355B5823EF43965.tmp' to '../../../../../../Users/bened/Documents/Unreal Projects/RB6/Content/CustomMaps/UGC1523200099/Textures_Materials/Materials/Beton_floor.uasset'
[2018.09.28-09.32.09:365][780]LogSavePackage:Display: Finished SavePackage ../../../../../../Users/bened/Documents/Unreal Projects/RB6/Content/CustomMaps/UGC1523200099/Textures_Materials/Materials/Beton_floor.uasset
[2018.09.28-09.32.09:450][780]LogSavePackage: Save=2.86ms
[2018.09.28-09.32.09:450][780]LogSavePackage: Moving '../../../../../../Users/bened/Documents/Unreal Projects/RB6/Saved/garage57D4F89D448BF5649D58B79B0B62B9F5.tmp' to '../../../../../../Users/bened/Documents/Unreal Projects/RB6/Content/CustomMaps/UGC1523200099/Meshes/garage.uasset'
[2018.09.28-09.32.09:453][780]LogSavePackage:Display: Finished SavePackage ../../../../../../Users/bened/Documents/Unreal Projects/RB6/Content/CustomMaps/UGC1523200099/Meshes/garage.uasset
[2018.09.28-09.32.11:152][982]LogEditorViewport: Clicking on Actor (LMB): StaticMeshActor (garage2)
[2018.09.28-09.32.23:011][269]LogEditorViewport: Clicking on Actor (LMB): StaticMeshActor (Cube)
[2018.09.28-09.32.23:370][306]Cmd: DELETE
[2018.09.28-09.32.23:370][306]Cmd: ACTOR DELETE
[2018.09.28-09.32.23:377][306]LogEditorActor: Deleted Actor: StaticMeshActor
[2018.09.28-09.32.23:385][306]LogEditorActor: Deleted 1 Actors (0.010 secs)
[2018.09.28-09.32.24:532][444]LogEditorViewport: Clicking on Actor (LMB): StaticMeshActor (garage2)
[2018.09.28-09.32.30:902][202]LogEditorViewport: Clicking on Actor (LMB): PaperSpriteActor (HouseBasement_217059_Sprite)
[2018.09.28-09.32.31:869][313]LogEditorViewport: Clicking on Actor (LMB): StaticMeshActor (garage2)
[2018.09.28-09.33.22:648][389]LogEditorViewport: Clicking Background
[2018.09.28-09.33.27:815][  8]LogEditorViewport: Clicking on Actor (LMB): PointLight (PointLight)
[2018.09.28-09.33.32:120][519]LogEditorViewport: Clicking on Actor (LMB): StaticMeshActor (garage2)
[2018.09.28-09.33.39:009][340]LogEditorViewport: Clicking on Actor (LMB): SkyLight (SkyLight)
[2018.09.28-09.33.41:560][641]LogEditorViewport: Clicking on Actor (LMB): PointLight (PointLight)
[2018.09.28-09.33.43:466][866]Cmd: DELETE
[2018.09.28-09.33.43:466][866]Cmd: ACTOR DELETE
[2018.09.28-09.33.43:466][866]LogEditorActor: Deleted Actor: PointLight
[2018.09.28-09.33.43:472][866]LogEditorActor: Deleted 1 Actors (0.006 secs)
[2018.09.28-09.33.45:853][152]MapCheck: New page: Map Check
[2018.09.28-09.33.45:868][152]Cmd: MAP REBUILD ALLVISIBLE
[2018.09.28-09.33.45:868][152]LogEditorServer: Rebuildmap Clear paths rebuilt
[2018.09.28-09.33.45:967][152]LogMaterial: Missing cached shader map for material FDebugViewModeMaterialProxy WorldGridMaterial, compiling. Is special engine material.
[2018.09.28-09.33.45:968][152]LogTemp:Display: Added material ShaderMap 0x000001353993A780 with Material 0x000001354906EB00 to ShaderMapsBeingCompiled
[2018.09.28-09.33.45:970][152]LogTemp:Display: Kicking off shader compilation for FDebugViewModeMaterialProxy WorldGridMaterial, GameThreadShaderMap 0x000001353993A780
[2018.09.28-09.33.45:972][152]LogMaterial: Missing cached shader map for material FDebugViewModeMaterialProxy MaterialInstanceDynamic_2, compiling. 
[2018.09.28-09.33.45:973][152]LogTemp:Display: Added material ShaderMap 0x000001353993A080 with Material 0x00000135380EC700 to ShaderMapsBeingCompiled
[2018.09.28-09.33.45:974][152]LogTemp:Display: Kicking off shader compilation for FDebugViewModeMaterialProxy MaterialInstanceDynamic_2, GameThreadShaderMap 0x000001353993A080
[2018.09.28-09.33.45:976][152]LogMaterial: Missing cached shader map for material FDebugViewModeMaterialProxy MaskedUnlitSpriteMaterial, compiling. 
[2018.09.28-09.33.45:976][152]LogTemp:Display: Added material ShaderMap 0x0000013539939280 with Material 0x0000013539869C00 to ShaderMapsBeingCompiled
[2018.09.28-09.33.45:977][152]LogTemp:Display: Kicking off shader compilation for FDebugViewModeMaterialProxy MaskedUnlitSpriteMaterial, GameThreadShaderMap 0x0000013539939280
[2018.09.28-09.33.45:979][152]LogMaterial: Missing cached shader map for material FDebugViewModeMaterialProxy Beton_floor, compiling. 
[2018.09.28-09.33.45:980][152]LogTemp:Display: Added material ShaderMap 0x0000013539938800 with Material 0x0000013539869F00 to ShaderMapsBeingCompiled
[2018.09.28-09.33.45:981][152]LogTemp:Display: Kicking off shader compilation for FDebugViewModeMaterialProxy Beton_floor, GameThreadShaderMap 0x0000013539938800
[2018.09.28-09.33.46:431][152]LogTemp:Display: Finished compile of shader map 0x0000013539938800
[2018.09.28-09.33.46:431][152]LogTemp:Display: Shader map FDebugViewModeMaterialProxy Beton_floor complete, GameThreadShaderMap 0x0000013539938800, marking material FDebugViewModeMaterialProxy Beton_floor as finished
[2018.09.28-09.33.46:431][152]LogTemp:Display: Marking material as finished 0x0000013539869F00
[2018.09.28-09.33.46:444][152]LogTemp:Display: Finished compile of shader map 0x0000013539939280
[2018.09.28-09.33.46:444][152]LogTemp:Display: Shader map FDebugViewModeMaterialProxy MaskedUnlitSpriteMaterial complete, GameThreadShaderMap 0x0000013539939280, marking material FDebugViewModeMaterialProxy MaskedUnlitSpriteMaterial as finished
[2018.09.28-09.33.46:444][152]LogTemp:Display: Marking material as finished 0x0000013539869C00
[2018.09.28-09.33.46:456][152]LogTemp:Display: Finished compile of shader map 0x000001353993A780
[2018.09.28-09.33.46:456][152]LogTemp:Display: Shader map FDebugViewModeMaterialProxy WorldGridMaterial complete, GameThreadShaderMap 0x000001353993A780, marking material FDebugViewModeMaterialProxy WorldGridMaterial as finished
[2018.09.28-09.33.46:456][152]LogTemp:Display: Marking material as finished 0x000001354906EB00
[2018.09.28-09.33.46:468][152]LogTemp:Display: Finished compile of shader map 0x000001353993A080
[2018.09.28-09.33.46:468][152]LogTemp:Display: Shader map FDebugViewModeMaterialProxy MaterialInstanceDynamic_2 complete, GameThreadShaderMap 0x000001353993A080, marking material FDebugViewModeMaterialProxy MaterialInstanceDynamic_2 as finished
[2018.09.28-09.33.46:468][152]LogTemp:Display: Marking material as finished 0x00000135380EC700
[2018.09.28-09.33.46:469][152]TextureStreamingBuild:Display: Compiling optional shaders took 0.507 seconds.
[2018.09.28-09.33.46:474][152]LogLevel:Display: Export Material TexCoord Scales took 0.005 seconds.
[2018.09.28-09.33.46:477][152]TextureStreamingBuild:Display: Build Texture Streaming took 0.003 seconds.
[2018.09.28-09.33.46:484][152]LightingResults: New page: Lighting Build - Sep 28, 2018, 1:33:46 PM
[2018.09.28-09.33.46:524][152]LogSwarmInterface: [OpenConnection] Registering TCP channel ...
[2018.09.28-09.33.46:567][152]LogSwarmInterface: [OpenConnection] Connecting to agent ...
[2018.09.28-09.33.46:583][152]LogSwarmInterface: [TryOpenConnection] Testing the Agent
[2018.09.28-09.33.47:109][152]LogSwarmInterface: [TryOpenConnection] Opening Connection to Agent
[2018.09.28-09.33.47:109][152]LogSwarmInterface: [TryOpenConnection] Local Process ID is 20016
[2018.09.28-09.33.52:312][152]LogStaticLightingSystem:Warning: No importance volume found, so the scene bounding box was used.  You can optimize your scene's quality and lighting build times by adding importance volumes.
[2018.09.28-09.33.52:313][152]LogStaticLightingSystem: Running Lightmass w/ ImmediateImport mode ENABLED
[2018.09.28-09.33.52:313][152]LogStaticLightingSystem: Running Lightmass w/ ImmediateProcess mode ENABLED
[2018.09.28-09.33.52:313][152]LogStaticLightingSystem: Running Lightmass w/ Sorting mode ENABLED
[2018.09.28-09.33.52:313][152]LogStaticLightingSystem: Running Lightmass w/ Mapping paddings ENABLED
[2018.09.28-09.33.52:313][152]LogStaticLightingSystem: Running Lightmass w/ Mapping debug paddings DISABLED
[2018.09.28-09.33.52:403][152]Cmd: MAP CHECK DONTDISPLAYDIALOG
[2018.09.28-09.33.52:403][152]MapCheck: New page: House - Sep 28, 2018, 1:33:52 PM
[2018.09.28-09.33.52:405][152]MapCheck:Warning: Warning garage_5 Static mesh actor has NULL StaticMesh property 
[2018.09.28-09.33.52:405][152]MapCheck:Warning: Warning garage_5 Static mesh actor has NULL StaticMesh property 
[2018.09.28-09.33.52:457][152]MapCheck: Info Map check complete: 0 Error(s), 2 Warning(s), took 54.168ms to complete.
[2018.09.28-09.33.52:480][152]LogEditorBuildUtils: Build time 0:06
[2018.09.28-09.33.52:517][152]LogMaterial: Missing cached shader map for material FLightmassMaterialRenderer Beton_floor, compiling. 
[2018.09.28-09.33.52:518][152]LogTemp:Display: Added material ShaderMap 0x00000135557E0100 with Material 0x0000013545470A00 to ShaderMapsBeingCompiled
[2018.09.28-09.33.52:519][152]LogTemp:Display: Kicking off shader compilation for FLightmassMaterialRenderer Beton_floor, GameThreadShaderMap 0x00000135557E0100
[2018.09.28-09.33.52:521][152]LogMaterial: Missing cached shader map for material FLightmassMaterialRenderer Beton_floor, compiling. 
[2018.09.28-09.33.52:522][152]LogTemp:Display: Added material ShaderMap 0x000001355A53B580 with Material 0x0000013537DA3A00 to ShaderMapsBeingCompiled
[2018.09.28-09.33.52:523][152]LogTemp:Display: Kicking off shader compilation for FLightmassMaterialRenderer Beton_floor, GameThreadShaderMap 0x000001355A53B580
[2018.09.28-09.33.52:833][153]LogTemp:Display: Finished compile of shader map 0x000001355A53B580
[2018.09.28-09.33.52:833][153]LogTemp:Display: Shader map FLightmassMaterialRenderer Beton_floor complete, GameThreadShaderMap 0x000001355A53B580, marking material FLightmassMaterialRenderer Beton_floor as finished
[2018.09.28-09.33.52:833][153]LogTemp:Display: Marking material as finished 0x0000013537DA3A00
[2018.09.28-09.33.52:835][153]LogTemp:Display: Finished compile of shader map 0x00000135557E0100
[2018.09.28-09.33.52:835][153]LogTemp:Display: Shader map FLightmassMaterialRenderer Beton_floor complete, GameThreadShaderMap 0x00000135557E0100, marking material FLightmassMaterialRenderer Beton_floor as finished
[2018.09.28-09.33.52:835][153]LogTemp:Display: Marking material as finished 0x0000013545470A00
[2018.09.28-09.33.54:297][251]Job is a success!
[2018.09.28-09.33.54:343][252]LogMaterial:Warning: Material /Game/CustomMaps/UGC1523200099/Textures_Materials/Materials/Beton_floor.Beton_floor needed to have new flag set bUsedWithStaticLighting !
[2018.09.28-09.33.54:345][252]LogMaterial: Missing cached shader map for material Beton_floor, compiling. 
[2018.09.28-09.33.54:345][252]LogTemp:Display: Added material ShaderMap 0x000001355A53AB00 with Material 0x000001352B83C400 to ShaderMapsBeingCompiled
[2018.09.28-09.33.54:356][252]LogTemp:Display: Kicking off shader compilation for Beton_floor, GameThreadShaderMap 0x000001355A53AB00
[2018.09.28-09.33.54:356][252]LogMaterial: 0.00 seconds spent updating 1 materials, 1 interfaces, 0 instances, 0 with static permutations.
[2018.09.28-09.33.54:375][252]LogTexture:Display: Building textures: LQ_Lightmap_0_2 (DXT1, 64X64) - 95 MB total VRAM
[2018.09.28-09.33.54:375][252]LogTexture:Display: Building textures: LQ_Lightmap_1_1 (DXT1, 128X128) - 95 MB total VRAM
[2018.09.28-09.33.54:375][252]LogTexture:Display: Building textures: HQ_Lightmap0_2 (AutoDXT, 64X64) - 95 MB total VRAM
[2018.09.28-09.33.54:375][252]LogTexture:Display: Building textures: HQ_Lightmap1_1 (AutoDXT, 128X128) - 95 MB total VRAM
[2018.09.28-09.33.54:409][252]Lightmass on DESKTOP-M8U18OG: 993 ms total, 81 ms importing, 9 ms setup, 499 ms photons, 319 ms processing, 0 ms extra exporting [2/2 mappings]. Threads: 3.01 sec total, 87 ms processing.
[2018.09.28-09.33.54:435][252]LogStaticLightingSystem: Illumination: 7.93 sec (10 ms encoding lightmaps, 0 ms encoding shadowmaps)
[2018.09.28-09.33.54:435][252]LogStaticLightingSystem: Lightmap texture memory:  0.0 MB (0.0 MB streaming, 0.0 MB non-streaming), 4 textures
[2018.09.28-09.33.54:435][252]LogStaticLightingSystem: Shadowmap texture memory: 0.0 MB (0.0 MB streaming, 0.0 MB non-streaming), 0 textures
[2018.09.28-09.33.55:320][252]DumpUnbuiltLightIteractions
[2018.09.28-09.33.55:320][252]Lights with unbuilt interactions: 0
[2018.09.28-09.33.55:320][252]
[2018.09.28-09.33.55:320][252]Primitives with unbuilt interactions: 0
[2018.09.28-09.33.55:330][253]Cmd: MAP CHECK NOTIFYRESULTS
[2018.09.28-09.33.55:331][253]MapCheck: New page: House - Sep 28, 2018, 1:33:55 PM
[2018.09.28-09.33.55:332][253]MapCheck:Warning: Warning garage_5 Static mesh actor has NULL StaticMesh property 
[2018.09.28-09.33.55:332][253]MapCheck:Warning: Warning garage_5 Static mesh actor has NULL StaticMesh property 
[2018.09.28-09.33.55:393][253]MapCheck: Info Map check complete: 0 Error(s), 2 Warning(s), took 62.171ms to complete.
[2018.09.28-09.33.57:132][459]LogTemp:Display: Finished compile of shader map 0x000001355A53AB00
[2018.09.28-09.33.57:132][459]LogTemp:Display: Shader map Beton_floor complete, GameThreadShaderMap 0x000001355A53AB00, marking material Beton_floor as finished
[2018.09.28-09.33.57:132][459]LogTemp:Display: Marking material as finished 0x000001352B83C400
[2018.09.28-09.34.09:134][899]LogEditorViewport: Clicking on Actor (LMB): StaticMeshActor (garage2)
[2018.09.28-09.34.25:821][890]Cmd: MAP CHECK
[2018.09.28-09.34.25:821][890]MapCheck: New page: House - Sep 28, 2018, 1:34:25 PM
[2018.09.28-09.34.25:822][890]MapCheck:Warning: Warning garage_5 Static mesh actor has NULL StaticMesh property 
[2018.09.28-09.34.25:822][890]MapCheck:Warning: Warning garage_5 Static mesh actor has NULL StaticMesh property 
[2018.09.28-09.34.25:873][890]MapCheck: Info Map check complete: 0 Error(s), 2 Warning(s), took 51.689ms to complete.
[2018.09.28-09.35.48:269][794]Cmd: MAP CHECK
[2018.09.28-09.35.48:269][794]MapCheck: New page: House - Sep 28, 2018, 1:35:48 PM
[2018.09.28-09.35.48:270][794]MapCheck:Warning: Warning garage_5 Static mesh actor has NULL StaticMesh property 
[2018.09.28-09.35.48:270][794]MapCheck:Warning: Warning garage_5 Static mesh actor has NULL StaticMesh property 
[2018.09.28-09.35.48:322][794]MapCheck: Info Map check complete: 0 Error(s), 2 Warning(s), took 52.462ms to complete.
[2018.09.28-09.36.16:345][149]LogEditorViewport: Clicking on Actor (LMB): StaticMeshActor (garage2)
[2018.09.28-09.36.25:627][257]Cmd: DELETE
[2018.09.28-09.36.25:627][257]Cmd: ACTOR DELETE
[2018.09.28-09.36.25:627][257]LogEditorActor: Deleted Actor: StaticMeshActor
[2018.09.28-09.36.25:633][257]LogEditorActor: Deleted 1 Actors (0.006 secs)
[2018.09.28-09.36.35:905][486]LogEditorViewport: Clicking on Actor (LMB): StaticMeshActor (garage_floor)
[2018.09.28-09.37.21:397][369]LogSavePackage: Save=16.60ms
[2018.09.28-09.37.21:397][369]LogSavePackage: Moving '../../../../../../Users/bened/Documents/Unreal Projects/RB6/Saved/cement856819894E1858941CBC80A7ABE4CACD.tmp' to '../../../../../../Users/bened/Documents/Unreal Projects/RB6/Content/CustomMaps/UGC1523200099/Textures/cement.uasset'
[2018.09.28-09.37.21:402][369]LogSavePackage:Display: Finished SavePackage ../../../../../../Users/bened/Documents/Unreal Projects/RB6/Content/CustomMaps/UGC1523200099/Textures/cement.uasset
[2018.09.28-09.37.21:522][369]LogSavePackage: Save=112.60ms
[2018.09.28-09.37.21:522][369]LogSavePackage: Moving '../../../../../../Users/bened/Documents/Unreal Projects/RB6/Saved/beton614C188E4DB6F403A2C72BB6523ECD38.tmp' to '../../../../../../Users/bened/Documents/Unreal Projects/RB6/Content/CustomMaps/UGC1523200099/Textures/beton.uasset'
[2018.09.28-09.37.21:526][369]LogSavePackage:Display: Finished SavePackage ../../../../../../Users/bened/Documents/Unreal Projects/RB6/Content/CustomMaps/UGC1523200099/Textures/beton.uasset
[2018.09.28-09.37.21:653][369]LogSavePackage: Save=6.82ms
[2018.09.28-09.37.21:653][369]LogSavePackage: Moving '../../../../../../Users/bened/Documents/Unreal Projects/RB6/Saved/Cement_floor8C7923CC4F8B633EBA3E059E388D6D86.tmp' to '../../../../../../Users/bened/Documents/Unreal Projects/RB6/Content/CustomMaps/UGC1523200099/Textures_Materials/Materials/Cement_floor.uasset'
[2018.09.28-09.37.21:655][369]LogSavePackage:Display: Finished SavePackage ../../../../../../Users/bened/Documents/Unreal Projects/RB6/Content/CustomMaps/UGC1523200099/Textures_Materials/Materials/Cement_floor.uasset
[2018.09.28-09.37.21:667][369]LogSavePackage: Save=2.50ms
[2018.09.28-09.37.21:667][369]LogSavePackage: Moving '../../../../../../Users/bened/Documents/Unreal Projects/RB6/Saved/Beton_floorA499E6C84B04F5F148D6C89455FC5C6E.tmp' to '../../../../../../Users/bened/Documents/Unreal Projects/RB6/Content/CustomMaps/UGC1523200099/Textures_Materials/Materials/Beton_floor.uasset'
[2018.09.28-09.37.21:671][369]LogSavePackage:Display: Finished SavePackage ../../../../../../Users/bened/Documents/Unreal Projects/RB6/Content/CustomMaps/UGC1523200099/Textures_Materials/Materials/Beton_floor.uasset
[2018.09.28-09.37.28:890][224]LogSavePackage: Save=7.30ms
[2018.09.28-09.37.28:890][224]LogSavePackage: Moving '../../../../../../Users/bened/Documents/Unreal Projects/RB6/Saved/Cement_floor762118454D25A500C668A69397D89AD3.tmp' to '../../../../../../Users/bened/Documents/Unreal Projects/RB6/Content/CustomMaps/UGC1523200099/Textures_Materials/Cement_floor.uasset'
[2018.09.28-09.37.28:895][224]LogSavePackage:Display: Finished SavePackage ../../../../../../Users/bened/Documents/Unreal Projects/RB6/Content/CustomMaps/UGC1523200099/Textures_Materials/Cement_floor.uasset
[2018.09.28-09.37.28:904][224]LogSavePackage: Save=1.61ms
[2018.09.28-09.37.28:904][224]LogSavePackage: Moving '../../../../../../Users/bened/Documents/Unreal Projects/RB6/Saved/Cement_floorA65E6E614BF24FEDC322ACAF0FEFFC54.tmp' to '../../../../../../Users/bened/Documents/Unreal Projects/RB6/Content/CustomMaps/UGC1523200099/Textures_Materials/Materials/Cement_floor.uasset'
[2018.09.28-09.37.28:909][224]LogSavePackage:Display: Finished SavePackage ../../../../../../Users/bened/Documents/Unreal Projects/RB6/Content/CustomMaps/UGC1523200099/Textures_Materials/Materials/Cement_floor.uasset
[2018.09.28-09.37.28:926][224]LogSavePackage: Save=7.03ms
[2018.09.28-09.37.28:926][224]LogSavePackage: Moving '../../../../../../Users/bened/Documents/Unreal Projects/RB6/Saved/Beton_floor18FA42A54140DC86BCA368BA008EA9EC.tmp' to '../../../../../../Users/bened/Documents/Unreal Projects/RB6/Content/CustomMaps/UGC1523200099/Textures_Materials/Beton_floor.uasset'
[2018.09.28-09.37.28:930][224]LogSavePackage:Display: Finished SavePackage ../../../../../../Users/bened/Documents/Unreal Projects/RB6/Content/CustomMaps/UGC1523200099/Textures_Materials/Beton_floor.uasset
[2018.09.28-09.37.29:016][224]LogSavePackage: Save=2.94ms
[2018.09.28-09.37.29:016][224]LogSavePackage: Moving '../../../../../../Users/bened/Documents/Unreal Projects/RB6/Saved/garageB405B7E04335197BECA68C964FF387CF.tmp' to '../../../../../../Users/bened/Documents/Unreal Projects/RB6/Content/CustomMaps/UGC1523200099/Meshes/garage.uasset'
[2018.09.28-09.37.29:018][224]LogSavePackage:Display: Finished SavePackage ../../../../../../Users/bened/Documents/Unreal Projects/RB6/Content/CustomMaps/UGC1523200099/Meshes/garage.uasset
[2018.09.28-09.37.57:777][747]LogSavePackage: Save=6.83ms
[2018.09.28-09.37.57:777][747]LogSavePackage: Moving '../../../../../../Users/bened/Documents/Unreal Projects/RB6/Saved/Cement_floorC071A49D4A249F161DCF9CBA25372633.tmp' to '../../../../../../Users/bened/Documents/Unreal Projects/RB6/Content/CustomMaps/UGC1523200099/Materials/Cement_floor.uasset'
[2018.09.28-09.37.57:782][747]LogSavePackage:Display: Finished SavePackage ../../../../../../Users/bened/Documents/Unreal Projects/RB6/Content/CustomMaps/UGC1523200099/Materials/Cement_floor.uasset
[2018.09.28-09.37.57:798][747]LogSavePackage: Save=6.35ms
[2018.09.28-09.37.57:798][747]LogSavePackage: Moving '../../../../../../Users/bened/Documents/Unreal Projects/RB6/Saved/Beton_floorE6CEC7D44DEEF1B0D915639B6CFABAF7.tmp' to '../../../../../../Users/bened/Documents/Unreal Projects/RB6/Content/CustomMaps/UGC1523200099/Materials/Beton_floor.uasset'
[2018.09.28-09.37.57:802][747]LogSavePackage:Display: Finished SavePackage ../../../../../../Users/bened/Documents/Unreal Projects/RB6/Content/CustomMaps/UGC1523200099/Materials/Beton_floor.uasset
[2018.09.28-09.37.57:915][747]LogSavePackage: Save=2.97ms
[2018.09.28-09.37.57:915][747]LogSavePackage: Moving '../../../../../../Users/bened/Documents/Unreal Projects/RB6/Saved/garageD8E8177A496ABBE5CF0A49A99CF8BFF3.tmp' to '../../../../../../Users/bened/Documents/Unreal Projects/RB6/Content/CustomMaps/UGC1523200099/Meshes/garage.uasset'
[2018.09.28-09.37.57:917][747]LogSavePackage:Display: Finished SavePackage ../../../../../../Users/bened/Documents/Unreal Projects/RB6/Content/CustomMaps/UGC1523200099/Meshes/garage.uasset
[2018.09.28-09.38.12:702][333]LogSavePackage: Save=13.74ms
[2018.09.28-09.38.12:702][333]LogSavePackage: Moving '../../../../../../Users/bened/Documents/Unreal Projects/RB6/Saved/HouseBFAEB160402B1040AA63AE8E1BCE38D2.tmp' to '../../../../../../Users/bened/Documents/Unreal Projects/RB6/Content/CustomMaps/UGC1523200099/House.umap'
[2018.09.28-09.38.12:707][333]LogSavePackage:Display: Finished SavePackage ../../../../../../Users/bened/Documents/Unreal Projects/RB6/Content/CustomMaps/UGC1523200099/House.umap
[2018.09.28-09.38.12:718][333]LogFileHelpers: Saving map 'House' took 0.096
[2018.09.28-09.38.12:731][333]LogSavePackage: Save=4.59ms
[2018.09.28-09.38.12:731][333]LogSavePackage: Moving '../../../../../../Users/bened/Documents/Unreal Projects/RB6/Saved/House_BuiltData519887594588037466AFDA84B5FF02E1.tmp' to '../../../../../../Users/bened/Documents/Unreal Projects/RB6/Content/CustomMaps/UGC1523200099/House_BuiltData.uasset'
[2018.09.28-09.38.12:736][333]LogSavePackage:Display: Finished SavePackage ../../../../../../Users/bened/Documents/Unreal Projects/RB6/Content/CustomMaps/UGC1523200099/House_BuiltData.uasset
[2018.09.28-09.39.16:672][439]LogSavePackage: Save=1.98ms
[2018.09.28-09.39.16:672][439]LogSavePackage: Moving '../../../../../../Users/bened/Documents/Unreal Projects/RB6/Saved/Cement_phys_mat97EF3573480AD2D94E85DCAEE9EA197E.tmp' to '../../../../../../Users/bened/Documents/Unreal Projects/RB6/Content/CustomMaps/UGC1523200099/Materials/Cement_phys_mat.uasset'
[2018.09.28-09.39.16:677][439]LogSavePackage:Display: Finished SavePackage ../../../../../../Users/bened/Documents/Unreal Projects/RB6/Content/CustomMaps/UGC1523200099/Materials/Cement_phys_mat.uasset
[2018.09.28-09.39.27:533][739]LogSlate: Took 0.001214 seconds to synchronously load lazily loaded font '../../../Engine/Content/Editor/Slate/Fonts/Roboto-Italic.ttf' (157K)
[2018.09.28-09.39.27:994][794]LogEditorViewport: Clicking on Actor (LMB): BP_Sky_Sphere_C (Sky Sphere)
[2018.09.28-09.47.11:126][949]LogEditorViewport: Clicking on Actor (LMB): StaticMeshActor (garage_floor)
[2018.09.28-09.47.12:848][142]LogMaterial: Missing cached shader map for material Cement_floor, compiling. 
[2018.09.28-09.47.12:849][142]LogTemp:Display: Added material ShaderMap 0x000001355496DD00 with Material 0x0000013548ED6700 to ShaderMapsBeingCompiled
[2018.09.28-09.47.12:855][142]LogTemp:Display: Kicking off shader compilation for Cement_floor, GameThreadShaderMap 0x000001355496DD00
[2018.09.28-09.47.12:945][142]LogMaterial: Missing cached shader map for material Cement_floor, compiling. 
[2018.09.28-09.47.12:946][142]LogTemp:Display: Added material ShaderMap 0x00000135499E7900 with Material 0x0000013548ED6700 to ShaderMapsBeingCompiled
[2018.09.28-09.47.12:952][142]LogTemp:Display: Kicking off shader compilation for Cement_floor, GameThreadShaderMap 0x00000135499E7900
[2018.09.28-09.47.12:952][142]LogMaterial: 0.00 seconds spent updating 1 materials, 1 interfaces, 0 instances, 0 with static permutations.
[2018.09.28-09.47.12:979][142]LogMaterial: Missing cached shader map for material FMatExpressionPreview MaterialExpressionTextureSample_0, compiling. 
[2018.09.28-09.47.12:980][142]LogTemp:Display: Added material ShaderMap 0x0000013549BCE780 with Material 0x00000135495B8A00 to ShaderMapsBeingCompiled
[2018.09.28-09.47.12:982][142]LogTemp:Display: Kicking off shader compilation for FMatExpressionPreview MaterialExpressionTextureSample_0, GameThreadShaderMap 0x0000013549BCE780
[2018.09.28-09.47.12:998][142]LogSlate: Took 0.001179 seconds to synchronously load lazily loaded font '../../../Engine/Content/Editor/Slate/Fonts/Roboto-BoldCondensed.ttf' (158K)
[2018.09.28-09.47.14:178][182]LogTemp:Display: Finished compile of shader map 0x0000013549BCE780
[2018.09.28-09.47.14:178][182]LogTemp:Display: Shader map FMatExpressionPreview MaterialExpressionTextureSample_0 complete, GameThreadShaderMap 0x0000013549BCE780, marking material FMatExpressionPreview MaterialExpressionTextureSample_0 as finished
[2018.09.28-09.47.14:178][182]LogTemp:Display: Marking material as finished 0x00000135495B8A00
[2018.09.28-09.47.14:555][210]LogTemp:Display: Finished compile of shader map 0x00000135499E7900
[2018.09.28-09.47.14:555][210]LogTemp:Display: Shader map Cement_floor complete, GameThreadShaderMap 0x00000135499E7900, marking material Cement_floor as finished
[2018.09.28-09.47.14:555][210]LogTemp:Display: Marking material as finished 0x0000013548ED6700
[2018.09.28-09.47.15:063][270]MaterialEditorStats: Info Base pass shader with static lighting: 568 instructions
[2018.09.28-09.47.15:063][270]MaterialEditorStats: Info Base pass shader with only dynamic lighting: 540 instructions
[2018.09.28-09.47.15:063][270]MaterialEditorStats: Info Vertex shader: 141 instructions
[2018.09.28-09.47.15:063][270]MaterialEditorStats: Info Texture samplers: 5/16
[2018.09.28-09.48.02:597][725]LogSlate: Took 0.000209 seconds to synchronously load lazily loaded font '../../../Engine/Content/Slate/Fonts/Roboto-Light.ttf' (159K)
[2018.09.28-09.48.11:645][752]LogSavePackage: Save=12.87ms
[2018.09.28-09.48.11:645][752]LogSavePackage: Moving '../../../../../../Users/bened/Documents/Unreal Projects/RB6/Saved/House_Auto16CDBFC3447A085814B82BEB5186A2D4A.tmp' to '../../../../../../Users/bened/Documents/Unreal Projects/RB6/Saved/Autosaves/Game/CustomMaps/UGC1523200099/House_Auto1.umap'
[2018.09.28-09.48.11:647][752]LogSavePackage:Display: Finished SavePackage ../../../../../../Users/bened/Documents/Unreal Projects/RB6/Saved/Autosaves/Game/CustomMaps/UGC1523200099/House_Auto1.umap
[2018.09.28-09.48.11:649][752]LogFileHelpers: Editor autosave (incl. sublevels) for '/Game/CustomMaps/UGC1523200099/House' took 0.034
[2018.09.28-09.48.11:649][752]LogFileHelpers: Editor autosave (incl. sublevels) for all levels took 0.034
[2018.09.28-10.51.35:564][ 53]AssetReimport: New page: Outstanding source content changes 2:51:35 PM
[2018.09.28-10.51.35:574][ 53]LogFactory: FactoryCreateFile: Texture with ReimportTextureFactory (0 0 C:/Users/bened/Documents/Unreal Projects/RB6/Content/CustomMaps/UGC1523200099/Textures/Normal_maps/cement_floor.bmp)
[2018.09.28-10.51.35:591][ 53]LogFactory: FactoryCreateFile: Texture with TextureFactory (0 0 C:/Users/bened/Documents/Unreal Projects/RB6/Content/CustomMaps/UGC1523200099/Textures/Normal_maps/cement_floor.bmp)
[2018.09.28-10.51.38:624][414]AssetReimport: Info Importing new asset /Game/CustomMaps/UGC1523200099/Textures/Normal_maps/cement_floor.
[2018.09.28-10.51.38:624][414]AssetReimport: Info Failed to import file C:/Users/bened/Documents/Unreal Projects/RB6/Content/CustomMaps/UGC1523200099/Textures/Normal_maps/cement_floor.bmp.
[2018.09.28-10.52.00:745][324]LogFactory: FactoryCreateFile: Texture with ReimportTextureFactory (0 0 ../../../../../../Users/bened/Documents/Unreal Projects/RB6/Content/CustomMaps/UGC1523200099/Textures/Normal_maps/cement_floor.bmp)
[2018.09.28-10.52.00:750][324]LogImageWrapper:Error: RLE compression of BMP images not supported
[2018.09.28-10.52.00:751][324]Error: Texture import failed
[2018.09.28-10.52.05:581][324]LogAssetTools:Warning: Failed to import '../../../../../../Users/bened/Documents/Unreal Projects/RB6/Content/CustomMaps/UGC1523200099/Textures/Normal_maps/cement_floor.bmp'. Failed to create asset '/Game/CustomMaps/UGC1523200099/Textures/cement_floor'.
Please see Output Log for details.
[2018.09.28-10.52.08:939][526]LogSavePackage: Save=12.90ms
[2018.09.28-10.52.08:939][526]LogSavePackage: Moving '../../../../../../Users/bened/Documents/Unreal Projects/RB6/Saved/House5F94EA2640121305C70695B3C649AC9A.tmp' to '../../../../../../Users/bened/Documents/Unreal Projects/RB6/Content/CustomMaps/UGC1523200099/House.umap'
[2018.09.28-10.52.08:944][526]LogSavePackage:Display: Finished SavePackage ../../../../../../Users/bened/Documents/Unreal Projects/RB6/Content/CustomMaps/UGC1523200099/House.umap
[2018.09.28-10.52.08:955][526]LogFileHelpers: Saving map 'House' took 0.099
[2018.09.28-10.52.09:175][527]Cmd: QUIT_EDITOR
[2018.09.28-10.52.09:262][527]LogWindowsTextInputMethodSystem:Display: IME system now deactivated.
[2018.09.28-10.52.09:286][527]LogExit: Preparing to exit.
[2018.09.28-10.52.10:348][527]LogDirectoryWatcher: A directory notification for 'C:/Users/bened/Documents/Unreal Projects/RB6/Content/' was aborted.
[2018.09.28-10.52.10:365][527]LogExit: Editor shut down
[2018.09.28-10.52.10:365][527]LogExit: Transaction tracking system shut down
[2018.09.28-10.52.10:449][527]LogObj: Freed 0b from 0 cluster array pools.
[2018.09.28-10.52.10:449][527]LogExit: Object subsystem successfully closed.
[2018.09.28-10.52.10:472][527]LogD3D11RHI: Shutdown
[2018.09.28-10.52.10:472][527]LogD3D11RHI: CleanupD3DDevice
[2018.09.28-10.52.10:518][527]LogD3D11RHI: ~FD3D11DynamicRHI
[2018.09.28-10.52.10:556][527]LogModuleManager: Shutting down and abandoning module MaterialEditor (506)
[2018.09.28-10.52.10:556][527]LogModuleManager: Shutting down and abandoning module HierarchicalLODUtilities (504)
[2018.09.28-10.52.10:556][527]LogModuleManager: Shutting down and abandoning module HierarchicalLODOutliner (502)
[2018.09.28-10.52.10:556][527]LogModuleManager: Shutting down and abandoning module CrashTracker (500)
[2018.09.28-10.52.10:556][527]LogModuleManager: Shutting down and abandoning module SceneOutliner (498)
[2018.09.28-10.52.10:556][527]LogModuleManager: Shutting down and abandoning module AddContentDialog (496)
[2018.09.28-10.52.10:557][527]LogDirectoryWatcher: A directory notification for 'C:/Program Files/Epic Games/UE_4.15/FeaturePacks/' was aborted.
[2018.09.28-10.52.10:558][527]LogModuleManager: Shutting down and abandoning module WidgetCarousel (495)
[2018.09.28-10.52.10:558][527]LogModuleManager: Shutting down and abandoning module EditorWidgets (492)
[2018.09.28-10.52.10:558][527]LogModuleManager: Shutting down and abandoning module CollectionManager (490)
[2018.09.28-10.52.10:558][527]LogDirectoryWatcher: A directory notification for 'C:/Users/bened/Documents/Unreal Projects/RB6/Content/Collections/' was aborted.
[2018.09.28-10.52.10:558][527]LogDirectoryWatcher: A directory notification for 'C:/Users/bened/Documents/Unreal Projects/RB6/Content/Developers/bened/Collections/' was aborted.
[2018.09.28-10.52.10:558][527]LogDirectoryWatcher: A directory notification for 'C:/Users/bened/Documents/Unreal Projects/RB6/Saved/Collections/' was aborted.
[2018.09.28-10.52.10:558][527]LogModuleManager: Shutting down and abandoning module StatsViewer (488)
[2018.09.28-10.52.10:559][527]LogModuleManager: Shutting down and abandoning module FoliageEdit (486)
[2018.09.28-10.52.10:559][527]LogModuleManager: Shutting down and abandoning module LandscapeEditor (484)
[2018.09.28-10.52.10:559][527]LogModuleManager: Shutting down and abandoning module SceneDepthPickerMode (482)
[2018.09.28-10.52.10:559][527]LogModuleManager: Shutting down and abandoning module ActorPickerMode (480)
[2018.09.28-10.52.10:559][527]LogModuleManager: Shutting down and abandoning module GeometryMode (478)
[2018.09.28-10.52.10:559][527]LogModuleManager: Shutting down and abandoning module TextureAlignMode (476)
[2018.09.28-10.52.10:559][527]LogModuleManager: Shutting down and abandoning module BspMode (474)
[2018.09.28-10.52.10:559][527]LogModuleManager: Shutting down and abandoning module HardwareSurvey (472)
[2018.09.28-10.52.10:559][527]LogModuleManager: Shutting down and abandoning module SequenceRecorderSections (470)
[2018.09.28-10.52.10:560][527]LogModuleManager: Shutting down and abandoning module AutomationWorker (468)
[2018.09.28-10.52.10:560][527]LogModuleManager: Shutting down and abandoning module CustomMapTools (466)
[2018.09.28-10.52.10:560][527]LogModuleManager: Shutting down and abandoning module MatineeToLevelSequence (464)
[2018.09.28-10.52.10:561][527]LogModuleManager: Shutting down and abandoning module LevelSequenceEditor (462)
[2018.09.28-10.52.10:562][527]LogModuleManager: Shutting down and abandoning module PlacementMode (461)
[2018.09.28-10.52.10:562][527]LogModuleManager: Shutting down and abandoning module WmfMediaFactory (458)
[2018.09.28-10.52.10:562][527]LogModuleManager: Shutting down and abandoning module WmfMediaEditor (456)
[2018.09.28-10.52.10:562][527]LogModuleManager: Shutting down and abandoning module MfMediaFactory (454)
[2018.09.28-10.52.10:562][527]LogModuleManager: Shutting down and abandoning module MfMediaEditor (452)
[2018.09.28-10.52.10:562][527]LogModuleManager: Shutting down and abandoning module AvfMediaFactory (450)
[2018.09.28-10.52.10:562][527]LogModuleManager: Shutting down and abandoning module AvfMediaEditor (448)
[2018.09.28-10.52.10:562][527]LogModuleManager: Shutting down and abandoning module AndroidMediaFactory (446)
[2018.09.28-10.52.10:562][527]LogModuleManager: Shutting down and abandoning module Media (445)
[2018.09.28-10.52.10:562][527]LogModuleManager: Shutting down and abandoning module AndroidMediaEditor (442)
[2018.09.28-10.52.10:562][527]LogModuleManager: Shutting down and abandoning module CharacterAI (440)
[2018.09.28-10.52.10:562][527]LogModuleManager: Shutting down and abandoning module AudioCapture (438)
[2018.09.28-10.52.10:562][527]LogModuleManager: Shutting down and abandoning module SequenceRecorder (437)
[2018.09.28-10.52.10:563][527]LogModuleManager: Shutting down and abandoning module SmartSnapping (434)
[2018.09.28-10.52.10:563][527]LogModuleManager: Shutting down and abandoning module SessionServices (432)
[2018.09.28-10.52.10:563][527]LogModuleManager: Shutting down and abandoning module ViewportSnapping (430)
[2018.09.28-10.52.10:563][527]LogModuleManager: Shutting down and abandoning module ViewportInteraction (428)
[2018.09.28-10.52.10:563][527]LogModuleManager: Shutting down and abandoning module LogVisualizer (426)
[2018.09.28-10.52.10:564][527]LogModuleManager: Shutting down and abandoning module IntroTutorials (424)
[2018.09.28-10.52.10:564][527]LogModuleManager: Shutting down and abandoning module GameProjectGeneration (423)
[2018.09.28-10.52.10:565][527]LogModuleManager: Shutting down and abandoning module EditorLiveStreaming (420)
[2018.09.28-10.52.10:565][527]LogModuleManager: Shutting down and abandoning module IOSPlatformEditor (418)
[2018.09.28-10.52.10:565][527]LogModuleManager: Shutting down and abandoning module HTML5PlatformEditor (416)
[2018.09.28-10.52.10:565][527]LogModuleManager: Shutting down and abandoning module AndroidPlatformEditor (414)
[2018.09.28-10.52.10:565][527]LogModuleManager: Shutting down and abandoning module AndroidDeviceDetection (413)
[2018.09.28-10.52.10:628][527]LogModuleManager: Shutting down and abandoning module IOSRuntimeSettings (410)
[2018.09.28-10.52.10:628][527]LogModuleManager: Shutting down and abandoning module AndroidRuntimeSettings (408)
[2018.09.28-10.52.10:628][527]LogModuleManager: Shutting down and abandoning module InputBindingEditor (406)
[2018.09.28-10.52.10:630][527]LogModuleManager: Shutting down and abandoning module NiagaraEditor (404)
[2018.09.28-10.52.10:631][527]LogModuleManager: Shutting down and abandoning module MergeActors (402)
[2018.09.28-10.52.10:631][527]LogModuleManager: Shutting down and abandoning module SizeMap (400)
[2018.09.28-10.52.10:632][527]LogModuleManager: Shutting down and abandoning module TreeMap (398)
[2018.09.28-10.52.10:632][527]LogModuleManager: Shutting down and abandoning module ReferenceViewer (396)
[2018.09.28-10.52.10:632][527]LogModuleManager: Shutting down and abandoning module LocalizationDashboard (394)
[2018.09.28-10.52.10:632][527]LogModuleManager: Shutting down and abandoning module LocalizationService (393)
[2018.09.28-10.52.10:633][527]LogModuleManager: Shutting down and abandoning module HardwareTargeting (390)
[2018.09.28-10.52.10:633][527]LogModuleManager: Shutting down and abandoning module DeviceProfileEditor (388)
[2018.09.28-10.52.10:633][527]LogModuleManager: Shutting down and abandoning module UndoHistory (386)
[2018.09.28-10.52.10:633][527]LogModuleManager: Shutting down and abandoning module UserFeedback (384)
[2018.09.28-10.52.10:633][527]LogModuleManager: Shutting down and abandoning module XmlParser (382)
[2018.09.28-10.52.10:633][527]LogModuleManager: Shutting down and abandoning module Blutility (380)
[2018.09.28-10.52.10:634][527]LogModuleManager: Shutting down and abandoning module ProjectSettingsViewer (378)
[2018.09.28-10.52.10:634][527]LogModuleManager: Shutting down and abandoning module ProjectTargetPlatformEditor (377)
[2018.09.28-10.52.10:634][527]LogModuleManager: Shutting down and abandoning module EditorSettingsViewer (374)
[2018.09.28-10.52.10:634][527]LogModuleManager: Shutting down and abandoning module SettingsEditor (372)
[2018.09.28-10.52.10:634][527]LogModuleManager: Shutting down and abandoning module ProjectLauncher (370)
[2018.09.28-10.52.10:635][527]LogModuleManager: Shutting down and abandoning module SessionFrontend (368)
[2018.09.28-10.52.10:635][527]LogModuleManager: Shutting down and abandoning module ProfilerClient (366)
[2018.09.28-10.52.10:636][527]LogModuleManager: Shutting down and abandoning module DeviceManager (364)
[2018.09.28-10.52.10:636][527]LogModuleManager: Shutting down and abandoning module TargetDeviceServices (363)
[2018.09.28-10.52.10:680][527]LogModuleManager: Shutting down and abandoning module AutomationController (360)
[2018.09.28-10.52.10:680][527]LogModuleManager: Shutting down and abandoning module AutomationWindow (358)
[2018.09.28-10.52.10:681][527]LogModuleManager: Shutting down and abandoning module Layers (356)
[2018.09.28-10.52.10:682][527]LogModuleManager: Shutting down and abandoning module ComponentVisualizers (354)
[2018.09.28-10.52.10:682][527]LogModuleManager: Shutting down and abandoning module DetailCustomizations (352)
[2018.09.28-10.52.10:683][527]LogModuleManager: Shutting down and abandoning module PackagesDialog (350)
[2018.09.28-10.52.10:683][527]LogModuleManager: Shutting down and abandoning module Persona (348)
[2018.09.28-10.52.10:684][527]LogModuleManager: Shutting down and abandoning module AnimGraph (347)
[2018.09.28-10.52.10:684][527]LogModuleManager: Shutting down and abandoning module Kismet (344)
[2018.09.28-10.52.10:684][527]LogModuleManager: Shutting down and abandoning module GraphEditor (342)
[2018.09.28-10.52.10:684][527]LogModuleManager: Shutting down and abandoning module ClassViewer (340)
[2018.09.28-10.52.10:685][527]LogModuleManager: Shutting down and abandoning module Toolbox (338)
[2018.09.28-10.52.10:685][527]LogModuleManager: Shutting down and abandoning module ModuleUI (336)
[2018.09.28-10.52.10:686][527]LogModuleManager: Shutting down and abandoning module MovieSceneTools (334)
[2018.09.28-10.52.10:686][527]LogModuleManager: Shutting down and abandoning module OutputLog (332)
[2018.09.28-10.52.10:686][527]LogModuleManager: Shutting down and abandoning module GammaUI (330)
[2018.09.28-10.52.10:686][527]LogModuleManager: Shutting down and abandoning module Documentation (328)
[2018.09.28-10.52.10:686][527]LogModuleManager: Shutting down and abandoning module Niagara (326)
[2018.09.28-10.52.10:686][527]LogModuleManager: Shutting down and abandoning module StreamingPauseRendering (324)
[2018.09.28-10.52.10:686][527]LogModuleManager: Shutting down and abandoning module AnalyticsET (322)
[2018.09.28-10.52.10:686][527]LogModuleManager: Shutting down and abandoning module PortalServices (320)
[2018.09.28-10.52.10:686][527]LogModuleManager: Shutting down and abandoning module PortalRpc (318)
[2018.09.28-10.52.10:686][527]LogModuleManager: Shutting down and abandoning module MessagingRpc (316)
[2018.09.28-10.52.10:686][527]LogModuleManager: Shutting down and abandoning module AIModule (314)
[2018.09.28-10.52.10:686][527]LogModuleManager: Shutting down and abandoning module GameplayDebugger (313)
[2018.09.28-10.52.10:687][527]LogModuleManager: Shutting down and abandoning module AITestSuite (311)
[2018.09.28-10.52.10:687][527]LogModuleManager: Shutting down and abandoning module ProfilerService (308)
[2018.09.28-10.52.10:855][527]LogModuleManager: Shutting down and abandoning module TaskGraph (306)
[2018.09.28-10.52.10:858][527]LogModuleManager: Shutting down and abandoning module PavlovProxy (304)
[2018.09.28-10.52.10:858][527]LogModuleManager: Shutting down and abandoning module SteamVRController (302)
[2018.09.28-10.52.10:858][527]LogModuleManager: Shutting down and abandoning module SteamVR (300)
[2018.09.28-10.52.10:858][527]LogModuleManager: Shutting down and abandoning module ProceduralMeshComponentEditor (298)
[2018.09.28-10.52.10:858][527]LogModuleManager: Shutting down and abandoning module ProceduralMeshComponent (296)
[2018.09.28-10.52.10:858][527]LogModuleManager: Shutting down and abandoning module OculusLibrary (294)
[2018.09.28-10.52.10:858][527]LogModuleManager: Shutting down and abandoning module OculusInput (292)
[2018.09.28-10.52.10:858][527]LogModuleManager: Shutting down and abandoning module MobilePatchingUtils (290)
[2018.09.28-10.52.10:858][527]LogModuleManager: Shutting down and abandoning module CustomMeshComponent (288)
[2018.09.28-10.52.10:858][527]LogModuleManager: Shutting down and abandoning module CableComponent (286)
[2018.09.28-10.52.10:859][527]LogModuleManager: Shutting down and abandoning module ArchVisCharacter (284)
[2018.09.28-10.52.10:859][527]LogModuleManager: Shutting down and abandoning module MediaPlayerEditor (280)
[2018.09.28-10.52.10:860][527]LogModuleManager: Shutting down and abandoning module HTML5Networking (278)
[2018.09.28-10.52.10:860][527]LogModuleManager: Shutting down and abandoning module AlembicImporter (276)
[2018.09.28-10.52.10:860][527]LogModuleManager: Shutting down and abandoning module AlembicLibrary (275)
[2018.09.28-10.52.10:860][527]LogModuleManager: Shutting down and abandoning module GeometryCache (274)
[2018.09.28-10.52.10:860][527]LogModuleManager: Shutting down and abandoning module GeometryCacheEd (273)
[2018.09.28-10.52.10:860][527]LogModuleManager: Shutting down and abandoning module SuperSearchEditor (268)
[2018.09.28-10.52.10:860][527]LogModuleManager: Shutting down and abandoning module SuperSearch (267)
[2018.09.28-10.52.10:860][527]LogModuleManager: Shutting down and abandoning module SpeedTreeImporter (264)
[2018.09.28-10.52.10:860][527]LogModuleManager: Shutting down and abandoning module PluginBrowser (262)
[2018.09.28-10.52.10:861][527]LogModuleManager: Shutting down and abandoning module MobileLauncherProfileWizard (260)
[2018.09.28-10.52.10:862][527]LogModuleManager: Shutting down and abandoning module EpicSurvey (258)
[2018.09.28-10.52.10:862][527]LogModuleManager: Shutting down and abandoning module VisualStudioSourceCodeAccess (256)
[2018.09.28-10.52.10:862][527]LogModuleManager: Shutting down and abandoning module DesktopPlatform (255)
[2018.09.28-10.52.10:862][527]LogModuleManager: Shutting down and abandoning module UObjectPlugin (252)
[2018.09.28-10.52.10:862][527]LogModuleManager: Shutting down and abandoning module SubversionSourceControl (250)
[2018.09.28-10.52.10:862][527]LogModuleManager: Shutting down and abandoning module PerforceSourceControl (248)
[2018.09.28-10.52.10:863][527]LogModuleManager: Shutting down and abandoning module GitSourceControl (246)
[2018.09.28-10.52.10:863][527]LogModuleManager: Shutting down and abandoning module SourceControl (245)
[2018.09.28-10.52.10:863][527]LogModuleManager: Shutting down and abandoning module LightPropagationVolumeEditor (242)
[2018.09.28-10.52.10:863][527]LogModuleManager: Shutting down and abandoning module PaperTiledImporter (240)
[2018.09.28-10.52.10:863][527]LogModuleManager: Shutting down and abandoning module PaperSpriteSheetImporter (238)
[2018.09.28-10.52.10:863][527]LogModuleManager: Shutting down and abandoning module Paper2DEditor (236)
[2018.09.28-10.52.10:863][527]LogModuleManager: Shutting down and abandoning module MeshPaint (235)
[2018.09.28-10.52.10:864][527]LogModuleManager: Shutting down and abandoning module LevelEditor (233)
[2018.09.28-10.52.10:864][527]LogModuleManager: Shutting down and abandoning module PixelInspectorModule (232)
[2018.09.28-10.52.10:865][527]LogModuleManager: Shutting down and abandoning module MainFrame (230)
[2018.09.28-10.52.10:865][527]LogModuleManager: Shutting down and abandoning module HotReload (229)
[2018.09.28-10.52.10:866][527]LogModuleManager: Shutting down and abandoning module ContentBrowser (225)
[2018.09.28-10.52.10:866][527]LogModuleManager: Shutting down and abandoning module PhysXVehiclesEditor (222)
[2018.09.28-10.52.10:866][527]LogModuleManager: Shutting down and abandoning module PhysXVehicles (220)
[2018.09.28-10.52.10:866][527]LogModuleManager: Shutting down and abandoning module LocationServicesBPLibrary (218)
[2018.09.28-10.52.10:866][527]LogModuleManager: Shutting down and abandoning module UdpMessaging (216)
[2018.09.28-10.52.10:968][527]LogModuleManager: Shutting down and abandoning module TcpMessaging (214)
[2018.09.28-10.52.11:070][527]LogModuleManager: Shutting down and abandoning module GameplayTagsEditor (212)
[2018.09.28-10.52.11:071][527]LogModuleManager: Shutting down and abandoning module FacialAnimationEditor (210)
[2018.09.28-10.52.11:071][527]LogModuleManager: Shutting down and abandoning module FacialAnimation (208)
[2018.09.28-10.52.11:071][527]LogModuleManager: Shutting down and abandoning module LightPropagationVolumeRuntime (206)
[2018.09.28-10.52.11:071][527]LogModuleManager: Shutting down and abandoning module Paper2D (204)
[2018.09.28-10.52.11:071][527]LogModuleManager: Shutting down and abandoning module WindowsMoviePlayer (202)
[2018.09.28-10.52.11:071][527]LogModuleManager: Shutting down and abandoning module WmfMedia (200)
[2018.09.28-10.52.11:074][527]LogModuleManager: Shutting down and abandoning module MfMedia (198)
[2018.09.28-10.52.11:074][527]LogModuleManager: Shutting down and abandoning module MediaAssets (196)
[2018.09.28-10.52.11:074][527]LogModuleManager: Shutting down and abandoning module GameLiveStreaming (194)
[2018.09.28-10.52.11:075][527]LogModuleManager: Shutting down and abandoning module VREditor (192)
[2018.09.28-10.52.11:075][527]LogModuleManager: Shutting down and abandoning module GameplayTasksEditor (190)
[2018.09.28-10.52.11:075][527]LogModuleManager: Shutting down and abandoning module BehaviorTreeEditor (188)
[2018.09.28-10.52.11:076][527]LogModuleManager: Shutting down and abandoning module FunctionalTesting (186)
[2018.09.28-10.52.11:076][527]LogModuleManager: Shutting down and abandoning module CollisionAnalyzer (184)
[2018.09.28-10.52.11:077][527]LogModuleManager: Shutting down and abandoning module UMG (182)
[2018.09.28-10.52.11:078][527]LogModuleManager: Shutting down and abandoning module UMGEditor (181)
[2018.09.28-10.52.11:079][527]LogModuleManager: Shutting down and abandoning module Sequencer (180)
[2018.09.28-10.52.11:080][527]LogModuleManager: Shutting down and abandoning module AssetTools (178)
[2018.09.28-10.52.11:081][527]LogModuleManager: Shutting down and abandoning module MessageLog (177)
[2018.09.28-10.52.11:081][527]LogModuleManager: Shutting down and abandoning module WorkspaceMenuStructure (176)
[2018.09.28-10.52.11:081][527]LogModuleManager: Shutting down and abandoning module SlateReflector (170)
[2018.09.28-10.52.11:082][527]LogModuleManager: Shutting down and abandoning module Slate (168)
[2018.09.28-10.52.11:082][527]LogModuleManager: Shutting down and abandoning module EditorStyle (166)
[2018.09.28-10.52.11:084][527]LogModuleManager: Shutting down and abandoning module SourceCodeAccess (164)
[2018.09.28-10.52.11:084][527]LogModuleManager: Shutting down and abandoning module HeadMountedDisplay (162)
[2018.09.28-10.52.11:084][527]LogModuleManager: Shutting down and abandoning module XAudio2 (160)
[2018.09.28-10.52.11:084][527]LogModuleManager: Shutting down and abandoning module Networking (158)
[2018.09.28-10.52.11:084][527]LogModuleManager: Shutting down and abandoning module Core (154)
[2018.09.28-10.52.11:084][527]LogModuleManager: Shutting down and abandoning module AssetRegistry (152)
[2018.09.28-10.52.11:161][527]LogDirectoryWatcher: A directory notification for '../../../Engine/Content/' was aborted.
[2018.09.28-10.52.11:161][527]LogDirectoryWatcher: A directory notification for '../../../../../../Users/bened/Documents/Unreal Projects/RB6/Content/' was aborted.
[2018.09.28-10.52.11:161][527]LogDirectoryWatcher: A directory notification for '../../../Engine/Plugins/2D/Paper2D/Content/' was aborted.
[2018.09.28-10.52.11:161][527]LogDirectoryWatcher: A directory notification for '../../../../../../Users/bened/Documents/Unreal Projects/RB6/Plugins/CustomMapTools/Content/' was aborted.
[2018.09.28-10.52.11:163][527]LogModuleManager: Shutting down and abandoning module DirectoryWatcher (151)
[2018.09.28-10.52.11:163][527]LogModuleManager: Shutting down and abandoning module KismetCompiler (148)
[2018.09.28-10.52.11:163][527]LogModuleManager: Shutting down and abandoning module PhysXFormats (146)
[2018.09.28-10.52.11:163][527]LogModuleManager: Shutting down and abandoning module MeshUtilities (144)
[2018.09.28-10.52.11:164][527]LogModuleManager: Shutting down and abandoning module SimplygonSwarm (143)
[2018.09.28-10.52.11:165][527]LogModuleManager: Shutting down and abandoning module SimplygonMeshReduction (141)
[2018.09.28-10.52.11:165][527]LogModuleManager: Shutting down and abandoning module QuadricMeshReduction (139)
[2018.09.28-10.52.11:165][527]LogModuleManager: Shutting down and abandoning module PropertyEditor (137)
[2018.09.28-10.52.11:165][527]LogModuleManager: Shutting down and abandoning module DerivedDataCache (134)
[2018.09.28-10.52.11:265][527]LogDerivedDataCache: Shutdown
[2018.09.28-10.52.11:265][527]LogModuleManager: Shutting down and abandoning module TargetPlatform (132)
[2018.09.28-10.52.11:265][527]LogModuleManager: Shutting down and abandoning module VulkanShaderFormat (131)
[2018.09.28-10.52.11:267][527]LogModuleManager: Shutting down and abandoning module ShaderFormatOpenGL (129)
[2018.09.28-10.52.11:267][527]LogModuleManager: Shutting down and abandoning module ShaderFormatD3D (127)
[2018.09.28-10.52.11:268][527]LogModuleManager: Shutting down and abandoning module MetalShaderFormat (125)
[2018.09.28-10.52.11:268][527]LogModuleManager: Shutting down and abandoning module TextureFormatUncompressed (123)
[2018.09.28-10.52.11:268][527]LogModuleManager: Shutting down and abandoning module TextureFormatPVR (121)
[2018.09.28-10.52.11:268][527]LogModuleManager: Shutting down and abandoning module TextureFormatDXT (119)
[2018.09.28-10.52.11:268][527]LogModuleManager: Shutting down and abandoning module TextureFormatIntelISPCTexComp (117)
[2018.09.28-10.52.11:268][527]LogModuleManager: Shutting down and abandoning module TextureFormatASTC (115)
[2018.09.28-10.52.11:268][527]LogModuleManager: Shutting down and abandoning module ImageWrapper (114)
[2018.09.28-10.52.11:268][527]LogModuleManager: Shutting down and abandoning module TextureFormatAndroid (111)
[2018.09.28-10.52.11:268][527]LogModuleManager: Shutting down and abandoning module AudioFormatOpus (109)
[2018.09.28-10.52.11:269][527]LogModuleManager: Shutting down and abandoning module AudioFormatOgg (107)
[2018.09.28-10.52.11:269][527]LogModuleManager: Shutting down and abandoning module AudioFormatADPCM (105)
[2018.09.28-10.52.11:269][527]LogModuleManager: Shutting down and abandoning module LinuxTargetPlatform (103)
[2018.09.28-10.52.11:269][527]LogModuleManager: Shutting down and abandoning module LinuxServerTargetPlatform (101)
[2018.09.28-10.52.11:269][527]LogModuleManager: Shutting down and abandoning module LinuxNoEditorTargetPlatform (99)
[2018.09.28-10.52.11:269][527]LogModuleManager: Shutting down and abandoning module LinuxClientTargetPlatform (97)
[2018.09.28-10.52.11:269][527]LogModuleManager: Shutting down and abandoning module TVOSTargetPlatform (95)
[2018.09.28-10.52.11:269][527]LogModuleManager: Shutting down and abandoning module Messaging (93)
[2018.09.28-10.52.11:269][527]LogModuleManager: Shutting down and abandoning module IOSTargetPlatform (91)
[2018.09.28-10.52.11:269][527]LogModuleManager: Shutting down and abandoning module HTML5TargetPlatform (89)
[2018.09.28-10.52.11:269][527]LogModuleManager: Shutting down and abandoning module Android_PVRTCTargetPlatform (87)
[2018.09.28-10.52.11:269][527]LogModuleManager: Shutting down and abandoning module Android_MultiTargetPlatform (85)
[2018.09.28-10.52.11:269][527]LogModuleManager: Shutting down and abandoning module Android_ETC2TargetPlatform (83)
[2018.09.28-10.52.11:269][527]LogModuleManager: Shutting down and abandoning module Android_ETC1TargetPlatform (81)
[2018.09.28-10.52.11:269][527]LogModuleManager: Shutting down and abandoning module Android_DXTTargetPlatform (79)
[2018.09.28-10.52.11:269][527]LogModuleManager: Shutting down and abandoning module Android_ATCTargetPlatform (77)
[2018.09.28-10.52.11:269][527]LogModuleManager: Shutting down and abandoning module Android_ASTCTargetPlatform (75)
[2018.09.28-10.52.11:269][527]LogModuleManager: Shutting down and abandoning module AndroidTargetPlatform (73)
[2018.09.28-10.52.11:269][527]LogModuleManager: Shutting down and abandoning module WindowsTargetPlatform (71)
[2018.09.28-10.52.11:269][527]LogModuleManager: Shutting down and abandoning module WindowsServerTargetPlatform (69)
[2018.09.28-10.52.11:269][527]LogModuleManager: Shutting down and abandoning module WindowsNoEditorTargetPlatform (67)
[2018.09.28-10.52.11:269][527]LogModuleManager: Shutting down and abandoning module WindowsClientTargetPlatform (65)
[2018.09.28-10.52.11:269][527]LogModuleManager: Shutting down and abandoning module MacTargetPlatform (63)
[2018.09.28-10.52.11:269][527]LogModuleManager: Shutting down and abandoning module MacServerTargetPlatform (61)
[2018.09.28-10.52.11:269][527]LogModuleManager: Shutting down and abandoning module MacNoEditorTargetPlatform (59)
[2018.09.28-10.52.11:269][527]LogModuleManager: Shutting down and abandoning module MacClientTargetPlatform (57)
[2018.09.28-10.52.11:269][527]LogModuleManager: Shutting down and abandoning module AllDesktopTargetPlatform (55)
[2018.09.28-10.52.11:269][527]LogModuleManager: Shutting down and abandoning module InputCore (52)
[2018.09.28-10.52.11:269][527]LogModuleManager: Shutting down and abandoning module Settings (50)
[2018.09.28-10.52.11:269][527]LogModuleManager: Shutting down and abandoning module OculusRift (48)
[2018.09.28-10.52.11:270][527]LogHMD: Oculus shutdown.
[2018.09.28-10.52.11:270][527]LogModuleManager: Shutting down and abandoning module GearVR (46)
[2018.09.28-10.52.11:270][527]LogModuleManager: Shutting down and abandoning module ExampleDeviceProfileSelector (44)
[2018.09.28-10.52.11:270][527]LogModuleManager: Shutting down and abandoning module OnlineBlueprintSupport (42)
[2018.09.28-10.52.11:270][527]LogModuleManager: Shutting down and abandoning module OnlineSubsystem (38)
[2018.09.28-10.52.11:270][527]LogOnline:Display: Unloading online subsystem: NULL
[2018.09.28-10.52.11:271][527]LogModuleManager: Shutting down and abandoning module XMPP (37)
[2018.09.28-10.52.11:272][527]LogModuleManager: Shutting down and abandoning module HTTP (35)
[2018.09.28-10.52.11:272][527]LogHttp:Display: Http module shutting down, but needs to wait on 1 outstanding Http requests:
[2018.09.28-10.52.11:272][527]LogHttp:Display: 	verb=[POST] url=[https://datarouter.ol.epicgames.com/datarouter/api/v1/public/data?SessionID=%7BEDFD5940-47BA-D369-093C-A2B6F7C92A72%7D&AppID=UEEditor.Rocket.Release&AppVersion=4.15.3-3450819%2B%2B%2BUE4%2BRelease-4.15&UserID=132eb2404e9ea2bdbc4f9698e9e3a892%7C6bb19902c93d4af6804341a225194644%7Cc02fd5b2-ba45-4284-a3d4-f9ee82ce8279&AppEnvironment=datacollector-binary&UploadType=eteventstream] status=Processing
[2018.09.28-10.52.11:282][527]LogModuleManager: Shutting down and abandoning module SSL (34)
[2018.09.28-10.52.11:283][527]LogModuleManager: Shutting down and abandoning module AudioEditor (30)
[2018.09.28-10.52.11:283][527]LogModuleManager: Shutting down and abandoning module TextureCompressor (28)
[2018.09.28-10.52.11:283][527]LogModuleManager: Shutting down and abandoning module ShaderCore (26)
[2018.09.28-10.52.11:283][527]LogModuleManager: Shutting down and abandoning module Landscape (24)
[2018.09.28-10.52.11:283][527]LogModuleManager: Shutting down and abandoning module SlateRHIRenderer (22)
[2018.09.28-10.52.11:285][527]LogModuleManager: Shutting down and abandoning module OpenGLDrv (20)
[2018.09.28-10.52.11:286][527]LogModuleManager: Shutting down and abandoning module D3D11RHI (18)
[2018.09.28-10.52.11:286][527]LogModuleManager: Shutting down and abandoning module AnimGraphRuntime (16)
[2018.09.28-10.52.11:286][527]LogModuleManager: Shutting down and abandoning module Renderer (14)
[2018.09.28-10.52.11:286][527]LogModuleManager: Shutting down and abandoning module Engine (12)
[2018.09.28-10.52.11:286][527]LogModuleManager: Shutting down and abandoning module CoreUObject (10)
[2018.09.28-10.52.11:286][527]LogModuleManager: Shutting down and abandoning module NetworkFile (8)
[2018.09.28-10.52.11:287][527]LogModuleManager: Shutting down and abandoning module StreamingFile (6)
[2018.09.28-10.52.11:287][527]LogModuleManager: Shutting down and abandoning module SandboxFile (4)
[2018.09.28-10.52.11:287][527]LogModuleManager: Shutting down and abandoning module PakFile (2)
[2018.09.28-10.52.11:290][527]LogExit: Exiting.
[2018.09.28-10.52.11:298][527]Log file closed, 09/28/18 12:52:11
