Log file open, 09/26/18 23:26:16
LogInit:Display: Running engine for game: Pavlov
LogPlatformFile: Not using cached read wrapper
LogInit:Display: RandInit(-935388404) SRandInit(-935388404).
LogTaskGraph: Started task graph with 5 named threads and 10 total threads with 1 sets of task threads.
LogStats: Stats thread started at 0.112723
LogInit: Using libcurl 7.47.1
LogInit:  - built for x86_64-pc-win32
LogInit:  - supports SSL with OpenSSL/1.0.2g
LogInit:  - supports HTTP deflate (compression) using libz 1.2.8
LogInit:  - other features:
LogInit:      CURL_VERSION_SSL
LogInit:      CURL_VERSION_LIBZ
LogInit:      CURL_VERSION_IPV6
LogInit:      CURL_VERSION_ASYNCHDNS
LogInit:      CURL_VERSION_LARGEFILE
LogInit:      CURL_VERSION_IDN
LogInit:  CurlRequestOptions (configurable via config and command line):
LogInit:  - bVerifyPeer = false  - Libcurl will NOT verify peer certificate
LogInit:  - bUseHttpProxy = false  - Libcurl will NOT use HTTP proxy
LogInit:  - bDontReuseConnections = false  - Libcurl will reuse connections
LogInit:  - CertBundlePath = nullptr  - Libcurl will use whatever was configured at build time.
OCULUS: Info: [CAPI] LibOVR module is located at C:\Program Files\Oculus\Support\oculus-runtime\LibOVRRT64_1.dll
OCULUS: Info: Connected to the server running version (prod = 1).1.30.0(build = 676007) feature version = 0. Client runs version (prod = 1).1.30.0(build = 0) feature version = 0
OCULUS: Debug: [HMDState] Using default profile default
OCULUS: Info: IAD changed to 58.6mm
OCULUS: Debug: Creating factory
LogHMD: GearVR: Emulating GearVR using Oculus Rift!
LogInit: Build: ++UE4+Release-4.15-CL-3450819
LogInit: Engine Version: 4.15.3-3450819+++UE4+Release-4.15
LogInit: Compatible Engine Version: 4.15.0-3299760+++UE4+Release-4.15
LogInit: Net CL: 3299760
LogDevObjectVersion: Number of dev versions registered: 14
LogDevObjectVersion:   Dev-Blueprints (B0D832E4-1F89-4F0D-ACCF-7EB736FD4AA2): 8
LogDevObjectVersion:   Dev-Build (E1C64328-A22C-4D53-A36C-8E866417BD8C): 0
LogDevObjectVersion:   Dev-Core (375EC13C-06E4-48FB-B500-84F0262A717E): 2
LogDevObjectVersion:   Dev-Editor (E4B068ED-F494-42E9-A231-DA0B2E46BB41): 14
LogDevObjectVersion:   Dev-Framework (CFFC743F-43B0-4480-9391-14DF171D2073): 22
LogDevObjectVersion:   Dev-Mobile (B02B49B5-BB20-44E9-A304-32B752E40360): 0
LogDevObjectVersion:   Dev-Networking (A4E4105C-59A1-49B5-A7C5-40C4547EDFEE): 0
LogDevObjectVersion:   Dev-Online (39C831C9-5AE6-47DC-9A44-9C173E1C8E7C): 0
LogDevObjectVersion:   Dev-Physics (78F01B33-EBEA-4F98-B9B4-84EACCB95AA2): 0
LogDevObjectVersion:   Dev-Platform (6631380F-2D4D-43E0-8009-CF276956A95A): 0
LogDevObjectVersion:   Dev-Rendering (12F88B9F-8875-4AFC-A67C-D90C383ABD29): 12
LogDevObjectVersion:   Dev-Sequencer (7B5AE74C-D270-4C10-A958-57980B212A5A): 3
LogDevObjectVersion:   Dev-VR (D7296918-1DD6-4BDD-9DE2-64A83CC13884): 0
LogDevObjectVersion:   Dev-LoadTimes (C2A15278-BFE7-4AFE-6C17-90FF531DF755): 1
LogInit: Compiled (64-bit): May 21 2017 11:02:34
LogInit: Compiled with Visual C++: 19.00.23026.00
LogInit: Build Configuration: Development
LogInit: Branch Name: ++UE4+Release-4.15
LogInit: Command line:  
LogInit: Base directory: C:/Program Files/Epic Games/UE_4.15/Engine/Binaries/Win64/
LogInit: Installed Engine Build: 1
LogInit: Presizing for max 8388607 objects, including 0 objects not considered by GC, pre-allocating 0 bytes for permanent pool.
LogInit: Object subsystem initialized
[2018.09.26-21.26.17:228][  0]LogInit: Selected Device Profile: [Windows]
[2018.09.26-21.26.17:228][  0]LogInit: Applying CVar settings loaded from the selected device profile: [Windows]
[2018.09.26-21.26.17:239][  0]LogInit: Computer: DESKTOP-M8U18OG
[2018.09.26-21.26.17:239][  0]LogInit: User: bened
[2018.09.26-21.26.17:239][  0]LogInit: CPU Page size=65536, Cores=6
[2018.09.26-21.26.17:239][  0]LogInit: High frequency timer resolution =3.609372 MHz
[2018.09.26-21.26.17:239][  0]LogMemory: Memory total: Physical=15.9GB (16GB approx)
[2018.09.26-21.26.17:239][  0]LogMemory: Platform Memory Stats for Windows
[2018.09.26-21.26.17:239][  0]LogMemory: Process Physical Memory: 268.71 MB used, 268.71 MB peak
[2018.09.26-21.26.17:239][  0]LogMemory: Process Virtual Memory: 273.13 MB used, 273.13 MB peak
[2018.09.26-21.26.17:239][  0]LogMemory: Physical Memory: 7531.25 MB used,  8786.72 MB free, 16317.97 MB total
[2018.09.26-21.26.17:239][  0]LogMemory: Virtual Memory: 4810.27 MB used,  8786.72 MB free, 134217728.00 MB total
[2018.09.26-21.26.17:388][  0]LogTextLocalizationManager: No translations for ('de-DE') exist, falling back to 'en' for localization and internationalization data.
[2018.09.26-21.26.18:019][  0]LogD3D11RHI: D3D11 adapters:
[2018.09.26-21.26.18:063][  0]LogD3D11RHI:    0. 'NVIDIA GeForce GTX 1080 Ti' (Feature Level 11_0)
[2018.09.26-21.26.18:063][  0]LogD3D11RHI:       11127/0/8158 MB DedicatedVideo/DedicatedSystem/SharedSystem, Outputs:2, VendorId:0x10de
[2018.09.26-21.26.18:065][  0]LogD3D11RHI:    1. 'Microsoft Basic Render Driver' (Feature Level 11_0)
[2018.09.26-21.26.18:065][  0]LogD3D11RHI:       0/0/8158 MB DedicatedVideo/DedicatedSystem/SharedSystem, Outputs:0, VendorId:0x1414
[2018.09.26-21.26.18:065][  0]LogD3D11RHI: Chosen D3D11 Adapter: 0
[2018.09.26-21.26.18:072][  0]LogD3D11RHI: Creating new Direct3DDevice
[2018.09.26-21.26.18:072][  0]LogD3D11RHI:     GPU DeviceId: 0x1b06 (for the marketing name, search the web for "GPU Device Id")
[2018.09.26-21.26.18:072][  0]LogWindows: EnumDisplayDevices:
[2018.09.26-21.26.18:072][  0]LogWindows:    0. 'NVIDIA GeForce GTX 1080 Ti' (P:1 D:1)
[2018.09.26-21.26.18:073][  0]LogWindows:    1. 'NVIDIA GeForce GTX 1080 Ti' (P:0 D:1)
[2018.09.26-21.26.18:073][  0]LogWindows:    2. 'NVIDIA GeForce GTX 1080 Ti' (P:0 D:0)
[2018.09.26-21.26.18:073][  0]LogWindows:    3. 'NVIDIA GeForce GTX 1080 Ti' (P:0 D:0)
[2018.09.26-21.26.18:073][  0]LogWindows: DebugString: GetVideoDriverDetailsInvalid PrimaryIsNotTheChoosenAdapter GetVideoDriverDetailsInvalid PrimaryIsNotTheChoosenAdapter GetVideoDriverDetailsInvalid PrimaryIsNotTheChoosenAdapter GetVideoDriverDetailsInvalid PrimaryIsNotTheChoosenAdapter FoundDriverCount:0 
[2018.09.26-21.26.18:073][  0]LogD3D11RHI:     Adapter Name: NVIDIA GeForce GTX 1080 Ti
[2018.09.26-21.26.18:073][  0]LogD3D11RHI:   Driver Version: Unknown (internal:Unknown, unified:Unknown)
[2018.09.26-21.26.18:073][  0]LogD3D11RHI:      Driver Date: Unknown
[2018.09.26-21.26.18:073][  0]LogRHI: Texture pool is 1361 MB (70% of 1945 MB)
[2018.09.26-21.26.18:102][  0]LogD3D11RHI: Async texture creation enabled
[2018.09.26-21.26.18:137][  0]LogD3D11RHI: GPU Timing Frequency: 1000.000000 (Debug: 2 2)
[2018.09.26-21.26.18:187][  0]LogShaderCompilers: Guid format shader working directory is -14 characters bigger than the processId version (../../../../../../Users/bened/Documents/Unreal Projects/RB6/Intermediate/Shaders/WorkingDirectory/18164/).
[2018.09.26-21.26.18:187][  0]LogShaderCompilers: Cleaned the shader compiler working directory 'C:/Users/bened/AppData/Local/Temp/UnrealShaderWorkingDir/4A5D46E1425C2032F905D3BE22597870/'.
[2018.09.26-21.26.18:188][  0]LogShaderCompilers:Display: Using Local Shader Compiler.
[2018.09.26-21.26.19:148][  0]LogTemp:Display: Loaded TP AllDesktopTargetPlatform
[2018.09.26-21.26.19:198][  0]LogTemp:Display: Loaded TP MacClientTargetPlatform
[2018.09.26-21.26.19:249][  0]LogTemp:Display: Loaded TP MacNoEditorTargetPlatform
[2018.09.26-21.26.19:299][  0]LogTemp:Display: Loaded TP MacServerTargetPlatform
[2018.09.26-21.26.19:350][  0]LogTemp:Display: Loaded TP MacTargetPlatform
[2018.09.26-21.26.19:401][  0]LogTemp:Display: Loaded TP WindowsClientTargetPlatform
[2018.09.26-21.26.19:451][  0]LogTemp:Display: Loaded TP WindowsNoEditorTargetPlatform
[2018.09.26-21.26.19:501][  0]LogTemp:Display: Loaded TP WindowsServerTargetPlatform
[2018.09.26-21.26.19:546][  0]LogTemp:Display: Loaded TP WindowsTargetPlatform
[2018.09.26-21.26.19:601][  0]LogTemp:Display: Loaded TP AndroidTargetPlatform
[2018.09.26-21.26.19:651][  0]LogTemp:Display: Loaded TP Android_ASTCTargetPlatform
[2018.09.26-21.26.19:700][  0]LogTemp:Display: Loaded TP Android_ATCTargetPlatform
[2018.09.26-21.26.19:751][  0]LogTemp:Display: Loaded TP Android_DXTTargetPlatform
[2018.09.26-21.26.19:802][  0]LogTemp:Display: Loaded TP Android_ETC1TargetPlatform
[2018.09.26-21.26.19:852][  0]LogTemp:Display: Loaded TP Android_ETC2TargetPlatform
[2018.09.26-21.26.19:954][  0]LogTemp:Display: Loaded TP Android_MultiTargetPlatform
[2018.09.26-21.26.19:954][  0]LogTemp:Display: Loaded TP Android_PVRTCTargetPlatform
[2018.09.26-21.26.19:994][  0]LogTemp:Display: Loaded TP HTML5TargetPlatform
[2018.09.26-21.26.20:091][  0]LogTemp:Display: Loaded TP IOSTargetPlatform
[2018.09.26-21.26.20:120][  0]LogTemp:Display: Loaded TP TVOSTargetPlatform
[2018.09.26-21.26.20:171][  0]LogTemp:Display: Loaded TP LinuxClientTargetPlatform
[2018.09.26-21.26.20:222][  0]LogTemp:Display: Loaded TP LinuxNoEditorTargetPlatform
[2018.09.26-21.26.20:272][  0]LogTemp:Display: Loaded TP LinuxServerTargetPlatform
[2018.09.26-21.26.20:323][  0]LogTemp:Display: Loaded TP LinuxTargetPlatform
[2018.09.26-21.26.20:323][  0]LogTargetPlatformManager:Display: Building Assets For Windows
[2018.09.26-21.26.20:813][  0]LogDerivedDataCache:Display: Max Cache Size: 512 MB
[2018.09.26-21.26.20:997][  0]LogDerivedDataCache: Loaded boot cache 0.18s 52MB C:/Users/bened/AppData/Local/UnrealEngine/4.15/DerivedDataCache/Boot.ddc.
[2018.09.26-21.26.20:997][  0]LogDerivedDataCache:Display: Loaded Boot cache: C:/Users/bened/AppData/Local/UnrealEngine/4.15/DerivedDataCache/Boot.ddc
[2018.09.26-21.26.20:997][  0]LogDerivedDataCache: FDerivedDataBackendGraph:  Pak pak cache file ../../../../../../Users/bened/Documents/Unreal Projects/RB6/DerivedDataCache/DDC.ddp not found, will not use a pak cache.
[2018.09.26-21.26.20:997][  0]LogDerivedDataCache: Unable to find inner node Pak for hierarchical cache Hierarchy.
[2018.09.26-21.26.20:997][  0]LogDerivedDataCache: FDerivedDataBackendGraph:  CompressedPak pak cache file ../../../../../../Users/bened/Documents/Unreal Projects/RB6/DerivedDataCache/Compressed.ddp not found, will not use a pak cache.
[2018.09.26-21.26.20:997][  0]LogDerivedDataCache: Unable to find inner node CompressedPak for hierarchical cache Hierarchy.
[2018.09.26-21.26.21:012][  0]LogDerivedDataCache:Display: Pak cache opened for reading ../../../Engine/DerivedDataCache/Compressed.ddp.
[2018.09.26-21.26.21:024][  0]LogDerivedDataCache: Using Local data cache path C:/Users/bened/AppData/Local/UnrealEngine/Common/DerivedDataCache: Writable
[2018.09.26-21.26.21:039][  0]LogSlate: Using Freetype 2.6.0
[2018.09.26-21.26.21:043][  0]LogSlate: SlateFontCache - WITH_FREETYPE: 1, WITH_HARFBUZZ: 1
[2018.09.26-21.26.21:043][  0]LogSlate: SlateFontCache - WITH_FREETYPE: 1, WITH_HARFBUZZ: 1
[2018.09.26-21.26.21:706][  0]LogInit: Selected Device Profile: [Windows]
[2018.09.26-21.26.21:712][  0]LogContentStreaming: Texture pool size is 0.00 MB
[2018.09.26-21.26.21:908][  0]LogMeshUtilities: Using QuadricMeshReduction for automatic static mesh reduction
[2018.09.26-21.26.21:952][  0]LogSimplygon: Simplygon DLL not present - disabling.
[2018.09.26-21.26.22:002][  0]LogMeshUtilities: Using SimplygonSwarm for distributed automatic mesh merging
[2018.09.26-21.26.22:002][  0]LogMeshUtilities: No automatic skeletal mesh reduction module available
[2018.09.26-21.26.22:002][  0]LogMeshUtilities: No automatic mesh merging module available
[2018.09.26-21.26.22:628][  0]LogNetVersion: GetLocalNetworkVersion: CL: 3299760, ProjectName: pavlov, ProjectVersion: , EngineNetworkVersion: 2, GameNetworkVersion: 0, NetworkChecksum: 2014131361
[2018.09.26-21.26.22:679][  0]LogAssetRegistry: FAssetRegistry took 0.0237 seconds to start up
[2018.09.26-21.26.22:720][  0]LogPackageLocalizationCache: Processed 4 localized package path(s) for 1 prioritized culture(s) in 0.021006 seconds
[2018.09.26-21.26.22:725][  0]LogUObjectArray: 32493 objects as part of root set at end of initial load.
[2018.09.26-21.26.22:725][  0]LogUObjectAllocator: 7077024 out of 0 bytes used by permanent object pool.
[2018.09.26-21.26.22:725][  0]LogUObjectArray: CloseDisregardForGC: 0/0 objects in disregard for GC pool
[2018.09.26-21.26.22:784][  0]LogInit: WinSock: version 1.1 (2.2), MaxSocks=32767, MaxUdp=65467
[2018.09.26-21.26.24:874][  0]LogTcpMessaging: Initializing TcpMessaging bridge
[2018.09.26-21.26.24:914][  0]LogUdpMessaging: Initializing bridge on interface 0.0.0.0:0 to multicast group 230.0.0.1:6666.
[2018.09.26-21.26.25:409][  0]LogMaterial: Missing cached shader map for material BaseColor, compiling. 
[2018.09.26-21.26.25:410][  0]LogMaterial:Warning: Failed to compile Material /Engine/BufferVisualization/BaseColor.BaseColor for platform PCD3D_SM5, Default Material will be used in game.
[2018.09.26-21.26.25:410][  0]LogMaterial:Warning: 	(Node SceneTexture) GBuffer scene textures not available with forward shading.
[2018.09.26-21.26.25:422][  0]LogMaterial: Uniform references updated for custom material expression Custom.
[2018.09.26-21.26.25:429][  0]LogMaterial: Missing cached shader map for material LightingModel, compiling. 
[2018.09.26-21.26.25:429][  0]LogMaterial:Warning: Failed to compile Material /Engine/BufferVisualization/LightingModel.LightingModel for platform PCD3D_SM5, Default Material will be used in game.
[2018.09.26-21.26.25:429][  0]LogMaterial:Warning: 	(Node SceneTexture) GBuffer scene textures not available with forward shading.
[2018.09.26-21.26.25:431][  0]LogMaterial: Missing cached shader map for material MaterialAO, compiling. 
[2018.09.26-21.26.25:432][  0]LogMaterial:Warning: Failed to compile Material /Engine/BufferVisualization/MaterialAO.MaterialAO for platform PCD3D_SM5, Default Material will be used in game.
[2018.09.26-21.26.25:432][  0]LogMaterial:Warning: 	(Node SceneTexture) GBuffer scene textures not available with forward shading.
[2018.09.26-21.26.25:433][  0]LogMaterial: Missing cached shader map for material Metallic, compiling. 
[2018.09.26-21.26.25:434][  0]LogMaterial:Warning: Failed to compile Material /Engine/BufferVisualization/Metallic.Metallic for platform PCD3D_SM5, Default Material will be used in game.
[2018.09.26-21.26.25:434][  0]LogMaterial:Warning: 	(Node SceneTexture) GBuffer scene textures not available with forward shading.
[2018.09.26-21.26.25:436][  0]LogMaterial: Missing cached shader map for material Opacity, compiling. 
[2018.09.26-21.26.25:436][  0]LogMaterial:Warning: Failed to compile Material /Engine/BufferVisualization/Opacity.Opacity for platform PCD3D_SM5, Default Material will be used in game.
[2018.09.26-21.26.25:436][  0]LogMaterial:Warning: 	(Node SceneTexture) GBuffer scene textures not available with forward shading.
[2018.09.26-21.26.25:438][  0]LogMaterial: Missing cached shader map for material Roughness, compiling. 
[2018.09.26-21.26.25:439][  0]LogMaterial:Warning: Failed to compile Material /Engine/BufferVisualization/Roughness.Roughness for platform PCD3D_SM5, Default Material will be used in game.
[2018.09.26-21.26.25:439][  0]LogMaterial:Warning: 	(Node SceneTexture) GBuffer scene textures not available with forward shading.
[2018.09.26-21.26.25:450][  0]LogMaterial: Missing cached shader map for material Specular, compiling. 
[2018.09.26-21.26.25:450][  0]LogMaterial:Warning: Failed to compile Material /Engine/BufferVisualization/Specular.Specular for platform PCD3D_SM5, Default Material will be used in game.
[2018.09.26-21.26.25:450][  0]LogMaterial:Warning: 	(Node SceneTexture) GBuffer scene textures not available with forward shading.
[2018.09.26-21.26.25:452][  0]LogMaterial: Missing cached shader map for material SubsurfaceColor, compiling. 
[2018.09.26-21.26.25:453][  0]LogMaterial:Warning: Failed to compile Material /Engine/BufferVisualization/SubsurfaceColor.SubsurfaceColor for platform PCD3D_SM5, Default Material will be used in game.
[2018.09.26-21.26.25:453][  0]LogMaterial:Warning: 	(Node SceneTexture) GBuffer scene textures not available with forward shading.
[2018.09.26-21.26.25:455][  0]LogMaterial: Missing cached shader map for material WorldNormal, compiling. 
[2018.09.26-21.26.25:455][  0]LogMaterial:Warning: Failed to compile Material /Engine/BufferVisualization/WorldNormal.WorldNormal for platform PCD3D_SM5, Default Material will be used in game.
[2018.09.26-21.26.25:455][  0]LogMaterial:Warning: 	(Node SceneTexture) GBuffer scene textures not available with forward shading.
[2018.09.26-21.26.25:872][  0]SourceControl: Info Source control is disabled
[2018.09.26-21.26.25:945][  0]SourceControl: Info Source control is disabled
[2018.09.26-21.26.26:002][  0]SourceControl: Info Source control is disabled
[2018.09.26-21.26.26:049][  0]SourceControl: Info Source control is disabled
[2018.09.26-21.26.27:439][  0]LogEngine: Initializing Engine...
[2018.09.26-21.26.27:440][  0]LogHMD: Oculus plugin initialized. Version: 4.15.3-3450819+++UE4+Release-4.15, LibOVR: 1.30.0, SDK: 1.10.0, built May 21 2017, 11:08:57
[2018.09.26-21.26.27:538][  0]OCULUS: Debug: [HMDState] Using default profile default
[2018.09.26-21.26.27:538][  0]OCULUS: Info: IAD changed to 58.6mm
[2018.09.26-21.26.27:538][  0]LogStats: UGameplayTagsManager::ConstructGameplayTagTree: Construct from data asset -  0.000 s
[2018.09.26-21.26.27:538][  0]LogStats: UGameplayTagsManager::ConstructGameplayTagTree: GameplayTagTreeChangedEvent.Broadcast -  0.000 s
[2018.09.26-21.26.27:694][  0]LogAIModule: Creating AISystem for world Untitled
[2018.09.26-21.26.27:709][  0]LogInit: XAudio2 using 'Lautsprecher (Sound Blaster Z)' : 6 channels at 48 kHz using 32 bits per sample (channel mask 0x3f)
[2018.09.26-21.26.27:731][  0]LogInit: FAudioDevice initialized.
[2018.09.26-21.26.27:757][  0]LogDerivedDataCache: Saved boot cache 0.03s 52MB C:/Users/bened/AppData/Local/UnrealEngine/4.15/DerivedDataCache/Boot.ddc.
[2018.09.26-21.26.27:760][  0]LogInit: Texture streaming: Enabled
[2018.09.26-21.26.27:851][  0]LogEngineSessionManager: EngineSessionManager initialized
[2018.09.26-21.26.27:956][  0]LogInit: Transaction tracking system initialized
[2018.09.26-21.26.28:362][  0]BlueprintLog: New page: Editor Load
[2018.09.26-21.26.29:362][  0]LocalizationService: Info Localization service is disabled
[2018.09.26-21.26.30:105][  0]LogMaterial: Missing cached shader map for material BaseColor, compiling. 
[2018.09.26-21.26.30:105][  0]LogMaterial:Warning: Failed to compile Material /Engine/BufferVisualization/BaseColor.BaseColor for platform PCD3D_SM5, Default Material will be used in game.
[2018.09.26-21.26.30:105][  0]LogMaterial:Warning: 	(Node SceneTexture) GBuffer scene textures not available with forward shading.
[2018.09.26-21.26.30:111][  0]LogMaterial: Missing cached shader map for material LightingModel, compiling. 
[2018.09.26-21.26.30:111][  0]LogMaterial:Warning: Failed to compile Material /Engine/BufferVisualization/LightingModel.LightingModel for platform PCD3D_SM5, Default Material will be used in game.
[2018.09.26-21.26.30:111][  0]LogMaterial:Warning: 	(Node SceneTexture) GBuffer scene textures not available with forward shading.
[2018.09.26-21.26.30:112][  0]LogMaterial: Missing cached shader map for material MaterialAO, compiling. 
[2018.09.26-21.26.30:112][  0]LogMaterial:Warning: Failed to compile Material /Engine/BufferVisualization/MaterialAO.MaterialAO for platform PCD3D_SM5, Default Material will be used in game.
[2018.09.26-21.26.30:112][  0]LogMaterial:Warning: 	(Node SceneTexture) GBuffer scene textures not available with forward shading.
[2018.09.26-21.26.30:113][  0]LogMaterial: Missing cached shader map for material Metallic, compiling. 
[2018.09.26-21.26.30:113][  0]LogMaterial:Warning: Failed to compile Material /Engine/BufferVisualization/Metallic.Metallic for platform PCD3D_SM5, Default Material will be used in game.
[2018.09.26-21.26.30:113][  0]LogMaterial:Warning: 	(Node SceneTexture) GBuffer scene textures not available with forward shading.
[2018.09.26-21.26.30:114][  0]LogMaterial: Missing cached shader map for material Opacity, compiling. 
[2018.09.26-21.26.30:114][  0]LogMaterial:Warning: Failed to compile Material /Engine/BufferVisualization/Opacity.Opacity for platform PCD3D_SM5, Default Material will be used in game.
[2018.09.26-21.26.30:114][  0]LogMaterial:Warning: 	(Node SceneTexture) GBuffer scene textures not available with forward shading.
[2018.09.26-21.26.30:115][  0]LogMaterial: Missing cached shader map for material Roughness, compiling. 
[2018.09.26-21.26.30:115][  0]LogMaterial:Warning: Failed to compile Material /Engine/BufferVisualization/Roughness.Roughness for platform PCD3D_SM5, Default Material will be used in game.
[2018.09.26-21.26.30:115][  0]LogMaterial:Warning: 	(Node SceneTexture) GBuffer scene textures not available with forward shading.
[2018.09.26-21.26.30:122][  0]LogMaterial: Missing cached shader map for material Specular, compiling. 
[2018.09.26-21.26.30:122][  0]LogMaterial:Warning: Failed to compile Material /Engine/BufferVisualization/Specular.Specular for platform PCD3D_SM5, Default Material will be used in game.
[2018.09.26-21.26.30:122][  0]LogMaterial:Warning: 	(Node SceneTexture) GBuffer scene textures not available with forward shading.
[2018.09.26-21.26.30:123][  0]LogMaterial: Missing cached shader map for material SubsurfaceColor, compiling. 
[2018.09.26-21.26.30:123][  0]LogMaterial:Warning: Failed to compile Material /Engine/BufferVisualization/SubsurfaceColor.SubsurfaceColor for platform PCD3D_SM5, Default Material will be used in game.
[2018.09.26-21.26.30:123][  0]LogMaterial:Warning: 	(Node SceneTexture) GBuffer scene textures not available with forward shading.
[2018.09.26-21.26.30:123][  0]LogMaterial: Missing cached shader map for material WorldNormal, compiling. 
[2018.09.26-21.26.30:124][  0]LogMaterial:Warning: Failed to compile Material /Engine/BufferVisualization/WorldNormal.WorldNormal for platform PCD3D_SM5, Default Material will be used in game.
[2018.09.26-21.26.30:124][  0]LogMaterial:Warning: 	(Node SceneTexture) GBuffer scene textures not available with forward shading.
[2018.09.26-21.26.30:185][  0]LogConsoleResponse:Display: 
[2018.09.26-21.26.30:332][  0]LogCook:Display: Max memory allowance for cook 16384mb min free memory 0mb
[2018.09.26-21.26.30:332][  0]LogFileCache: Scanning file cache for directory 'C:/Users/bened/Documents/Unreal Projects/RB6/Content/' took 0.01s
[2018.09.26-21.26.30:332][  0]LogCook:Display: Mobile HDR setting 0
[2018.09.26-21.26.31:094][  0]CustomMapToolsLog: Initializing Pavlov's workshop editor plugin
[2018.09.26-21.26.31:893][  0]CustomMapToolsLog: Visiting ../../../../../../Users/bened/Documents/Unreal Projects/RB6/Content/CustomMaps/UGC1523200099
[2018.09.26-21.26.32:333][  0]SourceControl: Info Source control is disabled
[2018.09.26-21.26.32:334][  0]Cmd: MAP LOAD FILE="../../../Engine/Content/Maps/Templates/Template_Default.umap" TEMPLATE=1 SHOWPROGRESS=1 FEATURELEVEL=3
[2018.09.26-21.26.32:336][  0]LightingResults: New page: Lighting Build
[2018.09.26-21.26.32:386][  0]MapCheck: New page: Map Check
[2018.09.26-21.26.32:386][  0]LightingResults: New page: Lighting Build
[2018.09.26-21.26.32:560][  0]LogAIModule: Creating AISystem for world Untitled_1
[2018.09.26-21.26.32:577][  0]LogActorComponent: RegisterComponentWithWorld: (/Temp/Untitled_1.Untitled_1:PersistentLevel.WorldSettings_1.StaticMeshComponent0) Trying to register component with IsPendingKill() == true. Aborting.
[2018.09.26-21.26.32:594][  0]LogEditorServer: Finished looking for orphan Actors (0.000 secs)
[2018.09.26-21.26.32:598][  0]Cmd: MAP CHECKDEP NOCLEARLOG
[2018.09.26-21.26.32:646][  0]MapCheck: Info Map check complete: 0 Error(s), 0 Warning(s), took 47.423ms to complete.
[2018.09.26-21.26.32:646][  0]LogFileHelpers: Loading map 'Template_Default' took 0.312
[2018.09.26-21.26.32:845][  0]LogCollectionManager: Loaded 0 collections in 0.001470 seconds
[2018.09.26-21.26.32:952][  0]LogFileCache: Scanning file cache for directory 'C:/Users/bened/Documents/Unreal Projects/RB6/Saved/Collections/' took 0.01s
[2018.09.26-21.26.32:952][  0]LogFileCache: Scanning file cache for directory 'C:/Users/bened/Documents/Unreal Projects/RB6/Content/Developers/bened/Collections/' took 0.01s
[2018.09.26-21.26.32:952][  0]LogFileCache: Scanning file cache for directory 'C:/Users/bened/Documents/Unreal Projects/RB6/Content/Collections/' took 0.01s
[2018.09.26-21.26.32:952][  0]LogCollectionManager: Rebuilt the GUID cache for 0 collections in 0.000002 seconds
[2018.09.26-21.26.32:961][  0]LogContentBrowser: Native class hierarchy populated in 0.0077 seconds. Added 2254 classes and 456 folders.
[2018.09.26-21.26.33:032][  0]LogContentBrowser: Native class hierarchy updated for 'WidgetCarousel' in 0.0004 seconds. Added 0 classes and 0 folders.
[2018.09.26-21.26.33:121][  0]LogContentBrowser: Native class hierarchy updated for 'AddContentDialog' in 0.0004 seconds. Added 0 classes and 0 folders.
[2018.09.26-21.26.33:171][  0]LogContentBrowser: Native class hierarchy updated for 'SceneOutliner' in 0.0004 seconds. Added 1 classes and 2 folders.
[2018.09.26-21.26.33:298][  0]LogCrashTracker: Crashtracker disabled due to settings.
[2018.09.26-21.26.33:307][  0]LogUObjectGlobals:Warning: Failed to find object 'Class None.'
[2018.09.26-21.26.33:378][  0]LogContentBrowser: Native class hierarchy updated for 'HierarchicalLODOutliner' in 0.0004 seconds. Added 1 classes and 2 folders.
[2018.09.26-21.26.33:378][  0]LogLoad: (Engine Initialization) Total time: 18.24 seconds
[2018.09.26-21.26.33:378][  0]LogLoad: (Engine Initialization) Total Blueprint compile time: 0.10 seconds
[2018.09.26-21.26.33:378][  0]LogExternalProfiler: No external profilers were discovered.  External profiling features will not be available.
[2018.09.26-21.26.33:388][  0]LogWindowsTextInputMethodSystem:Display: IME system now deactivated.
[2018.09.26-21.26.33:388][  0]LogOcInput: OculusInput pre-init called
[2018.09.26-21.26.33:403][  0]LogOcInput: OculusInput is initialized. Init status 0. Runtime version: 1.30.0
[2018.09.26-21.26.33:417][  0]LogAssetRegistry: Asset discovery search completed in 10.7608 seconds
[2018.09.26-21.26.33:417][  0]LogCollectionManager: Rebuilt the object cache for 0 collections in 0.000002 seconds (found 0 objects)
[2018.09.26-21.26.33:417][  0]LogCollectionManager: Fixed up redirectors for 0 collections in 0.000012 seconds (updated 0 objects)
[2018.09.26-21.26.33:445][  0]LogContentStreaming: Texture pool size now 2500 MB
[2018.09.26-21.26.33:456][  0]LogSlate: Took 0.001010 seconds to synchronously load lazily loaded font '../../../Engine/Content/Slate/Fonts/Roboto-Regular.ttf' (155K)
[2018.09.26-21.26.33:459][  0]LogSlate: Took 0.001066 seconds to synchronously load lazily loaded font '../../../Engine/Content/Slate/Fonts/Roboto-Bold.ttf' (160K)
[2018.09.26-21.26.33:464][  0]LogSlate: Took 0.001052 seconds to synchronously load lazily loaded font '../../../Engine/Content/Editor/Slate/Fonts/FontAwesome.ttf' (139K)
[2018.09.26-21.26.33:583][  2]LogRenderer: Reallocating scene render targets to support 848x472 NumSamples 4 (Frame:2).
[2018.09.26-21.26.35:912][142]LogRenderer: Reallocating scene render targets to support 848x1004 NumSamples 4 (Frame:145).
[2018.09.26-21.32.31:364][232]LogEditorViewport: Clicking on Actor (LMB): StaticMeshActor (Floor)
[2018.09.26-21.32.49:019][301]LogEditorActor: Deleted Actor: AtmosphericFog
[2018.09.26-21.32.49:028][301]LogEditorActor: Deleted 1 Actors (0.010 secs)
[2018.09.26-21.33.07:582][501]LogEditorViewport: Clicking on Actor (LMB): StaticMeshActor (Floor)
[2018.09.26-21.33.08:650][624]Cmd: DELETE
[2018.09.26-21.33.08:650][624]Cmd: ACTOR DELETE
[2018.09.26-21.33.08:651][624]LogEditorActor: Deleted Actor: StaticMeshActor
[2018.09.26-21.33.08:657][624]LogEditorActor: Deleted 1 Actors (0.006 secs)
[2018.09.26-21.33.10:238][814]LogEditorViewport: Clicking on Actor (LMB): PaperSpriteActor (HouseBasement_217059_Sprite)
[2018.09.26-21.33.51:345][731]LogEditorViewport: Clicking on Actor (LMB): PlayerStart (Player Start)
[2018.09.26-21.33.54:266][ 78]LogEditorViewport: Clicking on Actor (LMB): PaperSpriteActor (HouseBasement_217059_Sprite)
[2018.09.26-21.34.04:505][289]LogEditorViewport: Clicking on Actor (LMB): PlayerStart (Player Start)
[2018.09.26-21.34.08:425][754]LogEditorViewport: Clicking on Actor (LMB): PaperSpriteActor (HouseBasement_217059_Sprite)
[2018.09.26-21.34.17:706][857]LogEditorViewport: Clicking on Actor (LMB): PlayerStart (Player Start)
[2018.09.26-21.34.20:087][140]LogNavigationPoint: PostEditMove Clear paths rebuilt
[2018.09.26-21.34.21:063][255]LogNavigationPoint: PostEditMove Clear paths rebuilt
[2018.09.26-21.34.31:611][512]LogEditorViewport: Clicking on Actor (LMB): PaperSpriteActor (HouseBasement_217059_Sprite)
[2018.09.26-21.34.41:673][705]LogEditorViewport: Clicking on Actor (LMB): PlayerStart (Player Start)
[2018.09.26-21.34.45:446][154]LogNavigationPoint: PostEditMove Clear paths rebuilt
[2018.09.26-21.36.17:699][779]LogSlate: Took 0.001018 seconds to synchronously load lazily loaded font '../../../Engine/Content/Editor/Slate/Fonts/Roboto-Italic.ttf' (157K)
[2018.09.26-21.36.39:084][506]LogSlate: Took 0.001165 seconds to synchronously load lazily loaded font '../../../Engine/Content/Slate/Fonts/Roboto-Light.ttf' (159K)
[2018.09.26-21.36.48:082][533]LogSlate: Took 0.000150 seconds to synchronously load lazily loaded font '../../../Engine/Content/Slate/Fonts/Roboto-Light.ttf' (159K)
[2018.09.26-21.36.48:118][533]Cmd: OBJ SAVEPACKAGE PACKAGE="/Temp/Untitled_1" FILE="../../../../../../Users/bened/Documents/Unreal Projects/RB6/Saved/Autosaves/Temp/Untitled_1_Auto1.umap" SILENT=true AUTOSAVING=true KEEPDIRTY=false
[2018.09.26-21.36.48:136][533]LogSavePackage: Save=18.59ms
[2018.09.26-21.36.48:136][533]LogSavePackage: Moving '../../../../../../Users/bened/Documents/Unreal Projects/RB6/Saved/Untitled_1_Auto1CC55DB5543E3C0DFFF9E95A1CF63D433.tmp' to '../../../../../../Users/bened/Documents/Unreal Projects/RB6/Saved/Autosaves/Temp/Untitled_1_Auto1.umap'
[2018.09.26-21.36.48:138][533]LogSavePackage:Display: Finished SavePackage ../../../../../../Users/bened/Documents/Unreal Projects/RB6/Saved/Autosaves/Temp/Untitled_1_Auto1.umap
[2018.09.26-21.36.48:140][533]LogFileHelpers: Editor autosave (incl. sublevels) for '/Temp/Untitled_1' took 0.032
[2018.09.26-21.36.48:141][533]LogFileHelpers: Editor autosave (incl. sublevels) for all levels took 0.032
[2018.09.26-21.37.42:122][767]LogRenderer: Reallocating scene render targets to support 1324x1020 NumSamples 4 (Frame:27957).
[2018.09.26-21.38.16:547][796]LogNavigationPoint: PostEditMove Clear paths rebuilt
[2018.09.26-21.38.17:080][858]LogEditorViewport: Clicking on Actor (LMB): PaperSpriteActor (HouseBasement_217059_Sprite)
[2018.09.26-21.38.32:707][692]Cmd: BRUSH ADD SELECTNEWBRUSH
[2018.09.26-21.39.22:358][564]LogEditorViewport: Clicking on Actor (LMB): PaperSpriteActor (HouseBasement_217059_Sprite)
[2018.09.26-21.41.37:691][624]Cmd: EDCALLBACK SURFPROPS
[2018.09.26-21.41.41:321][ 48]LogEditorViewport: Clicking on Actor (LMB): PaperSpriteActor (HouseBasement_217059_Sprite)
[2018.09.26-21.41.46:432][641]LogEditorViewport: Clicking on Actor (LMB): PaperSpriteActor (HouseBasement_217059_Sprite)
[2018.09.26-21.41.47:620][777]LogEditorViewport: Clicking Background
[2018.09.26-21.41.56:169][777]Cmd: BRUSH ADD SELECTNEWBRUSH
[2018.09.26-21.45.07:532][367]Cmd: DELETE
[2018.09.26-21.45.07:533][367]Cmd: ACTOR DELETE
[2018.09.26-21.45.07:533][367]LogEditorActor: Deleted Actor: Brush
[2018.09.26-21.45.07:547][367]LogEditorActor: Deleted 1 Actors (0.015 secs)
[2018.09.26-21.45.08:544][481]Cmd: DELETE
[2018.09.26-21.45.08:544][481]Cmd: ACTOR DELETE
[2018.09.26-21.45.08:545][481]LogEditorActor: Deleted Actor: Brush
[2018.09.26-21.45.08:554][481]LogEditorActor: Deleted 1 Actors (0.010 secs)
[2018.09.26-21.45.49:425][365]LogActorFactory: Actor Factory created Plane
[2018.09.26-21.45.49:429][365]LogMaterial: Missing cached shader map for material BasicShapeMaterial, compiling. 
[2018.09.26-21.45.49:429][365]LogTemp:Display: Added material ShaderMap 0x00000228DEB99D00 with Material 0x00000228D7CA0E80 to ShaderMapsBeingCompiled
[2018.09.26-21.45.49:465][365]LogTemp:Display: Kicking off shader compilation for BasicShapeMaterial, GameThreadShaderMap 0x00000228DEB99D00
[2018.09.26-21.45.50:120][422]LogActorFactory: Actor Factory created Plane
[2018.09.26-21.45.54:712][854]LogTemp:Display: Finished compile of shader map 0x00000228DEB99D00
[2018.09.26-21.45.54:712][854]LogTemp:Display: Shader map BasicShapeMaterial complete, GameThreadShaderMap 0x00000228DEB99D00, marking material BasicShapeMaterial as finished
[2018.09.26-21.45.54:712][854]LogTemp:Display: Marking material as finished 0x00000228D7CA0E80
[2018.09.26-21.46.54:272][ 66]Cmd: OBJ SAVEPACKAGE PACKAGE="/Temp/Untitled_1" FILE="../../../../../../Users/bened/Documents/Unreal Projects/RB6/Saved/Autosaves/Temp/Untitled_1_Auto2.umap" SILENT=true AUTOSAVING=true KEEPDIRTY=false
[2018.09.26-21.46.54:309][ 66]LogSavePackage: Save=36.12ms
[2018.09.26-21.46.54:309][ 66]LogSavePackage: Moving '../../../../../../Users/bened/Documents/Unreal Projects/RB6/Saved/Untitled_1_Auto2794210BF4006218527C0F0A62E9F348E.tmp' to '../../../../../../Users/bened/Documents/Unreal Projects/RB6/Saved/Autosaves/Temp/Untitled_1_Auto2.umap'
[2018.09.26-21.46.54:311][ 66]LogSavePackage:Display: Finished SavePackage ../../../../../../Users/bened/Documents/Unreal Projects/RB6/Saved/Autosaves/Temp/Untitled_1_Auto2.umap
[2018.09.26-21.46.54:313][ 66]LogFileHelpers: Editor autosave (incl. sublevels) for '/Temp/Untitled_1' took 0.048
[2018.09.26-21.46.54:313][ 66]LogFileHelpers: Editor autosave (incl. sublevels) for all levels took 0.048
[2018.09.26-22.10.08:992][261]LogEditorViewport: Clicking on Actor (LMB): BP_Sky_Sphere_C (Sky Sphere)
[2018.09.26-22.10.16:301][120]LogEditorViewport: Clicking on Actor (LMB): PaperSpriteActor (HouseBasement_217059_Sprite)
[2018.09.26-22.10.21:082][684]LogEditorActor: Deleted Actor: PlayerStart
[2018.09.26-22.10.21:089][684]LogEditorActor: Deleted 1 Actors (0.007 secs)
[2018.09.26-22.10.28:852][616]LogEditorViewport: Clicking on Actor (LMB): StaticMeshActor (Plane)
[2018.09.26-22.10.41:888][710]LogRenderer: Reallocating scene render targets to support 1328x1020 NumSamples 4 (Frame:95462).
[2018.09.26-22.11.05:701][ 58]LogRenderer: Reallocating scene render targets to support 1352x1020 NumSamples 4 (Frame:95704).
[2018.09.26-22.11.05:741][ 59]LogRenderer: Reallocating scene render targets to support 1380x1020 NumSamples 4 (Frame:95706).
[2018.09.26-22.11.05:782][ 60]LogRenderer: Reallocating scene render targets to support 1404x1020 NumSamples 4 (Frame:95708).
[2018.09.26-22.11.05:826][ 61]LogRenderer: Reallocating scene render targets to support 1424x1020 NumSamples 4 (Frame:95710).
[2018.09.26-22.11.05:863][ 62]LogRenderer: Reallocating scene render targets to support 1432x1020 NumSamples 4 (Frame:95712).
[2018.09.26-22.11.05:906][ 63]LogRenderer: Reallocating scene render targets to support 1436x1020 NumSamples 4 (Frame:95714).
[2018.09.26-22.11.05:943][ 64]LogRenderer: Reallocating scene render targets to support 1440x1020 NumSamples 4 (Frame:95716).
[2018.09.26-22.11.07:258][202]Cmd: OBJ SAVEPACKAGE PACKAGE="/Temp/Untitled_1" FILE="../../../../../../Users/bened/Documents/Unreal Projects/RB6/Saved/Autosaves/Temp/Untitled_1_Auto3.umap" SILENT=true AUTOSAVING=true KEEPDIRTY=false
[2018.09.26-22.11.07:292][202]LogSavePackage: Save=34.45ms
[2018.09.26-22.11.07:292][202]LogSavePackage: Moving '../../../../../../Users/bened/Documents/Unreal Projects/RB6/Saved/Untitled_1_Auto3A0A1330D4991FF6F6A2CDF8F3D618915.tmp' to '../../../../../../Users/bened/Documents/Unreal Projects/RB6/Saved/Autosaves/Temp/Untitled_1_Auto3.umap'
[2018.09.26-22.11.07:294][202]LogSavePackage:Display: Finished SavePackage ../../../../../../Users/bened/Documents/Unreal Projects/RB6/Saved/Autosaves/Temp/Untitled_1_Auto3.umap
[2018.09.26-22.11.07:299][202]LogFileHelpers: Editor autosave (incl. sublevels) for '/Temp/Untitled_1' took 0.049
[2018.09.26-22.11.07:299][202]LogFileHelpers: Editor autosave (incl. sublevels) for all levels took 0.049
[2018.09.26-22.13.38:684][ 29]LogEditorViewport: Clicking on Actor (LMB): StaticMeshActor (Plane)
[2018.09.26-22.14.23:561][ 49]Cmd: EDIT COPY
[2018.09.26-22.14.24:047][107]Cmd: EDIT PASTE
[2018.09.26-22.17.15:070][461]LogEditorViewport: Clicking on Actor (LMB): StaticMeshActor (Plane)
[2018.09.26-22.17.16:042][571]LogEditorViewport: Clicking on Actor (LMB): StaticMeshActor (Plane2)
[2018.09.26-22.17.19:251][950]LogEditorViewport: Clicking on Actor (LMB): StaticMeshActor (Plane2)
[2018.09.26-22.17.20:313][ 77]Cmd: EDIT COPY
[2018.09.26-22.17.20:592][110]Cmd: EDIT PASTE
[2018.09.26-22.18.30:026][373]LogEditorViewport: Clicking on Actor (CTRL LMB): StaticMeshActor (Plane2)
[2018.09.26-22.18.30:689][447]LogEditorViewport: Clicking on Actor (CTRL LMB): StaticMeshActor (Plane)
[2018.09.26-22.18.31:615][551]LogEditorViewport: Clicking on Actor (context menu): StaticMeshActor (Plane)
[2018.09.26-22.18.48:075][479]LogSlate: Took 0.000163 seconds to synchronously load lazily loaded font '../../../Engine/Content/Slate/Fonts/Roboto-Light.ttf' (159K)
[2018.09.26-22.18.58:366][479]LogStaticMesh: Building static mesh garage...
[2018.09.26-22.18.58:379][479]LogStaticMesh: Built static mesh [0.01s] /Game/CustomMaps/UGC1523200099/Meshes/garage.garage
[2018.09.26-22.19.09:230][767]LogActorFactory: Actor Factory created garage
[2018.09.26-22.19.15:140][470]LogActorFactory: Actor Factory created garage
[2018.09.26-22.19.16:077][576]Cmd: TRANSACTION UNDO
[2018.09.26-22.19.16:077][576]LogEditorTransaction: Undo Create Actors
[2018.09.26-22.19.17:441][733]Cmd: TRANSACTION UNDO
[2018.09.26-22.19.17:441][733]LogEditorTransaction: Undo Set Actor Visibility
[2018.09.26-22.19.18:411][847]Cmd: TRANSACTION UNDO
[2018.09.26-22.19.18:411][847]LogEditorTransaction: Undo Clicking on Actors (context menu)
[2018.09.26-22.19.21:969][268]Cmd: TRANSACTION UNDO
[2018.09.26-22.19.21:969][268]LogEditorTransaction: Undo Clicking on Actors
[2018.09.26-22.19.25:173][641]LogEditorViewport: Clicking on Actor (CTRL LMB): StaticMeshActor (Plane)
[2018.09.26-22.19.26:101][745]LogEditorViewport: Clicking on Actor (context menu): StaticMeshActor (Plane)
[2018.09.26-22.19.30:984][311]LogEditorViewport: Clicking on Actor (LMB): StaticMeshActor (Plane3)
[2018.09.26-22.19.32:060][435]LogEditorViewport: Clicking on Actor (CTRL LMB): StaticMeshActor (Plane2)
[2018.09.26-22.19.32:873][527]LogEditorViewport: Clicking on Actor (CTRL LMB): StaticMeshActor (Plane)
[2018.09.26-22.19.33:669][617]LogEditorViewport: Clicking on Actor (context menu): StaticMeshActor (Plane)
[2018.09.26-22.19.44:529][336]LogStaticMesh: Building static mesh garage...
[2018.09.26-22.19.44:542][336]LogStaticMesh: Built static mesh [0.01s] /Game/CustomMaps/UGC1523200099/Meshes/garage.garage
[2018.09.26-22.19.49:680][949]LogEditorViewport: Clicking Background
[2018.09.26-22.19.51:175][128]LogEditorViewport: Clicking on Actor (LMB): PaperSpriteActor (HouseBasement_217059_Sprite)
[2018.09.26-22.19.51:828][202]LogEditorViewport: Clicking on Actor (LMB): StaticMeshActor (garage)
[2018.09.26-22.20.15:922][ 46]LogEditorViewport: Clicking on Actor (LMB): StaticMeshActor (garage)
[2018.09.26-22.20.16:878][159]LogEditorViewport: Clicking on Actor (LMB): StaticMeshActor (garage)
[2018.09.26-22.21.20:292][ 43]LogEditorViewport: Clicking on Actor (LMB): StaticMeshActor (garage)
[2018.09.26-22.21.22:621][316]Cmd: DELETE
[2018.09.26-22.21.22:621][316]Cmd: ACTOR DELETE
[2018.09.26-22.21.22:621][316]LogEditorActor: Deleted Actor: StaticMeshActor
[2018.09.26-22.21.22:629][316]LogEditorActor: Deleted 1 Actors (0.008 secs)
[2018.09.26-22.22.10:006][415]Cmd: OBJ SAVEPACKAGE PACKAGE="/Temp/Untitled_1" FILE="../../../../../../Users/bened/Documents/Unreal Projects/RB6/Saved/Autosaves/Temp/Untitled_1_Auto4.umap" SILENT=true AUTOSAVING=true KEEPDIRTY=false
[2018.09.26-22.22.10:032][415]LogSavePackage: Save=24.88ms
[2018.09.26-22.22.10:032][415]LogSavePackage: Moving '../../../../../../Users/bened/Documents/Unreal Projects/RB6/Saved/Untitled_1_Auto4506FD58C4C1E99DAC20F76A487DA369C.tmp' to '../../../../../../Users/bened/Documents/Unreal Projects/RB6/Saved/Autosaves/Temp/Untitled_1_Auto4.umap'
[2018.09.26-22.22.10:035][415]LogSavePackage:Display: Finished SavePackage ../../../../../../Users/bened/Documents/Unreal Projects/RB6/Saved/Autosaves/Temp/Untitled_1_Auto4.umap
[2018.09.26-22.22.10:038][415]LogFileHelpers: Editor autosave (incl. sublevels) for '/Temp/Untitled_1' took 0.044
[2018.09.26-22.22.10:038][415]LogFileHelpers: Editor autosave (incl. sublevels) for all levels took 0.044
[2018.09.26-22.41.50:715][804]LogFactory: FactoryCreateFile: StaticMesh with FbxFactory (0 0 ../../../../../../Users/bened/Documents/Unreal Projects/RB6/Content/CustomMaps/UGC1523200099/Meshes/garage.fbx)
[2018.09.26-22.41.50:737][804]LogFbx: ItemName: GlobalSettings, ItemCount : 1
[2018.09.26-22.41.50:737][804]LogFbx: ItemName: Geometry, ItemCount : 1
[2018.09.26-22.41.50:737][804]LogFbx: ItemName: Model, ItemCount : 1
[2018.09.26-22.41.50:744][804]LogFbx: Loading FBX Scene from ../../../../../../Users/bened/Documents/Unreal Projects/RB6/Content/CustomMaps/UGC1523200099/Meshes/garage.fbx
[2018.09.26-22.41.50:751][804]LogFbx: FBX Scene Loaded Succesfully
[2018.09.26-22.41.59:835][804]LogFbx: Loading FBX Scene from ../../../../../../Users/bened/Documents/Unreal Projects/RB6/Content/CustomMaps/UGC1523200099/Meshes/garage.fbx
[2018.09.26-22.41.59:839][804]LogFbx: FBX Scene Loaded Succesfully
[2018.09.26-22.41.59:842][804]LogFbx:Warning: Triangulating static mesh Plane
[2018.09.26-22.41.59:847][804]LogStaticMesh: Building static mesh garage...
[2018.09.26-22.41.59:848][804]LogStaticMesh: Built static mesh [0.00s] /Game/CustomMaps/UGC1523200099/Meshes/garage.garage
[2018.09.26-22.41.59:848][804]LogStaticMesh:Warning: garage has degenerate tangent bases which will result in incorrect shading.  MikkTSpace relies on tangent bases and may result in mesh corruption, consider disabling this option.
[2018.09.26-22.41.59:851][804]FBXImport:Warning: Warning No smoothing group information was found in this FBX scene.  Please make sure to enable the 'Export Smoothing Groups' option in the FBX Exporter plug-in before exporting the file.  Even for tools that don't support smoothing groups, the FBX Exporter will generate appropriate smoothing data at export-time so that correct vertex normals can be inferred while importing. 
[2018.09.26-22.41.59:851][804]FBXImport:Warning: Warning garage has degenerate tangent bases which will result in incorrect shading.  MikkTSpace relies on tangent bases and may result in mesh corruption, consider disabling this option. 
[2018.09.26-22.42.02:921][164]LogFileHelpers: Editor autosave (incl. sublevels) for '/Temp/Untitled_1' took 0.006
[2018.09.26-22.42.02:924][164]OBJ SavePackage: Generating thumbnails for [1] asset(s) in package [/Game/CustomMaps/UGC1523200099/Meshes/garage] ([1] browsable assets)...
[2018.09.26-22.42.02:931][164]OBJ SavePackage:     Rendered thumbnail for [StaticMesh /Game/CustomMaps/UGC1523200099/Meshes/garage.garage]
[2018.09.26-22.42.02:931][164]OBJ SavePackage: Finished generating thumbnails for package [/Game/CustomMaps/UGC1523200099/Meshes/garage]
[2018.09.26-22.42.02:941][164]LogSavePackage: Save=8.15ms
[2018.09.26-22.42.02:941][164]LogSavePackage: Moving '../../../../../../Users/bened/Documents/Unreal Projects/RB6/Saved/garage_Auto5CE09E5E04077BBAC208029B862C8A150.tmp' to '../../../../../../Users/bened/Documents/Unreal Projects/RB6/Saved/Autosaves/Game/CustomMaps/UGC1523200099/Meshes/garage_Auto5.uasset'
[2018.09.26-22.42.02:944][164]LogSavePackage:Display: Finished SavePackage ../../../../../../Users/bened/Documents/Unreal Projects/RB6/Saved/Autosaves/Game/CustomMaps/UGC1523200099/Meshes/garage_Auto5.uasset
[2018.09.26-22.42.02:944][164]LogFileHelpers: Auto-saving content packages took 0.021
[2018.09.26-22.42.30:495][189]LogActorFactory: Actor Factory created garage
[2018.09.26-22.42.31:045][254]LogActorFactory: Actor Factory created garage
[2018.09.26-22.44.48:264][625]Cmd: DELETE
[2018.09.26-22.44.48:264][625]Cmd: ACTOR DELETE
[2018.09.26-22.44.48:264][625]LogEditorActor: Deleted Actor: StaticMeshActor
[2018.09.26-22.44.48:271][625]LogEditorActor: Deleted 1 Actors (0.007 secs)
[2018.09.26-22.49.38:906][503]LogFactory: FactoryCreateFile: StaticMesh with FbxFactory (0 0 ../../../../../../Users/bened/Documents/Unreal Projects/RB6/Content/CustomMaps/UGC1523200099/Meshes/garage.fbx)
[2018.09.26-22.49.38:912][503]LogFbx: ItemName: GlobalSettings, ItemCount : 1
[2018.09.26-22.49.38:912][503]LogFbx: ItemName: Geometry, ItemCount : 1
[2018.09.26-22.49.38:912][503]LogFbx: ItemName: Model, ItemCount : 1
[2018.09.26-22.49.38:916][503]LogFbx: Loading FBX Scene from ../../../../../../Users/bened/Documents/Unreal Projects/RB6/Content/CustomMaps/UGC1523200099/Meshes/garage.fbx
[2018.09.26-22.49.38:921][503]LogFbx: FBX Scene Loaded Succesfully
[2018.09.26-22.50.06:872][503]LogFbx: Loading FBX Scene from ../../../../../../Users/bened/Documents/Unreal Projects/RB6/Content/CustomMaps/UGC1523200099/Meshes/garage.fbx
[2018.09.26-22.50.06:876][503]LogFbx: FBX Scene Loaded Succesfully
[2018.09.26-22.50.06:877][503]LogFbx:Warning: Triangulating static mesh Plane
[2018.09.26-22.50.06:878][503]LogStaticMesh: Building static mesh garage...
[2018.09.26-22.50.06:879][503]LogStaticMesh: Built static mesh [0.00s] /Game/CustomMaps/UGC1523200099/Meshes/garage.garage
[2018.09.26-22.50.06:880][503]FBXImport:Warning: Warning No smoothing group information was found in this FBX scene.  Please make sure to enable the 'Export Smoothing Groups' option in the FBX Exporter plug-in before exporting the file.  Even for tools that don't support smoothing groups, the FBX Exporter will generate appropriate smoothing data at export-time so that correct vertex normals can be inferred while importing. 
[2018.09.26-22.51.26:567][ 52]AssetReimport: New page: Outstanding source content changes 2:51:26 AM
[2018.09.26-22.51.26:568][ 52]LogEditorFactories: Performing atomic reimport of [C:/Users/bened/Documents/Unreal Projects/RB6/Content/CustomMaps/UGC1523200099/Meshes/garage.fbx]
[2018.09.26-22.51.26:574][ 52]LogFbx: Loading FBX Scene from C:/Users/bened/Documents/Unreal Projects/RB6/Content/CustomMaps/UGC1523200099/Meshes/garage.fbx
[2018.09.26-22.51.26:578][ 52]LogFbx: FBX Scene Loaded Succesfully
[2018.09.26-22.51.26:581][ 52]LogStaticMesh: Building static mesh garage...
[2018.09.26-22.51.26:581][ 52]LogStaticMesh: Built static mesh [0.00s] /Game/CustomMaps/UGC1523200099/Meshes/garage.garage
[2018.09.26-22.51.26:582][ 52]LogEditorFactories: -- imported successfully
[2018.09.26-22.51.29:597][413]AssetReimport: Info Reimported asset garage from C:/Users/bened/Documents/Unreal Projects/RB6/Content/CustomMaps/UGC1523200099/Meshes/garage.fbx.
[2018.09.26-22.51.43:263][  9]LogActorFactory: Actor Factory created garage
[2018.09.26-22.51.43:936][ 89]LogActorFactory: Actor Factory created garage
[2018.09.26-22.52.39:013][887]LogTextFormatter:Warning: Failed to parse argument "ExistingAsset" as a number (using "0" as a fallback). Please check your format string for errors: "{ExistingAsset} already exists. Do you want to replace it?".
[2018.09.26-22.52.41:222][887]LogSavePackage: Save=14.93ms
[2018.09.26-22.52.41:222][887]LogSavePackage: Moving '../../../../../../Users/bened/Documents/Unreal Projects/RB6/Saved/House8F90932144056E9B72494C9E0CAD8AC5.tmp' to '../../../../../../Users/bened/Documents/Unreal Projects/RB6/Content/CustomMaps/UGC1523200099/House.umap'
[2018.09.26-22.52.41:226][887]LogSavePackage:Display: Finished SavePackage ../../../../../../Users/bened/Documents/Unreal Projects/RB6/Content/CustomMaps/UGC1523200099/House.umap
[2018.09.26-22.52.41:237][887]LogFileHelpers: Saving map 'House' took 0.251
[2018.09.26-22.52.41:254][887]LogSavePackage: Save=6.50ms
[2018.09.26-22.52.41:254][887]LogSavePackage: Moving '../../../../../../Users/bened/Documents/Unreal Projects/RB6/Saved/garage1AE99B414DDCF52DEA5B65943B031FDD.tmp' to '../../../../../../Users/bened/Documents/Unreal Projects/RB6/Content/CustomMaps/UGC1523200099/Meshes/garage.uasset'
[2018.09.26-22.52.41:258][887]LogSavePackage:Display: Finished SavePackage ../../../../../../Users/bened/Documents/Unreal Projects/RB6/Content/CustomMaps/UGC1523200099/Meshes/garage.uasset
[2018.09.26-22.53.00:830][229]LogEditor: Attempting to add actor of class 'Pavlov_Spawn' to level at -1720.00,-1150.00,112.00
[2018.09.26-22.53.00:831][229]LogNavigationPoint: PostEditMove Clear paths rebuilt
[2018.09.26-22.53.01:551][314]LogEditor: Attempting to add actor of class 'Pavlov_Spawn' to level at 640.00,470.00,642.00
[2018.09.26-22.53.01:552][314]LogNavigationPoint: PostEditMove Clear paths rebuilt
[2018.09.26-22.53.07:003][954]LogNavigationPoint: PostEditMove Clear paths rebuilt
[2018.09.26-22.55.02:555][379]AssetReimport: New page: Outstanding source content changes 2:55:02 AM
[2018.09.26-22.55.02:556][379]LogEditorFactories: Performing atomic reimport of [C:/Users/bened/Documents/Unreal Projects/RB6/Content/CustomMaps/UGC1523200099/Meshes/garage.fbx]
[2018.09.26-22.55.02:562][379]LogFbx: Loading FBX Scene from C:/Users/bened/Documents/Unreal Projects/RB6/Content/CustomMaps/UGC1523200099/Meshes/garage.fbx
[2018.09.26-22.55.02:566][379]LogFbx: FBX Scene Loaded Succesfully
[2018.09.26-22.55.02:570][379]LogStaticMesh: Building static mesh garage...
[2018.09.26-22.55.02:570][379]LogStaticMesh: Built static mesh [0.00s] /Game/CustomMaps/UGC1523200099/Meshes/garage.garage
[2018.09.26-22.55.02:573][379]LogEditorFactories: -- imported successfully
[2018.09.26-22.55.02:605][380]LogSavePackage: Save=6.55ms
[2018.09.26-22.55.02:605][380]LogSavePackage: Moving '../../../../../../Users/bened/Documents/Unreal Projects/RB6/Saved/garageA84F67664F585339EBACA9A560A64768.tmp' to '../../../../../../Users/bened/Documents/Unreal Projects/RB6/Content/CustomMaps/UGC1523200099/Meshes/garage.uasset'
[2018.09.26-22.55.02:609][380]LogSavePackage:Display: Finished SavePackage ../../../../../../Users/bened/Documents/Unreal Projects/RB6/Content/CustomMaps/UGC1523200099/Meshes/garage.uasset
[2018.09.26-22.55.05:611][738]AssetReimport: Info Reimported asset garage from C:/Users/bened/Documents/Unreal Projects/RB6/Content/CustomMaps/UGC1523200099/Meshes/garage.fbx.
[2018.09.26-22.56.47:988][827]LogEditorViewport: Clicking on Actor (LMB): StaticMeshActor (garage)
[2018.09.26-22.57.03:900][730]Cmd: TRANSACTION UNDO
[2018.09.26-22.57.03:900][730]LogEditorTransaction: Undo Set actor scale
[2018.09.26-23.00.59:745][722]LogFactory: FactoryCreateFile: Texture with ReimportTextureFactory (0 0 ../../../../../../Users/bened/Pictures/RB6 House Layout/beton.jpg)
[2018.09.26-23.00.59:963][722]LogTexture:Display: Building textures: beton (AutoDXT, 3888X2592) - 104 MB total VRAM
[2018.09.26-23.01.12:401][722]LogSavePackage: Save=17.25ms
[2018.09.26-23.01.12:401][722]LogSavePackage: Moving '../../../../../../Users/bened/Documents/Unreal Projects/RB6/Saved/House8A5429D8484FF65EE499B4A83C88486E.tmp' to '../../../../../../Users/bened/Documents/Unreal Projects/RB6/Content/CustomMaps/UGC1523200099/House.umap'
[2018.09.26-23.01.12:405][722]LogSavePackage:Display: Finished SavePackage ../../../../../../Users/bened/Documents/Unreal Projects/RB6/Content/CustomMaps/UGC1523200099/House.umap
[2018.09.26-23.01.12:416][722]LogFileHelpers: Saving map 'House' took 0.098
[2018.09.26-23.01.13:480][722]LogSavePackage: Save=1057.57ms
[2018.09.26-23.01.13:480][722]LogSavePackage: Moving '../../../../../../Users/bened/Documents/Unreal Projects/RB6/Saved/beton27957F8A4B42F94D2C22D19E50E45322.tmp' to '../../../../../../Users/bened/Documents/Unreal Projects/RB6/Content/CustomMaps/UGC1523200099/Meshes/beton.uasset'
[2018.09.26-23.01.13:485][722]LogSavePackage:Display: Finished SavePackage ../../../../../../Users/bened/Documents/Unreal Projects/RB6/Content/CustomMaps/UGC1523200099/Meshes/beton.uasset
[2018.09.26-23.01.20:590][563]LogMaterial: Missing cached shader map for material beton_Mat, compiling. 
[2018.09.26-23.01.20:591][563]LogTemp:Display: Added material ShaderMap 0x00000228C6EF6E80 with Material 0x00000228DEB49F00 to ShaderMapsBeingCompiled
[2018.09.26-23.01.20:599][563]LogTemp:Display: Kicking off shader compilation for beton_Mat, GameThreadShaderMap 0x00000228C6EF6E80
[2018.09.26-23.01.22:002][711]LogMaterial: Missing cached shader map for material beton_Mat, compiling. 
[2018.09.26-23.01.22:003][711]LogTemp:Display: Added material ShaderMap 0x00000228DBA27900 with Material 0x000002288B9CFD80 to ShaderMapsBeingCompiled
[2018.09.26-23.01.22:009][711]LogTemp:Display: Kicking off shader compilation for beton_Mat, GameThreadShaderMap 0x00000228DBA27900
[2018.09.26-23.01.22:128][711]LogMaterial: Missing cached shader map for material beton_Mat, compiling. 
[2018.09.26-23.01.22:129][711]LogTemp:Display: Added material ShaderMap 0x00000228FE08AB00 with Material 0x000002288B9CFD80 to ShaderMapsBeingCompiled
[2018.09.26-23.01.22:138][711]LogTemp:Display: Kicking off shader compilation for beton_Mat, GameThreadShaderMap 0x00000228FE08AB00
[2018.09.26-23.01.22:138][711]LogMaterial: 0.00 seconds spent updating 1 materials, 1 interfaces, 0 instances, 0 with static permutations.
[2018.09.26-23.01.22:167][711]LogMaterial: Missing cached shader map for material FMatExpressionPreview MaterialExpressionTextureSample_0, compiling. 
[2018.09.26-23.01.22:167][711]LogTemp:Display: Added material ShaderMap 0x000002290E303580 with Material 0x000002290E000D00 to ShaderMapsBeingCompiled
[2018.09.26-23.01.22:169][711]LogTemp:Display: Kicking off shader compilation for FMatExpressionPreview MaterialExpressionTextureSample_0, GameThreadShaderMap 0x000002290E303580
[2018.09.26-23.01.22:177][711]LogSlate: Took 0.001090 seconds to synchronously load lazily loaded font '../../../Engine/Content/Editor/Slate/Fonts/Roboto-BoldCondensed.ttf' (158K)
[2018.09.26-23.01.22:713][725]LogTemp:Display: Finished compile of shader map 0x00000228DBA27900
[2018.09.26-23.01.22:713][725]LogTemp:Display: Shader map beton_Mat complete, GameThreadShaderMap 0x00000228DBA27900, marking material beton_Mat as finished
[2018.09.26-23.01.22:713][725]LogTemp:Display: Marking material as finished 0x000002288B9CFD80
[2018.09.26-23.01.22:951][732]LogTemp:Display: Finished compile of shader map 0x00000228C6EF6E80
[2018.09.26-23.01.22:952][732]LogTemp:Display: Shader map beton_Mat complete, GameThreadShaderMap 0x00000228C6EF6E80, marking material beton_Mat as finished
[2018.09.26-23.01.22:952][732]LogTemp:Display: Marking material as finished 0x00000228DEB49F00
[2018.09.26-23.01.23:283][745]LogTemp:Display: Finished compile of shader map 0x000002290E303580
[2018.09.26-23.01.23:283][745]LogTemp:Display: Shader map FMatExpressionPreview MaterialExpressionTextureSample_0 complete, GameThreadShaderMap 0x000002290E303580, marking material FMatExpressionPreview MaterialExpressionTextureSample_0 as finished
[2018.09.26-23.01.23:283][745]LogTemp:Display: Marking material as finished 0x000002290E000D00
[2018.09.26-23.01.23:586][773]LogTemp:Display: Finished compile of shader map 0x00000228FE08AB00
[2018.09.26-23.01.23:587][773]LogTemp:Display: Shader map beton_Mat complete, GameThreadShaderMap 0x00000228FE08AB00, marking material beton_Mat as finished
[2018.09.26-23.01.23:587][773]LogTemp:Display: Marking material as finished 0x000002288B9CFD80
[2018.09.26-23.01.23:598][774]MaterialEditorStats: Info Base pass shader with only dynamic lighting: 540 instructions
[2018.09.26-23.01.23:598][774]MaterialEditorStats: Info Vertex shader: 141 instructions
[2018.09.26-23.01.23:598][774]MaterialEditorStats: Info Texture samplers: 3/16
[2018.09.26-23.01.37:934][446]LogMaterialEditor: Saving and Compiling material beton_Mat
[2018.09.26-23.01.37:953][446]LogSavePackage: Save=6.37ms
[2018.09.26-23.01.37:953][446]LogSavePackage: Moving '../../../../../../Users/bened/Documents/Unreal Projects/RB6/Saved/beton_Mat9C0E16D94AB8C772B4FD3A970B86E93B.tmp' to '../../../../../../Users/bened/Documents/Unreal Projects/RB6/Content/CustomMaps/UGC1523200099/Meshes/beton_Mat.uasset'
[2018.09.26-23.01.37:957][446]LogSavePackage:Display: Finished SavePackage ../../../../../../Users/bened/Documents/Unreal Projects/RB6/Content/CustomMaps/UGC1523200099/Meshes/beton_Mat.uasset
[2018.09.26-23.01.39:657][648]LogMaterialEditor: Saving and Compiling material beton_Mat
[2018.09.26-23.01.39:668][648]LogSavePackage: Save=2.28ms
[2018.09.26-23.01.39:668][648]LogSavePackage: Moving '../../../../../../Users/bened/Documents/Unreal Projects/RB6/Saved/beton_MatF3B027F44A5DA87662A7A4897953CA01.tmp' to '../../../../../../Users/bened/Documents/Unreal Projects/RB6/Content/CustomMaps/UGC1523200099/Meshes/beton_Mat.uasset'
[2018.09.26-23.01.39:670][648]LogSavePackage:Display: Finished SavePackage ../../../../../../Users/bened/Documents/Unreal Projects/RB6/Content/CustomMaps/UGC1523200099/Meshes/beton_Mat.uasset
[2018.09.26-23.01.55:816][563]LogEditorViewport: Clicking on Actor (LMB): StaticMeshActor (garage)
[2018.09.26-23.05.17:895][145]Cmd: QUIT_EDITOR
[2018.09.26-23.05.17:920][145]LogWindowsTextInputMethodSystem:Display: IME system now deactivated.
[2018.09.26-23.05.17:940][145]LogExit: Preparing to exit.
[2018.09.26-23.05.19:021][145]LogDirectoryWatcher: A directory notification for 'C:/Users/bened/Documents/Unreal Projects/RB6/Content/' was aborted.
[2018.09.26-23.05.19:041][145]LogExit: Editor shut down
[2018.09.26-23.05.19:041][145]LogExit: Transaction tracking system shut down
[2018.09.26-23.05.19:105][145]LogObj: Freed 0b from 0 cluster array pools.
[2018.09.26-23.05.19:105][145]LogExit: Object subsystem successfully closed.
[2018.09.26-23.05.19:122][145]LogD3D11RHI: Shutdown
[2018.09.26-23.05.19:122][145]LogD3D11RHI: CleanupD3DDevice
[2018.09.26-23.05.19:182][145]LogD3D11RHI: ~FD3D11DynamicRHI
[2018.09.26-23.05.19:208][145]LogModuleManager: Shutting down and abandoning module MaterialEditor (506)
[2018.09.26-23.05.19:208][145]LogModuleManager: Shutting down and abandoning module StaticMeshEditor (504)
[2018.09.26-23.05.19:208][145]LogModuleManager: Shutting down and abandoning module HierarchicalLODOutliner (502)
[2018.09.26-23.05.19:208][145]LogModuleManager: Shutting down and abandoning module CrashTracker (500)
[2018.09.26-23.05.19:208][145]LogModuleManager: Shutting down and abandoning module SceneOutliner (498)
[2018.09.26-23.05.19:208][145]LogModuleManager: Shutting down and abandoning module AddContentDialog (496)
[2018.09.26-23.05.19:208][145]LogDirectoryWatcher: A directory notification for 'C:/Program Files/Epic Games/UE_4.15/FeaturePacks/' was aborted.
[2018.09.26-23.05.19:210][145]LogModuleManager: Shutting down and abandoning module WidgetCarousel (495)
[2018.09.26-23.05.19:210][145]LogModuleManager: Shutting down and abandoning module EditorWidgets (492)
[2018.09.26-23.05.19:210][145]LogModuleManager: Shutting down and abandoning module CollectionManager (490)
[2018.09.26-23.05.19:210][145]LogDirectoryWatcher: A directory notification for 'C:/Users/bened/Documents/Unreal Projects/RB6/Content/Collections/' was aborted.
[2018.09.26-23.05.19:210][145]LogDirectoryWatcher: A directory notification for 'C:/Users/bened/Documents/Unreal Projects/RB6/Content/Developers/bened/Collections/' was aborted.
[2018.09.26-23.05.19:210][145]LogDirectoryWatcher: A directory notification for 'C:/Users/bened/Documents/Unreal Projects/RB6/Saved/Collections/' was aborted.
[2018.09.26-23.05.19:210][145]LogModuleManager: Shutting down and abandoning module StatsViewer (488)
[2018.09.26-23.05.19:210][145]LogModuleManager: Shutting down and abandoning module FoliageEdit (486)
[2018.09.26-23.05.19:210][145]LogModuleManager: Shutting down and abandoning module LandscapeEditor (484)
[2018.09.26-23.05.19:210][145]LogModuleManager: Shutting down and abandoning module SceneDepthPickerMode (482)
[2018.09.26-23.05.19:210][145]LogModuleManager: Shutting down and abandoning module ActorPickerMode (480)
[2018.09.26-23.05.19:210][145]LogModuleManager: Shutting down and abandoning module GeometryMode (478)
[2018.09.26-23.05.19:210][145]LogModuleManager: Shutting down and abandoning module TextureAlignMode (476)
[2018.09.26-23.05.19:210][145]LogModuleManager: Shutting down and abandoning module BspMode (474)
[2018.09.26-23.05.19:210][145]LogModuleManager: Shutting down and abandoning module HardwareSurvey (472)
[2018.09.26-23.05.19:210][145]LogModuleManager: Shutting down and abandoning module SequenceRecorderSections (470)
[2018.09.26-23.05.19:210][145]LogModuleManager: Shutting down and abandoning module AutomationWorker (468)
[2018.09.26-23.05.19:210][145]LogModuleManager: Shutting down and abandoning module CustomMapTools (466)
[2018.09.26-23.05.19:210][145]LogModuleManager: Shutting down and abandoning module MatineeToLevelSequence (464)
[2018.09.26-23.05.19:210][145]LogModuleManager: Shutting down and abandoning module LevelSequenceEditor (462)
[2018.09.26-23.05.19:211][145]LogModuleManager: Shutting down and abandoning module PlacementMode (461)
[2018.09.26-23.05.19:211][145]LogModuleManager: Shutting down and abandoning module WmfMediaFactory (458)
[2018.09.26-23.05.19:211][145]LogModuleManager: Shutting down and abandoning module WmfMediaEditor (456)
[2018.09.26-23.05.19:211][145]LogModuleManager: Shutting down and abandoning module MfMediaFactory (454)
[2018.09.26-23.05.19:211][145]LogModuleManager: Shutting down and abandoning module MfMediaEditor (452)
[2018.09.26-23.05.19:211][145]LogModuleManager: Shutting down and abandoning module AvfMediaFactory (450)
[2018.09.26-23.05.19:211][145]LogModuleManager: Shutting down and abandoning module AvfMediaEditor (448)
[2018.09.26-23.05.19:211][145]LogModuleManager: Shutting down and abandoning module AndroidMediaFactory (446)
[2018.09.26-23.05.19:211][145]LogModuleManager: Shutting down and abandoning module Media (445)
[2018.09.26-23.05.19:211][145]LogModuleManager: Shutting down and abandoning module AndroidMediaEditor (442)
[2018.09.26-23.05.19:211][145]LogModuleManager: Shutting down and abandoning module CharacterAI (440)
[2018.09.26-23.05.19:211][145]LogModuleManager: Shutting down and abandoning module AudioCapture (438)
[2018.09.26-23.05.19:211][145]LogModuleManager: Shutting down and abandoning module SequenceRecorder (437)
[2018.09.26-23.05.19:211][145]LogModuleManager: Shutting down and abandoning module SmartSnapping (434)
[2018.09.26-23.05.19:211][145]LogModuleManager: Shutting down and abandoning module SessionServices (432)
[2018.09.26-23.05.19:211][145]LogModuleManager: Shutting down and abandoning module ViewportSnapping (430)
[2018.09.26-23.05.19:211][145]LogModuleManager: Shutting down and abandoning module ViewportInteraction (428)
[2018.09.26-23.05.19:211][145]LogModuleManager: Shutting down and abandoning module LogVisualizer (426)
[2018.09.26-23.05.19:212][145]LogModuleManager: Shutting down and abandoning module IntroTutorials (424)
[2018.09.26-23.05.19:212][145]LogModuleManager: Shutting down and abandoning module GameProjectGeneration (423)
[2018.09.26-23.05.19:212][145]LogModuleManager: Shutting down and abandoning module EditorLiveStreaming (420)
[2018.09.26-23.05.19:212][145]LogModuleManager: Shutting down and abandoning module IOSPlatformEditor (418)
[2018.09.26-23.05.19:212][145]LogModuleManager: Shutting down and abandoning module HTML5PlatformEditor (416)
[2018.09.26-23.05.19:212][145]LogModuleManager: Shutting down and abandoning module AndroidPlatformEditor (414)
[2018.09.26-23.05.19:212][145]LogModuleManager: Shutting down and abandoning module AndroidDeviceDetection (413)
[2018.09.26-23.05.19:948][145]LogModuleManager: Shutting down and abandoning module IOSRuntimeSettings (410)
[2018.09.26-23.05.19:948][145]LogModuleManager: Shutting down and abandoning module AndroidRuntimeSettings (408)
[2018.09.26-23.05.19:948][145]LogModuleManager: Shutting down and abandoning module InputBindingEditor (406)
[2018.09.26-23.05.19:948][145]LogModuleManager: Shutting down and abandoning module NiagaraEditor (404)
[2018.09.26-23.05.19:949][145]LogModuleManager: Shutting down and abandoning module MergeActors (402)
[2018.09.26-23.05.19:953][145]LogModuleManager: Shutting down and abandoning module SizeMap (400)
[2018.09.26-23.05.19:953][145]LogModuleManager: Shutting down and abandoning module TreeMap (398)
[2018.09.26-23.05.19:953][145]LogModuleManager: Shutting down and abandoning module ReferenceViewer (396)
[2018.09.26-23.05.19:953][145]LogModuleManager: Shutting down and abandoning module LocalizationDashboard (394)
[2018.09.26-23.05.19:953][145]LogModuleManager: Shutting down and abandoning module LocalizationService (393)
[2018.09.26-23.05.19:954][145]LogModuleManager: Shutting down and abandoning module HardwareTargeting (390)
[2018.09.26-23.05.19:954][145]LogModuleManager: Shutting down and abandoning module DeviceProfileEditor (388)
[2018.09.26-23.05.19:954][145]LogModuleManager: Shutting down and abandoning module UndoHistory (386)
[2018.09.26-23.05.19:954][145]LogModuleManager: Shutting down and abandoning module UserFeedback (384)
[2018.09.26-23.05.19:954][145]LogModuleManager: Shutting down and abandoning module XmlParser (382)
[2018.09.26-23.05.19:954][145]LogModuleManager: Shutting down and abandoning module Blutility (380)
[2018.09.26-23.05.19:954][145]LogModuleManager: Shutting down and abandoning module ProjectSettingsViewer (378)
[2018.09.26-23.05.19:954][145]LogModuleManager: Shutting down and abandoning module ProjectTargetPlatformEditor (377)
[2018.09.26-23.05.19:954][145]LogModuleManager: Shutting down and abandoning module EditorSettingsViewer (374)
[2018.09.26-23.05.19:954][145]LogModuleManager: Shutting down and abandoning module SettingsEditor (372)
[2018.09.26-23.05.19:954][145]LogModuleManager: Shutting down and abandoning module ProjectLauncher (370)
[2018.09.26-23.05.19:955][145]LogModuleManager: Shutting down and abandoning module SessionFrontend (368)
[2018.09.26-23.05.19:955][145]LogModuleManager: Shutting down and abandoning module ProfilerClient (366)
[2018.09.26-23.05.19:955][145]LogModuleManager: Shutting down and abandoning module DeviceManager (364)
[2018.09.26-23.05.19:955][145]LogModuleManager: Shutting down and abandoning module TargetDeviceServices (363)
[2018.09.26-23.05.20:000][145]LogModuleManager: Shutting down and abandoning module AutomationController (360)
[2018.09.26-23.05.20:000][145]LogModuleManager: Shutting down and abandoning module AutomationWindow (358)
[2018.09.26-23.05.20:000][145]LogModuleManager: Shutting down and abandoning module Layers (356)
[2018.09.26-23.05.20:001][145]LogModuleManager: Shutting down and abandoning module ComponentVisualizers (354)
[2018.09.26-23.05.20:001][145]LogModuleManager: Shutting down and abandoning module DetailCustomizations (352)
[2018.09.26-23.05.20:001][145]LogModuleManager: Shutting down and abandoning module PackagesDialog (350)
[2018.09.26-23.05.20:001][145]LogModuleManager: Shutting down and abandoning module Persona (348)
[2018.09.26-23.05.20:001][145]LogModuleManager: Shutting down and abandoning module AnimGraph (347)
[2018.09.26-23.05.20:001][145]LogModuleManager: Shutting down and abandoning module Kismet (344)
[2018.09.26-23.05.20:002][145]LogModuleManager: Shutting down and abandoning module GraphEditor (342)
[2018.09.26-23.05.20:002][145]LogModuleManager: Shutting down and abandoning module ClassViewer (340)
[2018.09.26-23.05.20:002][145]LogModuleManager: Shutting down and abandoning module Toolbox (338)
[2018.09.26-23.05.20:002][145]LogModuleManager: Shutting down and abandoning module ModuleUI (336)
[2018.09.26-23.05.20:003][145]LogModuleManager: Shutting down and abandoning module MovieSceneTools (334)
[2018.09.26-23.05.20:003][145]LogModuleManager: Shutting down and abandoning module OutputLog (332)
[2018.09.26-23.05.20:003][145]LogModuleManager: Shutting down and abandoning module GammaUI (330)
[2018.09.26-23.05.20:003][145]LogModuleManager: Shutting down and abandoning module Documentation (328)
[2018.09.26-23.05.20:003][145]LogModuleManager: Shutting down and abandoning module Niagara (326)
[2018.09.26-23.05.20:003][145]LogModuleManager: Shutting down and abandoning module StreamingPauseRendering (324)
[2018.09.26-23.05.20:003][145]LogModuleManager: Shutting down and abandoning module AnalyticsET (322)
[2018.09.26-23.05.20:003][145]LogModuleManager: Shutting down and abandoning module PortalServices (320)
[2018.09.26-23.05.20:003][145]LogModuleManager: Shutting down and abandoning module PortalRpc (318)
[2018.09.26-23.05.20:003][145]LogModuleManager: Shutting down and abandoning module MessagingRpc (316)
[2018.09.26-23.05.20:003][145]LogModuleManager: Shutting down and abandoning module AIModule (314)
[2018.09.26-23.05.20:003][145]LogModuleManager: Shutting down and abandoning module GameplayDebugger (313)
[2018.09.26-23.05.20:003][145]LogModuleManager: Shutting down and abandoning module AITestSuite (311)
[2018.09.26-23.05.20:003][145]LogModuleManager: Shutting down and abandoning module ProfilerService (308)
[2018.09.26-23.05.20:206][145]LogModuleManager: Shutting down and abandoning module TaskGraph (306)
[2018.09.26-23.05.20:208][145]LogModuleManager: Shutting down and abandoning module PavlovProxy (304)
[2018.09.26-23.05.20:208][145]LogModuleManager: Shutting down and abandoning module SteamVRController (302)
[2018.09.26-23.05.20:208][145]LogModuleManager: Shutting down and abandoning module SteamVR (300)
[2018.09.26-23.05.20:208][145]LogModuleManager: Shutting down and abandoning module ProceduralMeshComponentEditor (298)
[2018.09.26-23.05.20:208][145]LogModuleManager: Shutting down and abandoning module ProceduralMeshComponent (296)
[2018.09.26-23.05.20:208][145]LogModuleManager: Shutting down and abandoning module OculusLibrary (294)
[2018.09.26-23.05.20:208][145]LogModuleManager: Shutting down and abandoning module OculusInput (292)
[2018.09.26-23.05.20:208][145]LogModuleManager: Shutting down and abandoning module MobilePatchingUtils (290)
[2018.09.26-23.05.20:208][145]LogModuleManager: Shutting down and abandoning module CustomMeshComponent (288)
[2018.09.26-23.05.20:208][145]LogModuleManager: Shutting down and abandoning module CableComponent (286)
[2018.09.26-23.05.20:208][145]LogModuleManager: Shutting down and abandoning module ArchVisCharacter (284)
[2018.09.26-23.05.20:208][145]LogModuleManager: Shutting down and abandoning module MediaPlayerEditor (280)
[2018.09.26-23.05.20:208][145]LogModuleManager: Shutting down and abandoning module HTML5Networking (278)
[2018.09.26-23.05.20:208][145]LogModuleManager: Shutting down and abandoning module AlembicImporter (276)
[2018.09.26-23.05.20:208][145]LogModuleManager: Shutting down and abandoning module AlembicLibrary (275)
[2018.09.26-23.05.20:208][145]LogModuleManager: Shutting down and abandoning module GeometryCache (274)
[2018.09.26-23.05.20:208][145]LogModuleManager: Shutting down and abandoning module GeometryCacheEd (273)
[2018.09.26-23.05.20:208][145]LogModuleManager: Shutting down and abandoning module SuperSearchEditor (268)
[2018.09.26-23.05.20:208][145]LogModuleManager: Shutting down and abandoning module SuperSearch (267)
[2018.09.26-23.05.20:208][145]LogModuleManager: Shutting down and abandoning module SpeedTreeImporter (264)
[2018.09.26-23.05.20:208][145]LogModuleManager: Shutting down and abandoning module PluginBrowser (262)
[2018.09.26-23.05.20:208][145]LogModuleManager: Shutting down and abandoning module MobileLauncherProfileWizard (260)
[2018.09.26-23.05.20:209][145]LogModuleManager: Shutting down and abandoning module EpicSurvey (258)
[2018.09.26-23.05.20:209][145]LogModuleManager: Shutting down and abandoning module VisualStudioSourceCodeAccess (256)
[2018.09.26-23.05.20:209][145]LogModuleManager: Shutting down and abandoning module DesktopPlatform (255)
[2018.09.26-23.05.20:209][145]LogModuleManager: Shutting down and abandoning module UObjectPlugin (252)
[2018.09.26-23.05.20:209][145]LogModuleManager: Shutting down and abandoning module SubversionSourceControl (250)
[2018.09.26-23.05.20:209][145]LogModuleManager: Shutting down and abandoning module PerforceSourceControl (248)
[2018.09.26-23.05.20:209][145]LogModuleManager: Shutting down and abandoning module GitSourceControl (246)
[2018.09.26-23.05.20:209][145]LogModuleManager: Shutting down and abandoning module SourceControl (245)
[2018.09.26-23.05.20:209][145]LogModuleManager: Shutting down and abandoning module LightPropagationVolumeEditor (242)
[2018.09.26-23.05.20:209][145]LogModuleManager: Shutting down and abandoning module PaperTiledImporter (240)
[2018.09.26-23.05.20:209][145]LogModuleManager: Shutting down and abandoning module PaperSpriteSheetImporter (238)
[2018.09.26-23.05.20:209][145]LogModuleManager: Shutting down and abandoning module Paper2DEditor (236)
[2018.09.26-23.05.20:209][145]LogModuleManager: Shutting down and abandoning module MeshPaint (235)
[2018.09.26-23.05.20:209][145]LogModuleManager: Shutting down and abandoning module LevelEditor (233)
[2018.09.26-23.05.20:209][145]LogModuleManager: Shutting down and abandoning module PixelInspectorModule (232)
[2018.09.26-23.05.20:209][145]LogModuleManager: Shutting down and abandoning module MainFrame (230)
[2018.09.26-23.05.20:209][145]LogModuleManager: Shutting down and abandoning module HotReload (229)
[2018.09.26-23.05.20:210][145]LogModuleManager: Shutting down and abandoning module ContentBrowser (225)
[2018.09.26-23.05.20:211][145]LogModuleManager: Shutting down and abandoning module PhysXVehiclesEditor (222)
[2018.09.26-23.05.20:211][145]LogModuleManager: Shutting down and abandoning module PhysXVehicles (220)
[2018.09.26-23.05.20:211][145]LogModuleManager: Shutting down and abandoning module LocationServicesBPLibrary (218)
[2018.09.26-23.05.20:211][145]LogModuleManager: Shutting down and abandoning module UdpMessaging (216)
[2018.09.26-23.05.20:312][145]LogModuleManager: Shutting down and abandoning module TcpMessaging (214)
[2018.09.26-23.05.20:413][145]LogModuleManager: Shutting down and abandoning module GameplayTagsEditor (212)
[2018.09.26-23.05.20:414][145]LogModuleManager: Shutting down and abandoning module FacialAnimationEditor (210)
[2018.09.26-23.05.20:414][145]LogModuleManager: Shutting down and abandoning module FacialAnimation (208)
[2018.09.26-23.05.20:414][145]LogModuleManager: Shutting down and abandoning module LightPropagationVolumeRuntime (206)
[2018.09.26-23.05.20:414][145]LogModuleManager: Shutting down and abandoning module Paper2D (204)
[2018.09.26-23.05.20:414][145]LogModuleManager: Shutting down and abandoning module WindowsMoviePlayer (202)
[2018.09.26-23.05.20:414][145]LogModuleManager: Shutting down and abandoning module WmfMedia (200)
[2018.09.26-23.05.20:417][145]LogModuleManager: Shutting down and abandoning module MfMedia (198)
[2018.09.26-23.05.20:417][145]LogModuleManager: Shutting down and abandoning module MediaAssets (196)
[2018.09.26-23.05.20:417][145]LogModuleManager: Shutting down and abandoning module GameLiveStreaming (194)
[2018.09.26-23.05.20:417][145]LogModuleManager: Shutting down and abandoning module VREditor (192)
[2018.09.26-23.05.20:417][145]LogModuleManager: Shutting down and abandoning module GameplayTasksEditor (190)
[2018.09.26-23.05.20:417][145]LogModuleManager: Shutting down and abandoning module BehaviorTreeEditor (188)
[2018.09.26-23.05.20:418][145]LogModuleManager: Shutting down and abandoning module FunctionalTesting (186)
[2018.09.26-23.05.20:418][145]LogModuleManager: Shutting down and abandoning module CollisionAnalyzer (184)
[2018.09.26-23.05.20:418][145]LogModuleManager: Shutting down and abandoning module UMG (182)
[2018.09.26-23.05.20:419][145]LogModuleManager: Shutting down and abandoning module UMGEditor (181)
[2018.09.26-23.05.20:419][145]LogModuleManager: Shutting down and abandoning module Sequencer (180)
[2018.09.26-23.05.20:420][145]LogModuleManager: Shutting down and abandoning module AssetTools (178)
[2018.09.26-23.05.20:420][145]LogModuleManager: Shutting down and abandoning module MessageLog (177)
[2018.09.26-23.05.20:420][145]LogModuleManager: Shutting down and abandoning module WorkspaceMenuStructure (176)
[2018.09.26-23.05.20:420][145]LogModuleManager: Shutting down and abandoning module SlateReflector (170)
[2018.09.26-23.05.20:421][145]LogModuleManager: Shutting down and abandoning module Slate (168)
[2018.09.26-23.05.20:421][145]LogModuleManager: Shutting down and abandoning module EditorStyle (166)
[2018.09.26-23.05.20:423][145]LogModuleManager: Shutting down and abandoning module SourceCodeAccess (164)
[2018.09.26-23.05.20:423][145]LogModuleManager: Shutting down and abandoning module HeadMountedDisplay (162)
[2018.09.26-23.05.20:423][145]LogModuleManager: Shutting down and abandoning module XAudio2 (160)
[2018.09.26-23.05.20:423][145]LogModuleManager: Shutting down and abandoning module Networking (158)
[2018.09.26-23.05.20:423][145]LogModuleManager: Shutting down and abandoning module Core (154)
[2018.09.26-23.05.20:423][145]LogModuleManager: Shutting down and abandoning module AssetRegistry (152)
[2018.09.26-23.05.20:624][145]LogDirectoryWatcher: A directory notification for '../../../Engine/Content/' was aborted.
[2018.09.26-23.05.20:624][145]LogDirectoryWatcher: A directory notification for '../../../../../../Users/bened/Documents/Unreal Projects/RB6/Content/' was aborted.
[2018.09.26-23.05.20:624][145]LogDirectoryWatcher: A directory notification for '../../../Engine/Plugins/2D/Paper2D/Content/' was aborted.
[2018.09.26-23.05.20:624][145]LogDirectoryWatcher: A directory notification for '../../../../../../Users/bened/Documents/Unreal Projects/RB6/Plugins/CustomMapTools/Content/' was aborted.
[2018.09.26-23.05.20:625][145]LogModuleManager: Shutting down and abandoning module DirectoryWatcher (151)
[2018.09.26-23.05.20:626][145]LogModuleManager: Shutting down and abandoning module KismetCompiler (148)
[2018.09.26-23.05.20:626][145]LogModuleManager: Shutting down and abandoning module PhysXFormats (146)
[2018.09.26-23.05.20:626][145]LogModuleManager: Shutting down and abandoning module MeshUtilities (144)
[2018.09.26-23.05.20:626][145]LogModuleManager: Shutting down and abandoning module SimplygonSwarm (143)
[2018.09.26-23.05.20:626][145]LogModuleManager: Shutting down and abandoning module SimplygonMeshReduction (141)
[2018.09.26-23.05.20:626][145]LogModuleManager: Shutting down and abandoning module QuadricMeshReduction (139)
[2018.09.26-23.05.20:626][145]LogModuleManager: Shutting down and abandoning module PropertyEditor (137)
[2018.09.26-23.05.20:626][145]LogModuleManager: Shutting down and abandoning module DerivedDataCache (134)
[2018.09.26-23.05.20:705][145]LogDerivedDataCache: Shutdown
[2018.09.26-23.05.20:705][145]LogModuleManager: Shutting down and abandoning module TargetPlatform (132)
[2018.09.26-23.05.20:705][145]LogModuleManager: Shutting down and abandoning module VulkanShaderFormat (131)
[2018.09.26-23.05.20:705][145]LogModuleManager: Shutting down and abandoning module ShaderFormatOpenGL (129)
[2018.09.26-23.05.20:707][145]LogModuleManager: Shutting down and abandoning module ShaderFormatD3D (127)
[2018.09.26-23.05.20:707][145]LogModuleManager: Shutting down and abandoning module MetalShaderFormat (125)
[2018.09.26-23.05.20:707][145]LogModuleManager: Shutting down and abandoning module TextureFormatUncompressed (123)
[2018.09.26-23.05.20:707][145]LogModuleManager: Shutting down and abandoning module TextureFormatPVR (121)
[2018.09.26-23.05.20:707][145]LogModuleManager: Shutting down and abandoning module TextureFormatDXT (119)
[2018.09.26-23.05.20:707][145]LogModuleManager: Shutting down and abandoning module TextureFormatIntelISPCTexComp (117)
[2018.09.26-23.05.20:707][145]LogModuleManager: Shutting down and abandoning module TextureFormatASTC (115)
[2018.09.26-23.05.20:707][145]LogModuleManager: Shutting down and abandoning module ImageWrapper (114)
[2018.09.26-23.05.20:707][145]LogModuleManager: Shutting down and abandoning module TextureFormatAndroid (111)
[2018.09.26-23.05.20:707][145]LogModuleManager: Shutting down and abandoning module AudioFormatOpus (109)
[2018.09.26-23.05.20:707][145]LogModuleManager: Shutting down and abandoning module AudioFormatOgg (107)
[2018.09.26-23.05.20:707][145]LogModuleManager: Shutting down and abandoning module AudioFormatADPCM (105)
[2018.09.26-23.05.20:707][145]LogModuleManager: Shutting down and abandoning module LinuxTargetPlatform (103)
[2018.09.26-23.05.20:707][145]LogModuleManager: Shutting down and abandoning module LinuxServerTargetPlatform (101)
[2018.09.26-23.05.20:707][145]LogModuleManager: Shutting down and abandoning module LinuxNoEditorTargetPlatform (99)
[2018.09.26-23.05.20:707][145]LogModuleManager: Shutting down and abandoning module LinuxClientTargetPlatform (97)
[2018.09.26-23.05.20:707][145]LogModuleManager: Shutting down and abandoning module TVOSTargetPlatform (95)
[2018.09.26-23.05.20:707][145]LogModuleManager: Shutting down and abandoning module Messaging (93)
[2018.09.26-23.05.20:707][145]LogModuleManager: Shutting down and abandoning module IOSTargetPlatform (91)
[2018.09.26-23.05.20:707][145]LogModuleManager: Shutting down and abandoning module HTML5TargetPlatform (89)
[2018.09.26-23.05.20:707][145]LogModuleManager: Shutting down and abandoning module Android_PVRTCTargetPlatform (87)
[2018.09.26-23.05.20:707][145]LogModuleManager: Shutting down and abandoning module Android_MultiTargetPlatform (85)
[2018.09.26-23.05.20:707][145]LogModuleManager: Shutting down and abandoning module Android_ETC2TargetPlatform (83)
[2018.09.26-23.05.20:707][145]LogModuleManager: Shutting down and abandoning module Android_ETC1TargetPlatform (81)
[2018.09.26-23.05.20:707][145]LogModuleManager: Shutting down and abandoning module Android_DXTTargetPlatform (79)
[2018.09.26-23.05.20:707][145]LogModuleManager: Shutting down and abandoning module Android_ATCTargetPlatform (77)
[2018.09.26-23.05.20:707][145]LogModuleManager: Shutting down and abandoning module Android_ASTCTargetPlatform (75)
[2018.09.26-23.05.20:707][145]LogModuleManager: Shutting down and abandoning module AndroidTargetPlatform (73)
[2018.09.26-23.05.20:707][145]LogModuleManager: Shutting down and abandoning module WindowsTargetPlatform (71)
[2018.09.26-23.05.20:707][145]LogModuleManager: Shutting down and abandoning module WindowsServerTargetPlatform (69)
[2018.09.26-23.05.20:707][145]LogModuleManager: Shutting down and abandoning module WindowsNoEditorTargetPlatform (67)
[2018.09.26-23.05.20:707][145]LogModuleManager: Shutting down and abandoning module WindowsClientTargetPlatform (65)
[2018.09.26-23.05.20:708][145]LogModuleManager: Shutting down and abandoning module MacTargetPlatform (63)
[2018.09.26-23.05.20:708][145]LogModuleManager: Shutting down and abandoning module MacServerTargetPlatform (61)
[2018.09.26-23.05.20:708][145]LogModuleManager: Shutting down and abandoning module MacNoEditorTargetPlatform (59)
[2018.09.26-23.05.20:708][145]LogModuleManager: Shutting down and abandoning module MacClientTargetPlatform (57)
[2018.09.26-23.05.20:708][145]LogModuleManager: Shutting down and abandoning module AllDesktopTargetPlatform (55)
[2018.09.26-23.05.20:708][145]LogModuleManager: Shutting down and abandoning module InputCore (52)
[2018.09.26-23.05.20:708][145]LogModuleManager: Shutting down and abandoning module Settings (50)
[2018.09.26-23.05.20:708][145]LogModuleManager: Shutting down and abandoning module OculusRift (48)
[2018.09.26-23.05.20:709][145]LogHMD: Oculus shutdown.
[2018.09.26-23.05.20:709][145]LogModuleManager: Shutting down and abandoning module GearVR (46)
[2018.09.26-23.05.20:709][145]LogModuleManager: Shutting down and abandoning module ExampleDeviceProfileSelector (44)
[2018.09.26-23.05.20:709][145]LogModuleManager: Shutting down and abandoning module OnlineBlueprintSupport (42)
[2018.09.26-23.05.20:709][145]LogModuleManager: Shutting down and abandoning module OnlineSubsystem (38)
[2018.09.26-23.05.20:709][145]LogOnline:Display: Unloading online subsystem: NULL
[2018.09.26-23.05.20:709][145]LogModuleManager: Shutting down and abandoning module XMPP (37)
[2018.09.26-23.05.20:709][145]LogModuleManager: Shutting down and abandoning module HTTP (35)
[2018.09.26-23.05.20:709][145]LogHttp:Display: Http module shutting down, but needs to wait on 1 outstanding Http requests:
[2018.09.26-23.05.20:709][145]LogHttp:Display: 	verb=[POST] url=[https://datarouter.ol.epicgames.com/datarouter/api/v1/public/data?SessionID=%7B86A95344-4230-2E44-C6B7-2990AB07AB71%7D&AppID=UEEditor.Rocket.Release&AppVersion=4.15.3-3450819%2B%2B%2BUE4%2BRelease-4.15&UserID=132eb2404e9ea2bdbc4f9698e9e3a892%7C6bb19902c93d4af6804341a225194644%7Cc02fd5b2-ba45-4284-a3d4-f9ee82ce8279&AppEnvironment=datacollector-binary&UploadType=eteventstream] status=Processing
[2018.09.26-23.05.20:731][145]LogModuleManager: Shutting down and abandoning module SSL (34)
[2018.09.26-23.05.20:731][145]LogModuleManager: Shutting down and abandoning module AudioEditor (30)
[2018.09.26-23.05.20:732][145]LogModuleManager: Shutting down and abandoning module TextureCompressor (28)
[2018.09.26-23.05.20:732][145]LogModuleManager: Shutting down and abandoning module ShaderCore (26)
[2018.09.26-23.05.20:732][145]LogModuleManager: Shutting down and abandoning module Landscape (24)
[2018.09.26-23.05.20:732][145]LogModuleManager: Shutting down and abandoning module SlateRHIRenderer (22)
[2018.09.26-23.05.20:734][145]LogModuleManager: Shutting down and abandoning module OpenGLDrv (20)
[2018.09.26-23.05.20:735][145]LogModuleManager: Shutting down and abandoning module D3D11RHI (18)
[2018.09.26-23.05.20:735][145]LogModuleManager: Shutting down and abandoning module AnimGraphRuntime (16)
[2018.09.26-23.05.20:735][145]LogModuleManager: Shutting down and abandoning module Renderer (14)
[2018.09.26-23.05.20:735][145]LogModuleManager: Shutting down and abandoning module Engine (12)
[2018.09.26-23.05.20:735][145]LogModuleManager: Shutting down and abandoning module CoreUObject (10)
[2018.09.26-23.05.20:735][145]LogModuleManager: Shutting down and abandoning module NetworkFile (8)
[2018.09.26-23.05.20:735][145]LogModuleManager: Shutting down and abandoning module StreamingFile (6)
[2018.09.26-23.05.20:735][145]LogModuleManager: Shutting down and abandoning module SandboxFile (4)
[2018.09.26-23.05.20:735][145]LogModuleManager: Shutting down and abandoning module PakFile (2)
[2018.09.26-23.05.20:737][145]LogExit: Exiting.
[2018.09.26-23.05.20:744][145]Log file closed, 09/27/18 01:05:20
