Log file open, 11/06/18 09:26:39
LogInit:Display: Running engine for game: Pavlov
LogPlatformFile: Not using cached read wrapper
LogInit:Display: RandInit(183764933) SRandInit(183764934).
LogTaskGraph: Started task graph with 5 named threads and 10 total threads with 1 sets of task threads.
LogStats: Stats thread started at 0.122255
LogInit: Using libcurl 7.47.1
LogInit:  - built for x86_64-pc-win32
LogInit:  - supports SSL with OpenSSL/1.0.2g
LogInit:  - supports HTTP deflate (compression) using libz 1.2.8
LogInit:  - other features:
LogInit:      CURL_VERSION_SSL
LogInit:      CURL_VERSION_LIBZ
LogInit:      CURL_VERSION_IPV6
LogInit:      CURL_VERSION_ASYNCHDNS
LogInit:      CURL_VERSION_LARGEFILE
LogInit:      CURL_VERSION_IDN
LogInit:  CurlRequestOptions (configurable via config and command line):
LogInit:  - bVerifyPeer = false  - Libcurl will NOT verify peer certificate
LogInit:  - bUseHttpProxy = false  - Libcurl will NOT use HTTP proxy
LogInit:  - bDontReuseConnections = false  - Libcurl will reuse connections
LogInit:  - CertBundlePath = nullptr  - Libcurl will use whatever was configured at build time.
OCULUS: Info: [CAPI] LibOVR module is located at C:\Program Files\Oculus\Support\oculus-runtime\LibOVRRT64_1.dll
OCULUS: Info: Connected to the server running version (prod = 1).1.31.0(build = 686553) feature version = 0. Client runs version (prod = 1).1.31.0(build = 0) feature version = 0
OCULUS: Debug: [HMDState] Using default profile default
OCULUS: Info: IAD changed to 60.0mm
OCULUS: Debug: Creating factory
LogHMD: GearVR: Emulating GearVR using Oculus Rift!
LogInit: Build: ++UE4+Release-4.15-CL-3450819
LogInit: Engine Version: 4.15.3-3450819+++UE4+Release-4.15
LogInit: Compatible Engine Version: 4.15.0-3299760+++UE4+Release-4.15
LogInit: Net CL: 3299760
LogDevObjectVersion: Number of dev versions registered: 14
LogDevObjectVersion:   Dev-Blueprints (B0D832E4-1F89-4F0D-ACCF-7EB736FD4AA2): 8
LogDevObjectVersion:   Dev-Build (E1C64328-A22C-4D53-A36C-8E866417BD8C): 0
LogDevObjectVersion:   Dev-Core (375EC13C-06E4-48FB-B500-84F0262A717E): 2
LogDevObjectVersion:   Dev-Editor (E4B068ED-F494-42E9-A231-DA0B2E46BB41): 14
LogDevObjectVersion:   Dev-Framework (CFFC743F-43B0-4480-9391-14DF171D2073): 22
LogDevObjectVersion:   Dev-Mobile (B02B49B5-BB20-44E9-A304-32B752E40360): 0
LogDevObjectVersion:   Dev-Networking (A4E4105C-59A1-49B5-A7C5-40C4547EDFEE): 0
LogDevObjectVersion:   Dev-Online (39C831C9-5AE6-47DC-9A44-9C173E1C8E7C): 0
LogDevObjectVersion:   Dev-Physics (78F01B33-EBEA-4F98-B9B4-84EACCB95AA2): 0
LogDevObjectVersion:   Dev-Platform (6631380F-2D4D-43E0-8009-CF276956A95A): 0
LogDevObjectVersion:   Dev-Rendering (12F88B9F-8875-4AFC-A67C-D90C383ABD29): 12
LogDevObjectVersion:   Dev-Sequencer (7B5AE74C-D270-4C10-A958-57980B212A5A): 3
LogDevObjectVersion:   Dev-VR (D7296918-1DD6-4BDD-9DE2-64A83CC13884): 0
LogDevObjectVersion:   Dev-LoadTimes (C2A15278-BFE7-4AFE-6C17-90FF531DF755): 1
LogInit: Compiled (64-bit): May 21 2017 11:02:34
LogInit: Compiled with Visual C++: 19.00.23026.00
LogInit: Build Configuration: Development
LogInit: Branch Name: ++UE4+Release-4.15
LogInit: Command line:  
LogInit: Base directory: C:/Program Files/Epic Games/UE_4.15/Engine/Binaries/Win64/
LogInit: Installed Engine Build: 1
LogInit: Presizing for max 8388607 objects, including 0 objects not considered by GC, pre-allocating 0 bytes for permanent pool.
LogInit: Object subsystem initialized
[2018.11.06-08.26.40:574][  0]LogInit: Selected Device Profile: [Windows]
[2018.11.06-08.26.40:574][  0]LogInit: Applying CVar settings loaded from the selected device profile: [Windows]
[2018.11.06-08.26.40:586][  0]LogInit: Computer: DESKTOP-M8U18OG
[2018.11.06-08.26.40:586][  0]LogInit: User: bened
[2018.11.06-08.26.40:586][  0]LogInit: CPU Page size=65536, Cores=6
[2018.11.06-08.26.40:586][  0]LogInit: High frequency timer resolution =3.609380 MHz
[2018.11.06-08.26.40:587][  0]LogMemory: Memory total: Physical=15.9GB (16GB approx)
[2018.11.06-08.26.40:587][  0]LogMemory: Platform Memory Stats for Windows
[2018.11.06-08.26.40:587][  0]LogMemory: Process Physical Memory: 270.95 MB used, 270.95 MB peak
[2018.11.06-08.26.40:587][  0]LogMemory: Process Virtual Memory: 275.97 MB used, 275.97 MB peak
[2018.11.06-08.26.40:587][  0]LogMemory: Physical Memory: 5017.96 MB used,  11300.01 MB free, 16317.97 MB total
[2018.11.06-08.26.40:587][  0]LogMemory: Virtual Memory: 4813.50 MB used,  11300.01 MB free, 134217728.00 MB total
[2018.11.06-08.26.40:955][  0]LogTextLocalizationManager: No translations for ('de-DE') exist, falling back to 'en' for localization and internationalization data.
[2018.11.06-08.26.41:714][  0]LogD3D11RHI: D3D11 adapters:
[2018.11.06-08.26.41:766][  0]LogD3D11RHI:    0. 'NVIDIA GeForce GTX 1080 Ti' (Feature Level 11_0)
[2018.11.06-08.26.41:766][  0]LogD3D11RHI:       11127/0/8158 MB DedicatedVideo/DedicatedSystem/SharedSystem, Outputs:1, VendorId:0x10de
[2018.11.06-08.26.41:769][  0]LogD3D11RHI:    1. 'Microsoft Basic Render Driver' (Feature Level 11_0)
[2018.11.06-08.26.41:769][  0]LogD3D11RHI:       0/0/8158 MB DedicatedVideo/DedicatedSystem/SharedSystem, Outputs:0, VendorId:0x1414
[2018.11.06-08.26.41:769][  0]LogD3D11RHI: Chosen D3D11 Adapter: 0
[2018.11.06-08.26.41:776][  0]LogD3D11RHI: Creating new Direct3DDevice
[2018.11.06-08.26.41:776][  0]LogD3D11RHI:     GPU DeviceId: 0x1b06 (for the marketing name, search the web for "GPU Device Id")
[2018.11.06-08.26.41:776][  0]LogWindows: EnumDisplayDevices:
[2018.11.06-08.26.41:776][  0]LogWindows:    0. 'NVIDIA GeForce GTX 1080 Ti' (P:1 D:1)
[2018.11.06-08.26.41:777][  0]LogWindows:    1. 'NVIDIA GeForce GTX 1080 Ti' (P:0 D:0)
[2018.11.06-08.26.41:777][  0]LogWindows:    2. 'NVIDIA GeForce GTX 1080 Ti' (P:0 D:0)
[2018.11.06-08.26.41:777][  0]LogWindows:    3. 'NVIDIA GeForce GTX 1080 Ti' (P:0 D:0)
[2018.11.06-08.26.41:777][  0]LogWindows: DebugString: GetVideoDriverDetailsInvalid PrimaryIsNotTheChoosenAdapter GetVideoDriverDetailsInvalid PrimaryIsNotTheChoosenAdapter GetVideoDriverDetailsInvalid PrimaryIsNotTheChoosenAdapter GetVideoDriverDetailsInvalid PrimaryIsNotTheChoosenAdapter FoundDriverCount:0 
[2018.11.06-08.26.41:777][  0]LogD3D11RHI:     Adapter Name: NVIDIA GeForce GTX 1080 Ti
[2018.11.06-08.26.41:777][  0]LogD3D11RHI:   Driver Version: Unknown (internal:Unknown, unified:Unknown)
[2018.11.06-08.26.41:777][  0]LogD3D11RHI:      Driver Date: Unknown
[2018.11.06-08.26.41:777][  0]LogRHI: Texture pool is 1361 MB (70% of 1945 MB)
[2018.11.06-08.26.41:817][  0]LogD3D11RHI: Async texture creation enabled
[2018.11.06-08.26.41:856][  0]LogD3D11RHI: GPU Timing Frequency: 1000.000000 (Debug: 2 2)
[2018.11.06-08.26.41:906][  0]LogShaderCompilers: Guid format shader working directory is -14 characters bigger than the processId version (../../../../../../Users/bened/Documents/Unreal Projects/RB6/Intermediate/Shaders/WorkingDirectory/10188/).
[2018.11.06-08.26.41:906][  0]LogShaderCompilers: Cleaned the shader compiler working directory 'C:/Users/bened/AppData/Local/Temp/UnrealShaderWorkingDir/8762108640BE52BCD96FFB9B5525ADE3/'.
[2018.11.06-08.26.41:906][  0]LogShaderCompilers:Display: Using Local Shader Compiler.
[2018.11.06-08.26.43:780][  0]LogTemp:Display: Loaded TP AllDesktopTargetPlatform
[2018.11.06-08.26.43:869][  0]LogTemp:Display: Loaded TP MacClientTargetPlatform
[2018.11.06-08.26.43:964][  0]LogTemp:Display: Loaded TP MacNoEditorTargetPlatform
[2018.11.06-08.26.44:059][  0]LogTemp:Display: Loaded TP MacServerTargetPlatform
[2018.11.06-08.26.44:166][  0]LogTemp:Display: Loaded TP MacTargetPlatform
[2018.11.06-08.26.44:267][  0]LogTemp:Display: Loaded TP WindowsClientTargetPlatform
[2018.11.06-08.26.44:371][  0]LogTemp:Display: Loaded TP WindowsNoEditorTargetPlatform
[2018.11.06-08.26.44:464][  0]LogTemp:Display: Loaded TP WindowsServerTargetPlatform
[2018.11.06-08.26.44:541][  0]LogTemp:Display: Loaded TP WindowsTargetPlatform
[2018.11.06-08.26.44:613][  0]LogTemp:Display: Loaded TP AndroidTargetPlatform
[2018.11.06-08.26.44:707][  0]LogTemp:Display: Loaded TP Android_ASTCTargetPlatform
[2018.11.06-08.26.44:779][  0]LogTemp:Display: Loaded TP Android_ATCTargetPlatform
[2018.11.06-08.26.44:852][  0]LogTemp:Display: Loaded TP Android_DXTTargetPlatform
[2018.11.06-08.26.44:920][  0]LogTemp:Display: Loaded TP Android_ETC1TargetPlatform
[2018.11.06-08.26.44:983][  0]LogTemp:Display: Loaded TP Android_ETC2TargetPlatform
[2018.11.06-08.26.45:122][  0]LogTemp:Display: Loaded TP Android_MultiTargetPlatform
[2018.11.06-08.26.45:122][  0]LogTemp:Display: Loaded TP Android_PVRTCTargetPlatform
[2018.11.06-08.26.45:173][  0]LogTemp:Display: Loaded TP HTML5TargetPlatform
[2018.11.06-08.26.45:290][  0]LogTemp:Display: Loaded TP IOSTargetPlatform
[2018.11.06-08.26.45:329][  0]LogTemp:Display: Loaded TP TVOSTargetPlatform
[2018.11.06-08.26.45:392][  0]LogTemp:Display: Loaded TP LinuxClientTargetPlatform
[2018.11.06-08.26.45:456][  0]LogTemp:Display: Loaded TP LinuxNoEditorTargetPlatform
[2018.11.06-08.26.45:519][  0]LogTemp:Display: Loaded TP LinuxServerTargetPlatform
[2018.11.06-08.26.45:584][  0]LogTemp:Display: Loaded TP LinuxTargetPlatform
[2018.11.06-08.26.45:584][  0]LogTargetPlatformManager:Display: Building Assets For Windows
[2018.11.06-08.26.46:224][  0]LogDerivedDataCache:Display: Max Cache Size: 512 MB
[2018.11.06-08.26.46:437][  0]LogDerivedDataCache: Loaded boot cache 0.21s 52MB C:/Users/bened/AppData/Local/UnrealEngine/4.15/DerivedDataCache/Boot.ddc.
[2018.11.06-08.26.46:437][  0]LogDerivedDataCache:Display: Loaded Boot cache: C:/Users/bened/AppData/Local/UnrealEngine/4.15/DerivedDataCache/Boot.ddc
[2018.11.06-08.26.46:437][  0]LogDerivedDataCache: FDerivedDataBackendGraph:  Pak pak cache file ../../../../../../Users/bened/Documents/Unreal Projects/RB6/DerivedDataCache/DDC.ddp not found, will not use a pak cache.
[2018.11.06-08.26.46:437][  0]LogDerivedDataCache: Unable to find inner node Pak for hierarchical cache Hierarchy.
[2018.11.06-08.26.46:437][  0]LogDerivedDataCache: FDerivedDataBackendGraph:  CompressedPak pak cache file ../../../../../../Users/bened/Documents/Unreal Projects/RB6/DerivedDataCache/Compressed.ddp not found, will not use a pak cache.
[2018.11.06-08.26.46:437][  0]LogDerivedDataCache: Unable to find inner node CompressedPak for hierarchical cache Hierarchy.
[2018.11.06-08.26.46:452][  0]LogDerivedDataCache:Display: Pak cache opened for reading ../../../Engine/DerivedDataCache/Compressed.ddp.
[2018.11.06-08.26.46:464][  0]LogDerivedDataCache: Using Local data cache path C:/Users/bened/AppData/Local/UnrealEngine/Common/DerivedDataCache: Writable
[2018.11.06-08.26.46:481][  0]LogSlate: Using Freetype 2.6.0
[2018.11.06-08.26.46:486][  0]LogSlate: SlateFontCache - WITH_FREETYPE: 1, WITH_HARFBUZZ: 1
[2018.11.06-08.26.46:486][  0]LogSlate: SlateFontCache - WITH_FREETYPE: 1, WITH_HARFBUZZ: 1
[2018.11.06-08.26.47:394][  0]LogInit: Selected Device Profile: [Windows]
[2018.11.06-08.26.47:402][  0]LogContentStreaming: Texture pool size is 0.00 MB
[2018.11.06-08.26.47:669][  0]LogMeshUtilities: Using QuadricMeshReduction for automatic static mesh reduction
[2018.11.06-08.26.47:728][  0]LogSimplygon: Simplygon DLL not present - disabling.
[2018.11.06-08.26.47:794][  0]LogMeshUtilities: Using SimplygonSwarm for distributed automatic mesh merging
[2018.11.06-08.26.47:794][  0]LogMeshUtilities: No automatic skeletal mesh reduction module available
[2018.11.06-08.26.47:794][  0]LogMeshUtilities: No automatic mesh merging module available
[2018.11.06-08.26.48:605][  0]LogNetVersion: GetLocalNetworkVersion: CL: 3299760, ProjectName: pavlov, ProjectVersion: , EngineNetworkVersion: 2, GameNetworkVersion: 0, NetworkChecksum: 2014131361
[2018.11.06-08.26.48:668][  0]LogAssetRegistry: FAssetRegistry took 0.0233 seconds to start up
[2018.11.06-08.26.48:715][  0]LogPackageLocalizationCache: Processed 4 localized package path(s) for 1 prioritized culture(s) in 0.016642 seconds
[2018.11.06-08.26.48:719][  0]LogUObjectArray: 32493 objects as part of root set at end of initial load.
[2018.11.06-08.26.48:719][  0]LogUObjectAllocator: 7077024 out of 0 bytes used by permanent object pool.
[2018.11.06-08.26.48:719][  0]LogUObjectArray: CloseDisregardForGC: 0/0 objects in disregard for GC pool
[2018.11.06-08.26.48:807][  0]LogInit: WinSock: version 1.1 (2.2), MaxSocks=32767, MaxUdp=65467
[2018.11.06-08.26.51:557][  0]LogTcpMessaging: Initializing TcpMessaging bridge
[2018.11.06-08.26.51:616][  0]LogUdpMessaging: Initializing bridge on interface 0.0.0.0:0 to multicast group 230.0.0.1:6666.
[2018.11.06-08.26.52:342][  0]LogMaterial: Missing cached shader map for material BaseColor, compiling. 
[2018.11.06-08.26.52:343][  0]LogMaterial:Warning: Failed to compile Material /Engine/BufferVisualization/BaseColor.BaseColor for platform PCD3D_SM5, Default Material will be used in game.
[2018.11.06-08.26.52:343][  0]LogMaterial:Warning: 	(Node SceneTexture) GBuffer scene textures not available with forward shading.
[2018.11.06-08.26.52:356][  0]LogMaterial: Uniform references updated for custom material expression Custom.
[2018.11.06-08.26.52:363][  0]LogMaterial: Missing cached shader map for material LightingModel, compiling. 
[2018.11.06-08.26.52:363][  0]LogMaterial:Warning: Failed to compile Material /Engine/BufferVisualization/LightingModel.LightingModel for platform PCD3D_SM5, Default Material will be used in game.
[2018.11.06-08.26.52:363][  0]LogMaterial:Warning: 	(Node SceneTexture) GBuffer scene textures not available with forward shading.
[2018.11.06-08.26.52:365][  0]LogMaterial: Missing cached shader map for material MaterialAO, compiling. 
[2018.11.06-08.26.52:365][  0]LogMaterial:Warning: Failed to compile Material /Engine/BufferVisualization/MaterialAO.MaterialAO for platform PCD3D_SM5, Default Material will be used in game.
[2018.11.06-08.26.52:365][  0]LogMaterial:Warning: 	(Node SceneTexture) GBuffer scene textures not available with forward shading.
[2018.11.06-08.26.52:367][  0]LogMaterial: Missing cached shader map for material Metallic, compiling. 
[2018.11.06-08.26.52:368][  0]LogMaterial:Warning: Failed to compile Material /Engine/BufferVisualization/Metallic.Metallic for platform PCD3D_SM5, Default Material will be used in game.
[2018.11.06-08.26.52:368][  0]LogMaterial:Warning: 	(Node SceneTexture) GBuffer scene textures not available with forward shading.
[2018.11.06-08.26.52:369][  0]LogMaterial: Missing cached shader map for material Opacity, compiling. 
[2018.11.06-08.26.52:369][  0]LogMaterial:Warning: Failed to compile Material /Engine/BufferVisualization/Opacity.Opacity for platform PCD3D_SM5, Default Material will be used in game.
[2018.11.06-08.26.52:369][  0]LogMaterial:Warning: 	(Node SceneTexture) GBuffer scene textures not available with forward shading.
[2018.11.06-08.26.52:372][  0]LogMaterial: Missing cached shader map for material Roughness, compiling. 
[2018.11.06-08.26.52:372][  0]LogMaterial:Warning: Failed to compile Material /Engine/BufferVisualization/Roughness.Roughness for platform PCD3D_SM5, Default Material will be used in game.
[2018.11.06-08.26.52:372][  0]LogMaterial:Warning: 	(Node SceneTexture) GBuffer scene textures not available with forward shading.
[2018.11.06-08.26.52:386][  0]LogMaterial: Missing cached shader map for material Specular, compiling. 
[2018.11.06-08.26.52:387][  0]LogMaterial:Warning: Failed to compile Material /Engine/BufferVisualization/Specular.Specular for platform PCD3D_SM5, Default Material will be used in game.
[2018.11.06-08.26.52:387][  0]LogMaterial:Warning: 	(Node SceneTexture) GBuffer scene textures not available with forward shading.
[2018.11.06-08.26.52:389][  0]LogMaterial: Missing cached shader map for material SubsurfaceColor, compiling. 
[2018.11.06-08.26.52:390][  0]LogMaterial:Warning: Failed to compile Material /Engine/BufferVisualization/SubsurfaceColor.SubsurfaceColor for platform PCD3D_SM5, Default Material will be used in game.
[2018.11.06-08.26.52:390][  0]LogMaterial:Warning: 	(Node SceneTexture) GBuffer scene textures not available with forward shading.
[2018.11.06-08.26.52:392][  0]LogMaterial: Missing cached shader map for material WorldNormal, compiling. 
[2018.11.06-08.26.52:393][  0]LogMaterial:Warning: Failed to compile Material /Engine/BufferVisualization/WorldNormal.WorldNormal for platform PCD3D_SM5, Default Material will be used in game.
[2018.11.06-08.26.52:393][  0]LogMaterial:Warning: 	(Node SceneTexture) GBuffer scene textures not available with forward shading.
[2018.11.06-08.26.52:878][  0]SourceControl: Info Source control is disabled
[2018.11.06-08.26.52:929][  0]SourceControl: Info Source control is disabled
[2018.11.06-08.26.53:002][  0]SourceControl: Info Source control is disabled
[2018.11.06-08.26.53:068][  0]SourceControl: Info Source control is disabled
[2018.11.06-08.26.54:862][  0]LogEngine: Initializing Engine...
[2018.11.06-08.26.54:862][  0]LogHMD: Oculus plugin initialized. Version: 4.15.3-3450819+++UE4+Release-4.15, LibOVR: 1.31.0, SDK: 1.10.0, built May 21 2017, 11:08:57
[2018.11.06-08.26.54:956][  0]OCULUS: Debug: [HMDState] Using default profile default
[2018.11.06-08.26.54:956][  0]OCULUS: Info: IAD changed to 60.0mm
[2018.11.06-08.26.54:956][  0]LogStats: UGameplayTagsManager::ConstructGameplayTagTree: Construct from data asset -  0.000 s
[2018.11.06-08.26.54:957][  0]LogStats: UGameplayTagsManager::ConstructGameplayTagTree: GameplayTagTreeChangedEvent.Broadcast -  0.000 s
[2018.11.06-08.26.55:132][  0]LogAIModule: Creating AISystem for world Untitled
[2018.11.06-08.26.55:152][  0]LogInit: XAudio2 using 'Lautsprecher (Sound Blaster Z)' : 6 channels at 48 kHz using 32 bits per sample (channel mask 0x3f)
[2018.11.06-08.26.55:181][  0]LogInit: FAudioDevice initialized.
[2018.11.06-08.26.55:208][  0]LogDerivedDataCache: Saved boot cache 0.03s 52MB C:/Users/bened/AppData/Local/UnrealEngine/4.15/DerivedDataCache/Boot.ddc.
[2018.11.06-08.26.55:215][  0]LogInit: Texture streaming: Enabled
[2018.11.06-08.26.55:339][  0]LogEngineSessionManager: EngineSessionManager initialized
[2018.11.06-08.26.55:460][  0]LogInit: Transaction tracking system initialized
[2018.11.06-08.26.55:920][  0]BlueprintLog: New page: Editor Load
[2018.11.06-08.26.57:197][  0]LocalizationService: Info Localization service is disabled
[2018.11.06-08.26.58:159][  0]LogMaterial: Missing cached shader map for material BaseColor, compiling. 
[2018.11.06-08.26.58:159][  0]LogMaterial:Warning: Failed to compile Material /Engine/BufferVisualization/BaseColor.BaseColor for platform PCD3D_SM5, Default Material will be used in game.
[2018.11.06-08.26.58:159][  0]LogMaterial:Warning: 	(Node SceneTexture) GBuffer scene textures not available with forward shading.
[2018.11.06-08.26.58:164][  0]LogMaterial: Missing cached shader map for material LightingModel, compiling. 
[2018.11.06-08.26.58:165][  0]LogMaterial:Warning: Failed to compile Material /Engine/BufferVisualization/LightingModel.LightingModel for platform PCD3D_SM5, Default Material will be used in game.
[2018.11.06-08.26.58:165][  0]LogMaterial:Warning: 	(Node SceneTexture) GBuffer scene textures not available with forward shading.
[2018.11.06-08.26.58:165][  0]LogMaterial: Missing cached shader map for material MaterialAO, compiling. 
[2018.11.06-08.26.58:165][  0]LogMaterial:Warning: Failed to compile Material /Engine/BufferVisualization/MaterialAO.MaterialAO for platform PCD3D_SM5, Default Material will be used in game.
[2018.11.06-08.26.58:165][  0]LogMaterial:Warning: 	(Node SceneTexture) GBuffer scene textures not available with forward shading.
[2018.11.06-08.26.58:166][  0]LogMaterial: Missing cached shader map for material Metallic, compiling. 
[2018.11.06-08.26.58:166][  0]LogMaterial:Warning: Failed to compile Material /Engine/BufferVisualization/Metallic.Metallic for platform PCD3D_SM5, Default Material will be used in game.
[2018.11.06-08.26.58:166][  0]LogMaterial:Warning: 	(Node SceneTexture) GBuffer scene textures not available with forward shading.
[2018.11.06-08.26.58:167][  0]LogMaterial: Missing cached shader map for material Opacity, compiling. 
[2018.11.06-08.26.58:167][  0]LogMaterial:Warning: Failed to compile Material /Engine/BufferVisualization/Opacity.Opacity for platform PCD3D_SM5, Default Material will be used in game.
[2018.11.06-08.26.58:167][  0]LogMaterial:Warning: 	(Node SceneTexture) GBuffer scene textures not available with forward shading.
[2018.11.06-08.26.58:168][  0]LogMaterial: Missing cached shader map for material Roughness, compiling. 
[2018.11.06-08.26.58:168][  0]LogMaterial:Warning: Failed to compile Material /Engine/BufferVisualization/Roughness.Roughness for platform PCD3D_SM5, Default Material will be used in game.
[2018.11.06-08.26.58:168][  0]LogMaterial:Warning: 	(Node SceneTexture) GBuffer scene textures not available with forward shading.
[2018.11.06-08.26.58:174][  0]LogMaterial: Missing cached shader map for material Specular, compiling. 
[2018.11.06-08.26.58:175][  0]LogMaterial:Warning: Failed to compile Material /Engine/BufferVisualization/Specular.Specular for platform PCD3D_SM5, Default Material will be used in game.
[2018.11.06-08.26.58:175][  0]LogMaterial:Warning: 	(Node SceneTexture) GBuffer scene textures not available with forward shading.
[2018.11.06-08.26.58:175][  0]LogMaterial: Missing cached shader map for material SubsurfaceColor, compiling. 
[2018.11.06-08.26.58:176][  0]LogMaterial:Warning: Failed to compile Material /Engine/BufferVisualization/SubsurfaceColor.SubsurfaceColor for platform PCD3D_SM5, Default Material will be used in game.
[2018.11.06-08.26.58:176][  0]LogMaterial:Warning: 	(Node SceneTexture) GBuffer scene textures not available with forward shading.
[2018.11.06-08.26.58:176][  0]LogMaterial: Missing cached shader map for material WorldNormal, compiling. 
[2018.11.06-08.26.58:176][  0]LogMaterial:Warning: Failed to compile Material /Engine/BufferVisualization/WorldNormal.WorldNormal for platform PCD3D_SM5, Default Material will be used in game.
[2018.11.06-08.26.58:176][  0]LogMaterial:Warning: 	(Node SceneTexture) GBuffer scene textures not available with forward shading.
[2018.11.06-08.26.58:241][  0]LogConsoleResponse:Display: 
[2018.11.06-08.26.58:395][  0]LogCook:Display: Max memory allowance for cook 16384mb min free memory 0mb
[2018.11.06-08.26.58:395][  0]LogCook:Display: Mobile HDR setting 0
[2018.11.06-08.26.59:187][  0]LogFileCache: Scanning file cache for directory 'C:/Users/bened/Documents/Unreal Projects/RB6/Content/' took 0.02s
[2018.11.06-08.26.59:339][  0]CustomMapToolsLog: Initializing Pavlov's workshop editor plugin
[2018.11.06-08.27.00:075][  0]CustomMapToolsLog: Visiting ../../../../../../Users/bened/Documents/Unreal Projects/RB6/Content/CustomMaps/UGC1523200099
[2018.11.06-08.27.00:625][  0]SourceControl: Info Source control is disabled
[2018.11.06-08.27.00:626][  0]Cmd: MAP LOAD FILE="../../../Engine/Content/Maps/Templates/Template_Default.umap" TEMPLATE=1 SHOWPROGRESS=1 FEATURELEVEL=3
[2018.11.06-08.27.00:628][  0]LightingResults: New page: Lighting Build
[2018.11.06-08.27.00:684][  0]MapCheck: New page: Map Check
[2018.11.06-08.27.00:684][  0]LightingResults: New page: Lighting Build
[2018.11.06-08.27.00:861][  0]LogAIModule: Creating AISystem for world Untitled_1
[2018.11.06-08.27.00:873][  0]LogActorComponent: RegisterComponentWithWorld: (/Temp/Untitled_1.Untitled_1:PersistentLevel.WorldSettings_1.StaticMeshComponent0) Trying to register component with IsPendingKill() == true. Aborting.
[2018.11.06-08.27.00:884][  0]LogEditorServer: Finished looking for orphan Actors (0.000 secs)
[2018.11.06-08.27.00:888][  0]Cmd: MAP CHECKDEP NOCLEARLOG
[2018.11.06-08.27.00:940][  0]MapCheck: Info Map check complete: 0 Error(s), 0 Warning(s), took 52.345ms to complete.
[2018.11.06-08.27.00:940][  0]LogFileHelpers: Loading map 'Template_Default' took 0.315
[2018.11.06-08.27.01:157][  0]LogCollectionManager: Loaded 1 collections in 0.002491 seconds
[2018.11.06-08.27.01:262][  0]LogFileCache: Scanning file cache for directory 'C:/Users/bened/Documents/Unreal Projects/RB6/Saved/Collections/' took 0.01s
[2018.11.06-08.27.01:262][  0]LogFileCache: Scanning file cache for directory 'C:/Users/bened/Documents/Unreal Projects/RB6/Content/Developers/bened/Collections/' took 0.01s
[2018.11.06-08.27.01:262][  0]LogFileCache: Scanning file cache for directory 'C:/Users/bened/Documents/Unreal Projects/RB6/Content/Collections/' took 0.01s
[2018.11.06-08.27.01:262][  0]LogCollectionManager: Rebuilt the GUID cache for 1 collections in 0.000004 seconds
[2018.11.06-08.27.01:262][  0]LogCollectionManager: Rebuilt the hierarchy cache for 1 collections in 0.000000 seconds
[2018.11.06-08.27.01:270][  0]LogContentBrowser: Native class hierarchy populated in 0.0070 seconds. Added 2254 classes and 456 folders.
[2018.11.06-08.27.01:355][  0]LogContentBrowser: Native class hierarchy updated for 'WidgetCarousel' in 0.0004 seconds. Added 0 classes and 0 folders.
[2018.11.06-08.27.01:473][  0]LogContentBrowser: Native class hierarchy updated for 'AddContentDialog' in 0.0004 seconds. Added 0 classes and 0 folders.
[2018.11.06-08.27.01:532][  0]LogContentBrowser: Native class hierarchy updated for 'SceneOutliner' in 0.0004 seconds. Added 1 classes and 2 folders.
[2018.11.06-08.27.01:668][  0]LogCrashTracker: Crashtracker disabled due to settings.
[2018.11.06-08.27.01:679][  0]LogUObjectGlobals:Warning: Failed to find object 'Class None.'
[2018.11.06-08.27.01:763][  0]LogContentBrowser: Native class hierarchy updated for 'HierarchicalLODOutliner' in 0.0004 seconds. Added 1 classes and 2 folders.
[2018.11.06-08.27.01:763][  0]LogLoad: (Engine Initialization) Total time: 23.79 seconds
[2018.11.06-08.27.01:763][  0]LogLoad: (Engine Initialization) Total Blueprint compile time: 0.14 seconds
[2018.11.06-08.27.01:763][  0]LogExternalProfiler: No external profilers were discovered.  External profiling features will not be available.
[2018.11.06-08.27.02:103][  0]LogOcInput: OculusInput pre-init called
[2018.11.06-08.27.02:120][  0]LogOcInput: OculusInput is initialized. Init status 0. Runtime version: 1.31.0
[2018.11.06-08.27.02:136][  0]LogAssetRegistry: Asset discovery search completed in 13.4908 seconds
[2018.11.06-08.27.02:136][  0]LogCollectionManager: Rebuilt the object cache for 1 collections in 0.000004 seconds (found 0 objects)
[2018.11.06-08.27.02:136][  0]LogCollectionManager: Fixed up redirectors for 1 collections in 0.000012 seconds (updated 0 objects)
[2018.11.06-08.27.02:195][  0]LogContentStreaming: Texture pool size now 2500 MB
[2018.11.06-08.27.02:207][  0]LogSlate: Took 0.001190 seconds to synchronously load lazily loaded font '../../../Engine/Content/Slate/Fonts/Roboto-Regular.ttf' (155K)
[2018.11.06-08.27.02:210][  0]LogSlate: Took 0.001223 seconds to synchronously load lazily loaded font '../../../Engine/Content/Slate/Fonts/Roboto-Bold.ttf' (160K)
[2018.11.06-08.27.02:216][  0]LogSlate: Took 0.001050 seconds to synchronously load lazily loaded font '../../../Engine/Content/Editor/Slate/Fonts/FontAwesome.ttf' (139K)
[2018.11.06-08.27.02:355][  0]LogRenderer: Reallocating scene render targets to support 1608x956 NumSamples 4 (Frame:2).
[2018.11.06-08.27.43:341][655]LogSlate: Took 0.001188 seconds to synchronously load lazily loaded font '../../../Engine/Content/Slate/Fonts/Roboto-Light.ttf' (159K)
[2018.11.06-08.27.43:566][655]LogAIModule: Creating AISystem for world House
[2018.11.06-08.27.43:583][655]Cmd: MAP LOAD FILE="../../../../../../Users/bened/Documents/Unreal Projects/RB6/Content/CustomMaps/UGC1523200099/House.umap" TEMPLATE=0 SHOWPROGRESS=1 FEATURELEVEL=3
[2018.11.06-08.27.43:584][655]LightingResults: New page: Lighting Build
[2018.11.06-08.27.43:585][655]LoadErrors: New page: Loading map: House.umap
[2018.11.06-08.27.43:585][655]MapCheck: New page: Map Check
[2018.11.06-08.27.43:585][655]LightingResults: New page: Lighting Build
[2018.11.06-08.27.43:631][655]LogEditorServer: Finished looking for orphan Actors (0.000 secs)
[2018.11.06-08.27.43:641][655]Cmd: MAP CHECKDEP NOCLEARLOG
[2018.11.06-08.27.43:707][655]MapCheck: Info Map check complete: 0 Error(s), 0 Warning(s), took 65.642ms to complete.
[2018.11.06-08.27.43:707][655]LogFileHelpers: Loading map 'House' took 0.124
[2018.11.06-08.27.48:571][942]LogAssetTools:Warning: Failed to import 'C:\Users\bened\Desktop\Materilize/Materials/bricks_sloppy.uasset'. Unknown extension 'uasset'.
[2018.11.06-08.27.48:572][942]LogSlate: Took 0.000222 seconds to synchronously load lazily loaded font '../../../Engine/Content/Slate/Fonts/Roboto-Light.ttf' (159K)
[2018.11.06-08.27.48:578][942]LogAssetTools:Warning: Failed to import 'C:\Users\bened\Desktop\Materilize/Materials/bricks_sloppy_displace.uasset'. Unknown extension 'uasset'.
[2018.11.06-08.27.48:583][942]LogAssetTools:Warning: Failed to import 'C:\Users\bened\Desktop\Materilize/Materials/bricks_sloppy_prop.uasset'. Unknown extension 'uasset'.
[2018.11.06-08.27.48:589][942]LogAssetTools:Warning: Failed to import 'C:\Users\bened\Desktop\Materilize/Materials/bricks_sloppy_prop_displace.uasset'. Unknown extension 'uasset'.
[2018.11.06-08.27.48:598][942]LogAssetTools:Warning: Failed to import 'C:\Users\bened\Desktop\Materilize/Materials/sewer.uasset'. Unknown extension 'uasset'.
[2018.11.06-08.27.48:606][942]LogAssetTools:Warning: Failed to import 'C:\Users\bened\Desktop\Materilize/Materials/sewer2.uasset'. Unknown extension 'uasset'.
[2018.11.06-08.27.48:616][942]LogAssetTools:Warning: Failed to import 'C:\Users\bened\Desktop\Materilize/Materials/sewer_displace.uasset'. Unknown extension 'uasset'.
[2018.11.06-08.27.48:625][942]LogAssetTools:Warning: Failed to import 'C:\Users\bened\Desktop\Materilize/Materials/sewer_prop.uasset'. Unknown extension 'uasset'.
[2018.11.06-08.27.48:635][942]LogAssetTools:Warning: Failed to import 'C:\Users\bened\Desktop\Materilize/Materials/sewer_prop_displace.uasset'. Unknown extension 'uasset'.
[2018.11.06-08.27.48:645][942]LogAssetTools:Warning: Failed to import 'C:\Users\bened\Desktop\Materilize/Materials/sewer_prop_displace2.uasset'. Unknown extension 'uasset'.
[2018.11.06-08.27.48:657][942]LogAssetTools:Warning: Failed to import 'C:\Users\bened\Desktop\Materilize/Shaders/flat_black.uasset'. Unknown extension 'uasset'.
[2018.11.06-08.27.48:670][942]LogAssetTools:Warning: Failed to import 'C:\Users\bened\Desktop\Materilize/Shaders/flat_grey.uasset'. Unknown extension 'uasset'.
[2018.11.06-08.27.48:687][942]LogAssetTools:Warning: Failed to import 'C:\Users\bened\Desktop\Materilize/Shaders/flat_normal.uasset'. Unknown extension 'uasset'.
[2018.11.06-08.27.48:703][942]LogAssetTools:Warning: Failed to import 'C:\Users\bened\Desktop\Materilize/Shaders/flat_white.uasset'. Unknown extension 'uasset'.
[2018.11.06-08.27.48:719][942]LogAssetTools:Warning: Failed to import 'C:\Users\bened\Desktop\Materilize/Shaders/Materialize_Property.uasset'. Unknown extension 'uasset'.
[2018.11.06-08.27.48:737][942]LogAssetTools:Warning: Failed to import 'C:\Users\bened\Desktop\Materilize/Shaders/Materialize_Property_Displace.uasset'. Unknown extension 'uasset'.
[2018.11.06-08.27.48:754][942]LogAssetTools:Warning: Failed to import 'C:\Users\bened\Desktop\Materilize/Shaders/Materialize_Standard.uasset'. Unknown extension 'uasset'.
[2018.11.06-08.27.48:770][942]LogAssetTools:Warning: Failed to import 'C:\Users\bened\Desktop\Materilize/Shaders/Materialize_Standard_Displace.uasset'. Unknown extension 'uasset'.
[2018.11.06-08.27.48:788][942]LogAssetTools:Warning: Failed to import 'C:\Users\bened\Desktop\Materilize/Textures/bricks_sloppy.uasset'. Unknown extension 'uasset'.
[2018.11.06-08.27.48:815][942]LogAssetTools:Warning: Failed to import 'C:\Users\bened\Desktop\Materilize/Textures/bricks_sloppy_ao.uasset'. Unknown extension 'uasset'.
[2018.11.06-08.27.48:839][942]LogAssetTools:Warning: Failed to import 'C:\Users\bened\Desktop\Materilize/Textures/bricks_sloppy_edge.uasset'. Unknown extension 'uasset'.
[2018.11.06-08.27.48:869][942]LogAssetTools:Warning: Failed to import 'C:\Users\bened\Desktop\Materilize/Textures/bricks_sloppy_height.uasset'. Unknown extension 'uasset'.
[2018.11.06-08.27.48:900][942]LogAssetTools:Warning: Failed to import 'C:\Users\bened\Desktop\Materilize/Textures/bricks_sloppy_normal.uasset'. Unknown extension 'uasset'.
[2018.11.06-08.27.48:933][942]LogAssetTools:Warning: Failed to import 'C:\Users\bened\Desktop\Materilize/Textures/bricks_sloppy_property.uasset'. Unknown extension 'uasset'.
[2018.11.06-08.27.48:967][942]LogAssetTools:Warning: Failed to import 'C:\Users\bened\Desktop\Materilize/Textures/bricks_sloppy_smoothness.uasset'. Unknown extension 'uasset'.
[2018.11.06-08.27.49:001][942]LogAssetTools:Warning: Failed to import 'C:\Users\bened\Desktop\Materilize/Textures/sewer.uasset'. Unknown extension 'uasset'.
[2018.11.06-08.27.49:041][942]LogAssetTools:Warning: Failed to import 'C:\Users\bened\Desktop\Materilize/Textures/sewer_ao.uasset'. Unknown extension 'uasset'.
[2018.11.06-08.27.49:080][942]LogAssetTools:Warning: Failed to import 'C:\Users\bened\Desktop\Materilize/Textures/sewer_edge.uasset'. Unknown extension 'uasset'.
[2018.11.06-08.27.49:118][942]LogAssetTools:Warning: Failed to import 'C:\Users\bened\Desktop\Materilize/Textures/sewer_height.uasset'. Unknown extension 'uasset'.
[2018.11.06-08.27.49:153][942]LogAssetTools:Warning: Failed to import 'C:\Users\bened\Desktop\Materilize/Textures/sewer_metallic.uasset'. Unknown extension 'uasset'.
[2018.11.06-08.27.49:188][942]LogAssetTools:Warning: Failed to import 'C:\Users\bened\Desktop\Materilize/Textures/sewer_normal.uasset'. Unknown extension 'uasset'.
[2018.11.06-08.27.49:221][942]LogAssetTools:Warning: Failed to import 'C:\Users\bened\Desktop\Materilize/Textures/sewer_property.uasset'. Unknown extension 'uasset'.
[2018.11.06-08.27.49:251][942]LogAssetTools:Warning: Failed to import 'C:\Users\bened\Desktop\Materilize/Textures/sewer_smoothness.uasset'. Unknown extension 'uasset'.
[2018.11.06-08.29.13:992][855]LogWindowsTextInputMethodSystem:Display: IME system now deactivated.
[2018.11.06-08.29.14:155][856]Cmd: QUIT_EDITOR
[2018.11.06-08.29.14:257][856]LogExit: Preparing to exit.
[2018.11.06-08.29.14:805][856]LogDirectoryWatcher: A directory notification for 'C:/Users/bened/Documents/Unreal Projects/RB6/Content/' was aborted.
[2018.11.06-08.29.14:820][856]LogExit: Editor shut down
[2018.11.06-08.29.14:820][856]LogExit: Transaction tracking system shut down
[2018.11.06-08.29.14:875][856]LogObj: Freed 0b from 0 cluster array pools.
[2018.11.06-08.29.14:875][856]LogExit: Object subsystem successfully closed.
[2018.11.06-08.29.14:895][856]LogD3D11RHI: Shutdown
[2018.11.06-08.29.14:895][856]LogD3D11RHI: CleanupD3DDevice
[2018.11.06-08.29.14:936][856]LogD3D11RHI: ~FD3D11DynamicRHI
[2018.11.06-08.29.14:958][856]LogModuleManager: Shutting down and abandoning module HierarchicalLODOutliner (502)
[2018.11.06-08.29.14:958][856]LogModuleManager: Shutting down and abandoning module CrashTracker (500)
[2018.11.06-08.29.14:958][856]LogModuleManager: Shutting down and abandoning module SceneOutliner (498)
[2018.11.06-08.29.14:958][856]LogModuleManager: Shutting down and abandoning module AddContentDialog (496)
[2018.11.06-08.29.14:959][856]LogDirectoryWatcher: A directory notification for 'C:/Program Files/Epic Games/UE_4.15/FeaturePacks/' was aborted.
[2018.11.06-08.29.14:959][856]LogModuleManager: Shutting down and abandoning module WidgetCarousel (495)
[2018.11.06-08.29.14:959][856]LogModuleManager: Shutting down and abandoning module EditorWidgets (492)
[2018.11.06-08.29.14:959][856]LogModuleManager: Shutting down and abandoning module CollectionManager (490)
[2018.11.06-08.29.14:959][856]LogDirectoryWatcher: A directory notification for 'C:/Users/bened/Documents/Unreal Projects/RB6/Content/Collections/' was aborted.
[2018.11.06-08.29.14:959][856]LogDirectoryWatcher: A directory notification for 'C:/Users/bened/Documents/Unreal Projects/RB6/Content/Developers/bened/Collections/' was aborted.
[2018.11.06-08.29.14:959][856]LogDirectoryWatcher: A directory notification for 'C:/Users/bened/Documents/Unreal Projects/RB6/Saved/Collections/' was aborted.
[2018.11.06-08.29.14:959][856]LogModuleManager: Shutting down and abandoning module StatsViewer (488)
[2018.11.06-08.29.14:959][856]LogModuleManager: Shutting down and abandoning module FoliageEdit (486)
[2018.11.06-08.29.14:959][856]LogModuleManager: Shutting down and abandoning module LandscapeEditor (484)
[2018.11.06-08.29.14:959][856]LogModuleManager: Shutting down and abandoning module SceneDepthPickerMode (482)
[2018.11.06-08.29.14:959][856]LogModuleManager: Shutting down and abandoning module ActorPickerMode (480)
[2018.11.06-08.29.14:959][856]LogModuleManager: Shutting down and abandoning module GeometryMode (478)
[2018.11.06-08.29.14:959][856]LogModuleManager: Shutting down and abandoning module TextureAlignMode (476)
[2018.11.06-08.29.14:959][856]LogModuleManager: Shutting down and abandoning module BspMode (474)
[2018.11.06-08.29.14:959][856]LogModuleManager: Shutting down and abandoning module HardwareSurvey (472)
[2018.11.06-08.29.14:959][856]LogModuleManager: Shutting down and abandoning module SequenceRecorderSections (470)
[2018.11.06-08.29.14:959][856]LogModuleManager: Shutting down and abandoning module AutomationWorker (468)
[2018.11.06-08.29.14:959][856]LogModuleManager: Shutting down and abandoning module CustomMapTools (466)
[2018.11.06-08.29.14:960][856]LogModuleManager: Shutting down and abandoning module MatineeToLevelSequence (464)
[2018.11.06-08.29.14:960][856]LogModuleManager: Shutting down and abandoning module LevelSequenceEditor (462)
[2018.11.06-08.29.14:960][856]LogModuleManager: Shutting down and abandoning module PlacementMode (461)
[2018.11.06-08.29.14:960][856]LogModuleManager: Shutting down and abandoning module WmfMediaFactory (458)
[2018.11.06-08.29.14:960][856]LogModuleManager: Shutting down and abandoning module WmfMediaEditor (456)
[2018.11.06-08.29.14:960][856]LogModuleManager: Shutting down and abandoning module MfMediaFactory (454)
[2018.11.06-08.29.14:960][856]LogModuleManager: Shutting down and abandoning module MfMediaEditor (452)
[2018.11.06-08.29.14:960][856]LogModuleManager: Shutting down and abandoning module AvfMediaFactory (450)
[2018.11.06-08.29.14:960][856]LogModuleManager: Shutting down and abandoning module AvfMediaEditor (448)
[2018.11.06-08.29.14:960][856]LogModuleManager: Shutting down and abandoning module AndroidMediaFactory (446)
[2018.11.06-08.29.14:960][856]LogModuleManager: Shutting down and abandoning module Media (445)
[2018.11.06-08.29.14:960][856]LogModuleManager: Shutting down and abandoning module AndroidMediaEditor (442)
[2018.11.06-08.29.14:960][856]LogModuleManager: Shutting down and abandoning module CharacterAI (440)
[2018.11.06-08.29.14:960][856]LogModuleManager: Shutting down and abandoning module AudioCapture (438)
[2018.11.06-08.29.14:960][856]LogModuleManager: Shutting down and abandoning module SequenceRecorder (437)
[2018.11.06-08.29.14:960][856]LogModuleManager: Shutting down and abandoning module SmartSnapping (434)
[2018.11.06-08.29.14:960][856]LogModuleManager: Shutting down and abandoning module SessionServices (432)
[2018.11.06-08.29.14:960][856]LogModuleManager: Shutting down and abandoning module ViewportSnapping (430)
[2018.11.06-08.29.14:960][856]LogModuleManager: Shutting down and abandoning module ViewportInteraction (428)
[2018.11.06-08.29.14:960][856]LogModuleManager: Shutting down and abandoning module LogVisualizer (426)
[2018.11.06-08.29.14:961][856]LogModuleManager: Shutting down and abandoning module IntroTutorials (424)
[2018.11.06-08.29.14:961][856]LogModuleManager: Shutting down and abandoning module GameProjectGeneration (423)
[2018.11.06-08.29.14:961][856]LogModuleManager: Shutting down and abandoning module EditorLiveStreaming (420)
[2018.11.06-08.29.14:961][856]LogModuleManager: Shutting down and abandoning module IOSPlatformEditor (418)
[2018.11.06-08.29.14:961][856]LogModuleManager: Shutting down and abandoning module HTML5PlatformEditor (416)
[2018.11.06-08.29.14:961][856]LogModuleManager: Shutting down and abandoning module AndroidPlatformEditor (414)
[2018.11.06-08.29.14:961][856]LogModuleManager: Shutting down and abandoning module AndroidDeviceDetection (413)
[2018.11.06-08.29.15:783][856]LogModuleManager: Shutting down and abandoning module IOSRuntimeSettings (410)
[2018.11.06-08.29.15:783][856]LogModuleManager: Shutting down and abandoning module AndroidRuntimeSettings (408)
[2018.11.06-08.29.15:783][856]LogModuleManager: Shutting down and abandoning module InputBindingEditor (406)
[2018.11.06-08.29.15:783][856]LogModuleManager: Shutting down and abandoning module NiagaraEditor (404)
[2018.11.06-08.29.15:784][856]LogModuleManager: Shutting down and abandoning module MergeActors (402)
[2018.11.06-08.29.15:784][856]LogModuleManager: Shutting down and abandoning module SizeMap (400)
[2018.11.06-08.29.15:784][856]LogModuleManager: Shutting down and abandoning module TreeMap (398)
[2018.11.06-08.29.15:784][856]LogModuleManager: Shutting down and abandoning module ReferenceViewer (396)
[2018.11.06-08.29.15:784][856]LogModuleManager: Shutting down and abandoning module LocalizationDashboard (394)
[2018.11.06-08.29.15:784][856]LogModuleManager: Shutting down and abandoning module LocalizationService (393)
[2018.11.06-08.29.15:785][856]LogModuleManager: Shutting down and abandoning module HardwareTargeting (390)
[2018.11.06-08.29.15:785][856]LogModuleManager: Shutting down and abandoning module DeviceProfileEditor (388)
[2018.11.06-08.29.15:785][856]LogModuleManager: Shutting down and abandoning module UndoHistory (386)
[2018.11.06-08.29.15:785][856]LogModuleManager: Shutting down and abandoning module UserFeedback (384)
[2018.11.06-08.29.15:785][856]LogModuleManager: Shutting down and abandoning module XmlParser (382)
[2018.11.06-08.29.15:785][856]LogModuleManager: Shutting down and abandoning module Blutility (380)
[2018.11.06-08.29.15:785][856]LogModuleManager: Shutting down and abandoning module ProjectSettingsViewer (378)
[2018.11.06-08.29.15:785][856]LogModuleManager: Shutting down and abandoning module ProjectTargetPlatformEditor (377)
[2018.11.06-08.29.15:785][856]LogModuleManager: Shutting down and abandoning module EditorSettingsViewer (374)
[2018.11.06-08.29.15:785][856]LogModuleManager: Shutting down and abandoning module SettingsEditor (372)
[2018.11.06-08.29.15:785][856]LogModuleManager: Shutting down and abandoning module ProjectLauncher (370)
[2018.11.06-08.29.15:785][856]LogModuleManager: Shutting down and abandoning module SessionFrontend (368)
[2018.11.06-08.29.15:786][856]LogModuleManager: Shutting down and abandoning module ProfilerClient (366)
[2018.11.06-08.29.15:786][856]LogModuleManager: Shutting down and abandoning module DeviceManager (364)
[2018.11.06-08.29.15:786][856]LogModuleManager: Shutting down and abandoning module TargetDeviceServices (363)
[2018.11.06-08.29.15:829][856]LogModuleManager: Shutting down and abandoning module AutomationController (360)
[2018.11.06-08.29.15:829][856]LogModuleManager: Shutting down and abandoning module AutomationWindow (358)
[2018.11.06-08.29.15:829][856]LogModuleManager: Shutting down and abandoning module Layers (356)
[2018.11.06-08.29.15:830][856]LogModuleManager: Shutting down and abandoning module ComponentVisualizers (354)
[2018.11.06-08.29.15:830][856]LogModuleManager: Shutting down and abandoning module DetailCustomizations (352)
[2018.11.06-08.29.15:830][856]LogModuleManager: Shutting down and abandoning module PackagesDialog (350)
[2018.11.06-08.29.15:830][856]LogModuleManager: Shutting down and abandoning module Persona (348)
[2018.11.06-08.29.15:830][856]LogModuleManager: Shutting down and abandoning module AnimGraph (347)
[2018.11.06-08.29.15:830][856]LogModuleManager: Shutting down and abandoning module Kismet (344)
[2018.11.06-08.29.15:831][856]LogModuleManager: Shutting down and abandoning module GraphEditor (342)
[2018.11.06-08.29.15:832][856]LogModuleManager: Shutting down and abandoning module ClassViewer (340)
[2018.11.06-08.29.15:832][856]LogModuleManager: Shutting down and abandoning module Toolbox (338)
[2018.11.06-08.29.15:832][856]LogModuleManager: Shutting down and abandoning module ModuleUI (336)
[2018.11.06-08.29.15:832][856]LogModuleManager: Shutting down and abandoning module MovieSceneTools (334)
[2018.11.06-08.29.15:833][856]LogModuleManager: Shutting down and abandoning module OutputLog (332)
[2018.11.06-08.29.15:833][856]LogModuleManager: Shutting down and abandoning module GammaUI (330)
[2018.11.06-08.29.15:833][856]LogModuleManager: Shutting down and abandoning module Documentation (328)
[2018.11.06-08.29.15:833][856]LogModuleManager: Shutting down and abandoning module Niagara (326)
[2018.11.06-08.29.15:833][856]LogModuleManager: Shutting down and abandoning module StreamingPauseRendering (324)
[2018.11.06-08.29.15:833][856]LogModuleManager: Shutting down and abandoning module AnalyticsET (322)
[2018.11.06-08.29.15:833][856]LogModuleManager: Shutting down and abandoning module PortalServices (320)
[2018.11.06-08.29.15:833][856]LogModuleManager: Shutting down and abandoning module PortalRpc (318)
[2018.11.06-08.29.15:833][856]LogModuleManager: Shutting down and abandoning module MessagingRpc (316)
[2018.11.06-08.29.15:833][856]LogModuleManager: Shutting down and abandoning module AIModule (314)
[2018.11.06-08.29.15:833][856]LogModuleManager: Shutting down and abandoning module GameplayDebugger (313)
[2018.11.06-08.29.15:833][856]LogModuleManager: Shutting down and abandoning module AITestSuite (311)
[2018.11.06-08.29.15:833][856]LogModuleManager: Shutting down and abandoning module ProfilerService (308)
[2018.11.06-08.29.15:839][856]LogModuleManager: Shutting down and abandoning module TaskGraph (306)
[2018.11.06-08.29.15:839][856]LogModuleManager: Shutting down and abandoning module PavlovProxy (304)
[2018.11.06-08.29.15:839][856]LogModuleManager: Shutting down and abandoning module SteamVRController (302)
[2018.11.06-08.29.15:839][856]LogModuleManager: Shutting down and abandoning module SteamVR (300)
[2018.11.06-08.29.15:839][856]LogModuleManager: Shutting down and abandoning module ProceduralMeshComponentEditor (298)
[2018.11.06-08.29.15:839][856]LogModuleManager: Shutting down and abandoning module ProceduralMeshComponent (296)
[2018.11.06-08.29.15:839][856]LogModuleManager: Shutting down and abandoning module OculusLibrary (294)
[2018.11.06-08.29.15:839][856]LogModuleManager: Shutting down and abandoning module OculusInput (292)
[2018.11.06-08.29.15:839][856]LogModuleManager: Shutting down and abandoning module MobilePatchingUtils (290)
[2018.11.06-08.29.15:840][856]LogModuleManager: Shutting down and abandoning module CustomMeshComponent (288)
[2018.11.06-08.29.15:840][856]LogModuleManager: Shutting down and abandoning module CableComponent (286)
[2018.11.06-08.29.15:840][856]LogModuleManager: Shutting down and abandoning module ArchVisCharacter (284)
[2018.11.06-08.29.15:840][856]LogModuleManager: Shutting down and abandoning module MediaPlayerEditor (280)
[2018.11.06-08.29.15:840][856]LogModuleManager: Shutting down and abandoning module HTML5Networking (278)
[2018.11.06-08.29.15:840][856]LogModuleManager: Shutting down and abandoning module AlembicImporter (276)
[2018.11.06-08.29.15:840][856]LogModuleManager: Shutting down and abandoning module AlembicLibrary (275)
[2018.11.06-08.29.15:840][856]LogModuleManager: Shutting down and abandoning module GeometryCache (274)
[2018.11.06-08.29.15:840][856]LogModuleManager: Shutting down and abandoning module GeometryCacheEd (273)
[2018.11.06-08.29.15:840][856]LogModuleManager: Shutting down and abandoning module SuperSearchEditor (268)
[2018.11.06-08.29.15:840][856]LogModuleManager: Shutting down and abandoning module SuperSearch (267)
[2018.11.06-08.29.15:840][856]LogModuleManager: Shutting down and abandoning module SpeedTreeImporter (264)
[2018.11.06-08.29.15:840][856]LogModuleManager: Shutting down and abandoning module PluginBrowser (262)
[2018.11.06-08.29.15:840][856]LogModuleManager: Shutting down and abandoning module MobileLauncherProfileWizard (260)
[2018.11.06-08.29.15:840][856]LogModuleManager: Shutting down and abandoning module EpicSurvey (258)
[2018.11.06-08.29.15:841][856]LogModuleManager: Shutting down and abandoning module VisualStudioSourceCodeAccess (256)
[2018.11.06-08.29.15:841][856]LogModuleManager: Shutting down and abandoning module DesktopPlatform (255)
[2018.11.06-08.29.15:841][856]LogModuleManager: Shutting down and abandoning module UObjectPlugin (252)
[2018.11.06-08.29.15:841][856]LogModuleManager: Shutting down and abandoning module SubversionSourceControl (250)
[2018.11.06-08.29.15:841][856]LogModuleManager: Shutting down and abandoning module PerforceSourceControl (248)
[2018.11.06-08.29.15:841][856]LogModuleManager: Shutting down and abandoning module GitSourceControl (246)
[2018.11.06-08.29.15:841][856]LogModuleManager: Shutting down and abandoning module SourceControl (245)
[2018.11.06-08.29.15:841][856]LogModuleManager: Shutting down and abandoning module LightPropagationVolumeEditor (242)
[2018.11.06-08.29.15:841][856]LogModuleManager: Shutting down and abandoning module PaperTiledImporter (240)
[2018.11.06-08.29.15:841][856]LogModuleManager: Shutting down and abandoning module PaperSpriteSheetImporter (238)
[2018.11.06-08.29.15:841][856]LogModuleManager: Shutting down and abandoning module Paper2DEditor (236)
[2018.11.06-08.29.15:841][856]LogModuleManager: Shutting down and abandoning module MeshPaint (235)
[2018.11.06-08.29.15:841][856]LogModuleManager: Shutting down and abandoning module LevelEditor (233)
[2018.11.06-08.29.15:841][856]LogModuleManager: Shutting down and abandoning module PixelInspectorModule (232)
[2018.11.06-08.29.15:841][856]LogModuleManager: Shutting down and abandoning module MainFrame (230)
[2018.11.06-08.29.15:841][856]LogModuleManager: Shutting down and abandoning module HotReload (229)
[2018.11.06-08.29.15:842][856]LogModuleManager: Shutting down and abandoning module ContentBrowser (225)
[2018.11.06-08.29.15:842][856]LogModuleManager: Shutting down and abandoning module PhysXVehiclesEditor (222)
[2018.11.06-08.29.15:842][856]LogModuleManager: Shutting down and abandoning module PhysXVehicles (220)
[2018.11.06-08.29.15:842][856]LogModuleManager: Shutting down and abandoning module LocationServicesBPLibrary (218)
[2018.11.06-08.29.15:842][856]LogModuleManager: Shutting down and abandoning module UdpMessaging (216)
[2018.11.06-08.29.15:944][856]LogModuleManager: Shutting down and abandoning module TcpMessaging (214)
[2018.11.06-08.29.16:045][856]LogModuleManager: Shutting down and abandoning module GameplayTagsEditor (212)
[2018.11.06-08.29.16:045][856]LogModuleManager: Shutting down and abandoning module FacialAnimationEditor (210)
[2018.11.06-08.29.16:045][856]LogModuleManager: Shutting down and abandoning module FacialAnimation (208)
[2018.11.06-08.29.16:045][856]LogModuleManager: Shutting down and abandoning module LightPropagationVolumeRuntime (206)
[2018.11.06-08.29.16:045][856]LogModuleManager: Shutting down and abandoning module Paper2D (204)
[2018.11.06-08.29.16:045][856]LogModuleManager: Shutting down and abandoning module WindowsMoviePlayer (202)
[2018.11.06-08.29.16:045][856]LogModuleManager: Shutting down and abandoning module WmfMedia (200)
[2018.11.06-08.29.16:048][856]LogModuleManager: Shutting down and abandoning module MfMedia (198)
[2018.11.06-08.29.16:048][856]LogModuleManager: Shutting down and abandoning module MediaAssets (196)
[2018.11.06-08.29.16:048][856]LogModuleManager: Shutting down and abandoning module GameLiveStreaming (194)
[2018.11.06-08.29.16:048][856]LogModuleManager: Shutting down and abandoning module VREditor (192)
[2018.11.06-08.29.16:048][856]LogModuleManager: Shutting down and abandoning module GameplayTasksEditor (190)
[2018.11.06-08.29.16:048][856]LogModuleManager: Shutting down and abandoning module BehaviorTreeEditor (188)
[2018.11.06-08.29.16:049][856]LogModuleManager: Shutting down and abandoning module FunctionalTesting (186)
[2018.11.06-08.29.16:049][856]LogModuleManager: Shutting down and abandoning module CollisionAnalyzer (184)
[2018.11.06-08.29.16:049][856]LogModuleManager: Shutting down and abandoning module UMG (182)
[2018.11.06-08.29.16:050][856]LogModuleManager: Shutting down and abandoning module UMGEditor (181)
[2018.11.06-08.29.16:050][856]LogModuleManager: Shutting down and abandoning module Sequencer (180)
[2018.11.06-08.29.16:051][856]LogModuleManager: Shutting down and abandoning module AssetTools (178)
[2018.11.06-08.29.16:051][856]LogModuleManager: Shutting down and abandoning module MessageLog (177)
[2018.11.06-08.29.16:051][856]LogModuleManager: Shutting down and abandoning module WorkspaceMenuStructure (176)
[2018.11.06-08.29.16:051][856]LogModuleManager: Shutting down and abandoning module SlateReflector (170)
[2018.11.06-08.29.16:052][856]LogModuleManager: Shutting down and abandoning module Slate (168)
[2018.11.06-08.29.16:052][856]LogModuleManager: Shutting down and abandoning module EditorStyle (166)
[2018.11.06-08.29.16:054][856]LogModuleManager: Shutting down and abandoning module SourceCodeAccess (164)
[2018.11.06-08.29.16:054][856]LogModuleManager: Shutting down and abandoning module HeadMountedDisplay (162)
[2018.11.06-08.29.16:054][856]LogModuleManager: Shutting down and abandoning module XAudio2 (160)
[2018.11.06-08.29.16:054][856]LogModuleManager: Shutting down and abandoning module Networking (158)
[2018.11.06-08.29.16:054][856]LogModuleManager: Shutting down and abandoning module Core (154)
[2018.11.06-08.29.16:054][856]LogModuleManager: Shutting down and abandoning module AssetRegistry (152)
[2018.11.06-08.29.16:152][856]LogDirectoryWatcher: A directory notification for '../../../Engine/Content/' was aborted.
[2018.11.06-08.29.16:152][856]LogDirectoryWatcher: A directory notification for '../../../../../../Users/bened/Documents/Unreal Projects/RB6/Content/' was aborted.
[2018.11.06-08.29.16:152][856]LogDirectoryWatcher: A directory notification for '../../../Engine/Plugins/2D/Paper2D/Content/' was aborted.
[2018.11.06-08.29.16:152][856]LogDirectoryWatcher: A directory notification for '../../../../../../Users/bened/Documents/Unreal Projects/RB6/Plugins/CustomMapTools/Content/' was aborted.
[2018.11.06-08.29.16:152][856]LogModuleManager: Shutting down and abandoning module DirectoryWatcher (151)
[2018.11.06-08.29.16:152][856]LogModuleManager: Shutting down and abandoning module KismetCompiler (148)
[2018.11.06-08.29.16:152][856]LogModuleManager: Shutting down and abandoning module PhysXFormats (146)
[2018.11.06-08.29.16:152][856]LogModuleManager: Shutting down and abandoning module MeshUtilities (144)
[2018.11.06-08.29.16:152][856]LogModuleManager: Shutting down and abandoning module SimplygonSwarm (143)
[2018.11.06-08.29.16:152][856]LogModuleManager: Shutting down and abandoning module SimplygonMeshReduction (141)
[2018.11.06-08.29.16:152][856]LogModuleManager: Shutting down and abandoning module QuadricMeshReduction (139)
[2018.11.06-08.29.16:152][856]LogModuleManager: Shutting down and abandoning module PropertyEditor (137)
[2018.11.06-08.29.16:152][856]LogModuleManager: Shutting down and abandoning module DerivedDataCache (134)
[2018.11.06-08.29.16:154][856]LogDerivedDataCache: Shutdown
[2018.11.06-08.29.16:154][856]LogModuleManager: Shutting down and abandoning module TargetPlatform (132)
[2018.11.06-08.29.16:154][856]LogModuleManager: Shutting down and abandoning module VulkanShaderFormat (131)
[2018.11.06-08.29.16:154][856]LogModuleManager: Shutting down and abandoning module ShaderFormatOpenGL (129)
[2018.11.06-08.29.16:155][856]LogModuleManager: Shutting down and abandoning module ShaderFormatD3D (127)
[2018.11.06-08.29.16:155][856]LogModuleManager: Shutting down and abandoning module MetalShaderFormat (125)
[2018.11.06-08.29.16:155][856]LogModuleManager: Shutting down and abandoning module TextureFormatUncompressed (123)
[2018.11.06-08.29.16:155][856]LogModuleManager: Shutting down and abandoning module TextureFormatPVR (121)
[2018.11.06-08.29.16:155][856]LogModuleManager: Shutting down and abandoning module TextureFormatDXT (119)
[2018.11.06-08.29.16:155][856]LogModuleManager: Shutting down and abandoning module TextureFormatIntelISPCTexComp (117)
[2018.11.06-08.29.16:155][856]LogModuleManager: Shutting down and abandoning module TextureFormatASTC (115)
[2018.11.06-08.29.16:155][856]LogModuleManager: Shutting down and abandoning module ImageWrapper (114)
[2018.11.06-08.29.16:155][856]LogModuleManager: Shutting down and abandoning module TextureFormatAndroid (111)
[2018.11.06-08.29.16:155][856]LogModuleManager: Shutting down and abandoning module AudioFormatOpus (109)
[2018.11.06-08.29.16:156][856]LogModuleManager: Shutting down and abandoning module AudioFormatOgg (107)
[2018.11.06-08.29.16:156][856]LogModuleManager: Shutting down and abandoning module AudioFormatADPCM (105)
[2018.11.06-08.29.16:156][856]LogModuleManager: Shutting down and abandoning module LinuxTargetPlatform (103)
[2018.11.06-08.29.16:156][856]LogModuleManager: Shutting down and abandoning module LinuxServerTargetPlatform (101)
[2018.11.06-08.29.16:156][856]LogModuleManager: Shutting down and abandoning module LinuxNoEditorTargetPlatform (99)
[2018.11.06-08.29.16:156][856]LogModuleManager: Shutting down and abandoning module LinuxClientTargetPlatform (97)
[2018.11.06-08.29.16:156][856]LogModuleManager: Shutting down and abandoning module TVOSTargetPlatform (95)
[2018.11.06-08.29.16:156][856]LogModuleManager: Shutting down and abandoning module Messaging (93)
[2018.11.06-08.29.16:156][856]LogModuleManager: Shutting down and abandoning module IOSTargetPlatform (91)
[2018.11.06-08.29.16:156][856]LogModuleManager: Shutting down and abandoning module HTML5TargetPlatform (89)
[2018.11.06-08.29.16:156][856]LogModuleManager: Shutting down and abandoning module Android_PVRTCTargetPlatform (87)
[2018.11.06-08.29.16:156][856]LogModuleManager: Shutting down and abandoning module Android_MultiTargetPlatform (85)
[2018.11.06-08.29.16:156][856]LogModuleManager: Shutting down and abandoning module Android_ETC2TargetPlatform (83)
[2018.11.06-08.29.16:156][856]LogModuleManager: Shutting down and abandoning module Android_ETC1TargetPlatform (81)
[2018.11.06-08.29.16:156][856]LogModuleManager: Shutting down and abandoning module Android_DXTTargetPlatform (79)
[2018.11.06-08.29.16:156][856]LogModuleManager: Shutting down and abandoning module Android_ATCTargetPlatform (77)
[2018.11.06-08.29.16:156][856]LogModuleManager: Shutting down and abandoning module Android_ASTCTargetPlatform (75)
[2018.11.06-08.29.16:156][856]LogModuleManager: Shutting down and abandoning module AndroidTargetPlatform (73)
[2018.11.06-08.29.16:156][856]LogModuleManager: Shutting down and abandoning module WindowsTargetPlatform (71)
[2018.11.06-08.29.16:156][856]LogModuleManager: Shutting down and abandoning module WindowsServerTargetPlatform (69)
[2018.11.06-08.29.16:156][856]LogModuleManager: Shutting down and abandoning module WindowsNoEditorTargetPlatform (67)
[2018.11.06-08.29.16:156][856]LogModuleManager: Shutting down and abandoning module WindowsClientTargetPlatform (65)
[2018.11.06-08.29.16:156][856]LogModuleManager: Shutting down and abandoning module MacTargetPlatform (63)
[2018.11.06-08.29.16:156][856]LogModuleManager: Shutting down and abandoning module MacServerTargetPlatform (61)
[2018.11.06-08.29.16:156][856]LogModuleManager: Shutting down and abandoning module MacNoEditorTargetPlatform (59)
[2018.11.06-08.29.16:156][856]LogModuleManager: Shutting down and abandoning module MacClientTargetPlatform (57)
[2018.11.06-08.29.16:156][856]LogModuleManager: Shutting down and abandoning module AllDesktopTargetPlatform (55)
[2018.11.06-08.29.16:156][856]LogModuleManager: Shutting down and abandoning module InputCore (52)
[2018.11.06-08.29.16:156][856]LogModuleManager: Shutting down and abandoning module Settings (50)
[2018.11.06-08.29.16:156][856]LogModuleManager: Shutting down and abandoning module OculusRift (48)
[2018.11.06-08.29.16:157][856]LogHMD: Oculus shutdown.
[2018.11.06-08.29.16:157][856]LogModuleManager: Shutting down and abandoning module GearVR (46)
[2018.11.06-08.29.16:157][856]LogModuleManager: Shutting down and abandoning module ExampleDeviceProfileSelector (44)
[2018.11.06-08.29.16:157][856]LogModuleManager: Shutting down and abandoning module OnlineBlueprintSupport (42)
[2018.11.06-08.29.16:157][856]LogModuleManager: Shutting down and abandoning module OnlineSubsystem (38)
[2018.11.06-08.29.16:157][856]LogOnline:Display: Unloading online subsystem: NULL
[2018.11.06-08.29.16:158][856]LogModuleManager: Shutting down and abandoning module XMPP (37)
[2018.11.06-08.29.16:158][856]LogModuleManager: Shutting down and abandoning module HTTP (35)
[2018.11.06-08.29.16:158][856]LogHttp:Display: Http module shutting down, but needs to wait on 1 outstanding Http requests:
[2018.11.06-08.29.16:158][856]LogHttp:Display: 	verb=[POST] url=[https://datarouter.ol.epicgames.com/datarouter/api/v1/public/data?SessionID=%7BD76A428E-44AD-8D9F-2223-FD9A083D6D78%7D&AppID=UEEditor.Rocket.Release&AppVersion=4.15.3-3450819%2B%2B%2BUE4%2BRelease-4.15&UserID=132eb2404e9ea2bdbc4f9698e9e3a892%7C6bb19902c93d4af6804341a225194644%7Cc02fd5b2-ba45-4284-a3d4-f9ee82ce8279&AppEnvironment=datacollector-binary&UploadType=eteventstream] status=Processing
[2018.11.06-08.29.16:181][856]LogModuleManager: Shutting down and abandoning module SSL (34)
[2018.11.06-08.29.16:182][856]LogModuleManager: Shutting down and abandoning module AudioEditor (30)
[2018.11.06-08.29.16:183][856]LogModuleManager: Shutting down and abandoning module TextureCompressor (28)
[2018.11.06-08.29.16:183][856]LogModuleManager: Shutting down and abandoning module ShaderCore (26)
[2018.11.06-08.29.16:183][856]LogModuleManager: Shutting down and abandoning module Landscape (24)
[2018.11.06-08.29.16:183][856]LogModuleManager: Shutting down and abandoning module SlateRHIRenderer (22)
[2018.11.06-08.29.16:184][856]LogModuleManager: Shutting down and abandoning module OpenGLDrv (20)
[2018.11.06-08.29.16:184][856]LogModuleManager: Shutting down and abandoning module D3D11RHI (18)
[2018.11.06-08.29.16:184][856]LogModuleManager: Shutting down and abandoning module AnimGraphRuntime (16)
[2018.11.06-08.29.16:184][856]LogModuleManager: Shutting down and abandoning module Renderer (14)
[2018.11.06-08.29.16:184][856]LogModuleManager: Shutting down and abandoning module Engine (12)
[2018.11.06-08.29.16:184][856]LogModuleManager: Shutting down and abandoning module CoreUObject (10)
[2018.11.06-08.29.16:184][856]LogModuleManager: Shutting down and abandoning module NetworkFile (8)
[2018.11.06-08.29.16:185][856]LogModuleManager: Shutting down and abandoning module StreamingFile (6)
[2018.11.06-08.29.16:185][856]LogModuleManager: Shutting down and abandoning module SandboxFile (4)
[2018.11.06-08.29.16:185][856]LogModuleManager: Shutting down and abandoning module PakFile (2)
[2018.11.06-08.29.16:187][856]LogExit: Exiting.
[2018.11.06-08.29.16:188][856]Log file closed, 11/06/18 09:29:16
