Log file open, 10/07/18 17:42:55
LogInit:Display: Running engine for game: Pavlov
LogPlatformFile: Not using cached read wrapper
LogInit:Display: RandInit(137440753) SRandInit(137440753).
LogTaskGraph: Started task graph with 5 named threads and 10 total threads with 1 sets of task threads.
LogStats: Stats thread started at 0.111299
LogInit: Using libcurl 7.47.1
LogInit:  - built for x86_64-pc-win32
LogInit:  - supports SSL with OpenSSL/1.0.2g
LogInit:  - supports HTTP deflate (compression) using libz 1.2.8
LogInit:  - other features:
LogInit:      CURL_VERSION_SSL
LogInit:      CURL_VERSION_LIBZ
LogInit:      CURL_VERSION_IPV6
LogInit:      CURL_VERSION_ASYNCHDNS
LogInit:      CURL_VERSION_LARGEFILE
LogInit:      CURL_VERSION_IDN
LogInit:  CurlRequestOptions (configurable via config and command line):
LogInit:  - bVerifyPeer = false  - Libcurl will NOT verify peer certificate
LogInit:  - bUseHttpProxy = false  - Libcurl will NOT use HTTP proxy
LogInit:  - bDontReuseConnections = false  - Libcurl will reuse connections
LogInit:  - CertBundlePath = nullptr  - Libcurl will use whatever was configured at build time.
OCULUS: Info: [CAPI] LibOVR module is located at C:\Program Files\Oculus\Support\oculus-runtime\LibOVRRT64_1.dll
OCULUS: Info: Connected to the server running version (prod = 1).1.30.0(build = 676007) feature version = 0. Client runs version (prod = 1).1.30.0(build = 0) feature version = 0
OCULUS: Debug: [HMDState] Using default profile default
OCULUS: Info: IAD changed to 60.1mm
OCULUS: Debug: Creating factory
LogHMD: GearVR: Emulating GearVR using Oculus Rift!
LogInit: Build: ++UE4+Release-4.15-CL-3450819
LogInit: Engine Version: 4.15.3-3450819+++UE4+Release-4.15
LogInit: Compatible Engine Version: 4.15.0-3299760+++UE4+Release-4.15
LogInit: Net CL: 3299760
LogDevObjectVersion: Number of dev versions registered: 14
LogDevObjectVersion:   Dev-Blueprints (B0D832E4-1F89-4F0D-ACCF-7EB736FD4AA2): 8
LogDevObjectVersion:   Dev-Build (E1C64328-A22C-4D53-A36C-8E866417BD8C): 0
LogDevObjectVersion:   Dev-Core (375EC13C-06E4-48FB-B500-84F0262A717E): 2
LogDevObjectVersion:   Dev-Editor (E4B068ED-F494-42E9-A231-DA0B2E46BB41): 14
LogDevObjectVersion:   Dev-Framework (CFFC743F-43B0-4480-9391-14DF171D2073): 22
LogDevObjectVersion:   Dev-Mobile (B02B49B5-BB20-44E9-A304-32B752E40360): 0
LogDevObjectVersion:   Dev-Networking (A4E4105C-59A1-49B5-A7C5-40C4547EDFEE): 0
LogDevObjectVersion:   Dev-Online (39C831C9-5AE6-47DC-9A44-9C173E1C8E7C): 0
LogDevObjectVersion:   Dev-Physics (78F01B33-EBEA-4F98-B9B4-84EACCB95AA2): 0
LogDevObjectVersion:   Dev-Platform (6631380F-2D4D-43E0-8009-CF276956A95A): 0
LogDevObjectVersion:   Dev-Rendering (12F88B9F-8875-4AFC-A67C-D90C383ABD29): 12
LogDevObjectVersion:   Dev-Sequencer (7B5AE74C-D270-4C10-A958-57980B212A5A): 3
LogDevObjectVersion:   Dev-VR (D7296918-1DD6-4BDD-9DE2-64A83CC13884): 0
LogDevObjectVersion:   Dev-LoadTimes (C2A15278-BFE7-4AFE-6C17-90FF531DF755): 1
LogInit: Compiled (64-bit): May 21 2017 11:02:34
LogInit: Compiled with Visual C++: 19.00.23026.00
LogInit: Build Configuration: Development
LogInit: Branch Name: ++UE4+Release-4.15
LogInit: Command line:  
LogInit: Base directory: C:/Program Files/Epic Games/UE_4.15/Engine/Binaries/Win64/
LogInit: Installed Engine Build: 1
LogInit: Presizing for max 8388607 objects, including 0 objects not considered by GC, pre-allocating 0 bytes for permanent pool.
LogInit: Object subsystem initialized
[2018.10.07-15.42.56:071][  0]LogInit: Selected Device Profile: [Windows]
[2018.10.07-15.42.56:071][  0]LogInit: Applying CVar settings loaded from the selected device profile: [Windows]
[2018.10.07-15.42.56:082][  0]LogInit: Computer: DESKTOP-M8U18OG
[2018.10.07-15.42.56:082][  0]LogInit: User: bened
[2018.10.07-15.42.56:082][  0]LogInit: CPU Page size=65536, Cores=6
[2018.10.07-15.42.56:082][  0]LogInit: High frequency timer resolution =3.609380 MHz
[2018.10.07-15.42.56:083][  0]LogMemory: Memory total: Physical=15.9GB (16GB approx)
[2018.10.07-15.42.56:083][  0]LogMemory: Platform Memory Stats for Windows
[2018.10.07-15.42.56:083][  0]LogMemory: Process Physical Memory: 270.45 MB used, 270.45 MB peak
[2018.10.07-15.42.56:083][  0]LogMemory: Process Virtual Memory: 264.14 MB used, 264.14 MB peak
[2018.10.07-15.42.56:083][  0]LogMemory: Physical Memory: 4318.79 MB used,  11999.18 MB free, 16317.97 MB total
[2018.10.07-15.42.56:083][  0]LogMemory: Virtual Memory: 4801.33 MB used,  11999.18 MB free, 134217728.00 MB total
[2018.10.07-15.42.56:300][  0]LogTextLocalizationManager: No translations for ('de-DE') exist, falling back to 'en' for localization and internationalization data.
[2018.10.07-15.42.56:998][  0]LogD3D11RHI: D3D11 adapters:
[2018.10.07-15.42.57:040][  0]LogD3D11RHI:    0. 'NVIDIA GeForce GTX 1080 Ti' (Feature Level 11_0)
[2018.10.07-15.42.57:040][  0]LogD3D11RHI:       11127/0/8158 MB DedicatedVideo/DedicatedSystem/SharedSystem, Outputs:1, VendorId:0x10de
[2018.10.07-15.42.57:043][  0]LogD3D11RHI:    1. 'Microsoft Basic Render Driver' (Feature Level 11_0)
[2018.10.07-15.42.57:043][  0]LogD3D11RHI:       0/0/8158 MB DedicatedVideo/DedicatedSystem/SharedSystem, Outputs:0, VendorId:0x1414
[2018.10.07-15.42.57:043][  0]LogD3D11RHI: Chosen D3D11 Adapter: 0
[2018.10.07-15.42.57:050][  0]LogD3D11RHI: Creating new Direct3DDevice
[2018.10.07-15.42.57:050][  0]LogD3D11RHI:     GPU DeviceId: 0x1b06 (for the marketing name, search the web for "GPU Device Id")
[2018.10.07-15.42.57:050][  0]LogWindows: EnumDisplayDevices:
[2018.10.07-15.42.57:050][  0]LogWindows:    0. 'NVIDIA GeForce GTX 1080 Ti' (P:1 D:1)
[2018.10.07-15.42.57:050][  0]LogWindows:    1. 'NVIDIA GeForce GTX 1080 Ti' (P:0 D:0)
[2018.10.07-15.42.57:050][  0]LogWindows:    2. 'NVIDIA GeForce GTX 1080 Ti' (P:0 D:0)
[2018.10.07-15.42.57:050][  0]LogWindows:    3. 'NVIDIA GeForce GTX 1080 Ti' (P:0 D:0)
[2018.10.07-15.42.57:050][  0]LogWindows: DebugString: GetVideoDriverDetailsInvalid PrimaryIsNotTheChoosenAdapter GetVideoDriverDetailsInvalid PrimaryIsNotTheChoosenAdapter GetVideoDriverDetailsInvalid PrimaryIsNotTheChoosenAdapter GetVideoDriverDetailsInvalid PrimaryIsNotTheChoosenAdapter FoundDriverCount:0 
[2018.10.07-15.42.57:050][  0]LogD3D11RHI:     Adapter Name: NVIDIA GeForce GTX 1080 Ti
[2018.10.07-15.42.57:050][  0]LogD3D11RHI:   Driver Version: Unknown (internal:Unknown, unified:Unknown)
[2018.10.07-15.42.57:050][  0]LogD3D11RHI:      Driver Date: Unknown
[2018.10.07-15.42.57:050][  0]LogRHI: Texture pool is 1361 MB (70% of 1945 MB)
[2018.10.07-15.42.57:083][  0]LogD3D11RHI: Async texture creation enabled
[2018.10.07-15.42.57:125][  0]LogD3D11RHI: GPU Timing Frequency: 1000.000000 (Debug: 2 2)
[2018.10.07-15.42.57:174][  0]LogShaderCompilers: Guid format shader working directory is -14 characters bigger than the processId version (../../../../../../Users/bened/Documents/Unreal Projects/RB6/Intermediate/Shaders/WorkingDirectory/13220/).
[2018.10.07-15.42.57:174][  0]LogShaderCompilers: Cleaned the shader compiler working directory 'C:/Users/bened/AppData/Local/Temp/UnrealShaderWorkingDir/F50213014FB7A2303B66E8B6EB463BD9/'.
[2018.10.07-15.42.57:175][  0]LogShaderCompilers:Display: Using Local Shader Compiler.
[2018.10.07-15.42.58:243][  0]LogTemp:Display: Loaded TP AllDesktopTargetPlatform
[2018.10.07-15.42.58:303][  0]LogTemp:Display: Loaded TP MacClientTargetPlatform
[2018.10.07-15.42.58:363][  0]LogTemp:Display: Loaded TP MacNoEditorTargetPlatform
[2018.10.07-15.42.58:417][  0]LogTemp:Display: Loaded TP MacServerTargetPlatform
[2018.10.07-15.42.58:473][  0]LogTemp:Display: Loaded TP MacTargetPlatform
[2018.10.07-15.42.58:532][  0]LogTemp:Display: Loaded TP WindowsClientTargetPlatform
[2018.10.07-15.42.58:592][  0]LogTemp:Display: Loaded TP WindowsNoEditorTargetPlatform
[2018.10.07-15.42.58:655][  0]LogTemp:Display: Loaded TP WindowsServerTargetPlatform
[2018.10.07-15.42.58:710][  0]LogTemp:Display: Loaded TP WindowsTargetPlatform
[2018.10.07-15.42.58:767][  0]LogTemp:Display: Loaded TP AndroidTargetPlatform
[2018.10.07-15.42.58:827][  0]LogTemp:Display: Loaded TP Android_ASTCTargetPlatform
[2018.10.07-15.42.58:880][  0]LogTemp:Display: Loaded TP Android_ATCTargetPlatform
[2018.10.07-15.42.58:934][  0]LogTemp:Display: Loaded TP Android_DXTTargetPlatform
[2018.10.07-15.42.58:986][  0]LogTemp:Display: Loaded TP Android_ETC1TargetPlatform
[2018.10.07-15.42.59:042][  0]LogTemp:Display: Loaded TP Android_ETC2TargetPlatform
[2018.10.07-15.42.59:191][  0]LogTemp:Display: Loaded TP Android_MultiTargetPlatform
[2018.10.07-15.42.59:191][  0]LogTemp:Display: Loaded TP Android_PVRTCTargetPlatform
[2018.10.07-15.42.59:230][  0]LogTemp:Display: Loaded TP HTML5TargetPlatform
[2018.10.07-15.42.59:333][  0]LogTemp:Display: Loaded TP IOSTargetPlatform
[2018.10.07-15.42.59:364][  0]LogTemp:Display: Loaded TP TVOSTargetPlatform
[2018.10.07-15.42.59:419][  0]LogTemp:Display: Loaded TP LinuxClientTargetPlatform
[2018.10.07-15.42.59:654][  0]LogTemp:Display: Loaded TP LinuxNoEditorTargetPlatform
[2018.10.07-15.42.59:738][  0]LogTemp:Display: Loaded TP LinuxServerTargetPlatform
[2018.10.07-15.42.59:788][  0]LogTemp:Display: Loaded TP LinuxTargetPlatform
[2018.10.07-15.42.59:788][  0]LogTargetPlatformManager:Display: Building Assets For Windows
[2018.10.07-15.43.00:335][  0]LogDerivedDataCache:Display: Max Cache Size: 512 MB
[2018.10.07-15.43.00:522][  0]LogDerivedDataCache: Loaded boot cache 0.19s 52MB C:/Users/bened/AppData/Local/UnrealEngine/4.15/DerivedDataCache/Boot.ddc.
[2018.10.07-15.43.00:522][  0]LogDerivedDataCache:Display: Loaded Boot cache: C:/Users/bened/AppData/Local/UnrealEngine/4.15/DerivedDataCache/Boot.ddc
[2018.10.07-15.43.00:523][  0]LogDerivedDataCache: FDerivedDataBackendGraph:  Pak pak cache file ../../../../../../Users/bened/Documents/Unreal Projects/RB6/DerivedDataCache/DDC.ddp not found, will not use a pak cache.
[2018.10.07-15.43.00:523][  0]LogDerivedDataCache: Unable to find inner node Pak for hierarchical cache Hierarchy.
[2018.10.07-15.43.00:523][  0]LogDerivedDataCache: FDerivedDataBackendGraph:  CompressedPak pak cache file ../../../../../../Users/bened/Documents/Unreal Projects/RB6/DerivedDataCache/Compressed.ddp not found, will not use a pak cache.
[2018.10.07-15.43.00:523][  0]LogDerivedDataCache: Unable to find inner node CompressedPak for hierarchical cache Hierarchy.
[2018.10.07-15.43.00:548][  0]LogDerivedDataCache:Display: Pak cache opened for reading ../../../Engine/DerivedDataCache/Compressed.ddp.
[2018.10.07-15.43.00:562][  0]LogDerivedDataCache: Using Local data cache path C:/Users/bened/AppData/Local/UnrealEngine/Common/DerivedDataCache: Writable
[2018.10.07-15.43.00:585][  0]LogSlate: Using Freetype 2.6.0
[2018.10.07-15.43.00:587][  0]LogSlate: SlateFontCache - WITH_FREETYPE: 1, WITH_HARFBUZZ: 1
[2018.10.07-15.43.00:588][  0]LogSlate: SlateFontCache - WITH_FREETYPE: 1, WITH_HARFBUZZ: 1
[2018.10.07-15.43.01:309][  0]LogInit: Selected Device Profile: [Windows]
[2018.10.07-15.43.01:315][  0]LogContentStreaming: Texture pool size is 0.00 MB
[2018.10.07-15.43.01:668][  0]LogMeshUtilities: Using QuadricMeshReduction for automatic static mesh reduction
[2018.10.07-15.43.01:744][  0]LogSimplygon: Simplygon DLL not present - disabling.
[2018.10.07-15.43.01:834][  0]LogMeshUtilities: Using SimplygonSwarm for distributed automatic mesh merging
[2018.10.07-15.43.01:834][  0]LogMeshUtilities: No automatic skeletal mesh reduction module available
[2018.10.07-15.43.01:834][  0]LogMeshUtilities: No automatic mesh merging module available
[2018.10.07-15.43.02:536][  0]LogNetVersion: GetLocalNetworkVersion: CL: 3299760, ProjectName: pavlov, ProjectVersion: , EngineNetworkVersion: 2, GameNetworkVersion: 0, NetworkChecksum: 2014131361
[2018.10.07-15.43.02:588][  0]LogAssetRegistry: FAssetRegistry took 0.0237 seconds to start up
[2018.10.07-15.43.02:632][  0]LogPackageLocalizationCache: Processed 4 localized package path(s) for 1 prioritized culture(s) in 0.022706 seconds
[2018.10.07-15.43.02:639][  0]LogUObjectArray: 32493 objects as part of root set at end of initial load.
[2018.10.07-15.43.02:639][  0]LogUObjectAllocator: 7077032 out of 0 bytes used by permanent object pool.
[2018.10.07-15.43.02:639][  0]LogUObjectArray: CloseDisregardForGC: 0/0 objects in disregard for GC pool
[2018.10.07-15.43.02:701][  0]LogInit: WinSock: version 1.1 (2.2), MaxSocks=32767, MaxUdp=65467
[2018.10.07-15.43.04:846][  0]LogTcpMessaging: Initializing TcpMessaging bridge
[2018.10.07-15.43.04:889][  0]LogUdpMessaging: Initializing bridge on interface 0.0.0.0:0 to multicast group 230.0.0.1:6666.
[2018.10.07-15.43.05:392][  0]LogMaterial: Missing cached shader map for material BaseColor, compiling. 
[2018.10.07-15.43.05:393][  0]LogMaterial:Warning: Failed to compile Material /Engine/BufferVisualization/BaseColor.BaseColor for platform PCD3D_SM5, Default Material will be used in game.
[2018.10.07-15.43.05:393][  0]LogMaterial:Warning: 	(Node SceneTexture) GBuffer scene textures not available with forward shading.
[2018.10.07-15.43.05:406][  0]LogMaterial: Uniform references updated for custom material expression Custom.
[2018.10.07-15.43.05:413][  0]LogMaterial: Missing cached shader map for material LightingModel, compiling. 
[2018.10.07-15.43.05:413][  0]LogMaterial:Warning: Failed to compile Material /Engine/BufferVisualization/LightingModel.LightingModel for platform PCD3D_SM5, Default Material will be used in game.
[2018.10.07-15.43.05:413][  0]LogMaterial:Warning: 	(Node SceneTexture) GBuffer scene textures not available with forward shading.
[2018.10.07-15.43.05:415][  0]LogMaterial: Missing cached shader map for material MaterialAO, compiling. 
[2018.10.07-15.43.05:415][  0]LogMaterial:Warning: Failed to compile Material /Engine/BufferVisualization/MaterialAO.MaterialAO for platform PCD3D_SM5, Default Material will be used in game.
[2018.10.07-15.43.05:415][  0]LogMaterial:Warning: 	(Node SceneTexture) GBuffer scene textures not available with forward shading.
[2018.10.07-15.43.05:417][  0]LogMaterial: Missing cached shader map for material Metallic, compiling. 
[2018.10.07-15.43.05:417][  0]LogMaterial:Warning: Failed to compile Material /Engine/BufferVisualization/Metallic.Metallic for platform PCD3D_SM5, Default Material will be used in game.
[2018.10.07-15.43.05:417][  0]LogMaterial:Warning: 	(Node SceneTexture) GBuffer scene textures not available with forward shading.
[2018.10.07-15.43.05:420][  0]LogMaterial: Missing cached shader map for material Opacity, compiling. 
[2018.10.07-15.43.05:420][  0]LogMaterial:Warning: Failed to compile Material /Engine/BufferVisualization/Opacity.Opacity for platform PCD3D_SM5, Default Material will be used in game.
[2018.10.07-15.43.05:420][  0]LogMaterial:Warning: 	(Node SceneTexture) GBuffer scene textures not available with forward shading.
[2018.10.07-15.43.05:423][  0]LogMaterial: Missing cached shader map for material Roughness, compiling. 
[2018.10.07-15.43.05:423][  0]LogMaterial:Warning: Failed to compile Material /Engine/BufferVisualization/Roughness.Roughness for platform PCD3D_SM5, Default Material will be used in game.
[2018.10.07-15.43.05:423][  0]LogMaterial:Warning: 	(Node SceneTexture) GBuffer scene textures not available with forward shading.
[2018.10.07-15.43.05:435][  0]LogMaterial: Missing cached shader map for material Specular, compiling. 
[2018.10.07-15.43.05:435][  0]LogMaterial:Warning: Failed to compile Material /Engine/BufferVisualization/Specular.Specular for platform PCD3D_SM5, Default Material will be used in game.
[2018.10.07-15.43.05:435][  0]LogMaterial:Warning: 	(Node SceneTexture) GBuffer scene textures not available with forward shading.
[2018.10.07-15.43.05:437][  0]LogMaterial: Missing cached shader map for material SubsurfaceColor, compiling. 
[2018.10.07-15.43.05:438][  0]LogMaterial:Warning: Failed to compile Material /Engine/BufferVisualization/SubsurfaceColor.SubsurfaceColor for platform PCD3D_SM5, Default Material will be used in game.
[2018.10.07-15.43.05:438][  0]LogMaterial:Warning: 	(Node SceneTexture) GBuffer scene textures not available with forward shading.
[2018.10.07-15.43.05:440][  0]LogMaterial: Missing cached shader map for material WorldNormal, compiling. 
[2018.10.07-15.43.05:440][  0]LogMaterial:Warning: Failed to compile Material /Engine/BufferVisualization/WorldNormal.WorldNormal for platform PCD3D_SM5, Default Material will be used in game.
[2018.10.07-15.43.05:440][  0]LogMaterial:Warning: 	(Node SceneTexture) GBuffer scene textures not available with forward shading.
[2018.10.07-15.43.05:797][  0]SourceControl: Info Source control is disabled
[2018.10.07-15.43.05:893][  0]SourceControl: Info Source control is disabled
[2018.10.07-15.43.05:948][  0]SourceControl: Info Source control is disabled
[2018.10.07-15.43.06:001][  0]SourceControl: Info Source control is disabled
[2018.10.07-15.43.07:393][  0]LogEngine: Initializing Engine...
[2018.10.07-15.43.07:394][  0]LogHMD: Oculus plugin initialized. Version: 4.15.3-3450819+++UE4+Release-4.15, LibOVR: 1.30.0, SDK: 1.10.0, built May 21 2017, 11:08:57
[2018.10.07-15.43.07:483][  0]OCULUS: Debug: [HMDState] Using default profile default
[2018.10.07-15.43.07:483][  0]OCULUS: Info: IAD changed to 60.1mm
[2018.10.07-15.43.07:483][  0]LogStats: UGameplayTagsManager::ConstructGameplayTagTree: Construct from data asset -  0.000 s
[2018.10.07-15.43.07:484][  0]LogStats: UGameplayTagsManager::ConstructGameplayTagTree: GameplayTagTreeChangedEvent.Broadcast -  0.000 s
[2018.10.07-15.43.07:620][  0]LogAIModule: Creating AISystem for world Untitled
[2018.10.07-15.43.07:634][  0]LogInit: XAudio2 using 'Lautsprecher (Sound Blaster Z)' : 6 channels at 48 kHz using 32 bits per sample (channel mask 0x3f)
[2018.10.07-15.43.07:646][  0]LogInit: FAudioDevice initialized.
[2018.10.07-15.43.07:670][  0]LogDerivedDataCache: Saved boot cache 0.03s 52MB C:/Users/bened/AppData/Local/UnrealEngine/4.15/DerivedDataCache/Boot.ddc.
[2018.10.07-15.43.07:678][  0]LogInit: Texture streaming: Enabled
[2018.10.07-15.43.07:771][  0]LogEngineSessionManager: EngineSessionManager initialized
[2018.10.07-15.43.07:868][  0]LogInit: Transaction tracking system initialized
[2018.10.07-15.43.08:220][  0]BlueprintLog: New page: Editor Load
[2018.10.07-15.43.09:140][  0]LocalizationService: Info Localization service is disabled
[2018.10.07-15.43.09:881][  0]LogMaterial: Missing cached shader map for material BaseColor, compiling. 
[2018.10.07-15.43.09:881][  0]LogMaterial:Warning: Failed to compile Material /Engine/BufferVisualization/BaseColor.BaseColor for platform PCD3D_SM5, Default Material will be used in game.
[2018.10.07-15.43.09:881][  0]LogMaterial:Warning: 	(Node SceneTexture) GBuffer scene textures not available with forward shading.
[2018.10.07-15.43.09:886][  0]LogMaterial: Missing cached shader map for material LightingModel, compiling. 
[2018.10.07-15.43.09:886][  0]LogMaterial:Warning: Failed to compile Material /Engine/BufferVisualization/LightingModel.LightingModel for platform PCD3D_SM5, Default Material will be used in game.
[2018.10.07-15.43.09:886][  0]LogMaterial:Warning: 	(Node SceneTexture) GBuffer scene textures not available with forward shading.
[2018.10.07-15.43.09:887][  0]LogMaterial: Missing cached shader map for material MaterialAO, compiling. 
[2018.10.07-15.43.09:887][  0]LogMaterial:Warning: Failed to compile Material /Engine/BufferVisualization/MaterialAO.MaterialAO for platform PCD3D_SM5, Default Material will be used in game.
[2018.10.07-15.43.09:887][  0]LogMaterial:Warning: 	(Node SceneTexture) GBuffer scene textures not available with forward shading.
[2018.10.07-15.43.09:888][  0]LogMaterial: Missing cached shader map for material Metallic, compiling. 
[2018.10.07-15.43.09:888][  0]LogMaterial:Warning: Failed to compile Material /Engine/BufferVisualization/Metallic.Metallic for platform PCD3D_SM5, Default Material will be used in game.
[2018.10.07-15.43.09:888][  0]LogMaterial:Warning: 	(Node SceneTexture) GBuffer scene textures not available with forward shading.
[2018.10.07-15.43.09:889][  0]LogMaterial: Missing cached shader map for material Opacity, compiling. 
[2018.10.07-15.43.09:889][  0]LogMaterial:Warning: Failed to compile Material /Engine/BufferVisualization/Opacity.Opacity for platform PCD3D_SM5, Default Material will be used in game.
[2018.10.07-15.43.09:889][  0]LogMaterial:Warning: 	(Node SceneTexture) GBuffer scene textures not available with forward shading.
[2018.10.07-15.43.09:889][  0]LogMaterial: Missing cached shader map for material Roughness, compiling. 
[2018.10.07-15.43.09:890][  0]LogMaterial:Warning: Failed to compile Material /Engine/BufferVisualization/Roughness.Roughness for platform PCD3D_SM5, Default Material will be used in game.
[2018.10.07-15.43.09:890][  0]LogMaterial:Warning: 	(Node SceneTexture) GBuffer scene textures not available with forward shading.
[2018.10.07-15.43.09:896][  0]LogMaterial: Missing cached shader map for material Specular, compiling. 
[2018.10.07-15.43.09:896][  0]LogMaterial:Warning: Failed to compile Material /Engine/BufferVisualization/Specular.Specular for platform PCD3D_SM5, Default Material will be used in game.
[2018.10.07-15.43.09:896][  0]LogMaterial:Warning: 	(Node SceneTexture) GBuffer scene textures not available with forward shading.
[2018.10.07-15.43.09:897][  0]LogMaterial: Missing cached shader map for material SubsurfaceColor, compiling. 
[2018.10.07-15.43.09:897][  0]LogMaterial:Warning: Failed to compile Material /Engine/BufferVisualization/SubsurfaceColor.SubsurfaceColor for platform PCD3D_SM5, Default Material will be used in game.
[2018.10.07-15.43.09:897][  0]LogMaterial:Warning: 	(Node SceneTexture) GBuffer scene textures not available with forward shading.
[2018.10.07-15.43.09:897][  0]LogMaterial: Missing cached shader map for material WorldNormal, compiling. 
[2018.10.07-15.43.09:898][  0]LogMaterial:Warning: Failed to compile Material /Engine/BufferVisualization/WorldNormal.WorldNormal for platform PCD3D_SM5, Default Material will be used in game.
[2018.10.07-15.43.09:898][  0]LogMaterial:Warning: 	(Node SceneTexture) GBuffer scene textures not available with forward shading.
[2018.10.07-15.43.09:961][  0]LogConsoleResponse:Display: 
[2018.10.07-15.43.10:108][  0]LogCook:Display: Max memory allowance for cook 16384mb min free memory 0mb
[2018.10.07-15.43.10:108][  0]LogCook:Display: Mobile HDR setting 0
[2018.10.07-15.43.10:376][  0]LogFileCache: Scanning file cache for directory 'C:/Users/bened/Documents/Unreal Projects/RB6/Content/' took 0.01s
[2018.10.07-15.43.10:853][  0]CustomMapToolsLog: Initializing Pavlov's workshop editor plugin
[2018.10.07-15.43.11:694][  0]CustomMapToolsLog: Visiting ../../../../../../Users/bened/Documents/Unreal Projects/RB6/Content/CustomMaps/UGC1523200099
[2018.10.07-15.43.12:154][  0]SourceControl: Info Source control is disabled
[2018.10.07-15.43.12:156][  0]Cmd: MAP LOAD FILE="../../../Engine/Content/Maps/Templates/Template_Default.umap" TEMPLATE=1 SHOWPROGRESS=1 FEATURELEVEL=3
[2018.10.07-15.43.12:158][  0]LightingResults: New page: Lighting Build
[2018.10.07-15.43.12:200][  0]MapCheck: New page: Map Check
[2018.10.07-15.43.12:200][  0]LightingResults: New page: Lighting Build
[2018.10.07-15.43.12:368][  0]LogAIModule: Creating AISystem for world Untitled_1
[2018.10.07-15.43.12:380][  0]LogActorComponent: RegisterComponentWithWorld: (/Temp/Untitled_1.Untitled_1:PersistentLevel.WorldSettings_1.StaticMeshComponent0) Trying to register component with IsPendingKill() == true. Aborting.
[2018.10.07-15.43.12:391][  0]LogEditorServer: Finished looking for orphan Actors (0.000 secs)
[2018.10.07-15.43.12:394][  0]Cmd: MAP CHECKDEP NOCLEARLOG
[2018.10.07-15.43.12:442][  0]MapCheck: Info Map check complete: 0 Error(s), 0 Warning(s), took 47.314ms to complete.
[2018.10.07-15.43.12:442][  0]LogFileHelpers: Loading map 'Template_Default' took 0.287
[2018.10.07-15.43.12:642][  0]LogCollectionManager: Loaded 0 collections in 0.001398 seconds
[2018.10.07-15.43.12:734][  0]LogFileCache: Scanning file cache for directory 'C:/Users/bened/Documents/Unreal Projects/RB6/Saved/Collections/' took 0.01s
[2018.10.07-15.43.12:734][  0]LogFileCache: Scanning file cache for directory 'C:/Users/bened/Documents/Unreal Projects/RB6/Content/Developers/bened/Collections/' took 0.01s
[2018.10.07-15.43.12:734][  0]LogFileCache: Scanning file cache for directory 'C:/Users/bened/Documents/Unreal Projects/RB6/Content/Collections/' took 0.01s
[2018.10.07-15.43.12:734][  0]LogCollectionManager: Rebuilt the GUID cache for 0 collections in 0.000002 seconds
[2018.10.07-15.43.12:742][  0]LogContentBrowser: Native class hierarchy populated in 0.0072 seconds. Added 2254 classes and 456 folders.
[2018.10.07-15.43.12:807][  0]LogContentBrowser: Native class hierarchy updated for 'WidgetCarousel' in 0.0004 seconds. Added 0 classes and 0 folders.
[2018.10.07-15.43.12:892][  0]LogContentBrowser: Native class hierarchy updated for 'AddContentDialog' in 0.0004 seconds. Added 0 classes and 0 folders.
[2018.10.07-15.43.12:941][  0]LogContentBrowser: Native class hierarchy updated for 'SceneOutliner' in 0.0004 seconds. Added 1 classes and 2 folders.
[2018.10.07-15.43.13:066][  0]LogCrashTracker: Crashtracker disabled due to settings.
[2018.10.07-15.43.13:077][  0]LogUObjectGlobals:Warning: Failed to find object 'Class None.'
[2018.10.07-15.43.13:146][  0]LogContentBrowser: Native class hierarchy updated for 'HierarchicalLODOutliner' in 0.0004 seconds. Added 1 classes and 2 folders.
[2018.10.07-15.43.13:146][  0]LogLoad: (Engine Initialization) Total time: 19.13 seconds
[2018.10.07-15.43.13:146][  0]LogLoad: (Engine Initialization) Total Blueprint compile time: 0.09 seconds
[2018.10.07-15.43.13:146][  0]LogExternalProfiler: No external profilers were discovered.  External profiling features will not be available.
[2018.10.07-15.43.13:155][  0]LogWindowsTextInputMethodSystem:Display: IME system now deactivated.
[2018.10.07-15.43.13:156][  0]LogOcInput: OculusInput pre-init called
[2018.10.07-15.43.13:170][  0]LogOcInput: OculusInput is initialized. Init status 0. Runtime version: 1.30.0
[2018.10.07-15.43.13:184][  0]LogAssetRegistry: Asset discovery search completed in 10.6192 seconds
[2018.10.07-15.43.13:184][  0]LogCollectionManager: Rebuilt the object cache for 0 collections in 0.000002 seconds (found 0 objects)
[2018.10.07-15.43.13:184][  0]LogCollectionManager: Fixed up redirectors for 0 collections in 0.000012 seconds (updated 0 objects)
[2018.10.07-15.43.13:213][  0]LogContentStreaming: Texture pool size now 2500 MB
[2018.10.07-15.43.13:222][  0]LogSlate: Took 0.001174 seconds to synchronously load lazily loaded font '../../../Engine/Content/Slate/Fonts/Roboto-Regular.ttf' (155K)
[2018.10.07-15.43.13:225][  0]LogSlate: Took 0.001107 seconds to synchronously load lazily loaded font '../../../Engine/Content/Slate/Fonts/Roboto-Bold.ttf' (160K)
[2018.10.07-15.43.13:231][  0]LogSlate: Took 0.001165 seconds to synchronously load lazily loaded font '../../../Engine/Content/Editor/Slate/Fonts/FontAwesome.ttf' (139K)
[2018.10.07-15.43.13:359][  0]LogRenderer: Reallocating scene render targets to support 1788x964 NumSamples 4 (Frame:2).
[2018.10.07-15.48.14:269][174]LogSlate: Took 0.001015 seconds to synchronously load lazily loaded font '../../../Engine/Content/Slate/Fonts/Roboto-Light.ttf' (159K)
[2018.10.07-15.48.14:356][174]LogAIModule: Creating AISystem for world House
[2018.10.07-15.48.14:373][174]Cmd: MAP LOAD FILE="../../../../../../Users/bened/Documents/Unreal Projects/RB6/Content/CustomMaps/UGC1523200099/House.umap" TEMPLATE=0 SHOWPROGRESS=1 FEATURELEVEL=3
[2018.10.07-15.48.14:373][174]LightingResults: New page: Lighting Build
[2018.10.07-15.48.14:375][174]LoadErrors: New page: Loading map: House.umap
[2018.10.07-15.48.14:376][174]MapCheck: New page: Map Check
[2018.10.07-15.48.14:376][174]LightingResults: New page: Lighting Build
[2018.10.07-15.48.14:422][174]LogEditorServer: Finished looking for orphan Actors (0.000 secs)
[2018.10.07-15.48.14:433][174]Cmd: MAP CHECKDEP NOCLEARLOG
[2018.10.07-15.48.14:485][174]MapCheck: Info Map check complete: 0 Error(s), 0 Warning(s), took 51.813ms to complete.
[2018.10.07-15.48.14:485][174]LogFileHelpers: Loading map 'House' took 0.112
[2018.10.07-15.48.38:010][979]LogEditorViewport: Clicking on Actor (LMB): PaperSpriteActor (HouseBasement_217059_Sprite)
[2018.10.07-15.50.48:225][238]LogEditorViewport: Clicking on Actor (LMB): StaticMeshActor (Cube3)
[2018.10.07-15.50.49:438][376]Cmd: EDIT COPY
[2018.10.07-15.50.49:725][409]Cmd: EDIT PASTE
[2018.10.07-15.51.31:411][369]LogSlate: Took 0.001261 seconds to synchronously load lazily loaded font '../../../Engine/Content/Editor/Slate/Fonts/Roboto-Italic.ttf' (157K)
[2018.10.07-15.52.05:487][430]LogEditorViewport: Clicking on Actor (LMB): StaticMeshActor (Cube2)
[2018.10.07-15.52.08:087][735]LogEditorViewport: Clicking on Actor (LMB): StaticMeshActor (Cube7)
[2018.10.07-15.52.20:093][139]LogEditorViewport: Clicking on Actor (LMB): PaperSpriteActor (HouseBasement_217059_Sprite)
[2018.10.07-15.52.20:803][218]LogEditorViewport: Clicking on Actor (LMB): StaticMeshActor (Cube6)
[2018.10.07-15.52.22:358][399]Cmd: EDIT COPY
[2018.10.07-15.52.23:614][549]Cmd: EDIT PASTE
[2018.10.07-15.52.38:398][313]LogEditorViewport: Clicking on Actor (LMB): StaticMeshActor (Cube7)
[2018.10.07-15.52.56:367][453]LogEditorViewport: Clicking on Actor (LMB): StaticMeshActor (Cube8)
[2018.10.07-15.53.21:753][478]LogEditorViewport: Clicking on Actor (LMB): StaticMeshActor (Cube7)
[2018.10.07-15.53.29:518][401]LogEditorViewport: Clicking on Actor (LMB): StaticMeshActor (Cube8)
[2018.10.07-15.53.37:105][300]Cmd: EDIT COPY
[2018.10.07-15.53.37:544][352]Cmd: EDIT PASTE
[2018.10.07-15.54.10:114][224]Cmd: SELECT NONE
[2018.10.07-15.54.18:688][251]LogEditorViewport: Clicking on Actor (LMB): StaticMeshActor (Cube9)
[2018.10.07-15.54.19:973][399]Cmd: EDIT COPY
[2018.10.07-15.54.20:240][431]Cmd: EDIT PASTE
[2018.10.07-15.54.54:983][574]LogEditorViewport: Clicking on Actor (LMB): StaticMeshActor (Cube2)
[2018.10.07-15.54.56:147][708]Cmd: EDIT COPY
[2018.10.07-15.54.56:463][746]Cmd: EDIT PASTE
[2018.10.07-15.55.53:696][587]LogEditorViewport: Clicking on Actor (LMB): StaticMeshActor (Cube7)
[2018.10.07-15.55.54:583][688]LogEditorViewport: Clicking on Actor (LMB): StaticMeshActor (Cube11)
[2018.10.07-15.56.15:599][191]LogEditorViewport: Clicking on Actor (LMB): StaticMeshActor (Cube7)
[2018.10.07-15.56.16:469][290]Cmd: EDIT COPY
[2018.10.07-15.56.17:267][385]Cmd: EDIT PASTE
[2018.10.07-15.56.26:558][486]LogEditorViewport: Clicking on Actor (LMB): StaticMeshActor (Cube11)
[2018.10.07-15.56.27:570][602]LogEditorViewport: Clicking on Actor (LMB): StaticMeshActor (Cube12)
[2018.10.07-15.56.51:119][419]LogEditorViewport: Clicking on Actor (LMB): StaticMeshActor (Cube11)
[2018.10.07-15.56.54:323][792]LogEditorViewport: Clicking on Actor (LMB): StaticMeshActor (Cube12)
[2018.10.07-15.57.14:886][250]LogEditorViewport: Clicking on Actor (LMB): StaticMeshActor (Cube11)
[2018.10.07-15.57.16:074][387]LogEditorViewport: Clicking on Actor (LMB): StaticMeshActor (Cube12)
[2018.10.07-15.57.40:285][284]LogEditorViewport: Clicking on Actor (LMB): StaticMeshActor (Cube11)
[2018.10.07-15.57.41:387][411]LogEditorViewport: Clicking on Actor (LMB): StaticMeshActor (Cube12)
[2018.10.07-15.57.43:057][606]LogEditorViewport: Clicking on Actor (LMB): PaperSpriteActor (HouseBasement_217059_Sprite)
[2018.10.07-15.57.48:407][229]LogEditorViewport: Clicking on Actor (LMB): StaticMeshActor (Cube12)
[2018.10.07-15.58.25:423][625]LogEditorViewport: Clicking on Actor (LMB): StaticMeshActor (stair_01)
[2018.10.07-15.58.25:512][629]LogEditorViewport: Clicking on Component (LMB): StaticMeshComponent (StaticMeshComponent0)
[2018.10.07-15.58.29:711][ 60]LogRenderer: Reallocating scene render targets to support 1912x1284 NumSamples 4 (Frame:93524).
[2018.10.07-15.59.30:496][225]LogSavePackage: Save=7.62ms
[2018.10.07-15.59.30:496][225]LogSavePackage: Moving '../../../../../../Users/bened/Documents/Unreal Projects/RB6/Saved/stair_01C21C58004F30C16B9BDD5B90CCFC93A3.tmp' to '../../../../../../Users/bened/Documents/Unreal Projects/RB6/Content/CustomMaps/UGC1523200099/Meshes/stair_01.uasset'
[2018.10.07-15.59.30:501][225]LogSavePackage:Display: Finished SavePackage ../../../../../../Users/bened/Documents/Unreal Projects/RB6/Content/CustomMaps/UGC1523200099/Meshes/stair_01.uasset
[2018.10.07-15.59.42:722][655]LogEditorViewport: Clicking on Actor (LMB): StaticMeshActor (Cube11)
[2018.10.07-15.59.44:503][857]Cmd: EDIT COPY
[2018.10.07-15.59.44:790][891]Cmd: EDIT PASTE
[2018.10.07-16.00.20:761][169]LogEditorViewport: Clicking on Actor (LMB): StaticMeshActor (Cube8)
[2018.10.07-16.00.21:874][297]Cmd: EDIT COPY
[2018.10.07-16.00.22:155][330]Cmd: EDIT PASTE
[2018.10.07-16.00.35:351][899]LogEditorViewport: Clicking on Actor (LMB): StaticMeshActor (Cube14)
[2018.10.07-16.00.50:127][656]LogEditorViewport: Clicking on Actor (LMB): StaticMeshActor (Cube13)
[2018.10.07-16.00.51:499][815]LogEditorViewport: Clicking on Actor (LMB): StaticMeshActor (Cube14)
[2018.10.07-16.01.02:998][186]LogEditorViewport: Clicking on Actor (LMB): StaticMeshActor (Cube13)
[2018.10.07-16.01.04:284][335]LogEditorViewport: Clicking on Actor (LMB): StaticMeshActor (Cube12)
[2018.10.07-16.01.08:934][884]LogEditorViewport: Clicking on Actor (LMB): StaticMeshActor (Cube14)
[2018.10.07-16.01.09:772][979]Cmd: EDIT COPY
[2018.10.07-16.01.10:080][ 15]Cmd: EDIT PASTE
[2018.10.07-16.01.35:908][ 97]LogEditorViewport: Clicking on Actor (LMB): StaticMeshActor (Cube9)
[2018.10.07-16.01.37:430][274]LogEditorViewport: Clicking on Actor (LMB): StaticMeshActor (Cube8)
[2018.10.07-16.01.38:628][412]Cmd: EDIT COPY
[2018.10.07-16.01.38:870][441]Cmd: EDIT PASTE
[2018.10.07-16.02.00:274][983]LogEditorViewport: Clicking on Actor (LMB): StaticMeshActor (Cube15)
[2018.10.07-16.02.01:328][104]LogEditorViewport: Clicking on Actor (LMB): PaperSpriteActor (HouseBasement_217059_Sprite)
[2018.10.07-16.02.27:928][262]LogEditorViewport: Clicking on Actor (LMB): StaticMeshActor (Cube9)
[2018.10.07-16.02.29:042][385]Cmd: EDIT COPY
[2018.10.07-16.02.29:698][463]Cmd: EDIT PASTE
[2018.10.07-16.02.54:455][407]LogEditorViewport: Clicking on Actor (LMB): StaticMeshActor (Cube4)
[2018.10.07-16.02.55:551][533]Cmd: EDIT COPY
[2018.10.07-16.02.55:793][562]Cmd: EDIT PASTE
[2018.10.07-16.03.14:385][766]LogEditorViewport: Clicking on Actor (LMB): StaticMeshActor (Cube18)
[2018.10.07-16.03.22:985][773]Cmd: EDIT COPY
[2018.10.07-16.03.23:240][803]Cmd: EDIT PASTE
[2018.10.07-16.03.38:849][657]LogEditorViewport: Clicking on Actor (LMB): StaticMeshActor (Cube10)
[2018.10.07-16.03.39:939][782]Cmd: EDIT COPY
[2018.10.07-16.03.40:155][808]Cmd: EDIT PASTE
[2018.10.07-16.04.15:977][ 62]LogEditorViewport: Clicking on Actor (LMB): StaticMeshActor (Cube9)
[2018.10.07-16.04.16:998][179]LogEditorViewport: Clicking on Actor (LMB): PaperSpriteActor (HouseBasement_217059_Sprite)
[2018.10.07-16.04.20:062][536]LogEditorViewport: Clicking on Actor (LMB): StaticMeshActor (Cube20)
[2018.10.07-16.04.24:309][ 39]Cmd: EDIT COPY
[2018.10.07-16.04.24:582][ 71]Cmd: EDIT PASTE
[2018.10.07-16.04.42:492][205]LogEditorViewport: Clicking on Actor (LMB): StaticMeshActor (stair_01)
[2018.10.07-16.04.47:423][790]LogEditorViewport: Clicking on Actor (LMB): StaticMeshActor (Cube21)
[2018.10.07-16.04.57:950][ 42]LogEditorViewport: Clicking on Actor (LMB): StaticMeshActor (Cube7)
[2018.10.07-16.05.01:842][499]LogEditorViewport: Clicking on Actor (LMB): StaticMeshActor (Cube19)
[2018.10.07-16.05.02:807][609]Cmd: EDIT COPY
[2018.10.07-16.05.03:362][675]Cmd: EDIT PASTE
[2018.10.07-16.05.08:165][240]LogEditorViewport: Clicking on Actor (LMB): StaticMeshActor (Cube13)
[2018.10.07-16.05.08:906][323]LogEditorViewport: Clicking on Actor (LMB): StaticMeshActor (Cube22)
[2018.10.07-16.05.15:153][ 62]LogEditorViewport: Clicking on Actor (LMB): StaticMeshActor (Cube22)
[2018.10.07-16.05.16:456][216]LogEditorViewport: Clicking on Actor (LMB): PaperSpriteActor (HouseBasement_217059_Sprite)
[2018.10.07-16.05.17:441][329]LogEditorViewport: Clicking on Actor (LMB): StaticMeshActor (Cube22)
[2018.10.07-16.05.33:949][299]LogEditorViewport: Clicking on Actor (LMB): PaperSpriteActor (HouseBasement_217059_Sprite)
[2018.10.07-16.05.41:183][152]LogEditorViewport: Clicking on Actor (LMB): StaticMeshActor (Cube22)
[2018.10.07-16.05.53:949][672]Cmd: EDIT COPY
[2018.10.07-16.05.54:289][712]Cmd: EDIT PASTE
[2018.10.07-16.06.11:006][706]LogEditorViewport: Clicking on Actor (LMB): StaticMeshActor (Cube23)
[2018.10.07-16.06.25:857][481]LogEditorViewport: Clicking on Actor (LMB): StaticMeshActor (Cube22)
[2018.10.07-16.06.26:452][547]LogEditorViewport: Clicking on Actor (LMB): PaperSpriteActor (HouseBasement_217059_Sprite)
[2018.10.07-16.06.30:448][ 21]LogEditorViewport: Clicking on Actor (LMB): StaticMeshActor (Cube23)
[2018.10.07-16.06.36:716][766]LogEditorViewport: Clicking on Actor (LMB): StaticMeshActor (Cube22)
[2018.10.07-16.06.37:970][911]Cmd: EDIT COPY
[2018.10.07-16.06.38:195][938]Cmd: EDIT PASTE
[2018.10.07-16.06.52:465][635]LogEditorViewport: Clicking on Actor (LMB): StaticMeshActor (Cube23)
[2018.10.07-16.06.53:722][780]LogEditorViewport: Clicking on Actor (LMB): StaticMeshActor (Cube24)
[2018.10.07-16.06.57:035][169]LogEditorViewport: Clicking on Actor (LMB): StaticMeshActor (Cube23)
[2018.10.07-16.06.57:678][240]LogEditorViewport: Clicking on Actor (LMB): PaperSpriteActor (HouseBasement_217059_Sprite)
[2018.10.07-16.06.58:838][374]LogEditorViewport: Clicking on Actor (LMB): StaticMeshActor (Cube24)
[2018.10.07-16.07.00:819][605]LogEditorViewport: Clicking on Actor (LMB): PaperSpriteActor (HouseBasement_217059_Sprite)
[2018.10.07-16.07.01:202][646]LogEditorViewport: Clicking on Actor (LMB): PaperSpriteActor (HouseBasement_217059_Sprite)
[2018.10.07-16.07.02:172][761]LogEditorViewport: Clicking on Actor (LMB): StaticMeshActor (Cube24)
[2018.10.07-16.07.05:737][181]LogEditorViewport: Clicking on Actor (LMB): PaperSpriteActor (HouseBasement_217059_Sprite)
[2018.10.07-16.07.06:597][279]LogEditorViewport: Clicking on Actor (LMB): StaticMeshActor (Cube24)
[2018.10.07-16.08.16:758][680]LogEditorViewport: Clicking on Actor (LMB): StaticMeshActor (Cube23)
[2018.10.07-16.08.17:263][735]LogEditorViewport: Clicking on Actor (LMB): PaperSpriteActor (HouseBasement_217059_Sprite)
[2018.10.07-16.08.20:380][102]LogEditorViewport: Clicking on Actor (LMB): StaticMeshActor (Cube23)
[2018.10.07-16.08.39:168][347]LogSlate: Took 0.000222 seconds to synchronously load lazily loaded font '../../../Engine/Content/Slate/Fonts/Roboto-Light.ttf' (159K)
[2018.10.07-16.08.48:203][422]LogSavePackage: Save=25.23ms
[2018.10.07-16.08.48:203][422]LogSavePackage: Moving '../../../../../../Users/bened/Documents/Unreal Projects/RB6/Saved/House_Auto144D863EA46F99651221A9DBE8AE4A469.tmp' to '../../../../../../Users/bened/Documents/Unreal Projects/RB6/Saved/Autosaves/Game/CustomMaps/UGC1523200099/House_Auto1.umap'
[2018.10.07-16.08.48:205][422]LogSavePackage:Display: Finished SavePackage ../../../../../../Users/bened/Documents/Unreal Projects/RB6/Saved/Autosaves/Game/CustomMaps/UGC1523200099/House_Auto1.umap
[2018.10.07-16.08.48:207][422]LogFileHelpers: Editor autosave (incl. sublevels) for '/Game/CustomMaps/UGC1523200099/House' took 0.049
[2018.10.07-16.08.48:207][422]LogFileHelpers: Editor autosave (incl. sublevels) for all levels took 0.049
[2018.10.07-16.08.52:325][915]Cmd: EDIT COPY
[2018.10.07-16.08.52:608][949]Cmd: EDIT PASTE
[2018.10.07-16.09.01:608][ 17]LogEditorViewport: Clicking on Actor (LMB): StaticMeshActor (Cube25)
[2018.10.07-16.09.12:297][291]LogEditorViewport: Clicking on Actor (LMB): PaperSpriteActor (HouseBasement_217059_Sprite)
[2018.10.07-16.09.17:624][920]LogEditorViewport: Clicking on Actor (LMB): StaticMeshActor (Cube22)
[2018.10.07-16.09.18:362][  3]Cmd: EDIT COPY
[2018.10.07-16.09.18:959][ 74]Cmd: EDIT PASTE
[2018.10.07-16.09.39:054][465]LogEditorViewport: Clicking on Actor (LMB): PaperSpriteActor (HouseBasement_217059_Sprite)
[2018.10.07-16.09.42:320][850]LogEditorViewport: Clicking on Actor (LMB): StaticMeshActor (Cube26)
[2018.10.07-16.09.43:592][997]Cmd: EDIT COPY
[2018.10.07-16.09.43:800][ 22]Cmd: EDIT PASTE
[2018.10.07-16.09.48:972][634]LogEditorViewport: Clicking on Actor (LMB): StaticMeshActor (Cube27)
[2018.10.07-16.10.22:795][653]LogEditorViewport: Clicking on Actor (LMB): StaticMeshActor (Cube17)
[2018.10.07-16.10.23:756][756]Cmd: EDIT COPY
[2018.10.07-16.10.24:013][786]Cmd: EDIT PASTE
[2018.10.07-16.10.58:481][891]Cmd: EDIT COPY
[2018.10.07-16.10.58:703][917]Cmd: EDIT PASTE
[2018.10.07-16.11.08:445][ 78]LogEditorViewport: Clicking on Actor (LMB): StaticMeshActor (Cube2)
[2018.10.07-16.11.09:254][169]Cmd: EDIT COPY
[2018.10.07-16.11.09:576][207]Cmd: EDIT PASTE
[2018.10.07-16.11.15:199][869]LogEditorViewport: Clicking on Actor (LMB): PaperSpriteActor (HouseBasement_217059_Sprite)
[2018.10.07-16.11.16:036][964]LogEditorViewport: Clicking on Actor (LMB): StaticMeshActor (Cube30)
[2018.10.07-16.11.29:619][586]LogEditorViewport: Clicking on Actor (LMB): PaperSpriteActor (HouseBasement_217059_Sprite)
[2018.10.07-16.11.30:483][684]LogEditorViewport: Clicking on Actor (LMB): StaticMeshActor (Cube30)
[2018.10.07-16.11.37:257][488]LogEditorViewport: Clicking on Actor (LMB): PaperSpriteActor (HouseBasement_217059_Sprite)
[2018.10.07-16.18.48:129][156]LogSavePackage: Save=27.15ms
[2018.10.07-16.18.48:129][156]LogSavePackage: Moving '../../../../../../Users/bened/Documents/Unreal Projects/RB6/Saved/House_Auto2B08E75F041D500E75BC89CB24D11C49F.tmp' to '../../../../../../Users/bened/Documents/Unreal Projects/RB6/Saved/Autosaves/Game/CustomMaps/UGC1523200099/House_Auto2.umap'
[2018.10.07-16.18.48:131][156]LogSavePackage:Display: Finished SavePackage ../../../../../../Users/bened/Documents/Unreal Projects/RB6/Saved/Autosaves/Game/CustomMaps/UGC1523200099/House_Auto2.umap
[2018.10.07-16.18.48:133][156]LogFileHelpers: Editor autosave (incl. sublevels) for '/Game/CustomMaps/UGC1523200099/House' took 0.049
[2018.10.07-16.18.48:133][156]LogFileHelpers: Editor autosave (incl. sublevels) for all levels took 0.049
[2018.10.07-16.36.59:564][ 81]LogEditorViewport: Clicking on Actor (LMB): StaticMeshActor (Cube19)
[2018.10.07-16.36.59:831][107]LogEditorViewport: Clicking on Component (LMB): StaticMeshComponent (StaticMeshComponent0)
[2018.10.07-16.37.00:073][132]LogEditorViewport: Clicking on Component (LMB): StaticMeshComponent (StaticMeshComponent0)
[2018.10.07-16.38.06:112][893]LogEditorViewport: Clicking on Actor (LMB): StaticMeshActor (Cube30)
[2018.10.07-16.38.23:002][901]LogEditorViewport: Clicking on Actor (LMB): StaticMeshActor (Cube29)
[2018.10.07-16.38.23:851][997]LogEditorViewport: Clicking on Actor (LMB): PaperSpriteActor (HouseBasement_217059_Sprite)
[2018.10.07-16.38.29:724][695]LogEditorViewport: Clicking on Actor (LMB): StaticMeshActor (Cube9)
[2018.10.07-16.38.45:606][583]Cmd: EDIT COPY
[2018.10.07-16.38.45:882][616]Cmd: EDIT PASTE
[2018.10.07-16.39.15:397][ 76]LogEditorViewport: Clicking on Actor (LMB): PaperSpriteActor (HouseBasement_217059_Sprite)
[2018.10.07-16.39.19:762][587]LogEditorViewport: Clicking on Actor (LMB): StaticMeshActor (Cube31)
[2018.10.07-16.39.20:930][721]Cmd: EDIT COPY
[2018.10.07-16.39.21:188][751]Cmd: EDIT PASTE
[2018.10.07-16.39.40:456][ 43]Cmd: TRANSACTION UNDO
[2018.10.07-16.39.40:456][ 43]LogEditorTransaction: Undo Scale Actors
[2018.10.07-16.39.48:136][958]LogEditorViewport: Clicking on Actor (LMB): StaticMeshActor (Cube13)
[2018.10.07-16.39.49:253][ 86]Cmd: EDIT COPY
[2018.10.07-16.39.49:513][117]Cmd: EDIT PASTE
[2018.10.07-16.39.54:067][654]LogEditorViewport: Clicking on Actor (LMB): StaticMeshActor (Cube33)
[2018.10.07-16.40.06:453][119]LogEditorViewport: Clicking on Actor (LMB): PaperSpriteActor (HouseBasement_217059_Sprite)
[2018.10.07-16.40.07:609][252]LogEditorViewport: Clicking on Actor (LMB): StaticMeshActor (Cube33)
[2018.10.07-16.40.10:895][635]LogEditorViewport: Clicking on Actor (LMB): StaticMeshActor (Cube27)
[2018.10.07-16.40.12:332][801]Cmd: EDIT COPY
[2018.10.07-16.40.12:574][829]Cmd: EDIT PASTE
[2018.10.07-16.40.22:230][974]LogEditorViewport: Clicking on Actor (LMB): PaperSpriteActor (HouseBasement_217059_Sprite)
[2018.10.07-16.40.25:787][393]LogEditorViewport: Clicking on Actor (LMB): StaticMeshActor (Cube33)
[2018.10.07-16.40.26:522][475]Cmd: EDIT COPY
[2018.10.07-16.40.26:747][502]Cmd: EDIT PASTE
[2018.10.07-16.40.34:246][387]LogSavePackage: Save=29.16ms
[2018.10.07-16.40.34:246][387]LogSavePackage: Moving '../../../../../../Users/bened/Documents/Unreal Projects/RB6/Saved/House8B7B7E7D4A8E40FEAE7C0DB7F833BCD7.tmp' to '../../../../../../Users/bened/Documents/Unreal Projects/RB6/Content/CustomMaps/UGC1523200099/House.umap'
[2018.10.07-16.40.34:251][387]LogSavePackage:Display: Finished SavePackage ../../../../../../Users/bened/Documents/Unreal Projects/RB6/Content/CustomMaps/UGC1523200099/House.umap
[2018.10.07-16.40.34:290][387]LogSavePackage: Save=14.61ms
[2018.10.07-16.40.34:290][387]LogSavePackage: Moving '../../../../../../Users/bened/Documents/Unreal Projects/RB6/Saved/House_BuiltDataDECBDAED4BBB18AB7D6E22A01EEC34AE.tmp' to '../../../../../../Users/bened/Documents/Unreal Projects/RB6/Content/CustomMaps/UGC1523200099/House_BuiltData.uasset'
[2018.10.07-16.40.34:292][387]LogSavePackage:Display: Finished SavePackage ../../../../../../Users/bened/Documents/Unreal Projects/RB6/Content/CustomMaps/UGC1523200099/House_BuiltData.uasset
[2018.10.07-16.50.34:592][296]LogFileHelpers: Editor autosave (incl. sublevels) for '/Game/CustomMaps/UGC1523200099/House' took 0.006
[2018.10.07-16.50.34:594][296]OBJ SavePackage: Generating thumbnails for [1] asset(s) in package [/Engine/BasicShapes/Cube] ([1] browsable assets)...
[2018.10.07-16.50.34:601][296]OBJ SavePackage:     Rendered thumbnail for [StaticMesh /Engine/BasicShapes/Cube.Cube]
[2018.10.07-16.50.34:601][296]OBJ SavePackage: Finished generating thumbnails for package [/Engine/BasicShapes/Cube]
[2018.10.07-16.50.34:601][296]Cmd: OBJ SAVEPACKAGE PACKAGE="/Engine/BasicShapes/Cube" FILE="../../../../../../Users/bened/Documents/Unreal Projects/RB6/Saved/Autosaves/Engine/BasicShapes/Cube_Auto3.uasset" SILENT=false AUTOSAVING=true
[2018.10.07-16.50.34:616][296]LogSavePackage: Save=5.93ms
[2018.10.07-16.50.34:616][296]LogSavePackage: Moving '../../../../../../Users/bened/Documents/Unreal Projects/RB6/Saved/Cube_Auto3381B140546A0DEE31F57A6908BB8410B.tmp' to '../../../../../../Users/bened/Documents/Unreal Projects/RB6/Saved/Autosaves/Engine/BasicShapes/Cube_Auto3.uasset'
[2018.10.07-16.50.34:618][296]LogSavePackage:Display: Finished SavePackage ../../../../../../Users/bened/Documents/Unreal Projects/RB6/Saved/Autosaves/Engine/BasicShapes/Cube_Auto3.uasset
[2018.10.07-16.50.34:618][296]LogFileHelpers: Auto-saving content packages took 0.025
[2018.10.07-16.56.29:069][344]LogEditorViewport: Clicking on Actor (LMB): StaticMeshActor (Cube20)
[2018.10.07-16.56.32:451][743]LogEditorViewport: Clicking on Actor (LMB): StaticMeshActor (Cube21)
[2018.10.07-16.56.33:562][870]Cmd: EDIT COPY
[2018.10.07-16.56.33:796][897]Cmd: EDIT PASTE
[2018.10.07-16.56.49:478][761]Cmd: EDIT COPY
[2018.10.07-16.56.49:729][791]Cmd: EDIT PASTE
[2018.10.07-16.57.03:278][386]LogEditorViewport: Clicking on Actor (LMB): StaticMeshActor (Cube30)
[2018.10.07-16.57.23:904][844]LogEditorViewport: Clicking on Actor (LMB): PaperSpriteActor (HouseBasement_217059_Sprite)
[2018.10.07-16.57.30:878][666]LogEditorViewport: Clicking on Actor (LMB): StaticMeshActor (Cube19)
[2018.10.07-16.57.33:757][  2]LogEditorViewport: Clicking on Actor (LMB): PaperSpriteActor (HouseBasement_217059_Sprite)
[2018.10.07-16.57.38:117][514]LogEditorViewport: Clicking on Actor (LMB): StaticMeshActor (Cube35)
[2018.10.07-16.57.59:380][ 38]LogEditorViewport: Clicking on Actor (LMB): PaperSpriteActor (HouseBasement_217059_Sprite)
[2018.10.07-16.58.03:546][529]LogEditorViewport: Clicking on Actor (LMB): StaticMeshActor (Cube35)
[2018.10.07-16.58.04:622][652]Cmd: EDIT COPY
[2018.10.07-16.58.04:856][680]Cmd: EDIT PASTE
[2018.10.07-16.58.16:325][ 36]LogEditorViewport: Clicking on Actor (LMB): StaticMeshActor (Cube30)
[2018.10.07-16.58.17:133][127]Cmd: EDIT COPY
[2018.10.07-16.58.17:384][156]Cmd: EDIT PASTE
[2018.10.07-16.58.37:951][586]LogEditorViewport: Clicking on Actor (LMB): StaticMeshActor (Cube38)
[2018.10.07-16.58.38:453][640]LogEditorViewport: Clicking on Actor (LMB): PaperSpriteActor (HouseBasement_217059_Sprite)
[2018.10.07-16.58.40:851][919]LogEditorViewport: Clicking on Actor (LMB): StaticMeshActor (Cube38)
[2018.10.07-16.58.42:343][ 92]Cmd: EDIT COPY
[2018.10.07-16.58.42:594][122]Cmd: EDIT PASTE
[2018.10.07-16.58.58:672][ 30]LogEditorViewport: Clicking on Actor (LMB): StaticMeshActor (Cube39)
[2018.10.07-16.58.59:116][ 77]LogEditorViewport: Clicking on Actor (LMB): PaperSpriteActor (HouseBasement_217059_Sprite)
[2018.10.07-16.58.59:598][129]LogEditorViewport: Clicking on Actor (LMB): StaticMeshActor (Cube40)
[2018.10.07-16.59.04:442][699]LogEditorViewport: Clicking on Actor (LMB): PaperSpriteActor (HouseBasement_217059_Sprite)
[2018.10.07-16.59.06:556][945]LogEditorViewport: Clicking on Actor (LMB): StaticMeshActor (Cube40)
[2018.10.07-16.59.25:131][159]LogEditorViewport: Clicking on Actor (LMB): PaperSpriteActor (HouseBasement_217059_Sprite)
[2018.10.07-16.59.26:208][282]LogEditorViewport: Clicking on Actor (LMB): StaticMeshActor (Cube40)
[2018.10.07-16.59.36:715][533]LogEditorViewport: Clicking on Actor (LMB): PaperSpriteActor (HouseBasement_217059_Sprite)
[2018.10.07-16.59.42:497][201]LogSavePackage: Save=31.24ms
[2018.10.07-16.59.42:497][201]LogSavePackage: Moving '../../../../../../Users/bened/Documents/Unreal Projects/RB6/Saved/House737DE7C245BD410CB2AEFD8F93B8386E.tmp' to '../../../../../../Users/bened/Documents/Unreal Projects/RB6/Content/CustomMaps/UGC1523200099/House.umap'
[2018.10.07-16.59.42:501][201]LogSavePackage:Display: Finished SavePackage ../../../../../../Users/bened/Documents/Unreal Projects/RB6/Content/CustomMaps/UGC1523200099/House.umap
[2018.10.07-16.59.42:534][201]LogSavePackage: Save=10.31ms
[2018.10.07-16.59.42:534][201]LogSavePackage: Moving '../../../../../../Users/bened/Documents/Unreal Projects/RB6/Saved/House_BuiltDataB0139A1E4E0CB464DED0D68F8CCCA16B.tmp' to '../../../../../../Users/bened/Documents/Unreal Projects/RB6/Content/CustomMaps/UGC1523200099/House_BuiltData.uasset'
[2018.10.07-16.59.42:536][201]LogSavePackage:Display: Finished SavePackage ../../../../../../Users/bened/Documents/Unreal Projects/RB6/Content/CustomMaps/UGC1523200099/House_BuiltData.uasset
[2018.10.07-16.59.44:899][483]LogEditorViewport: Clicking on Actor (LMB): PaperSpriteActor (HouseBasement_217059_Sprite)
[2018.10.07-17.00.02:173][462]LogEditorViewport: Clicking on Actor (LMB): StaticMeshActor (Cube32)
[2018.10.07-17.00.05:826][869]LogEditorViewport: Clicking on Actor (LMB): StaticMeshActor (Cube7)
[2018.10.07-17.00.23:216][912]LogEditorViewport: Clicking on Actor (LMB): PaperSpriteActor (HouseBasement_217059_Sprite)
[2018.10.07-17.00.29:165][585]LogEditorViewport: Clicking on Actor (LMB): StaticMeshActor (garage_floor)
[2018.10.07-17.03.20:605][697]MapCheck: New page: Map Check
[2018.10.07-17.03.20:619][697]LightingResults: New page: Lighting Build - Oct 7, 2018, 9:03:20 PM
[2018.10.07-17.03.20:656][697]LogSwarmInterface: [OpenConnection] Registering TCP channel ...
[2018.10.07-17.03.20:698][697]LogSwarmInterface: [OpenConnection] Connecting to agent ...
[2018.10.07-17.03.20:713][697]LogSwarmInterface: [TryOpenConnection] Testing the Agent
[2018.10.07-17.03.21:249][697]LogSwarmInterface: [TryOpenConnection] Opening Connection to Agent
[2018.10.07-17.03.21:249][697]LogSwarmInterface: [TryOpenConnection] Local Process ID is 13220
[2018.10.07-17.03.26:296][697]LogStaticLightingSystem:Warning: No importance volume found, so the scene bounding box was used.  You can optimize your scene's quality and lighting build times by adding importance volumes.
[2018.10.07-17.03.26:296][697]LogStaticLightingSystem: Running Lightmass w/ ImmediateImport mode ENABLED
[2018.10.07-17.03.26:296][697]LogStaticLightingSystem: Running Lightmass w/ ImmediateProcess mode ENABLED
[2018.10.07-17.03.26:296][697]LogStaticLightingSystem: Running Lightmass w/ Sorting mode ENABLED
[2018.10.07-17.03.26:296][697]LogStaticLightingSystem: Running Lightmass w/ Mapping paddings ENABLED
[2018.10.07-17.03.26:296][697]LogStaticLightingSystem: Running Lightmass w/ Mapping debug paddings DISABLED
[2018.10.07-17.03.26:452][697]LogEditorBuildUtils: Build time 0:05
[2018.10.07-17.03.26:463][697]LogMaterial: Missing cached shader map for material FLightmassMaterialRenderer waesche_floor, compiling. 
[2018.10.07-17.03.26:464][697]LogTemp:Display: Added material ShaderMap 0x0000025B8914AB00 with Material 0x0000025BF21EA500 to ShaderMapsBeingCompiled
[2018.10.07-17.03.26:467][697]LogTemp:Display: Kicking off shader compilation for FLightmassMaterialRenderer waesche_floor, GameThreadShaderMap 0x0000025B8914AB00
[2018.10.07-17.03.26:469][697]LogMaterial: Missing cached shader map for material FLightmassMaterialRenderer waesche_floor, compiling. 
[2018.10.07-17.03.26:470][697]LogTemp:Display: Added material ShaderMap 0x0000025B89148B80 with Material 0x0000025BF21EBA00 to ShaderMapsBeingCompiled
[2018.10.07-17.03.26:471][697]LogTemp:Display: Kicking off shader compilation for FLightmassMaterialRenderer waesche_floor, GameThreadShaderMap 0x0000025B89148B80
[2018.10.07-17.03.26:486][698]LogMaterial: Missing cached shader map for material FLightmassMaterialRenderer stair, compiling. 
[2018.10.07-17.03.26:487][698]LogTemp:Display: Added material ShaderMap 0x0000025B9C64F580 with Material 0x0000025BE6C33D00 to ShaderMapsBeingCompiled
[2018.10.07-17.03.26:489][698]LogTemp:Display: Kicking off shader compilation for FLightmassMaterialRenderer stair, GameThreadShaderMap 0x0000025B9C64F580
[2018.10.07-17.03.26:491][698]LogMaterial: Missing cached shader map for material FLightmassMaterialRenderer stair, compiling. 
[2018.10.07-17.03.26:493][698]LogTemp:Display: Added material ShaderMap 0x0000025B9C64DD00 with Material 0x0000025BE6C33400 to ShaderMapsBeingCompiled
[2018.10.07-17.03.26:495][698]LogTemp:Display: Kicking off shader compilation for FLightmassMaterialRenderer stair, GameThreadShaderMap 0x0000025B9C64DD00
[2018.10.07-17.03.27:195][699]LogTemp:Display: Finished compile of shader map 0x0000025B89148B80
[2018.10.07-17.03.27:195][699]LogTemp:Display: Shader map FLightmassMaterialRenderer waesche_floor complete, GameThreadShaderMap 0x0000025B89148B80, marking material FLightmassMaterialRenderer waesche_floor as finished
[2018.10.07-17.03.27:195][699]LogTemp:Display: Marking material as finished 0x0000025BF21EBA00
[2018.10.07-17.03.27:198][699]LogTemp:Display: Finished compile of shader map 0x0000025B9C64DD00
[2018.10.07-17.03.27:198][699]LogTemp:Display: Shader map FLightmassMaterialRenderer stair complete, GameThreadShaderMap 0x0000025B9C64DD00, marking material FLightmassMaterialRenderer stair as finished
[2018.10.07-17.03.27:198][699]LogTemp:Display: Marking material as finished 0x0000025BE6C33400
[2018.10.07-17.03.27:199][699]LogTemp:Display: Finished compile of shader map 0x0000025B8914AB00
[2018.10.07-17.03.27:199][699]LogTemp:Display: Shader map FLightmassMaterialRenderer waesche_floor complete, GameThreadShaderMap 0x0000025B8914AB00, marking material FLightmassMaterialRenderer waesche_floor as finished
[2018.10.07-17.03.27:199][699]LogTemp:Display: Marking material as finished 0x0000025BF21EA500
[2018.10.07-17.03.27:200][699]LogTemp:Display: Finished compile of shader map 0x0000025B9C64F580
[2018.10.07-17.03.27:200][699]LogTemp:Display: Shader map FLightmassMaterialRenderer stair complete, GameThreadShaderMap 0x0000025B9C64F580, marking material FLightmassMaterialRenderer stair as finished
[2018.10.07-17.03.27:200][699]LogTemp:Display: Marking material as finished 0x0000025BE6C33D00
[2018.10.07-17.03.28:997][805]LightingResults:Warning: Warning stair_01 Object has overlapping UVs.
[2018.10.07-17.03.28:997][805]LightingResults: Info stair_01 Lightmap UV are overlapping by 2.0%. Please adjust content - Enable Error Coloring to visualize.
[2018.10.07-17.03.29:201][824]Job is a success!
[2018.10.07-17.03.29:398][825]LogTexture:Display: Building textures: HQ_Lightmap1_1 (AutoDXT, 1024X1024) - 116 MB total VRAM
[2018.10.07-17.03.29:398][825]LogTexture:Display: Building textures: LQ_Lightmap_1_1 (DXT1, 1024X1024) - 116 MB total VRAM
[2018.10.07-17.03.29:398][825]LogTexture:Display: Building textures: HQ_Lightmap0_2 (AutoDXT, 64X64) - 116 MB total VRAM
[2018.10.07-17.03.29:398][825]LogTexture:Display: Building textures: LQ_Lightmap_0_2 (DXT1, 64X64) - 116 MB total VRAM
[2018.10.07-17.03.29:426][825]Lightmass on DESKTOP-M8U18OG: 1.44 sec total, 92 ms importing, 7 ms setup, 511 ms photons, 764 ms processing, 0 ms extra exporting [46/46 mappings]. Threads: 7.91 sec total, 3.32 sec processing.
[2018.10.07-17.03.29:452][825]LogStaticLightingSystem: Illumination: 8.81 sec (130 ms encoding lightmaps, 0 ms encoding shadowmaps)
[2018.10.07-17.03.29:452][825]LogStaticLightingSystem: Lightmap texture memory:  2.0 MB (2.0 MB streaming, 0.0 MB non-streaming), 4 textures
[2018.10.07-17.03.29:452][825]LogStaticLightingSystem: Shadowmap texture memory: 0.0 MB (0.0 MB streaming, 0.0 MB non-streaming), 0 textures
[2018.10.07-17.03.30:304][825]DumpUnbuiltLightIteractions
[2018.10.07-17.03.30:304][825]Lights with unbuilt interactions: 0
[2018.10.07-17.03.30:304][825]
[2018.10.07-17.03.30:304][825]Primitives with unbuilt interactions: 0
[2018.10.07-17.03.30:316][826]Cmd: MAP CHECK NOTIFYRESULTS
[2018.10.07-17.03.30:316][826]MapCheck: New page: House - Oct 7, 2018, 9:03:30 PM
[2018.10.07-17.03.30:374][826]MapCheck: Info Map check complete: 0 Error(s), 0 Warning(s), took 57.84ms to complete.
[2018.10.07-17.04.22:467][ 44]LogEditorViewport: Clicking on Actor (LMB): StaticMeshActor (stair_01)
[2018.10.07-17.09.44:250][400]LogSavePackage: Save=32.28ms
[2018.10.07-17.09.44:250][400]LogSavePackage: Moving '../../../../../../Users/bened/Documents/Unreal Projects/RB6/Saved/House_Auto44FDBA711444C61591967918F78477359.tmp' to '../../../../../../Users/bened/Documents/Unreal Projects/RB6/Saved/Autosaves/Game/CustomMaps/UGC1523200099/House_Auto4.umap'
[2018.10.07-17.09.44:252][400]LogSavePackage:Display: Finished SavePackage ../../../../../../Users/bened/Documents/Unreal Projects/RB6/Saved/Autosaves/Game/CustomMaps/UGC1523200099/House_Auto4.umap
[2018.10.07-17.09.44:254][400]LogFileHelpers: Editor autosave (incl. sublevels) for '/Game/CustomMaps/UGC1523200099/House' took 0.055
[2018.10.07-17.09.44:254][400]LogFileHelpers: Editor autosave (incl. sublevels) for all levels took 0.055
[2018.10.07-17.09.44:256][400]OBJ SavePackage: Generating thumbnails for [0] asset(s) in package [/Game/CustomMaps/UGC1523200099/House_BuiltData] ([1] browsable assets)...
[2018.10.07-17.09.44:256][400]OBJ SavePackage: Finished generating thumbnails for package [/Game/CustomMaps/UGC1523200099/House_BuiltData]
[2018.10.07-17.09.44:272][400]LogSavePackage: Save=6.15ms
[2018.10.07-17.09.44:272][400]LogSavePackage: Moving '../../../../../../Users/bened/Documents/Unreal Projects/RB6/Saved/House_BuiltData_Auto4FABB48134A8D82BB4277188508990633.tmp' to '../../../../../../Users/bened/Documents/Unreal Projects/RB6/Saved/Autosaves/Game/CustomMaps/UGC1523200099/House_BuiltData_Auto4.uasset'
[2018.10.07-17.09.44:274][400]LogSavePackage:Display: Finished SavePackage ../../../../../../Users/bened/Documents/Unreal Projects/RB6/Saved/Autosaves/Game/CustomMaps/UGC1523200099/House_BuiltData_Auto4.uasset
[2018.10.07-17.09.44:274][400]LogFileHelpers: Auto-saving content packages took 0.019
[2018.10.07-17.54.44:254][591]Cmd: OBJ SAVEPACKAGE PACKAGE="/Engine/BasicShapes/Cube" FILE="../../../Engine/Content/BasicShapes/Cube.uasset" SILENT=true
[2018.10.07-17.54.44:267][591]LogSavePackage: Save=3.21ms
[2018.10.07-17.54.44:267][591]LogSavePackage: Moving '../../../../../../Users/bened/Documents/Unreal Projects/RB6/Saved/CubeE21098AA4150AEA28A36AB96A77E84B6.tmp' to '../../../Engine/Content/BasicShapes/Cube.uasset'
[2018.10.07-17.54.44:272][591]LogSavePackage:Display: Finished SavePackage ../../../Engine/Content/BasicShapes/Cube.uasset
[2018.10.07-17.54.44:379][591]LogSavePackage: Save=31.26ms
[2018.10.07-17.54.44:379][591]LogSavePackage: Moving '../../../../../../Users/bened/Documents/Unreal Projects/RB6/Saved/House8DAD25BC409601E580B3E987C5092D32.tmp' to '../../../../../../Users/bened/Documents/Unreal Projects/RB6/Content/CustomMaps/UGC1523200099/House.umap'
[2018.10.07-17.54.44:383][591]LogSavePackage:Display: Finished SavePackage ../../../../../../Users/bened/Documents/Unreal Projects/RB6/Content/CustomMaps/UGC1523200099/House.umap
[2018.10.07-17.54.44:395][591]LogFileHelpers: Saving map 'House' took 0.121
[2018.10.07-17.54.44:434][591]LogSavePackage: Save=27.67ms
[2018.10.07-17.54.44:434][591]LogSavePackage: Moving '../../../../../../Users/bened/Documents/Unreal Projects/RB6/Saved/House_BuiltData89FE666549B884C1A2ED4685D9E88AA7.tmp' to '../../../../../../Users/bened/Documents/Unreal Projects/RB6/Content/CustomMaps/UGC1523200099/House_BuiltData.uasset'
[2018.10.07-17.54.44:438][591]LogSavePackage:Display: Finished SavePackage ../../../../../../Users/bened/Documents/Unreal Projects/RB6/Content/CustomMaps/UGC1523200099/House_BuiltData.uasset
[2018.10.07-17.54.44:475][591]LogWindowsTextInputMethodSystem:Display: IME system now deactivated.
[2018.10.07-17.54.44:662][592]Cmd: QUIT_EDITOR
[2018.10.07-17.54.44:704][592]LogExit: Preparing to exit.
[2018.10.07-17.54.44:953][592]LogDirectoryWatcher: A directory notification for 'C:/Users/bened/Documents/Unreal Projects/RB6/Content/' was aborted.
[2018.10.07-17.54.44:966][592]LogExit: Editor shut down
[2018.10.07-17.54.44:966][592]LogExit: Transaction tracking system shut down
[2018.10.07-17.54.45:026][592]LogObj: Freed 0b from 0 cluster array pools.
[2018.10.07-17.54.45:026][592]LogExit: Object subsystem successfully closed.
[2018.10.07-17.54.45:039][592]LogD3D11RHI: Shutdown
[2018.10.07-17.54.45:039][592]LogD3D11RHI: CleanupD3DDevice
[2018.10.07-17.54.45:084][592]LogD3D11RHI: ~FD3D11DynamicRHI
[2018.10.07-17.54.45:111][592]LogModuleManager: Shutting down and abandoning module StaticMeshEditor (504)
[2018.10.07-17.54.45:111][592]LogModuleManager: Shutting down and abandoning module HierarchicalLODOutliner (502)
[2018.10.07-17.54.45:111][592]LogModuleManager: Shutting down and abandoning module CrashTracker (500)
[2018.10.07-17.54.45:111][592]LogModuleManager: Shutting down and abandoning module SceneOutliner (498)
[2018.10.07-17.54.45:111][592]LogModuleManager: Shutting down and abandoning module AddContentDialog (496)
[2018.10.07-17.54.45:111][592]LogDirectoryWatcher: A directory notification for 'C:/Program Files/Epic Games/UE_4.15/FeaturePacks/' was aborted.
[2018.10.07-17.54.45:112][592]LogModuleManager: Shutting down and abandoning module WidgetCarousel (495)
[2018.10.07-17.54.45:112][592]LogModuleManager: Shutting down and abandoning module EditorWidgets (492)
[2018.10.07-17.54.45:112][592]LogModuleManager: Shutting down and abandoning module CollectionManager (490)
[2018.10.07-17.54.45:112][592]LogDirectoryWatcher: A directory notification for 'C:/Users/bened/Documents/Unreal Projects/RB6/Content/Collections/' was aborted.
[2018.10.07-17.54.45:112][592]LogDirectoryWatcher: A directory notification for 'C:/Users/bened/Documents/Unreal Projects/RB6/Content/Developers/bened/Collections/' was aborted.
[2018.10.07-17.54.45:112][592]LogDirectoryWatcher: A directory notification for 'C:/Users/bened/Documents/Unreal Projects/RB6/Saved/Collections/' was aborted.
[2018.10.07-17.54.45:112][592]LogModuleManager: Shutting down and abandoning module StatsViewer (488)
[2018.10.07-17.54.45:112][592]LogModuleManager: Shutting down and abandoning module FoliageEdit (486)
[2018.10.07-17.54.45:112][592]LogModuleManager: Shutting down and abandoning module LandscapeEditor (484)
[2018.10.07-17.54.45:112][592]LogModuleManager: Shutting down and abandoning module SceneDepthPickerMode (482)
[2018.10.07-17.54.45:112][592]LogModuleManager: Shutting down and abandoning module ActorPickerMode (480)
[2018.10.07-17.54.45:112][592]LogModuleManager: Shutting down and abandoning module GeometryMode (478)
[2018.10.07-17.54.45:112][592]LogModuleManager: Shutting down and abandoning module TextureAlignMode (476)
[2018.10.07-17.54.45:112][592]LogModuleManager: Shutting down and abandoning module BspMode (474)
[2018.10.07-17.54.45:112][592]LogModuleManager: Shutting down and abandoning module HardwareSurvey (472)
[2018.10.07-17.54.45:112][592]LogModuleManager: Shutting down and abandoning module SequenceRecorderSections (470)
[2018.10.07-17.54.45:112][592]LogModuleManager: Shutting down and abandoning module AutomationWorker (468)
[2018.10.07-17.54.45:112][592]LogModuleManager: Shutting down and abandoning module CustomMapTools (466)
[2018.10.07-17.54.45:112][592]LogModuleManager: Shutting down and abandoning module MatineeToLevelSequence (464)
[2018.10.07-17.54.45:112][592]LogModuleManager: Shutting down and abandoning module LevelSequenceEditor (462)
[2018.10.07-17.54.45:112][592]LogModuleManager: Shutting down and abandoning module PlacementMode (461)
[2018.10.07-17.54.45:112][592]LogModuleManager: Shutting down and abandoning module WmfMediaFactory (458)
[2018.10.07-17.54.45:112][592]LogModuleManager: Shutting down and abandoning module WmfMediaEditor (456)
[2018.10.07-17.54.45:112][592]LogModuleManager: Shutting down and abandoning module MfMediaFactory (454)
[2018.10.07-17.54.45:112][592]LogModuleManager: Shutting down and abandoning module MfMediaEditor (452)
[2018.10.07-17.54.45:112][592]LogModuleManager: Shutting down and abandoning module AvfMediaFactory (450)
[2018.10.07-17.54.45:112][592]LogModuleManager: Shutting down and abandoning module AvfMediaEditor (448)
[2018.10.07-17.54.45:112][592]LogModuleManager: Shutting down and abandoning module AndroidMediaFactory (446)
[2018.10.07-17.54.45:112][592]LogModuleManager: Shutting down and abandoning module Media (445)
[2018.10.07-17.54.45:112][592]LogModuleManager: Shutting down and abandoning module AndroidMediaEditor (442)
[2018.10.07-17.54.45:112][592]LogModuleManager: Shutting down and abandoning module CharacterAI (440)
[2018.10.07-17.54.45:112][592]LogModuleManager: Shutting down and abandoning module AudioCapture (438)
[2018.10.07-17.54.45:112][592]LogModuleManager: Shutting down and abandoning module SequenceRecorder (437)
[2018.10.07-17.54.45:114][592]LogModuleManager: Shutting down and abandoning module SmartSnapping (434)
[2018.10.07-17.54.45:114][592]LogModuleManager: Shutting down and abandoning module SessionServices (432)
[2018.10.07-17.54.45:114][592]LogModuleManager: Shutting down and abandoning module ViewportSnapping (430)
[2018.10.07-17.54.45:114][592]LogModuleManager: Shutting down and abandoning module ViewportInteraction (428)
[2018.10.07-17.54.45:114][592]LogModuleManager: Shutting down and abandoning module LogVisualizer (426)
[2018.10.07-17.54.45:114][592]LogModuleManager: Shutting down and abandoning module IntroTutorials (424)
[2018.10.07-17.54.45:114][592]LogModuleManager: Shutting down and abandoning module GameProjectGeneration (423)
[2018.10.07-17.54.45:114][592]LogModuleManager: Shutting down and abandoning module EditorLiveStreaming (420)
[2018.10.07-17.54.45:115][592]LogModuleManager: Shutting down and abandoning module IOSPlatformEditor (418)
[2018.10.07-17.54.45:115][592]LogModuleManager: Shutting down and abandoning module HTML5PlatformEditor (416)
[2018.10.07-17.54.45:115][592]LogModuleManager: Shutting down and abandoning module AndroidPlatformEditor (414)
[2018.10.07-17.54.45:115][592]LogModuleManager: Shutting down and abandoning module AndroidDeviceDetection (413)
[2018.10.07-17.54.45:790][592]LogModuleManager: Shutting down and abandoning module IOSRuntimeSettings (410)
[2018.10.07-17.54.45:790][592]LogModuleManager: Shutting down and abandoning module AndroidRuntimeSettings (408)
[2018.10.07-17.54.45:790][592]LogModuleManager: Shutting down and abandoning module InputBindingEditor (406)
[2018.10.07-17.54.45:790][592]LogModuleManager: Shutting down and abandoning module NiagaraEditor (404)
[2018.10.07-17.54.45:792][592]LogModuleManager: Shutting down and abandoning module MergeActors (402)
[2018.10.07-17.54.45:792][592]LogModuleManager: Shutting down and abandoning module SizeMap (400)
[2018.10.07-17.54.45:792][592]LogModuleManager: Shutting down and abandoning module TreeMap (398)
[2018.10.07-17.54.45:792][592]LogModuleManager: Shutting down and abandoning module ReferenceViewer (396)
[2018.10.07-17.54.45:792][592]LogModuleManager: Shutting down and abandoning module LocalizationDashboard (394)
[2018.10.07-17.54.45:792][592]LogModuleManager: Shutting down and abandoning module LocalizationService (393)
[2018.10.07-17.54.45:793][592]LogModuleManager: Shutting down and abandoning module HardwareTargeting (390)
[2018.10.07-17.54.45:793][592]LogModuleManager: Shutting down and abandoning module DeviceProfileEditor (388)
[2018.10.07-17.54.45:793][592]LogModuleManager: Shutting down and abandoning module UndoHistory (386)
[2018.10.07-17.54.45:793][592]LogModuleManager: Shutting down and abandoning module UserFeedback (384)
[2018.10.07-17.54.45:793][592]LogModuleManager: Shutting down and abandoning module XmlParser (382)
[2018.10.07-17.54.45:793][592]LogModuleManager: Shutting down and abandoning module Blutility (380)
[2018.10.07-17.54.45:793][592]LogModuleManager: Shutting down and abandoning module ProjectSettingsViewer (378)
[2018.10.07-17.54.45:793][592]LogModuleManager: Shutting down and abandoning module ProjectTargetPlatformEditor (377)
[2018.10.07-17.54.45:793][592]LogModuleManager: Shutting down and abandoning module EditorSettingsViewer (374)
[2018.10.07-17.54.45:793][592]LogModuleManager: Shutting down and abandoning module SettingsEditor (372)
[2018.10.07-17.54.45:793][592]LogModuleManager: Shutting down and abandoning module ProjectLauncher (370)
[2018.10.07-17.54.45:794][592]LogModuleManager: Shutting down and abandoning module SessionFrontend (368)
[2018.10.07-17.54.45:794][592]LogModuleManager: Shutting down and abandoning module ProfilerClient (366)
[2018.10.07-17.54.45:794][592]LogModuleManager: Shutting down and abandoning module DeviceManager (364)
[2018.10.07-17.54.45:795][592]LogModuleManager: Shutting down and abandoning module TargetDeviceServices (363)
[2018.10.07-17.54.45:839][592]LogModuleManager: Shutting down and abandoning module AutomationController (360)
[2018.10.07-17.54.45:839][592]LogModuleManager: Shutting down and abandoning module AutomationWindow (358)
[2018.10.07-17.54.45:839][592]LogModuleManager: Shutting down and abandoning module Layers (356)
[2018.10.07-17.54.45:840][592]LogModuleManager: Shutting down and abandoning module ComponentVisualizers (354)
[2018.10.07-17.54.45:840][592]LogModuleManager: Shutting down and abandoning module DetailCustomizations (352)
[2018.10.07-17.54.45:840][592]LogModuleManager: Shutting down and abandoning module PackagesDialog (350)
[2018.10.07-17.54.45:840][592]LogModuleManager: Shutting down and abandoning module Persona (348)
[2018.10.07-17.54.45:840][592]LogModuleManager: Shutting down and abandoning module AnimGraph (347)
[2018.10.07-17.54.45:840][592]LogModuleManager: Shutting down and abandoning module Kismet (344)
[2018.10.07-17.54.45:840][592]LogModuleManager: Shutting down and abandoning module GraphEditor (342)
[2018.10.07-17.54.45:842][592]LogModuleManager: Shutting down and abandoning module ClassViewer (340)
[2018.10.07-17.54.45:842][592]LogModuleManager: Shutting down and abandoning module Toolbox (338)
[2018.10.07-17.54.45:842][592]LogModuleManager: Shutting down and abandoning module ModuleUI (336)
[2018.10.07-17.54.45:842][592]LogModuleManager: Shutting down and abandoning module MovieSceneTools (334)
[2018.10.07-17.54.45:842][592]LogModuleManager: Shutting down and abandoning module OutputLog (332)
[2018.10.07-17.54.45:842][592]LogModuleManager: Shutting down and abandoning module GammaUI (330)
[2018.10.07-17.54.45:842][592]LogModuleManager: Shutting down and abandoning module Documentation (328)
[2018.10.07-17.54.45:842][592]LogModuleManager: Shutting down and abandoning module Niagara (326)
[2018.10.07-17.54.45:842][592]LogModuleManager: Shutting down and abandoning module StreamingPauseRendering (324)
[2018.10.07-17.54.45:842][592]LogModuleManager: Shutting down and abandoning module AnalyticsET (322)
[2018.10.07-17.54.45:842][592]LogModuleManager: Shutting down and abandoning module PortalServices (320)
[2018.10.07-17.54.45:842][592]LogModuleManager: Shutting down and abandoning module PortalRpc (318)
[2018.10.07-17.54.45:842][592]LogModuleManager: Shutting down and abandoning module MessagingRpc (316)
[2018.10.07-17.54.45:842][592]LogModuleManager: Shutting down and abandoning module AIModule (314)
[2018.10.07-17.54.45:842][592]LogModuleManager: Shutting down and abandoning module GameplayDebugger (313)
[2018.10.07-17.54.45:842][592]LogModuleManager: Shutting down and abandoning module AITestSuite (311)
[2018.10.07-17.54.45:842][592]LogModuleManager: Shutting down and abandoning module ProfilerService (308)
[2018.10.07-17.54.45:946][592]LogModuleManager: Shutting down and abandoning module TaskGraph (306)
[2018.10.07-17.54.45:948][592]LogModuleManager: Shutting down and abandoning module PavlovProxy (304)
[2018.10.07-17.54.45:948][592]LogModuleManager: Shutting down and abandoning module SteamVRController (302)
[2018.10.07-17.54.45:948][592]LogModuleManager: Shutting down and abandoning module SteamVR (300)
[2018.10.07-17.54.45:948][592]LogModuleManager: Shutting down and abandoning module ProceduralMeshComponentEditor (298)
[2018.10.07-17.54.45:948][592]LogModuleManager: Shutting down and abandoning module ProceduralMeshComponent (296)
[2018.10.07-17.54.45:948][592]LogModuleManager: Shutting down and abandoning module OculusLibrary (294)
[2018.10.07-17.54.45:948][592]LogModuleManager: Shutting down and abandoning module OculusInput (292)
[2018.10.07-17.54.45:948][592]LogModuleManager: Shutting down and abandoning module MobilePatchingUtils (290)
[2018.10.07-17.54.45:948][592]LogModuleManager: Shutting down and abandoning module CustomMeshComponent (288)
[2018.10.07-17.54.45:948][592]LogModuleManager: Shutting down and abandoning module CableComponent (286)
[2018.10.07-17.54.45:948][592]LogModuleManager: Shutting down and abandoning module ArchVisCharacter (284)
[2018.10.07-17.54.45:948][592]LogModuleManager: Shutting down and abandoning module MediaPlayerEditor (280)
[2018.10.07-17.54.45:949][592]LogModuleManager: Shutting down and abandoning module HTML5Networking (278)
[2018.10.07-17.54.45:949][592]LogModuleManager: Shutting down and abandoning module AlembicImporter (276)
[2018.10.07-17.54.45:949][592]LogModuleManager: Shutting down and abandoning module AlembicLibrary (275)
[2018.10.07-17.54.45:949][592]LogModuleManager: Shutting down and abandoning module GeometryCache (274)
[2018.10.07-17.54.45:949][592]LogModuleManager: Shutting down and abandoning module GeometryCacheEd (273)
[2018.10.07-17.54.45:949][592]LogModuleManager: Shutting down and abandoning module SuperSearchEditor (268)
[2018.10.07-17.54.45:949][592]LogModuleManager: Shutting down and abandoning module SuperSearch (267)
[2018.10.07-17.54.45:949][592]LogModuleManager: Shutting down and abandoning module SpeedTreeImporter (264)
[2018.10.07-17.54.45:949][592]LogModuleManager: Shutting down and abandoning module PluginBrowser (262)
[2018.10.07-17.54.45:949][592]LogModuleManager: Shutting down and abandoning module MobileLauncherProfileWizard (260)
[2018.10.07-17.54.45:949][592]LogModuleManager: Shutting down and abandoning module EpicSurvey (258)
[2018.10.07-17.54.45:949][592]LogModuleManager: Shutting down and abandoning module VisualStudioSourceCodeAccess (256)
[2018.10.07-17.54.45:949][592]LogModuleManager: Shutting down and abandoning module DesktopPlatform (255)
[2018.10.07-17.54.45:949][592]LogModuleManager: Shutting down and abandoning module UObjectPlugin (252)
[2018.10.07-17.54.45:949][592]LogModuleManager: Shutting down and abandoning module SubversionSourceControl (250)
[2018.10.07-17.54.45:949][592]LogModuleManager: Shutting down and abandoning module PerforceSourceControl (248)
[2018.10.07-17.54.45:949][592]LogModuleManager: Shutting down and abandoning module GitSourceControl (246)
[2018.10.07-17.54.45:949][592]LogModuleManager: Shutting down and abandoning module SourceControl (245)
[2018.10.07-17.54.45:949][592]LogModuleManager: Shutting down and abandoning module LightPropagationVolumeEditor (242)
[2018.10.07-17.54.45:949][592]LogModuleManager: Shutting down and abandoning module PaperTiledImporter (240)
[2018.10.07-17.54.45:949][592]LogModuleManager: Shutting down and abandoning module PaperSpriteSheetImporter (238)
[2018.10.07-17.54.45:949][592]LogModuleManager: Shutting down and abandoning module Paper2DEditor (236)
[2018.10.07-17.54.45:949][592]LogModuleManager: Shutting down and abandoning module MeshPaint (235)
[2018.10.07-17.54.45:949][592]LogModuleManager: Shutting down and abandoning module LevelEditor (233)
[2018.10.07-17.54.45:950][592]LogModuleManager: Shutting down and abandoning module PixelInspectorModule (232)
[2018.10.07-17.54.45:950][592]LogModuleManager: Shutting down and abandoning module MainFrame (230)
[2018.10.07-17.54.45:950][592]LogModuleManager: Shutting down and abandoning module HotReload (229)
[2018.10.07-17.54.45:950][592]LogModuleManager: Shutting down and abandoning module ContentBrowser (225)
[2018.10.07-17.54.45:951][592]LogModuleManager: Shutting down and abandoning module PhysXVehiclesEditor (222)
[2018.10.07-17.54.45:951][592]LogModuleManager: Shutting down and abandoning module PhysXVehicles (220)
[2018.10.07-17.54.45:951][592]LogModuleManager: Shutting down and abandoning module LocationServicesBPLibrary (218)
[2018.10.07-17.54.45:951][592]LogModuleManager: Shutting down and abandoning module UdpMessaging (216)
[2018.10.07-17.54.46:052][592]LogModuleManager: Shutting down and abandoning module TcpMessaging (214)
[2018.10.07-17.54.46:153][592]LogModuleManager: Shutting down and abandoning module GameplayTagsEditor (212)
[2018.10.07-17.54.46:154][592]LogModuleManager: Shutting down and abandoning module FacialAnimationEditor (210)
[2018.10.07-17.54.46:154][592]LogModuleManager: Shutting down and abandoning module FacialAnimation (208)
[2018.10.07-17.54.46:154][592]LogModuleManager: Shutting down and abandoning module LightPropagationVolumeRuntime (206)
[2018.10.07-17.54.46:154][592]LogModuleManager: Shutting down and abandoning module Paper2D (204)
[2018.10.07-17.54.46:154][592]LogModuleManager: Shutting down and abandoning module WindowsMoviePlayer (202)
[2018.10.07-17.54.46:154][592]LogModuleManager: Shutting down and abandoning module WmfMedia (200)
[2018.10.07-17.54.46:155][592]LogModuleManager: Shutting down and abandoning module MfMedia (198)
[2018.10.07-17.54.46:155][592]LogModuleManager: Shutting down and abandoning module MediaAssets (196)
[2018.10.07-17.54.46:155][592]LogModuleManager: Shutting down and abandoning module GameLiveStreaming (194)
[2018.10.07-17.54.46:155][592]LogModuleManager: Shutting down and abandoning module VREditor (192)
[2018.10.07-17.54.46:155][592]LogModuleManager: Shutting down and abandoning module GameplayTasksEditor (190)
[2018.10.07-17.54.46:155][592]LogModuleManager: Shutting down and abandoning module BehaviorTreeEditor (188)
[2018.10.07-17.54.46:156][592]LogModuleManager: Shutting down and abandoning module FunctionalTesting (186)
[2018.10.07-17.54.46:156][592]LogModuleManager: Shutting down and abandoning module CollisionAnalyzer (184)
[2018.10.07-17.54.46:156][592]LogModuleManager: Shutting down and abandoning module UMG (182)
[2018.10.07-17.54.46:156][592]LogModuleManager: Shutting down and abandoning module UMGEditor (181)
[2018.10.07-17.54.46:157][592]LogModuleManager: Shutting down and abandoning module Sequencer (180)
[2018.10.07-17.54.46:157][592]LogModuleManager: Shutting down and abandoning module AssetTools (178)
[2018.10.07-17.54.46:158][592]LogModuleManager: Shutting down and abandoning module MessageLog (177)
[2018.10.07-17.54.46:158][592]LogModuleManager: Shutting down and abandoning module WorkspaceMenuStructure (176)
[2018.10.07-17.54.46:158][592]LogModuleManager: Shutting down and abandoning module SlateReflector (170)
[2018.10.07-17.54.46:159][592]LogModuleManager: Shutting down and abandoning module Slate (168)
[2018.10.07-17.54.46:159][592]LogModuleManager: Shutting down and abandoning module EditorStyle (166)
[2018.10.07-17.54.46:161][592]LogModuleManager: Shutting down and abandoning module SourceCodeAccess (164)
[2018.10.07-17.54.46:161][592]LogModuleManager: Shutting down and abandoning module HeadMountedDisplay (162)
[2018.10.07-17.54.46:161][592]LogModuleManager: Shutting down and abandoning module XAudio2 (160)
[2018.10.07-17.54.46:161][592]LogModuleManager: Shutting down and abandoning module Networking (158)
[2018.10.07-17.54.46:161][592]LogModuleManager: Shutting down and abandoning module Core (154)
[2018.10.07-17.54.46:161][592]LogModuleManager: Shutting down and abandoning module AssetRegistry (152)
[2018.10.07-17.54.46:294][592]LogDirectoryWatcher: A directory notification for '../../../Engine/Content/' was aborted.
[2018.10.07-17.54.46:294][592]LogDirectoryWatcher: A directory notification for '../../../../../../Users/bened/Documents/Unreal Projects/RB6/Content/' was aborted.
[2018.10.07-17.54.46:294][592]LogDirectoryWatcher: A directory notification for '../../../Engine/Plugins/2D/Paper2D/Content/' was aborted.
[2018.10.07-17.54.46:294][592]LogDirectoryWatcher: A directory notification for '../../../../../../Users/bened/Documents/Unreal Projects/RB6/Plugins/CustomMapTools/Content/' was aborted.
[2018.10.07-17.54.46:294][592]LogModuleManager: Shutting down and abandoning module DirectoryWatcher (151)
[2018.10.07-17.54.46:295][592]LogModuleManager: Shutting down and abandoning module KismetCompiler (148)
[2018.10.07-17.54.46:295][592]LogModuleManager: Shutting down and abandoning module PhysXFormats (146)
[2018.10.07-17.54.46:295][592]LogModuleManager: Shutting down and abandoning module MeshUtilities (144)
[2018.10.07-17.54.46:295][592]LogModuleManager: Shutting down and abandoning module SimplygonSwarm (143)
[2018.10.07-17.54.46:295][592]LogModuleManager: Shutting down and abandoning module SimplygonMeshReduction (141)
[2018.10.07-17.54.46:295][592]LogModuleManager: Shutting down and abandoning module QuadricMeshReduction (139)
[2018.10.07-17.54.46:295][592]LogModuleManager: Shutting down and abandoning module PropertyEditor (137)
[2018.10.07-17.54.46:295][592]LogModuleManager: Shutting down and abandoning module DerivedDataCache (134)
[2018.10.07-17.54.46:324][592]LogDerivedDataCache: Shutdown
[2018.10.07-17.54.46:324][592]LogModuleManager: Shutting down and abandoning module TargetPlatform (132)
[2018.10.07-17.54.46:324][592]LogModuleManager: Shutting down and abandoning module VulkanShaderFormat (131)
[2018.10.07-17.54.46:324][592]LogModuleManager: Shutting down and abandoning module ShaderFormatOpenGL (129)
[2018.10.07-17.54.46:324][592]LogModuleManager: Shutting down and abandoning module ShaderFormatD3D (127)
[2018.10.07-17.54.46:324][592]LogModuleManager: Shutting down and abandoning module MetalShaderFormat (125)
[2018.10.07-17.54.46:325][592]LogModuleManager: Shutting down and abandoning module TextureFormatUncompressed (123)
[2018.10.07-17.54.46:325][592]LogModuleManager: Shutting down and abandoning module TextureFormatPVR (121)
[2018.10.07-17.54.46:325][592]LogModuleManager: Shutting down and abandoning module TextureFormatDXT (119)
[2018.10.07-17.54.46:325][592]LogModuleManager: Shutting down and abandoning module TextureFormatIntelISPCTexComp (117)
[2018.10.07-17.54.46:325][592]LogModuleManager: Shutting down and abandoning module TextureFormatASTC (115)
[2018.10.07-17.54.46:325][592]LogModuleManager: Shutting down and abandoning module ImageWrapper (114)
[2018.10.07-17.54.46:325][592]LogModuleManager: Shutting down and abandoning module TextureFormatAndroid (111)
[2018.10.07-17.54.46:325][592]LogModuleManager: Shutting down and abandoning module AudioFormatOpus (109)
[2018.10.07-17.54.46:325][592]LogModuleManager: Shutting down and abandoning module AudioFormatOgg (107)
[2018.10.07-17.54.46:325][592]LogModuleManager: Shutting down and abandoning module AudioFormatADPCM (105)
[2018.10.07-17.54.46:325][592]LogModuleManager: Shutting down and abandoning module LinuxTargetPlatform (103)
[2018.10.07-17.54.46:325][592]LogModuleManager: Shutting down and abandoning module LinuxServerTargetPlatform (101)
[2018.10.07-17.54.46:325][592]LogModuleManager: Shutting down and abandoning module LinuxNoEditorTargetPlatform (99)
[2018.10.07-17.54.46:325][592]LogModuleManager: Shutting down and abandoning module LinuxClientTargetPlatform (97)
[2018.10.07-17.54.46:325][592]LogModuleManager: Shutting down and abandoning module TVOSTargetPlatform (95)
[2018.10.07-17.54.46:325][592]LogModuleManager: Shutting down and abandoning module Messaging (93)
[2018.10.07-17.54.46:325][592]LogModuleManager: Shutting down and abandoning module IOSTargetPlatform (91)
[2018.10.07-17.54.46:325][592]LogModuleManager: Shutting down and abandoning module HTML5TargetPlatform (89)
[2018.10.07-17.54.46:325][592]LogModuleManager: Shutting down and abandoning module Android_PVRTCTargetPlatform (87)
[2018.10.07-17.54.46:325][592]LogModuleManager: Shutting down and abandoning module Android_MultiTargetPlatform (85)
[2018.10.07-17.54.46:325][592]LogModuleManager: Shutting down and abandoning module Android_ETC2TargetPlatform (83)
[2018.10.07-17.54.46:325][592]LogModuleManager: Shutting down and abandoning module Android_ETC1TargetPlatform (81)
[2018.10.07-17.54.46:325][592]LogModuleManager: Shutting down and abandoning module Android_DXTTargetPlatform (79)
[2018.10.07-17.54.46:325][592]LogModuleManager: Shutting down and abandoning module Android_ATCTargetPlatform (77)
[2018.10.07-17.54.46:325][592]LogModuleManager: Shutting down and abandoning module Android_ASTCTargetPlatform (75)
[2018.10.07-17.54.46:325][592]LogModuleManager: Shutting down and abandoning module AndroidTargetPlatform (73)
[2018.10.07-17.54.46:325][592]LogModuleManager: Shutting down and abandoning module WindowsTargetPlatform (71)
[2018.10.07-17.54.46:325][592]LogModuleManager: Shutting down and abandoning module WindowsServerTargetPlatform (69)
[2018.10.07-17.54.46:325][592]LogModuleManager: Shutting down and abandoning module WindowsNoEditorTargetPlatform (67)
[2018.10.07-17.54.46:325][592]LogModuleManager: Shutting down and abandoning module WindowsClientTargetPlatform (65)
[2018.10.07-17.54.46:325][592]LogModuleManager: Shutting down and abandoning module MacTargetPlatform (63)
[2018.10.07-17.54.46:325][592]LogModuleManager: Shutting down and abandoning module MacServerTargetPlatform (61)
[2018.10.07-17.54.46:325][592]LogModuleManager: Shutting down and abandoning module MacNoEditorTargetPlatform (59)
[2018.10.07-17.54.46:325][592]LogModuleManager: Shutting down and abandoning module MacClientTargetPlatform (57)
[2018.10.07-17.54.46:325][592]LogModuleManager: Shutting down and abandoning module AllDesktopTargetPlatform (55)
[2018.10.07-17.54.46:325][592]LogModuleManager: Shutting down and abandoning module InputCore (52)
[2018.10.07-17.54.46:325][592]LogModuleManager: Shutting down and abandoning module Settings (50)
[2018.10.07-17.54.46:325][592]LogModuleManager: Shutting down and abandoning module OculusRift (48)
[2018.10.07-17.54.46:326][592]LogHMD: Oculus shutdown.
[2018.10.07-17.54.46:326][592]LogModuleManager: Shutting down and abandoning module GearVR (46)
[2018.10.07-17.54.46:326][592]LogModuleManager: Shutting down and abandoning module ExampleDeviceProfileSelector (44)
[2018.10.07-17.54.46:326][592]LogModuleManager: Shutting down and abandoning module OnlineBlueprintSupport (42)
[2018.10.07-17.54.46:326][592]LogModuleManager: Shutting down and abandoning module OnlineSubsystem (38)
[2018.10.07-17.54.46:326][592]LogOnline:Display: Unloading online subsystem: NULL
[2018.10.07-17.54.46:326][592]LogModuleManager: Shutting down and abandoning module XMPP (37)
[2018.10.07-17.54.46:327][592]LogModuleManager: Shutting down and abandoning module HTTP (35)
[2018.10.07-17.54.46:327][592]LogHttp:Display: Http module shutting down, but needs to wait on 1 outstanding Http requests:
[2018.10.07-17.54.46:327][592]LogHttp:Display: 	verb=[POST] url=[https://datarouter.ol.epicgames.com/datarouter/api/v1/public/data?SessionID=%7BEE585129-4A84-A4B2-FDB0-D8975E468A5B%7D&AppID=UEEditor.Rocket.Release&AppVersion=4.15.3-3450819%2B%2B%2BUE4%2BRelease-4.15&UserID=132eb2404e9ea2bdbc4f9698e9e3a892%7C6bb19902c93d4af6804341a225194644%7Cc02fd5b2-ba45-4284-a3d4-f9ee82ce8279&AppEnvironment=datacollector-binary&UploadType=eteventstream] status=Processing
[2018.10.07-17.54.46:354][592]LogModuleManager: Shutting down and abandoning module SSL (34)
[2018.10.07-17.54.46:355][592]LogModuleManager: Shutting down and abandoning module AudioEditor (30)
[2018.10.07-17.54.46:355][592]LogModuleManager: Shutting down and abandoning module TextureCompressor (28)
[2018.10.07-17.54.46:355][592]LogModuleManager: Shutting down and abandoning module ShaderCore (26)
[2018.10.07-17.54.46:355][592]LogModuleManager: Shutting down and abandoning module Landscape (24)
[2018.10.07-17.54.46:355][592]LogModuleManager: Shutting down and abandoning module SlateRHIRenderer (22)
[2018.10.07-17.54.46:356][592]LogModuleManager: Shutting down and abandoning module OpenGLDrv (20)
[2018.10.07-17.54.46:357][592]LogModuleManager: Shutting down and abandoning module D3D11RHI (18)
[2018.10.07-17.54.46:357][592]LogModuleManager: Shutting down and abandoning module AnimGraphRuntime (16)
[2018.10.07-17.54.46:357][592]LogModuleManager: Shutting down and abandoning module Renderer (14)
[2018.10.07-17.54.46:357][592]LogModuleManager: Shutting down and abandoning module Engine (12)
[2018.10.07-17.54.46:357][592]LogModuleManager: Shutting down and abandoning module CoreUObject (10)
[2018.10.07-17.54.46:357][592]LogModuleManager: Shutting down and abandoning module NetworkFile (8)
[2018.10.07-17.54.46:357][592]LogModuleManager: Shutting down and abandoning module StreamingFile (6)
[2018.10.07-17.54.46:357][592]LogModuleManager: Shutting down and abandoning module SandboxFile (4)
[2018.10.07-17.54.46:357][592]LogModuleManager: Shutting down and abandoning module PakFile (2)
[2018.10.07-17.54.46:359][592]LogExit: Exiting.
[2018.10.07-17.54.46:360][592]Log file closed, 10/07/18 19:54:46
